<?xml version="1.0" encoding="UTF-8"?>
<testsuites name="POPSApp_DailySmoke" time="840.564" tests="24" failures="3" skips="0" errors="6">
   <testsuite name="POPSApp_DailySmoke" tests="24" failures="3" errors="6" time="840.564" skips="0" timestamp="2021-03-29 09:27:56" hostname="huy.thanh - CA-HUYTHANH.pops.local" id="Test Suites/POPS App/POPSApp_DailySmoke">
      <properties>
         <property name="deviceName" value=""/>
         <property name="devicePlatform" value=""/>
         <property name="logFolder" value="D:\\Working\\AUTO\\KATAWEB\\popstestautomation\\POPSTestAutomation\\Reports\\20210329_092745\\POPS App\\POPSApp_DailySmoke\\20210329_092745"/>
         <property name="logFiles" value="D:\\Working\\AUTO\\KATAWEB\\popstestautomation\\POPSTestAutomation\\Reports\\20210329_092745\\POPS App\\POPSApp_DailySmoke\\20210329_092745\\execution0.log"/>
         <property name="attachments" value="D:\\Working\\AUTO\\KATAWEB\\popstestautomation\\POPSTestAutomation\\Reports\\20210329_092745\\POPS App\\POPSApp_DailySmoke\\20210329_092745\\1616984886813.png, D:\\Working\\AUTO\\KATAWEB\\popstestautomation\\POPSTestAutomation\\Reports\\20210329_092745\\POPS App\\POPSApp_DailySmoke\\20210329_092745\\1616984889789.png, D:\\Working\\AUTO\\KATAWEB\\popstestautomation\\POPSTestAutomation\\Reports\\20210329_092745\\POPS App\\POPSApp_DailySmoke\\20210329_092745\\1616984892950.png, D:\\Working\\AUTO\\KATAWEB\\popstestautomation\\POPSTestAutomation\\Reports\\20210329_092745\\POPS App\\POPSApp_DailySmoke\\20210329_092745\\1616984896087.png, D:\\Working\\AUTO\\KATAWEB\\popstestautomation\\POPSTestAutomation\\Reports\\20210329_092745\\POPS App\\POPSApp_DailySmoke\\20210329_092745\\1616984899156.png, D:\\Working\\AUTO\\KATAWEB\\popstestautomation\\POPSTestAutomation\\Reports\\20210329_092745\\POPS App\\POPSApp_DailySmoke\\20210329_092745\\1616984902317.png, D:\\Working\\AUTO\\KATAWEB\\popstestautomation\\POPSTestAutomation\\Reports\\20210329_092745\\POPS App\\POPSApp_DailySmoke\\20210329_092745\\1616984905648.png, D:\\Working\\AUTO\\KATAWEB\\popstestautomation\\POPSTestAutomation\\Reports\\20210329_092745\\POPS App\\POPSApp_DailySmoke\\20210329_092745\\1616984909855.png, D:\\Working\\AUTO\\KATAWEB\\popstestautomation\\POPSTestAutomation\\Reports\\20210329_092745\\POPS App\\POPSApp_DailySmoke\\20210329_092745\\1616984913967.png, D:\\Working\\AUTO\\KATAWEB\\popstestautomation\\POPSTestAutomation\\Reports\\20210329_092745\\POPS App\\POPSApp_DailySmoke\\20210329_092745\\1616984986409.png, D:\\Working\\AUTO\\KATAWEB\\popstestautomation\\POPSTestAutomation\\Reports\\20210329_092745\\POPS App\\POPSApp_DailySmoke\\20210329_092745\\1616984989729.png, D:\\Working\\AUTO\\KATAWEB\\popstestautomation\\POPSTestAutomation\\Reports\\20210329_092745\\POPS App\\POPSApp_DailySmoke\\20210329_092745\\1616984992759.png, D:\\Working\\AUTO\\KATAWEB\\popstestautomation\\POPSTestAutomation\\Reports\\20210329_092745\\POPS App\\POPSApp_DailySmoke\\20210329_092745\\1616984995749.png, D:\\Working\\AUTO\\KATAWEB\\popstestautomation\\POPSTestAutomation\\Reports\\20210329_092745\\POPS App\\POPSApp_DailySmoke\\20210329_092745\\1616984998794.png, D:\\Working\\AUTO\\KATAWEB\\popstestautomation\\POPSTestAutomation\\Reports\\20210329_092745\\POPS App\\POPSApp_DailySmoke\\20210329_092745\\1616985004180.png, D:\\Working\\AUTO\\KATAWEB\\popstestautomation\\POPSTestAutomation\\Reports\\20210329_092745\\POPS App\\POPSApp_DailySmoke\\20210329_092745\\1616985056088.png, D:\\Working\\AUTO\\KATAWEB\\popstestautomation\\POPSTestAutomation\\Reports\\20210329_092745\\POPS App\\POPSApp_DailySmoke\\20210329_092745\\1616985059319.png, D:\\Working\\AUTO\\KATAWEB\\popstestautomation\\POPSTestAutomation\\Reports\\20210329_092745\\POPS App\\POPSApp_DailySmoke\\20210329_092745\\1616985062197.png, D:\\Working\\AUTO\\KATAWEB\\popstestautomation\\POPSTestAutomation\\Reports\\20210329_092745\\POPS App\\POPSApp_DailySmoke\\20210329_092745\\1616985086030.png, D:\\Working\\AUTO\\KATAWEB\\popstestautomation\\POPSTestAutomation\\Reports\\20210329_092745\\POPS App\\POPSApp_DailySmoke\\20210329_092745\\1616985089266.png, D:\\Working\\AUTO\\KATAWEB\\popstestautomation\\POPSTestAutomation\\Reports\\20210329_092745\\POPS App\\POPSApp_DailySmoke\\20210329_092745\\1616985092167.png, D:\\Working\\AUTO\\KATAWEB\\popstestautomation\\POPSTestAutomation\\Reports\\20210329_092745\\POPS App\\POPSApp_DailySmoke\\20210329_092745\\1616985095161.png, D:\\Working\\AUTO\\KATAWEB\\popstestautomation\\POPSTestAutomation\\Reports\\20210329_092745\\POPS App\\POPSApp_DailySmoke\\20210329_092745\\1616985098124.png, D:\\Working\\AUTO\\KATAWEB\\popstestautomation\\POPSTestAutomation\\Reports\\20210329_092745\\POPS App\\POPSApp_DailySmoke\\20210329_092745\\1616985245890.png, D:\\Working\\AUTO\\KATAWEB\\popstestautomation\\POPSTestAutomation\\Reports\\20210329_092745\\POPS App\\POPSApp_DailySmoke\\20210329_092745\\1616985283772.png, D:\\Working\\AUTO\\KATAWEB\\popstestautomation\\POPSTestAutomation\\Reports\\20210329_092745\\POPS App\\POPSApp_DailySmoke\\20210329_092745\\Data Files/tmp/tc1/ActualmyScreenshot.png, D:\\Working\\AUTO\\KATAWEB\\popstestautomation\\POPSTestAutomation\\Reports\\20210329_092745\\POPS App\\POPSApp_DailySmoke\\20210329_092745\\Data Files/tmp/tc1/ActualanotherScreenshot.png, D:\\Working\\AUTO\\KATAWEB\\popstestautomation\\POPSTestAutomation\\Reports\\20210329_092745\\POPS App\\POPSApp_DailySmoke\\20210329_092745\\1616985547023.png, D:\\Working\\AUTO\\KATAWEB\\popstestautomation\\POPSTestAutomation\\Reports\\20210329_092745\\POPS App\\POPSApp_DailySmoke\\20210329_092745\\1616985581961.png, D:\\Working\\AUTO\\KATAWEB\\popstestautomation\\POPSTestAutomation\\Reports\\20210329_092745\\POPS App\\POPSApp_DailySmoke\\20210329_092745\\1616985585239.png, D:\\Working\\AUTO\\KATAWEB\\popstestautomation\\POPSTestAutomation\\Reports\\20210329_092745\\POPS App\\POPSApp_DailySmoke\\20210329_092745\\1616985588291.png, D:\\Working\\AUTO\\KATAWEB\\popstestautomation\\POPSTestAutomation\\Reports\\20210329_092745\\POPS App\\POPSApp_DailySmoke\\20210329_092745\\1616985593642.png, D:\\Working\\AUTO\\KATAWEB\\popstestautomation\\POPSTestAutomation\\Reports\\20210329_092745\\POPS App\\POPSApp_DailySmoke\\20210329_092745\\1616985596738.png, D:\\Working\\AUTO\\KATAWEB\\popstestautomation\\POPSTestAutomation\\Reports\\20210329_092745\\POPS App\\POPSApp_DailySmoke\\20210329_092745\\1616985599832.png, D:\\Working\\AUTO\\KATAWEB\\popstestautomation\\POPSTestAutomation\\Reports\\20210329_092745\\POPS App\\POPSApp_DailySmoke\\20210329_092745\\1616985677884.png, D:\\Working\\AUTO\\KATAWEB\\popstestautomation\\POPSTestAutomation\\Reports\\20210329_092745\\POPS App\\POPSApp_DailySmoke\\20210329_092745\\1616985680817.png, D:\\Working\\AUTO\\KATAWEB\\popstestautomation\\POPSTestAutomation\\Reports\\20210329_092745\\POPS App\\POPSApp_DailySmoke\\20210329_092745\\1616985683833.png, D:\\Working\\AUTO\\KATAWEB\\popstestautomation\\POPSTestAutomation\\Reports\\20210329_092745\\POPS App\\POPSApp_DailySmoke\\20210329_092745\\1616985686814.png, D:\\Working\\AUTO\\KATAWEB\\popstestautomation\\POPSTestAutomation\\Reports\\20210329_092745\\POPS App\\POPSApp_DailySmoke\\20210329_092745\\1616985698064.png, D:\\Working\\AUTO\\KATAWEB\\popstestautomation\\POPSTestAutomation\\Reports\\20210329_092745\\POPS App\\POPSApp_DailySmoke\\20210329_092745\\1616985700977.png, D:\\Working\\AUTO\\KATAWEB\\popstestautomation\\POPSTestAutomation\\Reports\\20210329_092745\\POPS App\\POPSApp_DailySmoke\\20210329_092745\\1616985703990.png, D:\\Working\\AUTO\\KATAWEB\\popstestautomation\\POPSTestAutomation\\Reports\\20210329_092745\\POPS App\\POPSApp_DailySmoke\\20210329_092745\\1616985706948.png"/>
         <property name="hostName" value="huy.thanh - CA-HUYTHANH.pops.local"/>
         <property name="os" value="Windows 10 64bit"/>
         <property name="katalonVersion" value="7.9.0.208"/>
         <property name="browser" value="Chrome 89.0.4389.90"/>
         <property name="hostAddress" value="192.168.56.1"/>
         <property name="sessionId" value="04ce7309c2360d44aa8e502fc42b494e"/>
         <property name="seleniumVersion" value="3.141.59"/>
         <property name="proxyInformation" value="ProxyInformation { proxyOption=NO_PROXY, proxyServerType=HTTP, username=, password=********, proxyServerAddress=, proxyServerPort=0, executionList=&quot;&quot;, isApplyToDesiredCapabilities=true }"/>
         <property name="platform" value="Windows 10"/>
      </properties>
      <testcase name="Test Cases/POPS App/UI_Check/VN/VerifyNoBrokenImageOnAnimePage" time="100.809" classname="Test Cases/POPS App/UI_Check/VN/VerifyNoBrokenImageOnAnimePage" status="PASSED">
         <system-out><![CDATA[2021-03-29 09:27:57 - [TEST_CASE][PASSED] - Test Cases/POPS App/UI_Check/VN/VerifyNoBrokenImageOnAnimePage: Test Cases/POPS App/UI_Check/VN/VerifyNoBrokenImageOnAnimePage

2021-03-29 09:27:57 - [TEST_STEP][PASSED] - Start listener action : sampleBeforeTestCase: null

2021-03-29 09:27:57 - [TEST_STEP][PASSED] - println(testCaseContext.getTestCaseId()): null

2021-03-29 09:27:57 - [TEST_STEP][PASSED] - println(testCaseContext.getTestCaseVariables()): null

2021-03-29 09:27:57 - [TEST_STEP][PASSED] - Start listener action : sampleBeforeTestCase: null

2021-03-29 09:27:57 - [TEST_STEP][PASSED] - println(testCaseContext.getTestCaseId()): null

2021-03-29 09:27:57 - [TEST_STEP][PASSED] - println(testCaseContext.getTestCaseVariables()): null

2021-03-29 09:27:57 - [TEST_STEP][PASSED] - openBrowser(SourceURL): Browser is opened with url: 'https://pops.vn/'

2021-03-29 09:27:58 - [MESSAGE][INFO] - Starting 'Chrome' driver

2021-03-29 09:27:58 - [MESSAGE][INFO] - Action delay is set to 0 milliseconds

2021-03-29 09:28:01 - [MESSAGE][PASSED] - Browser is opened with url: 'https://pops.vn/'

2021-03-29 09:28:01 - [TEST_STEP][PASSED] - maximizeWindow(): Current window maximized

2021-03-29 09:28:01 - [MESSAGE][PASSED] - Current window maximized

2021-03-29 09:28:01 - [TEST_STEP][PASSED] - click(findTestObject("POPS App UI/TopMenu/menu_4_Anime")): Object: 'Object Repository/POPS App UI/TopMenu/menu_4_Anime' is clicked on

2021-03-29 09:28:03 - [MESSAGE][PASSED] - Object: 'Object Repository/POPS App UI/TopMenu/menu_4_Anime' is clicked on

2021-03-29 09:28:03 - [TEST_STEP][PASSED] - commonActions.APIs.anonymousLogin(): commonActions.APIs.anonymousLogin is PASSED

2021-03-29 09:28:04 - [MESSAGE][INFO] - HAR: D:\Working\AUTO\KATAWEB\popstestautomation\POPSTestAutomation\Reports\20210329_092745\POPS App\POPSApp_DailySmoke\20210329_092745\requests\main\0.har

2021-03-29 09:28:04 - [MESSAGE][PASSED] - Send request successfully

2021-03-29 09:28:04 - [MESSAGE][PASSED] - commonActions.APIs.anonymousLogin is PASSED

2021-03-29 09:28:04 - [TEST_STEP][PASSED] - commonActions.BaseActions.ScrollToFooter(): commonActions.BaseActions.ScrollToFooter is PASSED

2021-03-29 09:28:04 - [MESSAGE][PASSED] - Execute JavaScript 'window.scrollTo(0, document.body.scrollHeight)' successfully

2021-03-29 09:28:06 - [MESSAGE][PASSED] - Delayed 2 second(s)

2021-03-29 09:28:07 - [MESSAGE][WARNING] - Object 'Object Repository/POPS App UI/Footer/POPS_Logo_In_Footer' is present but is not visible in viewport (Root cause: com.kms.katalon.core.exception.StepFailedException: Object 'Object Repository/POPS App UI/Footer/POPS_Logo_In_Footer' is present but is not visible in viewport
	at com.kms.katalon.core.webui.keyword.internal.WebUIKeywordMain.stepFailed(WebUIKeywordMain.groovy:64)
	at com.kms.katalon.core.webui.keyword.builtin.VerifyElementVisibleInViewportKeyword$_verifyElementVisibleInViewport_closure1.doCall(VerifyElementVisibleInViewportKeyword.groovy:79)
	at com.kms.katalon.core.webui.keyword.builtin.VerifyElementVisibleInViewportKeyword$_verifyElementVisibleInViewport_closure1.call(VerifyElementVisibleInViewportKeyword.groovy)
	at com.kms.katalon.core.webui.keyword.internal.WebUIKeywordMain.runKeyword(WebUIKeywordMain.groovy:20)
	at com.kms.katalon.core.webui.keyword.builtin.VerifyElementVisibleInViewportKeyword.verifyElementVisibleInViewport(VerifyElementVisibleInViewportKeyword.groovy:86)
	at com.kms.katalon.core.webui.keyword.builtin.VerifyElementVisibleInViewportKeyword.execute(VerifyElementVisibleInViewportKeyword.groovy:68)
	at com.kms.katalon.core.keyword.internal.KeywordExecutor.executeKeywordForPlatform(KeywordExecutor.groovy:73)
	at com.kms.katalon.core.webui.keyword.WebUiBuiltInKeywords.verifyElementInViewport(WebUiBuiltInKeywords.groovy:4050)
	at com.kms.katalon.core.webui.keyword.WebUiBuiltInKeywords$verifyElementInViewport$3.call(Unknown Source)
	at commonActions.BaseActions.ScrollToFooter(BaseActions.groovy:44)
	at commonActions.BaseActions.invokeMethod(BaseActions.groovy)
	at com.kms.katalon.core.main.CustomKeywordDelegatingMetaClass.invokeStaticMethod(CustomKeywordDelegatingMetaClass.java:50)
	at VerifyNoBrokenImageOnAnimePage.run(VerifyNoBrokenImageOnAnimePage:26)
	at com.kms.katalon.core.main.ScriptEngine.run(ScriptEngine.java:194)
	at com.kms.katalon.core.main.ScriptEngine.runScriptAsRawText(ScriptEngine.java:119)
	at com.kms.katalon.core.main.TestCaseExecutor.runScript(TestCaseExecutor.java:398)
	at com.kms.katalon.core.main.TestCaseExecutor.doExecute(TestCaseExecutor.java:389)
	at com.kms.katalon.core.main.TestCaseExecutor.processExecutionPhase(TestCaseExecutor.java:368)
	at com.kms.katalon.core.main.TestCaseExecutor.accessMainPhase(TestCaseExecutor.java:360)
	at com.kms.katalon.core.main.TestCaseExecutor.execute(TestCaseExecutor.java:255)
	at com.kms.katalon.core.main.TestSuiteExecutor.accessTestCaseMainPhase(TestSuiteExecutor.java:203)
	at com.kms.katalon.core.main.TestSuiteExecutor.accessTestSuiteMainPhase(TestSuiteExecutor.java:152)
	at com.kms.katalon.core.main.TestSuiteExecutor.execute(TestSuiteExecutor.java:95)
	at com.kms.katalon.core.main.TestCaseMain.startTestSuite(TestCaseMain.java:157)
	at com.kms.katalon.core.main.TestCaseMain$startTestSuite$0.call(Unknown Source)
	at TempTestSuite1616984865844.run(TempTestSuite1616984865844.groovy:39)
)
[[ATTACHMENT|D:\\Working\\AUTO\\KATAWEB\\popstestautomation\\POPSTestAutomation\\Reports\\20210329_092745\\POPS App\\POPSApp_DailySmoke\\20210329_092745\\1616984886813.png]]

2021-03-29 09:28:07 - [MESSAGE][PASSED] - Execute JavaScript 'window.scrollTo(0, document.body.scrollHeight)' successfully

2021-03-29 09:28:09 - [MESSAGE][PASSED] - Delayed 2 second(s)

2021-03-29 09:28:10 - [MESSAGE][WARNING] - Object 'Object Repository/POPS App UI/Footer/POPS_Logo_In_Footer' is present but is not visible in viewport (Root cause: com.kms.katalon.core.exception.StepFailedException: Object 'Object Repository/POPS App UI/Footer/POPS_Logo_In_Footer' is present but is not visible in viewport
	at com.kms.katalon.core.webui.keyword.internal.WebUIKeywordMain.stepFailed(WebUIKeywordMain.groovy:64)
	at com.kms.katalon.core.webui.keyword.builtin.VerifyElementVisibleInViewportKeyword$_verifyElementVisibleInViewport_closure1.doCall(VerifyElementVisibleInViewportKeyword.groovy:79)
	at com.kms.katalon.core.webui.keyword.builtin.VerifyElementVisibleInViewportKeyword$_verifyElementVisibleInViewport_closure1.call(VerifyElementVisibleInViewportKeyword.groovy)
	at com.kms.katalon.core.webui.keyword.internal.WebUIKeywordMain.runKeyword(WebUIKeywordMain.groovy:20)
	at com.kms.katalon.core.webui.keyword.builtin.VerifyElementVisibleInViewportKeyword.verifyElementVisibleInViewport(VerifyElementVisibleInViewportKeyword.groovy:86)
	at com.kms.katalon.core.webui.keyword.builtin.VerifyElementVisibleInViewportKeyword.execute(VerifyElementVisibleInViewportKeyword.groovy:68)
	at com.kms.katalon.core.keyword.internal.KeywordExecutor.executeKeywordForPlatform(KeywordExecutor.groovy:73)
	at com.kms.katalon.core.webui.keyword.WebUiBuiltInKeywords.verifyElementInViewport(WebUiBuiltInKeywords.groovy:4050)
	at com.kms.katalon.core.webui.keyword.WebUiBuiltInKeywords$verifyElementInViewport$3.call(Unknown Source)
	at commonActions.BaseActions.ScrollToFooter(BaseActions.groovy:44)
	at commonActions.BaseActions.invokeMethod(BaseActions.groovy)
	at com.kms.katalon.core.main.CustomKeywordDelegatingMetaClass.invokeStaticMethod(CustomKeywordDelegatingMetaClass.java:50)
	at VerifyNoBrokenImageOnAnimePage.run(VerifyNoBrokenImageOnAnimePage:26)
	at com.kms.katalon.core.main.ScriptEngine.run(ScriptEngine.java:194)
	at com.kms.katalon.core.main.ScriptEngine.runScriptAsRawText(ScriptEngine.java:119)
	at com.kms.katalon.core.main.TestCaseExecutor.runScript(TestCaseExecutor.java:398)
	at com.kms.katalon.core.main.TestCaseExecutor.doExecute(TestCaseExecutor.java:389)
	at com.kms.katalon.core.main.TestCaseExecutor.processExecutionPhase(TestCaseExecutor.java:368)
	at com.kms.katalon.core.main.TestCaseExecutor.accessMainPhase(TestCaseExecutor.java:360)
	at com.kms.katalon.core.main.TestCaseExecutor.execute(TestCaseExecutor.java:255)
	at com.kms.katalon.core.main.TestSuiteExecutor.accessTestCaseMainPhase(TestSuiteExecutor.java:203)
	at com.kms.katalon.core.main.TestSuiteExecutor.accessTestSuiteMainPhase(TestSuiteExecutor.java:152)
	at com.kms.katalon.core.main.TestSuiteExecutor.execute(TestSuiteExecutor.java:95)
	at com.kms.katalon.core.main.TestCaseMain.startTestSuite(TestCaseMain.java:157)
	at com.kms.katalon.core.main.TestCaseMain$startTestSuite$0.call(Unknown Source)
	at TempTestSuite1616984865844.run(TempTestSuite1616984865844.groovy:39)
)
[[ATTACHMENT|D:\\Working\\AUTO\\KATAWEB\\popstestautomation\\POPSTestAutomation\\Reports\\20210329_092745\\POPS App\\POPSApp_DailySmoke\\20210329_092745\\1616984889789.png]]

2021-03-29 09:28:10 - [MESSAGE][PASSED] - Execute JavaScript 'window.scrollTo(0, document.body.scrollHeight)' successfully

2021-03-29 09:28:12 - [MESSAGE][PASSED] - Delayed 2 second(s)

2021-03-29 09:28:13 - [MESSAGE][WARNING] - Object 'Object Repository/POPS App UI/Footer/POPS_Logo_In_Footer' is present but is not visible in viewport (Root cause: com.kms.katalon.core.exception.StepFailedException: Object 'Object Repository/POPS App UI/Footer/POPS_Logo_In_Footer' is present but is not visible in viewport
	at com.kms.katalon.core.webui.keyword.internal.WebUIKeywordMain.stepFailed(WebUIKeywordMain.groovy:64)
	at com.kms.katalon.core.webui.keyword.builtin.VerifyElementVisibleInViewportKeyword$_verifyElementVisibleInViewport_closure1.doCall(VerifyElementVisibleInViewportKeyword.groovy:79)
	at com.kms.katalon.core.webui.keyword.builtin.VerifyElementVisibleInViewportKeyword$_verifyElementVisibleInViewport_closure1.call(VerifyElementVisibleInViewportKeyword.groovy)
	at com.kms.katalon.core.webui.keyword.internal.WebUIKeywordMain.runKeyword(WebUIKeywordMain.groovy:20)
	at com.kms.katalon.core.webui.keyword.builtin.VerifyElementVisibleInViewportKeyword.verifyElementVisibleInViewport(VerifyElementVisibleInViewportKeyword.groovy:86)
	at com.kms.katalon.core.webui.keyword.builtin.VerifyElementVisibleInViewportKeyword.execute(VerifyElementVisibleInViewportKeyword.groovy:68)
	at com.kms.katalon.core.keyword.internal.KeywordExecutor.executeKeywordForPlatform(KeywordExecutor.groovy:73)
	at com.kms.katalon.core.webui.keyword.WebUiBuiltInKeywords.verifyElementInViewport(WebUiBuiltInKeywords.groovy:4050)
	at com.kms.katalon.core.webui.keyword.WebUiBuiltInKeywords$verifyElementInViewport$3.call(Unknown Source)
	at commonActions.BaseActions.ScrollToFooter(BaseActions.groovy:44)
	at commonActions.BaseActions.invokeMethod(BaseActions.groovy)
	at com.kms.katalon.core.main.CustomKeywordDelegatingMetaClass.invokeStaticMethod(CustomKeywordDelegatingMetaClass.java:50)
	at VerifyNoBrokenImageOnAnimePage.run(VerifyNoBrokenImageOnAnimePage:26)
	at com.kms.katalon.core.main.ScriptEngine.run(ScriptEngine.java:194)
	at com.kms.katalon.core.main.ScriptEngine.runScriptAsRawText(ScriptEngine.java:119)
	at com.kms.katalon.core.main.TestCaseExecutor.runScript(TestCaseExecutor.java:398)
	at com.kms.katalon.core.main.TestCaseExecutor.doExecute(TestCaseExecutor.java:389)
	at com.kms.katalon.core.main.TestCaseExecutor.processExecutionPhase(TestCaseExecutor.java:368)
	at com.kms.katalon.core.main.TestCaseExecutor.accessMainPhase(TestCaseExecutor.java:360)
	at com.kms.katalon.core.main.TestCaseExecutor.execute(TestCaseExecutor.java:255)
	at com.kms.katalon.core.main.TestSuiteExecutor.accessTestCaseMainPhase(TestSuiteExecutor.java:203)
	at com.kms.katalon.core.main.TestSuiteExecutor.accessTestSuiteMainPhase(TestSuiteExecutor.java:152)
	at com.kms.katalon.core.main.TestSuiteExecutor.execute(TestSuiteExecutor.java:95)
	at com.kms.katalon.core.main.TestCaseMain.startTestSuite(TestCaseMain.java:157)
	at com.kms.katalon.core.main.TestCaseMain$startTestSuite$0.call(Unknown Source)
	at TempTestSuite1616984865844.run(TempTestSuite1616984865844.groovy:39)
)
[[ATTACHMENT|D:\\Working\\AUTO\\KATAWEB\\popstestautomation\\POPSTestAutomation\\Reports\\20210329_092745\\POPS App\\POPSApp_DailySmoke\\20210329_092745\\1616984892950.png]]

2021-03-29 09:28:13 - [MESSAGE][PASSED] - Execute JavaScript 'window.scrollTo(0, document.body.scrollHeight)' successfully

2021-03-29 09:28:15 - [MESSAGE][PASSED] - Delayed 2 second(s)

2021-03-29 09:28:16 - [MESSAGE][WARNING] - Object 'Object Repository/POPS App UI/Footer/POPS_Logo_In_Footer' is present but is not visible in viewport (Root cause: com.kms.katalon.core.exception.StepFailedException: Object 'Object Repository/POPS App UI/Footer/POPS_Logo_In_Footer' is present but is not visible in viewport
	at com.kms.katalon.core.webui.keyword.internal.WebUIKeywordMain.stepFailed(WebUIKeywordMain.groovy:64)
	at com.kms.katalon.core.webui.keyword.builtin.VerifyElementVisibleInViewportKeyword$_verifyElementVisibleInViewport_closure1.doCall(VerifyElementVisibleInViewportKeyword.groovy:79)
	at com.kms.katalon.core.webui.keyword.builtin.VerifyElementVisibleInViewportKeyword$_verifyElementVisibleInViewport_closure1.call(VerifyElementVisibleInViewportKeyword.groovy)
	at com.kms.katalon.core.webui.keyword.internal.WebUIKeywordMain.runKeyword(WebUIKeywordMain.groovy:20)
	at com.kms.katalon.core.webui.keyword.builtin.VerifyElementVisibleInViewportKeyword.verifyElementVisibleInViewport(VerifyElementVisibleInViewportKeyword.groovy:86)
	at com.kms.katalon.core.webui.keyword.builtin.VerifyElementVisibleInViewportKeyword.execute(VerifyElementVisibleInViewportKeyword.groovy:68)
	at com.kms.katalon.core.keyword.internal.KeywordExecutor.executeKeywordForPlatform(KeywordExecutor.groovy:73)
	at com.kms.katalon.core.webui.keyword.WebUiBuiltInKeywords.verifyElementInViewport(WebUiBuiltInKeywords.groovy:4050)
	at com.kms.katalon.core.webui.keyword.WebUiBuiltInKeywords$verifyElementInViewport$3.call(Unknown Source)
	at commonActions.BaseActions.ScrollToFooter(BaseActions.groovy:44)
	at commonActions.BaseActions.invokeMethod(BaseActions.groovy)
	at com.kms.katalon.core.main.CustomKeywordDelegatingMetaClass.invokeStaticMethod(CustomKeywordDelegatingMetaClass.java:50)
	at VerifyNoBrokenImageOnAnimePage.run(VerifyNoBrokenImageOnAnimePage:26)
	at com.kms.katalon.core.main.ScriptEngine.run(ScriptEngine.java:194)
	at com.kms.katalon.core.main.ScriptEngine.runScriptAsRawText(ScriptEngine.java:119)
	at com.kms.katalon.core.main.TestCaseExecutor.runScript(TestCaseExecutor.java:398)
	at com.kms.katalon.core.main.TestCaseExecutor.doExecute(TestCaseExecutor.java:389)
	at com.kms.katalon.core.main.TestCaseExecutor.processExecutionPhase(TestCaseExecutor.java:368)
	at com.kms.katalon.core.main.TestCaseExecutor.accessMainPhase(TestCaseExecutor.java:360)
	at com.kms.katalon.core.main.TestCaseExecutor.execute(TestCaseExecutor.java:255)
	at com.kms.katalon.core.main.TestSuiteExecutor.accessTestCaseMainPhase(TestSuiteExecutor.java:203)
	at com.kms.katalon.core.main.TestSuiteExecutor.accessTestSuiteMainPhase(TestSuiteExecutor.java:152)
	at com.kms.katalon.core.main.TestSuiteExecutor.execute(TestSuiteExecutor.java:95)
	at com.kms.katalon.core.main.TestCaseMain.startTestSuite(TestCaseMain.java:157)
	at com.kms.katalon.core.main.TestCaseMain$startTestSuite$0.call(Unknown Source)
	at TempTestSuite1616984865844.run(TempTestSuite1616984865844.groovy:39)
)
[[ATTACHMENT|D:\\Working\\AUTO\\KATAWEB\\popstestautomation\\POPSTestAutomation\\Reports\\20210329_092745\\POPS App\\POPSApp_DailySmoke\\20210329_092745\\1616984896087.png]]

2021-03-29 09:28:16 - [MESSAGE][PASSED] - Execute JavaScript 'window.scrollTo(0, document.body.scrollHeight)' successfully

2021-03-29 09:28:18 - [MESSAGE][PASSED] - Delayed 2 second(s)

2021-03-29 09:28:19 - [MESSAGE][WARNING] - Object 'Object Repository/POPS App UI/Footer/POPS_Logo_In_Footer' is present but is not visible in viewport (Root cause: com.kms.katalon.core.exception.StepFailedException: Object 'Object Repository/POPS App UI/Footer/POPS_Logo_In_Footer' is present but is not visible in viewport
	at com.kms.katalon.core.webui.keyword.internal.WebUIKeywordMain.stepFailed(WebUIKeywordMain.groovy:64)
	at com.kms.katalon.core.webui.keyword.builtin.VerifyElementVisibleInViewportKeyword$_verifyElementVisibleInViewport_closure1.doCall(VerifyElementVisibleInViewportKeyword.groovy:79)
	at com.kms.katalon.core.webui.keyword.builtin.VerifyElementVisibleInViewportKeyword$_verifyElementVisibleInViewport_closure1.call(VerifyElementVisibleInViewportKeyword.groovy)
	at com.kms.katalon.core.webui.keyword.internal.WebUIKeywordMain.runKeyword(WebUIKeywordMain.groovy:20)
	at com.kms.katalon.core.webui.keyword.builtin.VerifyElementVisibleInViewportKeyword.verifyElementVisibleInViewport(VerifyElementVisibleInViewportKeyword.groovy:86)
	at com.kms.katalon.core.webui.keyword.builtin.VerifyElementVisibleInViewportKeyword.execute(VerifyElementVisibleInViewportKeyword.groovy:68)
	at com.kms.katalon.core.keyword.internal.KeywordExecutor.executeKeywordForPlatform(KeywordExecutor.groovy:73)
	at com.kms.katalon.core.webui.keyword.WebUiBuiltInKeywords.verifyElementInViewport(WebUiBuiltInKeywords.groovy:4050)
	at com.kms.katalon.core.webui.keyword.WebUiBuiltInKeywords$verifyElementInViewport$3.call(Unknown Source)
	at commonActions.BaseActions.ScrollToFooter(BaseActions.groovy:44)
	at commonActions.BaseActions.invokeMethod(BaseActions.groovy)
	at com.kms.katalon.core.main.CustomKeywordDelegatingMetaClass.invokeStaticMethod(CustomKeywordDelegatingMetaClass.java:50)
	at VerifyNoBrokenImageOnAnimePage.run(VerifyNoBrokenImageOnAnimePage:26)
	at com.kms.katalon.core.main.ScriptEngine.run(ScriptEngine.java:194)
	at com.kms.katalon.core.main.ScriptEngine.runScriptAsRawText(ScriptEngine.java:119)
	at com.kms.katalon.core.main.TestCaseExecutor.runScript(TestCaseExecutor.java:398)
	at com.kms.katalon.core.main.TestCaseExecutor.doExecute(TestCaseExecutor.java:389)
	at com.kms.katalon.core.main.TestCaseExecutor.processExecutionPhase(TestCaseExecutor.java:368)
	at com.kms.katalon.core.main.TestCaseExecutor.accessMainPhase(TestCaseExecutor.java:360)
	at com.kms.katalon.core.main.TestCaseExecutor.execute(TestCaseExecutor.java:255)
	at com.kms.katalon.core.main.TestSuiteExecutor.accessTestCaseMainPhase(TestSuiteExecutor.java:203)
	at com.kms.katalon.core.main.TestSuiteExecutor.accessTestSuiteMainPhase(TestSuiteExecutor.java:152)
	at com.kms.katalon.core.main.TestSuiteExecutor.execute(TestSuiteExecutor.java:95)
	at com.kms.katalon.core.main.TestCaseMain.startTestSuite(TestCaseMain.java:157)
	at com.kms.katalon.core.main.TestCaseMain$startTestSuite$0.call(Unknown Source)
	at TempTestSuite1616984865844.run(TempTestSuite1616984865844.groovy:39)
)
[[ATTACHMENT|D:\\Working\\AUTO\\KATAWEB\\popstestautomation\\POPSTestAutomation\\Reports\\20210329_092745\\POPS App\\POPSApp_DailySmoke\\20210329_092745\\1616984899156.png]]

2021-03-29 09:28:20 - [MESSAGE][PASSED] - Execute JavaScript 'window.scrollTo(0, document.body.scrollHeight)' successfully

2021-03-29 09:28:22 - [MESSAGE][PASSED] - Delayed 2 second(s)

2021-03-29 09:28:22 - [MESSAGE][WARNING] - Object 'Object Repository/POPS App UI/Footer/POPS_Logo_In_Footer' is present but is not visible in viewport (Root cause: com.kms.katalon.core.exception.StepFailedException: Object 'Object Repository/POPS App UI/Footer/POPS_Logo_In_Footer' is present but is not visible in viewport
	at com.kms.katalon.core.webui.keyword.internal.WebUIKeywordMain.stepFailed(WebUIKeywordMain.groovy:64)
	at com.kms.katalon.core.webui.keyword.builtin.VerifyElementVisibleInViewportKeyword$_verifyElementVisibleInViewport_closure1.doCall(VerifyElementVisibleInViewportKeyword.groovy:79)
	at com.kms.katalon.core.webui.keyword.builtin.VerifyElementVisibleInViewportKeyword$_verifyElementVisibleInViewport_closure1.call(VerifyElementVisibleInViewportKeyword.groovy)
	at com.kms.katalon.core.webui.keyword.internal.WebUIKeywordMain.runKeyword(WebUIKeywordMain.groovy:20)
	at com.kms.katalon.core.webui.keyword.builtin.VerifyElementVisibleInViewportKeyword.verifyElementVisibleInViewport(VerifyElementVisibleInViewportKeyword.groovy:86)
	at com.kms.katalon.core.webui.keyword.builtin.VerifyElementVisibleInViewportKeyword.execute(VerifyElementVisibleInViewportKeyword.groovy:68)
	at com.kms.katalon.core.keyword.internal.KeywordExecutor.executeKeywordForPlatform(KeywordExecutor.groovy:73)
	at com.kms.katalon.core.webui.keyword.WebUiBuiltInKeywords.verifyElementInViewport(WebUiBuiltInKeywords.groovy:4050)
	at com.kms.katalon.core.webui.keyword.WebUiBuiltInKeywords$verifyElementInViewport$3.call(Unknown Source)
	at commonActions.BaseActions.ScrollToFooter(BaseActions.groovy:44)
	at commonActions.BaseActions.invokeMethod(BaseActions.groovy)
	at com.kms.katalon.core.main.CustomKeywordDelegatingMetaClass.invokeStaticMethod(CustomKeywordDelegatingMetaClass.java:50)
	at VerifyNoBrokenImageOnAnimePage.run(VerifyNoBrokenImageOnAnimePage:26)
	at com.kms.katalon.core.main.ScriptEngine.run(ScriptEngine.java:194)
	at com.kms.katalon.core.main.ScriptEngine.runScriptAsRawText(ScriptEngine.java:119)
	at com.kms.katalon.core.main.TestCaseExecutor.runScript(TestCaseExecutor.java:398)
	at com.kms.katalon.core.main.TestCaseExecutor.doExecute(TestCaseExecutor.java:389)
	at com.kms.katalon.core.main.TestCaseExecutor.processExecutionPhase(TestCaseExecutor.java:368)
	at com.kms.katalon.core.main.TestCaseExecutor.accessMainPhase(TestCaseExecutor.java:360)
	at com.kms.katalon.core.main.TestCaseExecutor.execute(TestCaseExecutor.java:255)
	at com.kms.katalon.core.main.TestSuiteExecutor.accessTestCaseMainPhase(TestSuiteExecutor.java:203)
	at com.kms.katalon.core.main.TestSuiteExecutor.accessTestSuiteMainPhase(TestSuiteExecutor.java:152)
	at com.kms.katalon.core.main.TestSuiteExecutor.execute(TestSuiteExecutor.java:95)
	at com.kms.katalon.core.main.TestCaseMain.startTestSuite(TestCaseMain.java:157)
	at com.kms.katalon.core.main.TestCaseMain$startTestSuite$0.call(Unknown Source)
	at TempTestSuite1616984865844.run(TempTestSuite1616984865844.groovy:39)
)
[[ATTACHMENT|D:\\Working\\AUTO\\KATAWEB\\popstestautomation\\POPSTestAutomation\\Reports\\20210329_092745\\POPS App\\POPSApp_DailySmoke\\20210329_092745\\1616984902317.png]]

2021-03-29 09:28:23 - [MESSAGE][PASSED] - Execute JavaScript 'window.scrollTo(0, document.body.scrollHeight)' successfully

2021-03-29 09:28:25 - [MESSAGE][PASSED] - Delayed 2 second(s)

2021-03-29 09:28:26 - [MESSAGE][WARNING] - Object 'Object Repository/POPS App UI/Footer/POPS_Logo_In_Footer' is present but is not visible in viewport (Root cause: com.kms.katalon.core.exception.StepFailedException: Object 'Object Repository/POPS App UI/Footer/POPS_Logo_In_Footer' is present but is not visible in viewport
	at com.kms.katalon.core.webui.keyword.internal.WebUIKeywordMain.stepFailed(WebUIKeywordMain.groovy:64)
	at com.kms.katalon.core.webui.keyword.builtin.VerifyElementVisibleInViewportKeyword$_verifyElementVisibleInViewport_closure1.doCall(VerifyElementVisibleInViewportKeyword.groovy:79)
	at com.kms.katalon.core.webui.keyword.builtin.VerifyElementVisibleInViewportKeyword$_verifyElementVisibleInViewport_closure1.call(VerifyElementVisibleInViewportKeyword.groovy)
	at com.kms.katalon.core.webui.keyword.internal.WebUIKeywordMain.runKeyword(WebUIKeywordMain.groovy:20)
	at com.kms.katalon.core.webui.keyword.builtin.VerifyElementVisibleInViewportKeyword.verifyElementVisibleInViewport(VerifyElementVisibleInViewportKeyword.groovy:86)
	at com.kms.katalon.core.webui.keyword.builtin.VerifyElementVisibleInViewportKeyword.execute(VerifyElementVisibleInViewportKeyword.groovy:68)
	at com.kms.katalon.core.keyword.internal.KeywordExecutor.executeKeywordForPlatform(KeywordExecutor.groovy:73)
	at com.kms.katalon.core.webui.keyword.WebUiBuiltInKeywords.verifyElementInViewport(WebUiBuiltInKeywords.groovy:4050)
	at com.kms.katalon.core.webui.keyword.WebUiBuiltInKeywords$verifyElementInViewport$3.call(Unknown Source)
	at commonActions.BaseActions.ScrollToFooter(BaseActions.groovy:44)
	at commonActions.BaseActions.invokeMethod(BaseActions.groovy)
	at com.kms.katalon.core.main.CustomKeywordDelegatingMetaClass.invokeStaticMethod(CustomKeywordDelegatingMetaClass.java:50)
	at VerifyNoBrokenImageOnAnimePage.run(VerifyNoBrokenImageOnAnimePage:26)
	at com.kms.katalon.core.main.ScriptEngine.run(ScriptEngine.java:194)
	at com.kms.katalon.core.main.ScriptEngine.runScriptAsRawText(ScriptEngine.java:119)
	at com.kms.katalon.core.main.TestCaseExecutor.runScript(TestCaseExecutor.java:398)
	at com.kms.katalon.core.main.TestCaseExecutor.doExecute(TestCaseExecutor.java:389)
	at com.kms.katalon.core.main.TestCaseExecutor.processExecutionPhase(TestCaseExecutor.java:368)
	at com.kms.katalon.core.main.TestCaseExecutor.accessMainPhase(TestCaseExecutor.java:360)
	at com.kms.katalon.core.main.TestCaseExecutor.execute(TestCaseExecutor.java:255)
	at com.kms.katalon.core.main.TestSuiteExecutor.accessTestCaseMainPhase(TestSuiteExecutor.java:203)
	at com.kms.katalon.core.main.TestSuiteExecutor.accessTestSuiteMainPhase(TestSuiteExecutor.java:152)
	at com.kms.katalon.core.main.TestSuiteExecutor.execute(TestSuiteExecutor.java:95)
	at com.kms.katalon.core.main.TestCaseMain.startTestSuite(TestCaseMain.java:157)
	at com.kms.katalon.core.main.TestCaseMain$startTestSuite$0.call(Unknown Source)
	at TempTestSuite1616984865844.run(TempTestSuite1616984865844.groovy:39)
)
[[ATTACHMENT|D:\\Working\\AUTO\\KATAWEB\\popstestautomation\\POPSTestAutomation\\Reports\\20210329_092745\\POPS App\\POPSApp_DailySmoke\\20210329_092745\\1616984905648.png]]

2021-03-29 09:28:26 - [MESSAGE][PASSED] - Execute JavaScript 'window.scrollTo(0, document.body.scrollHeight)' successfully

2021-03-29 09:28:28 - [MESSAGE][PASSED] - Delayed 2 second(s)

2021-03-29 09:28:30 - [MESSAGE][WARNING] - Object 'Object Repository/POPS App UI/Footer/POPS_Logo_In_Footer' is present but is not visible in viewport (Root cause: com.kms.katalon.core.exception.StepFailedException: Object 'Object Repository/POPS App UI/Footer/POPS_Logo_In_Footer' is present but is not visible in viewport
	at com.kms.katalon.core.webui.keyword.internal.WebUIKeywordMain.stepFailed(WebUIKeywordMain.groovy:64)
	at com.kms.katalon.core.webui.keyword.builtin.VerifyElementVisibleInViewportKeyword$_verifyElementVisibleInViewport_closure1.doCall(VerifyElementVisibleInViewportKeyword.groovy:79)
	at com.kms.katalon.core.webui.keyword.builtin.VerifyElementVisibleInViewportKeyword$_verifyElementVisibleInViewport_closure1.call(VerifyElementVisibleInViewportKeyword.groovy)
	at com.kms.katalon.core.webui.keyword.internal.WebUIKeywordMain.runKeyword(WebUIKeywordMain.groovy:20)
	at com.kms.katalon.core.webui.keyword.builtin.VerifyElementVisibleInViewportKeyword.verifyElementVisibleInViewport(VerifyElementVisibleInViewportKeyword.groovy:86)
	at com.kms.katalon.core.webui.keyword.builtin.VerifyElementVisibleInViewportKeyword.execute(VerifyElementVisibleInViewportKeyword.groovy:68)
	at com.kms.katalon.core.keyword.internal.KeywordExecutor.executeKeywordForPlatform(KeywordExecutor.groovy:73)
	at com.kms.katalon.core.webui.keyword.WebUiBuiltInKeywords.verifyElementInViewport(WebUiBuiltInKeywords.groovy:4050)
	at com.kms.katalon.core.webui.keyword.WebUiBuiltInKeywords$verifyElementInViewport$3.call(Unknown Source)
	at commonActions.BaseActions.ScrollToFooter(BaseActions.groovy:44)
	at commonActions.BaseActions.invokeMethod(BaseActions.groovy)
	at com.kms.katalon.core.main.CustomKeywordDelegatingMetaClass.invokeStaticMethod(CustomKeywordDelegatingMetaClass.java:50)
	at VerifyNoBrokenImageOnAnimePage.run(VerifyNoBrokenImageOnAnimePage:26)
	at com.kms.katalon.core.main.ScriptEngine.run(ScriptEngine.java:194)
	at com.kms.katalon.core.main.ScriptEngine.runScriptAsRawText(ScriptEngine.java:119)
	at com.kms.katalon.core.main.TestCaseExecutor.runScript(TestCaseExecutor.java:398)
	at com.kms.katalon.core.main.TestCaseExecutor.doExecute(TestCaseExecutor.java:389)
	at com.kms.katalon.core.main.TestCaseExecutor.processExecutionPhase(TestCaseExecutor.java:368)
	at com.kms.katalon.core.main.TestCaseExecutor.accessMainPhase(TestCaseExecutor.java:360)
	at com.kms.katalon.core.main.TestCaseExecutor.execute(TestCaseExecutor.java:255)
	at com.kms.katalon.core.main.TestSuiteExecutor.accessTestCaseMainPhase(TestSuiteExecutor.java:203)
	at com.kms.katalon.core.main.TestSuiteExecutor.accessTestSuiteMainPhase(TestSuiteExecutor.java:152)
	at com.kms.katalon.core.main.TestSuiteExecutor.execute(TestSuiteExecutor.java:95)
	at com.kms.katalon.core.main.TestCaseMain.startTestSuite(TestCaseMain.java:157)
	at com.kms.katalon.core.main.TestCaseMain$startTestSuite$0.call(Unknown Source)
	at TempTestSuite1616984865844.run(TempTestSuite1616984865844.groovy:39)
)
[[ATTACHMENT|D:\\Working\\AUTO\\KATAWEB\\popstestautomation\\POPSTestAutomation\\Reports\\20210329_092745\\POPS App\\POPSApp_DailySmoke\\20210329_092745\\1616984909855.png]]

2021-03-29 09:28:30 - [MESSAGE][PASSED] - Execute JavaScript 'window.scrollTo(0, document.body.scrollHeight)' successfully

2021-03-29 09:28:32 - [MESSAGE][PASSED] - Delayed 2 second(s)

2021-03-29 09:28:34 - [MESSAGE][WARNING] - Object 'Object Repository/POPS App UI/Footer/POPS_Logo_In_Footer' is present but is not visible in viewport (Root cause: com.kms.katalon.core.exception.StepFailedException: Object 'Object Repository/POPS App UI/Footer/POPS_Logo_In_Footer' is present but is not visible in viewport
	at com.kms.katalon.core.webui.keyword.internal.WebUIKeywordMain.stepFailed(WebUIKeywordMain.groovy:64)
	at com.kms.katalon.core.webui.keyword.builtin.VerifyElementVisibleInViewportKeyword$_verifyElementVisibleInViewport_closure1.doCall(VerifyElementVisibleInViewportKeyword.groovy:79)
	at com.kms.katalon.core.webui.keyword.builtin.VerifyElementVisibleInViewportKeyword$_verifyElementVisibleInViewport_closure1.call(VerifyElementVisibleInViewportKeyword.groovy)
	at com.kms.katalon.core.webui.keyword.internal.WebUIKeywordMain.runKeyword(WebUIKeywordMain.groovy:20)
	at com.kms.katalon.core.webui.keyword.builtin.VerifyElementVisibleInViewportKeyword.verifyElementVisibleInViewport(VerifyElementVisibleInViewportKeyword.groovy:86)
	at com.kms.katalon.core.webui.keyword.builtin.VerifyElementVisibleInViewportKeyword.execute(VerifyElementVisibleInViewportKeyword.groovy:68)
	at com.kms.katalon.core.keyword.internal.KeywordExecutor.executeKeywordForPlatform(KeywordExecutor.groovy:73)
	at com.kms.katalon.core.webui.keyword.WebUiBuiltInKeywords.verifyElementInViewport(WebUiBuiltInKeywords.groovy:4050)
	at com.kms.katalon.core.webui.keyword.WebUiBuiltInKeywords$verifyElementInViewport$3.call(Unknown Source)
	at commonActions.BaseActions.ScrollToFooter(BaseActions.groovy:44)
	at commonActions.BaseActions.invokeMethod(BaseActions.groovy)
	at com.kms.katalon.core.main.CustomKeywordDelegatingMetaClass.invokeStaticMethod(CustomKeywordDelegatingMetaClass.java:50)
	at VerifyNoBrokenImageOnAnimePage.run(VerifyNoBrokenImageOnAnimePage:26)
	at com.kms.katalon.core.main.ScriptEngine.run(ScriptEngine.java:194)
	at com.kms.katalon.core.main.ScriptEngine.runScriptAsRawText(ScriptEngine.java:119)
	at com.kms.katalon.core.main.TestCaseExecutor.runScript(TestCaseExecutor.java:398)
	at com.kms.katalon.core.main.TestCaseExecutor.doExecute(TestCaseExecutor.java:389)
	at com.kms.katalon.core.main.TestCaseExecutor.processExecutionPhase(TestCaseExecutor.java:368)
	at com.kms.katalon.core.main.TestCaseExecutor.accessMainPhase(TestCaseExecutor.java:360)
	at com.kms.katalon.core.main.TestCaseExecutor.execute(TestCaseExecutor.java:255)
	at com.kms.katalon.core.main.TestSuiteExecutor.accessTestCaseMainPhase(TestSuiteExecutor.java:203)
	at com.kms.katalon.core.main.TestSuiteExecutor.accessTestSuiteMainPhase(TestSuiteExecutor.java:152)
	at com.kms.katalon.core.main.TestSuiteExecutor.execute(TestSuiteExecutor.java:95)
	at com.kms.katalon.core.main.TestCaseMain.startTestSuite(TestCaseMain.java:157)
	at com.kms.katalon.core.main.TestCaseMain$startTestSuite$0.call(Unknown Source)
	at TempTestSuite1616984865844.run(TempTestSuite1616984865844.groovy:39)
)
[[ATTACHMENT|D:\\Working\\AUTO\\KATAWEB\\popstestautomation\\POPSTestAutomation\\Reports\\20210329_092745\\POPS App\\POPSApp_DailySmoke\\20210329_092745\\1616984913967.png]]

2021-03-29 09:28:35 - [MESSAGE][PASSED] - Execute JavaScript 'window.scrollTo(0, document.body.scrollHeight)' successfully

2021-03-29 09:28:37 - [MESSAGE][PASSED] - Delayed 2 second(s)

2021-03-29 09:28:37 - [MESSAGE][PASSED] - Object 'Object Repository/POPS App UI/Footer/POPS_Logo_In_Footer' is present and visible in viewport

2021-03-29 09:28:37 - [MESSAGE][PASSED] - commonActions.BaseActions.ScrollToFooter is PASSED

2021-03-29 09:28:37 - [TEST_STEP][PASSED] - commonActions.PageActions.verifyLinksOnPage(): commonActions.PageActions.verifyLinksOnPage is PASSED

2021-03-29 09:28:37 - [MESSAGE][INFO] - HAR: D:\Working\AUTO\KATAWEB\popstestautomation\POPSTestAutomation\Reports\20210329_092745\POPS App\POPSApp_DailySmoke\20210329_092745\requests\main\1.har

2021-03-29 09:28:37 - [MESSAGE][PASSED] - Send request successfully

2021-03-29 09:28:38 - [MESSAGE][INFO] - HAR: D:\Working\AUTO\KATAWEB\popstestautomation\POPSTestAutomation\Reports\20210329_092745\POPS App\POPSApp_DailySmoke\20210329_092745\requests\main\2.har

2021-03-29 09:28:38 - [MESSAGE][PASSED] - Send request successfully

2021-03-29 09:28:38 - [MESSAGE][INFO] - HAR: D:\Working\AUTO\KATAWEB\popstestautomation\POPSTestAutomation\Reports\20210329_092745\POPS App\POPSApp_DailySmoke\20210329_092745\requests\main\3.har

2021-03-29 09:28:38 - [MESSAGE][PASSED] - Send request successfully

2021-03-29 09:28:38 - [MESSAGE][INFO] - HAR: D:\Working\AUTO\KATAWEB\popstestautomation\POPSTestAutomation\Reports\20210329_092745\POPS App\POPSApp_DailySmoke\20210329_092745\requests\main\4.har

2021-03-29 09:28:38 - [MESSAGE][PASSED] - Send request successfully

2021-03-29 09:28:38 - [MESSAGE][INFO] - HAR: D:\Working\AUTO\KATAWEB\popstestautomation\POPSTestAutomation\Reports\20210329_092745\POPS App\POPSApp_DailySmoke\20210329_092745\requests\main\5.har

2021-03-29 09:28:38 - [MESSAGE][PASSED] - Send request successfully

2021-03-29 09:28:38 - [MESSAGE][INFO] - HAR: D:\Working\AUTO\KATAWEB\popstestautomation\POPSTestAutomation\Reports\20210329_092745\POPS App\POPSApp_DailySmoke\20210329_092745\requests\main\6.har

2021-03-29 09:28:38 - [MESSAGE][PASSED] - Send request successfully

2021-03-29 09:28:38 - [MESSAGE][INFO] - HAR: D:\Working\AUTO\KATAWEB\popstestautomation\POPSTestAutomation\Reports\20210329_092745\POPS App\POPSApp_DailySmoke\20210329_092745\requests\main\7.har

2021-03-29 09:28:38 - [MESSAGE][PASSED] - Send request successfully

2021-03-29 09:28:39 - [MESSAGE][INFO] - HAR: D:\Working\AUTO\KATAWEB\popstestautomation\POPSTestAutomation\Reports\20210329_092745\POPS App\POPSApp_DailySmoke\20210329_092745\requests\main\8.har

2021-03-29 09:28:39 - [MESSAGE][PASSED] - Send request successfully

2021-03-29 09:28:39 - [MESSAGE][INFO] - HAR: D:\Working\AUTO\KATAWEB\popstestautomation\POPSTestAutomation\Reports\20210329_092745\POPS App\POPSApp_DailySmoke\20210329_092745\requests\main\9.har

2021-03-29 09:28:39 - [MESSAGE][PASSED] - Send request successfully

2021-03-29 09:28:39 - [MESSAGE][INFO] - HAR: D:\Working\AUTO\KATAWEB\popstestautomation\POPSTestAutomation\Reports\20210329_092745\POPS App\POPSApp_DailySmoke\20210329_092745\requests\main\10.har

2021-03-29 09:28:39 - [MESSAGE][PASSED] - Send request successfully

2021-03-29 09:28:39 - [MESSAGE][INFO] - HAR: D:\Working\AUTO\KATAWEB\popstestautomation\POPSTestAutomation\Reports\20210329_092745\POPS App\POPSApp_DailySmoke\20210329_092745\requests\main\11.har

2021-03-29 09:28:39 - [MESSAGE][PASSED] - Send request successfully

2021-03-29 09:28:40 - [MESSAGE][INFO] - HAR: D:\Working\AUTO\KATAWEB\popstestautomation\POPSTestAutomation\Reports\20210329_092745\POPS App\POPSApp_DailySmoke\20210329_092745\requests\main\12.har

2021-03-29 09:28:40 - [MESSAGE][PASSED] - Send request successfully

2021-03-29 09:28:40 - [MESSAGE][INFO] - HAR: D:\Working\AUTO\KATAWEB\popstestautomation\POPSTestAutomation\Reports\20210329_092745\POPS App\POPSApp_DailySmoke\20210329_092745\requests\main\13.har

2021-03-29 09:28:40 - [MESSAGE][PASSED] - Send request successfully

2021-03-29 09:28:40 - [MESSAGE][INFO] - HAR: D:\Working\AUTO\KATAWEB\popstestautomation\POPSTestAutomation\Reports\20210329_092745\POPS App\POPSApp_DailySmoke\20210329_092745\requests\main\14.har

2021-03-29 09:28:40 - [MESSAGE][PASSED] - Send request successfully

2021-03-29 09:28:40 - [MESSAGE][INFO] - HAR: D:\Working\AUTO\KATAWEB\popstestautomation\POPSTestAutomation\Reports\20210329_092745\POPS App\POPSApp_DailySmoke\20210329_092745\requests\main\15.har

2021-03-29 09:28:40 - [MESSAGE][PASSED] - Send request successfully

2021-03-29 09:28:40 - [MESSAGE][INFO] - HAR: D:\Working\AUTO\KATAWEB\popstestautomation\POPSTestAutomation\Reports\20210329_092745\POPS App\POPSApp_DailySmoke\20210329_092745\requests\main\16.har

2021-03-29 09:28:40 - [MESSAGE][PASSED] - Send request successfully

2021-03-29 09:28:41 - [MESSAGE][INFO] - HAR: D:\Working\AUTO\KATAWEB\popstestautomation\POPSTestAutomation\Reports\20210329_092745\POPS App\POPSApp_DailySmoke\20210329_092745\requests\main\17.har

2021-03-29 09:28:41 - [MESSAGE][PASSED] - Send request successfully

2021-03-29 09:28:41 - [MESSAGE][INFO] - HAR: D:\Working\AUTO\KATAWEB\popstestautomation\POPSTestAutomation\Reports\20210329_092745\POPS App\POPSApp_DailySmoke\20210329_092745\requests\main\18.har

2021-03-29 09:28:41 - [MESSAGE][PASSED] - Send request successfully

2021-03-29 09:28:41 - [MESSAGE][INFO] - HAR: D:\Working\AUTO\KATAWEB\popstestautomation\POPSTestAutomation\Reports\20210329_092745\POPS App\POPSApp_DailySmoke\20210329_092745\requests\main\19.har

2021-03-29 09:28:41 - [MESSAGE][PASSED] - Send request successfully

2021-03-29 09:28:41 - [MESSAGE][INFO] - HAR: D:\Working\AUTO\KATAWEB\popstestautomation\POPSTestAutomation\Reports\20210329_092745\POPS App\POPSApp_DailySmoke\20210329_092745\requests\main\20.har

2021-03-29 09:28:41 - [MESSAGE][PASSED] - Send request successfully

2021-03-29 09:28:42 - [MESSAGE][INFO] - HAR: D:\Working\AUTO\KATAWEB\popstestautomation\POPSTestAutomation\Reports\20210329_092745\POPS App\POPSApp_DailySmoke\20210329_092745\requests\main\21.har

2021-03-29 09:28:42 - [MESSAGE][PASSED] - Send request successfully

2021-03-29 09:28:42 - [MESSAGE][INFO] - HAR: D:\Working\AUTO\KATAWEB\popstestautomation\POPSTestAutomation\Reports\20210329_092745\POPS App\POPSApp_DailySmoke\20210329_092745\requests\main\22.har

2021-03-29 09:28:42 - [MESSAGE][PASSED] - Send request successfully

2021-03-29 09:28:42 - [MESSAGE][INFO] - HAR: D:\Working\AUTO\KATAWEB\popstestautomation\POPSTestAutomation\Reports\20210329_092745\POPS App\POPSApp_DailySmoke\20210329_092745\requests\main\23.har

2021-03-29 09:28:42 - [MESSAGE][PASSED] - Send request successfully

2021-03-29 09:28:42 - [MESSAGE][INFO] - HAR: D:\Working\AUTO\KATAWEB\popstestautomation\POPSTestAutomation\Reports\20210329_092745\POPS App\POPSApp_DailySmoke\20210329_092745\requests\main\24.har

2021-03-29 09:28:42 - [MESSAGE][PASSED] - Send request successfully

2021-03-29 09:28:42 - [MESSAGE][INFO] - HAR: D:\Working\AUTO\KATAWEB\popstestautomation\POPSTestAutomation\Reports\20210329_092745\POPS App\POPSApp_DailySmoke\20210329_092745\requests\main\25.har

2021-03-29 09:28:42 - [MESSAGE][PASSED] - Send request successfully

2021-03-29 09:28:43 - [MESSAGE][INFO] - HAR: D:\Working\AUTO\KATAWEB\popstestautomation\POPSTestAutomation\Reports\20210329_092745\POPS App\POPSApp_DailySmoke\20210329_092745\requests\main\26.har

2021-03-29 09:28:43 - [MESSAGE][PASSED] - Send request successfully

2021-03-29 09:28:43 - [MESSAGE][INFO] - HAR: D:\Working\AUTO\KATAWEB\popstestautomation\POPSTestAutomation\Reports\20210329_092745\POPS App\POPSApp_DailySmoke\20210329_092745\requests\main\27.har

2021-03-29 09:28:43 - [MESSAGE][PASSED] - Send request successfully

2021-03-29 09:28:43 - [MESSAGE][INFO] - HAR: D:\Working\AUTO\KATAWEB\popstestautomation\POPSTestAutomation\Reports\20210329_092745\POPS App\POPSApp_DailySmoke\20210329_092745\requests\main\28.har

2021-03-29 09:28:43 - [MESSAGE][PASSED] - Send request successfully

2021-03-29 09:28:44 - [MESSAGE][INFO] - HAR: D:\Working\AUTO\KATAWEB\popstestautomation\POPSTestAutomation\Reports\20210329_092745\POPS App\POPSApp_DailySmoke\20210329_092745\requests\main\29.har

2021-03-29 09:28:44 - [MESSAGE][PASSED] - Send request successfully

2021-03-29 09:28:44 - [MESSAGE][INFO] - HAR: D:\Working\AUTO\KATAWEB\popstestautomation\POPSTestAutomation\Reports\20210329_092745\POPS App\POPSApp_DailySmoke\20210329_092745\requests\main\30.har

2021-03-29 09:28:44 - [MESSAGE][PASSED] - Send request successfully

2021-03-29 09:28:44 - [MESSAGE][INFO] - HAR: D:\Working\AUTO\KATAWEB\popstestautomation\POPSTestAutomation\Reports\20210329_092745\POPS App\POPSApp_DailySmoke\20210329_092745\requests\main\31.har

2021-03-29 09:28:44 - [MESSAGE][PASSED] - Send request successfully

2021-03-29 09:28:44 - [MESSAGE][INFO] - HAR: D:\Working\AUTO\KATAWEB\popstestautomation\POPSTestAutomation\Reports\20210329_092745\POPS App\POPSApp_DailySmoke\20210329_092745\requests\main\32.har

2021-03-29 09:28:44 - [MESSAGE][PASSED] - Send request successfully

2021-03-29 09:28:44 - [MESSAGE][INFO] - HAR: D:\Working\AUTO\KATAWEB\popstestautomation\POPSTestAutomation\Reports\20210329_092745\POPS App\POPSApp_DailySmoke\20210329_092745\requests\main\33.har

2021-03-29 09:28:44 - [MESSAGE][PASSED] - Send request successfully

2021-03-29 09:28:45 - [MESSAGE][INFO] - HAR: D:\Working\AUTO\KATAWEB\popstestautomation\POPSTestAutomation\Reports\20210329_092745\POPS App\POPSApp_DailySmoke\20210329_092745\requests\main\34.har

2021-03-29 09:28:45 - [MESSAGE][PASSED] - Send request successfully

2021-03-29 09:28:45 - [MESSAGE][INFO] - HAR: D:\Working\AUTO\KATAWEB\popstestautomation\POPSTestAutomation\Reports\20210329_092745\POPS App\POPSApp_DailySmoke\20210329_092745\requests\main\35.har

2021-03-29 09:28:45 - [MESSAGE][PASSED] - Send request successfully

2021-03-29 09:28:46 - [MESSAGE][INFO] - HAR: D:\Working\AUTO\KATAWEB\popstestautomation\POPSTestAutomation\Reports\20210329_092745\POPS App\POPSApp_DailySmoke\20210329_092745\requests\main\36.har

2021-03-29 09:28:46 - [MESSAGE][PASSED] - Send request successfully

2021-03-29 09:28:46 - [MESSAGE][INFO] - HAR: D:\Working\AUTO\KATAWEB\popstestautomation\POPSTestAutomation\Reports\20210329_092745\POPS App\POPSApp_DailySmoke\20210329_092745\requests\main\37.har

2021-03-29 09:28:46 - [MESSAGE][PASSED] - Send request successfully

2021-03-29 09:28:46 - [MESSAGE][INFO] - HAR: D:\Working\AUTO\KATAWEB\popstestautomation\POPSTestAutomation\Reports\20210329_092745\POPS App\POPSApp_DailySmoke\20210329_092745\requests\main\38.har

2021-03-29 09:28:46 - [MESSAGE][PASSED] - Send request successfully

2021-03-29 09:28:46 - [MESSAGE][INFO] - HAR: D:\Working\AUTO\KATAWEB\popstestautomation\POPSTestAutomation\Reports\20210329_092745\POPS App\POPSApp_DailySmoke\20210329_092745\requests\main\39.har

2021-03-29 09:28:46 - [MESSAGE][PASSED] - Send request successfully

2021-03-29 09:28:46 - [MESSAGE][INFO] - HAR: D:\Working\AUTO\KATAWEB\popstestautomation\POPSTestAutomation\Reports\20210329_092745\POPS App\POPSApp_DailySmoke\20210329_092745\requests\main\40.har

2021-03-29 09:28:46 - [MESSAGE][PASSED] - Send request successfully

2021-03-29 09:28:46 - [MESSAGE][INFO] - HAR: D:\Working\AUTO\KATAWEB\popstestautomation\POPSTestAutomation\Reports\20210329_092745\POPS App\POPSApp_DailySmoke\20210329_092745\requests\main\41.har

2021-03-29 09:28:46 - [MESSAGE][PASSED] - Send request successfully

2021-03-29 09:28:46 - [MESSAGE][INFO] - HAR: D:\Working\AUTO\KATAWEB\popstestautomation\POPSTestAutomation\Reports\20210329_092745\POPS App\POPSApp_DailySmoke\20210329_092745\requests\main\42.har

2021-03-29 09:28:46 - [MESSAGE][PASSED] - Send request successfully

2021-03-29 09:28:46 - [MESSAGE][INFO] - HAR: D:\Working\AUTO\KATAWEB\popstestautomation\POPSTestAutomation\Reports\20210329_092745\POPS App\POPSApp_DailySmoke\20210329_092745\requests\main\43.har

2021-03-29 09:28:46 - [MESSAGE][PASSED] - Send request successfully

2021-03-29 09:28:47 - [MESSAGE][INFO] - HAR: D:\Working\AUTO\KATAWEB\popstestautomation\POPSTestAutomation\Reports\20210329_092745\POPS App\POPSApp_DailySmoke\20210329_092745\requests\main\44.har

2021-03-29 09:28:47 - [MESSAGE][PASSED] - Send request successfully

2021-03-29 09:28:47 - [MESSAGE][INFO] - HAR: D:\Working\AUTO\KATAWEB\popstestautomation\POPSTestAutomation\Reports\20210329_092745\POPS App\POPSApp_DailySmoke\20210329_092745\requests\main\45.har

2021-03-29 09:28:47 - [MESSAGE][PASSED] - Send request successfully

2021-03-29 09:28:47 - [MESSAGE][INFO] - HAR: D:\Working\AUTO\KATAWEB\popstestautomation\POPSTestAutomation\Reports\20210329_092745\POPS App\POPSApp_DailySmoke\20210329_092745\requests\main\46.har

2021-03-29 09:28:47 - [MESSAGE][PASSED] - Send request successfully

2021-03-29 09:28:47 - [MESSAGE][INFO] - HAR: D:\Working\AUTO\KATAWEB\popstestautomation\POPSTestAutomation\Reports\20210329_092745\POPS App\POPSApp_DailySmoke\20210329_092745\requests\main\47.har

2021-03-29 09:28:47 - [MESSAGE][PASSED] - Send request successfully

2021-03-29 09:28:48 - [MESSAGE][INFO] - HAR: D:\Working\AUTO\KATAWEB\popstestautomation\POPSTestAutomation\Reports\20210329_092745\POPS App\POPSApp_DailySmoke\20210329_092745\requests\main\48.har

2021-03-29 09:28:48 - [MESSAGE][PASSED] - Send request successfully

2021-03-29 09:28:48 - [MESSAGE][INFO] - HAR: D:\Working\AUTO\KATAWEB\popstestautomation\POPSTestAutomation\Reports\20210329_092745\POPS App\POPSApp_DailySmoke\20210329_092745\requests\main\49.har

2021-03-29 09:28:48 - [MESSAGE][PASSED] - Send request successfully

2021-03-29 09:28:48 - [MESSAGE][INFO] - HAR: D:\Working\AUTO\KATAWEB\popstestautomation\POPSTestAutomation\Reports\20210329_092745\POPS App\POPSApp_DailySmoke\20210329_092745\requests\main\50.har

2021-03-29 09:28:48 - [MESSAGE][PASSED] - Send request successfully

2021-03-29 09:28:49 - [MESSAGE][INFO] - HAR: D:\Working\AUTO\KATAWEB\popstestautomation\POPSTestAutomation\Reports\20210329_092745\POPS App\POPSApp_DailySmoke\20210329_092745\requests\main\51.har

2021-03-29 09:28:49 - [MESSAGE][PASSED] - Send request successfully

2021-03-29 09:28:49 - [MESSAGE][INFO] - HAR: D:\Working\AUTO\KATAWEB\popstestautomation\POPSTestAutomation\Reports\20210329_092745\POPS App\POPSApp_DailySmoke\20210329_092745\requests\main\52.har

2021-03-29 09:28:49 - [MESSAGE][PASSED] - Send request successfully

2021-03-29 09:28:49 - [MESSAGE][INFO] - HAR: D:\Working\AUTO\KATAWEB\popstestautomation\POPSTestAutomation\Reports\20210329_092745\POPS App\POPSApp_DailySmoke\20210329_092745\requests\main\53.har

2021-03-29 09:28:49 - [MESSAGE][PASSED] - Send request successfully

2021-03-29 09:28:49 - [MESSAGE][INFO] - HAR: D:\Working\AUTO\KATAWEB\popstestautomation\POPSTestAutomation\Reports\20210329_092745\POPS App\POPSApp_DailySmoke\20210329_092745\requests\main\54.har

2021-03-29 09:28:49 - [MESSAGE][PASSED] - Send request successfully

2021-03-29 09:28:50 - [MESSAGE][INFO] - HAR: D:\Working\AUTO\KATAWEB\popstestautomation\POPSTestAutomation\Reports\20210329_092745\POPS App\POPSApp_DailySmoke\20210329_092745\requests\main\55.har

2021-03-29 09:28:50 - [MESSAGE][PASSED] - Send request successfully

2021-03-29 09:28:50 - [MESSAGE][INFO] - HAR: D:\Working\AUTO\KATAWEB\popstestautomation\POPSTestAutomation\Reports\20210329_092745\POPS App\POPSApp_DailySmoke\20210329_092745\requests\main\56.har

2021-03-29 09:28:50 - [MESSAGE][PASSED] - Send request successfully

2021-03-29 09:28:50 - [MESSAGE][INFO] - HAR: D:\Working\AUTO\KATAWEB\popstestautomation\POPSTestAutomation\Reports\20210329_092745\POPS App\POPSApp_DailySmoke\20210329_092745\requests\main\57.har

2021-03-29 09:28:50 - [MESSAGE][PASSED] - Send request successfully

2021-03-29 09:28:50 - [MESSAGE][INFO] - HAR: D:\Working\AUTO\KATAWEB\popstestautomation\POPSTestAutomation\Reports\20210329_092745\POPS App\POPSApp_DailySmoke\20210329_092745\requests\main\58.har

2021-03-29 09:28:50 - [MESSAGE][PASSED] - Send request successfully

2021-03-29 09:28:50 - [MESSAGE][INFO] - HAR: D:\Working\AUTO\KATAWEB\popstestautomation\POPSTestAutomation\Reports\20210329_092745\POPS App\POPSApp_DailySmoke\20210329_092745\requests\main\59.har

2021-03-29 09:28:50 - [MESSAGE][PASSED] - Send request successfully

2021-03-29 09:28:50 - [MESSAGE][INFO] - HAR: D:\Working\AUTO\KATAWEB\popstestautomation\POPSTestAutomation\Reports\20210329_092745\POPS App\POPSApp_DailySmoke\20210329_092745\requests\main\60.har

2021-03-29 09:28:50 - [MESSAGE][PASSED] - Send request successfully

2021-03-29 09:28:50 - [MESSAGE][INFO] - HAR: D:\Working\AUTO\KATAWEB\popstestautomation\POPSTestAutomation\Reports\20210329_092745\POPS App\POPSApp_DailySmoke\20210329_092745\requests\main\61.har

2021-03-29 09:28:50 - [MESSAGE][PASSED] - Send request successfully

2021-03-29 09:28:51 - [MESSAGE][INFO] - HAR: D:\Working\AUTO\KATAWEB\popstestautomation\POPSTestAutomation\Reports\20210329_092745\POPS App\POPSApp_DailySmoke\20210329_092745\requests\main\62.har

2021-03-29 09:28:51 - [MESSAGE][PASSED] - Send request successfully

2021-03-29 09:28:51 - [MESSAGE][INFO] - HAR: D:\Working\AUTO\KATAWEB\popstestautomation\POPSTestAutomation\Reports\20210329_092745\POPS App\POPSApp_DailySmoke\20210329_092745\requests\main\63.har

2021-03-29 09:28:51 - [MESSAGE][PASSED] - Send request successfully

2021-03-29 09:28:51 - [MESSAGE][INFO] - HAR: D:\Working\AUTO\KATAWEB\popstestautomation\POPSTestAutomation\Reports\20210329_092745\POPS App\POPSApp_DailySmoke\20210329_092745\requests\main\64.har

2021-03-29 09:28:51 - [MESSAGE][PASSED] - Send request successfully

2021-03-29 09:28:51 - [MESSAGE][INFO] - HAR: D:\Working\AUTO\KATAWEB\popstestautomation\POPSTestAutomation\Reports\20210329_092745\POPS App\POPSApp_DailySmoke\20210329_092745\requests\main\65.har

2021-03-29 09:28:51 - [MESSAGE][PASSED] - Send request successfully

2021-03-29 09:28:51 - [MESSAGE][INFO] - HAR: D:\Working\AUTO\KATAWEB\popstestautomation\POPSTestAutomation\Reports\20210329_092745\POPS App\POPSApp_DailySmoke\20210329_092745\requests\main\66.har

2021-03-29 09:28:51 - [MESSAGE][PASSED] - Send request successfully

2021-03-29 09:28:51 - [MESSAGE][INFO] - HAR: D:\Working\AUTO\KATAWEB\popstestautomation\POPSTestAutomation\Reports\20210329_092745\POPS App\POPSApp_DailySmoke\20210329_092745\requests\main\67.har

2021-03-29 09:28:51 - [MESSAGE][PASSED] - Send request successfully

2021-03-29 09:28:51 - [MESSAGE][INFO] - HAR: D:\Working\AUTO\KATAWEB\popstestautomation\POPSTestAutomation\Reports\20210329_092745\POPS App\POPSApp_DailySmoke\20210329_092745\requests\main\68.har

2021-03-29 09:28:51 - [MESSAGE][PASSED] - Send request successfully

2021-03-29 09:28:52 - [MESSAGE][INFO] - HAR: D:\Working\AUTO\KATAWEB\popstestautomation\POPSTestAutomation\Reports\20210329_092745\POPS App\POPSApp_DailySmoke\20210329_092745\requests\main\69.har

2021-03-29 09:28:52 - [MESSAGE][PASSED] - Send request successfully

2021-03-29 09:28:52 - [MESSAGE][INFO] - HAR: D:\Working\AUTO\KATAWEB\popstestautomation\POPSTestAutomation\Reports\20210329_092745\POPS App\POPSApp_DailySmoke\20210329_092745\requests\main\70.har

2021-03-29 09:28:52 - [MESSAGE][PASSED] - Send request successfully

2021-03-29 09:28:52 - [MESSAGE][INFO] - HAR: D:\Working\AUTO\KATAWEB\popstestautomation\POPSTestAutomation\Reports\20210329_092745\POPS App\POPSApp_DailySmoke\20210329_092745\requests\main\71.har

2021-03-29 09:28:52 - [MESSAGE][PASSED] - Send request successfully

2021-03-29 09:28:52 - [MESSAGE][INFO] - HAR: D:\Working\AUTO\KATAWEB\popstestautomation\POPSTestAutomation\Reports\20210329_092745\POPS App\POPSApp_DailySmoke\20210329_092745\requests\main\72.har

2021-03-29 09:28:52 - [MESSAGE][PASSED] - Send request successfully

2021-03-29 09:28:53 - [MESSAGE][INFO] - HAR: D:\Working\AUTO\KATAWEB\popstestautomation\POPSTestAutomation\Reports\20210329_092745\POPS App\POPSApp_DailySmoke\20210329_092745\requests\main\73.har

2021-03-29 09:28:53 - [MESSAGE][PASSED] - Send request successfully

2021-03-29 09:28:53 - [MESSAGE][INFO] - HAR: D:\Working\AUTO\KATAWEB\popstestautomation\POPSTestAutomation\Reports\20210329_092745\POPS App\POPSApp_DailySmoke\20210329_092745\requests\main\74.har

2021-03-29 09:28:53 - [MESSAGE][PASSED] - Send request successfully

2021-03-29 09:28:54 - [MESSAGE][INFO] - HAR: D:\Working\AUTO\KATAWEB\popstestautomation\POPSTestAutomation\Reports\20210329_092745\POPS App\POPSApp_DailySmoke\20210329_092745\requests\main\75.har

2021-03-29 09:28:54 - [MESSAGE][PASSED] - Send request successfully

2021-03-29 09:28:54 - [MESSAGE][INFO] - HAR: D:\Working\AUTO\KATAWEB\popstestautomation\POPSTestAutomation\Reports\20210329_092745\POPS App\POPSApp_DailySmoke\20210329_092745\requests\main\76.har

2021-03-29 09:28:54 - [MESSAGE][PASSED] - Send request successfully

2021-03-29 09:28:54 - [MESSAGE][INFO] - HAR: D:\Working\AUTO\KATAWEB\popstestautomation\POPSTestAutomation\Reports\20210329_092745\POPS App\POPSApp_DailySmoke\20210329_092745\requests\main\77.har

2021-03-29 09:28:54 - [MESSAGE][PASSED] - Send request successfully

2021-03-29 09:28:55 - [MESSAGE][INFO] - HAR: D:\Working\AUTO\KATAWEB\popstestautomation\POPSTestAutomation\Reports\20210329_092745\POPS App\POPSApp_DailySmoke\20210329_092745\requests\main\78.har

2021-03-29 09:28:55 - [MESSAGE][PASSED] - Send request successfully

2021-03-29 09:28:55 - [MESSAGE][INFO] - HAR: D:\Working\AUTO\KATAWEB\popstestautomation\POPSTestAutomation\Reports\20210329_092745\POPS App\POPSApp_DailySmoke\20210329_092745\requests\main\79.har

2021-03-29 09:28:55 - [MESSAGE][PASSED] - Send request successfully

2021-03-29 09:28:55 - [MESSAGE][INFO] - HAR: D:\Working\AUTO\KATAWEB\popstestautomation\POPSTestAutomation\Reports\20210329_092745\POPS App\POPSApp_DailySmoke\20210329_092745\requests\main\80.har

2021-03-29 09:28:55 - [MESSAGE][PASSED] - Send request successfully

2021-03-29 09:28:55 - [MESSAGE][INFO] - HAR: D:\Working\AUTO\KATAWEB\popstestautomation\POPSTestAutomation\Reports\20210329_092745\POPS App\POPSApp_DailySmoke\20210329_092745\requests\main\81.har

2021-03-29 09:28:55 - [MESSAGE][PASSED] - Send request successfully

2021-03-29 09:28:56 - [MESSAGE][INFO] - HAR: D:\Working\AUTO\KATAWEB\popstestautomation\POPSTestAutomation\Reports\20210329_092745\POPS App\POPSApp_DailySmoke\20210329_092745\requests\main\82.har

2021-03-29 09:28:56 - [MESSAGE][PASSED] - Send request successfully

2021-03-29 09:28:56 - [MESSAGE][INFO] - HAR: D:\Working\AUTO\KATAWEB\popstestautomation\POPSTestAutomation\Reports\20210329_092745\POPS App\POPSApp_DailySmoke\20210329_092745\requests\main\83.har

2021-03-29 09:28:56 - [MESSAGE][PASSED] - Send request successfully

2021-03-29 09:28:56 - [MESSAGE][INFO] - HAR: D:\Working\AUTO\KATAWEB\popstestautomation\POPSTestAutomation\Reports\20210329_092745\POPS App\POPSApp_DailySmoke\20210329_092745\requests\main\84.har

2021-03-29 09:28:56 - [MESSAGE][PASSED] - Send request successfully

2021-03-29 09:28:56 - [MESSAGE][INFO] - HAR: D:\Working\AUTO\KATAWEB\popstestautomation\POPSTestAutomation\Reports\20210329_092745\POPS App\POPSApp_DailySmoke\20210329_092745\requests\main\85.har

2021-03-29 09:28:56 - [MESSAGE][PASSED] - Send request successfully

2021-03-29 09:28:56 - [MESSAGE][INFO] - HAR: D:\Working\AUTO\KATAWEB\popstestautomation\POPSTestAutomation\Reports\20210329_092745\POPS App\POPSApp_DailySmoke\20210329_092745\requests\main\86.har

2021-03-29 09:28:56 - [MESSAGE][PASSED] - Send request successfully

2021-03-29 09:28:56 - [MESSAGE][INFO] - HAR: D:\Working\AUTO\KATAWEB\popstestautomation\POPSTestAutomation\Reports\20210329_092745\POPS App\POPSApp_DailySmoke\20210329_092745\requests\main\87.har

2021-03-29 09:28:56 - [MESSAGE][PASSED] - Send request successfully

2021-03-29 09:28:56 - [MESSAGE][INFO] - HAR: D:\Working\AUTO\KATAWEB\popstestautomation\POPSTestAutomation\Reports\20210329_092745\POPS App\POPSApp_DailySmoke\20210329_092745\requests\main\88.har

2021-03-29 09:28:56 - [MESSAGE][PASSED] - Send request successfully

2021-03-29 09:28:57 - [MESSAGE][INFO] - HAR: D:\Working\AUTO\KATAWEB\popstestautomation\POPSTestAutomation\Reports\20210329_092745\POPS App\POPSApp_DailySmoke\20210329_092745\requests\main\89.har

2021-03-29 09:28:57 - [MESSAGE][PASSED] - Send request successfully

2021-03-29 09:28:57 - [MESSAGE][INFO] - HAR: D:\Working\AUTO\KATAWEB\popstestautomation\POPSTestAutomation\Reports\20210329_092745\POPS App\POPSApp_DailySmoke\20210329_092745\requests\main\90.har

2021-03-29 09:28:57 - [MESSAGE][PASSED] - Send request successfully

2021-03-29 09:28:57 - [MESSAGE][INFO] - HAR: D:\Working\AUTO\KATAWEB\popstestautomation\POPSTestAutomation\Reports\20210329_092745\POPS App\POPSApp_DailySmoke\20210329_092745\requests\main\91.har

2021-03-29 09:28:57 - [MESSAGE][PASSED] - Send request successfully

2021-03-29 09:28:58 - [MESSAGE][INFO] - HAR: D:\Working\AUTO\KATAWEB\popstestautomation\POPSTestAutomation\Reports\20210329_092745\POPS App\POPSApp_DailySmoke\20210329_092745\requests\main\92.har

2021-03-29 09:28:58 - [MESSAGE][PASSED] - Send request successfully

2021-03-29 09:28:58 - [MESSAGE][INFO] - HAR: D:\Working\AUTO\KATAWEB\popstestautomation\POPSTestAutomation\Reports\20210329_092745\POPS App\POPSApp_DailySmoke\20210329_092745\requests\main\93.har

2021-03-29 09:28:58 - [MESSAGE][PASSED] - Send request successfully

2021-03-29 09:28:58 - [MESSAGE][INFO] - HAR: D:\Working\AUTO\KATAWEB\popstestautomation\POPSTestAutomation\Reports\20210329_092745\POPS App\POPSApp_DailySmoke\20210329_092745\requests\main\94.har

2021-03-29 09:28:58 - [MESSAGE][PASSED] - Send request successfully

2021-03-29 09:28:58 - [MESSAGE][INFO] - HAR: D:\Working\AUTO\KATAWEB\popstestautomation\POPSTestAutomation\Reports\20210329_092745\POPS App\POPSApp_DailySmoke\20210329_092745\requests\main\95.har

2021-03-29 09:28:58 - [MESSAGE][PASSED] - Send request successfully

2021-03-29 09:28:58 - [MESSAGE][INFO] - HAR: D:\Working\AUTO\KATAWEB\popstestautomation\POPSTestAutomation\Reports\20210329_092745\POPS App\POPSApp_DailySmoke\20210329_092745\requests\main\96.har

2021-03-29 09:28:58 - [MESSAGE][PASSED] - Send request successfully

2021-03-29 09:28:59 - [MESSAGE][INFO] - HAR: D:\Working\AUTO\KATAWEB\popstestautomation\POPSTestAutomation\Reports\20210329_092745\POPS App\POPSApp_DailySmoke\20210329_092745\requests\main\97.har

2021-03-29 09:28:59 - [MESSAGE][PASSED] - Send request successfully

2021-03-29 09:28:59 - [MESSAGE][INFO] - HAR: D:\Working\AUTO\KATAWEB\popstestautomation\POPSTestAutomation\Reports\20210329_092745\POPS App\POPSApp_DailySmoke\20210329_092745\requests\main\98.har

2021-03-29 09:28:59 - [MESSAGE][PASSED] - Send request successfully

2021-03-29 09:28:59 - [MESSAGE][INFO] - HAR: D:\Working\AUTO\KATAWEB\popstestautomation\POPSTestAutomation\Reports\20210329_092745\POPS App\POPSApp_DailySmoke\20210329_092745\requests\main\99.har

2021-03-29 09:28:59 - [MESSAGE][PASSED] - Send request successfully

2021-03-29 09:28:59 - [MESSAGE][INFO] - HAR: D:\Working\AUTO\KATAWEB\popstestautomation\POPSTestAutomation\Reports\20210329_092745\POPS App\POPSApp_DailySmoke\20210329_092745\requests\main\100.har

2021-03-29 09:28:59 - [MESSAGE][PASSED] - Send request successfully

2021-03-29 09:28:59 - [MESSAGE][INFO] - HAR: D:\Working\AUTO\KATAWEB\popstestautomation\POPSTestAutomation\Reports\20210329_092745\POPS App\POPSApp_DailySmoke\20210329_092745\requests\main\101.har

2021-03-29 09:28:59 - [MESSAGE][PASSED] - Send request successfully

2021-03-29 09:28:59 - [MESSAGE][INFO] - HAR: D:\Working\AUTO\KATAWEB\popstestautomation\POPSTestAutomation\Reports\20210329_092745\POPS App\POPSApp_DailySmoke\20210329_092745\requests\main\102.har

2021-03-29 09:28:59 - [MESSAGE][PASSED] - Send request successfully

2021-03-29 09:29:00 - [MESSAGE][INFO] - HAR: D:\Working\AUTO\KATAWEB\popstestautomation\POPSTestAutomation\Reports\20210329_092745\POPS App\POPSApp_DailySmoke\20210329_092745\requests\main\103.har

2021-03-29 09:29:00 - [MESSAGE][PASSED] - Send request successfully

2021-03-29 09:29:00 - [MESSAGE][INFO] - HAR: D:\Working\AUTO\KATAWEB\popstestautomation\POPSTestAutomation\Reports\20210329_092745\POPS App\POPSApp_DailySmoke\20210329_092745\requests\main\104.har

2021-03-29 09:29:00 - [MESSAGE][PASSED] - Send request successfully

2021-03-29 09:29:00 - [MESSAGE][INFO] - HAR: D:\Working\AUTO\KATAWEB\popstestautomation\POPSTestAutomation\Reports\20210329_092745\POPS App\POPSApp_DailySmoke\20210329_092745\requests\main\105.har

2021-03-29 09:29:00 - [MESSAGE][PASSED] - Send request successfully

2021-03-29 09:29:00 - [MESSAGE][INFO] - HAR: D:\Working\AUTO\KATAWEB\popstestautomation\POPSTestAutomation\Reports\20210329_092745\POPS App\POPSApp_DailySmoke\20210329_092745\requests\main\106.har

2021-03-29 09:29:00 - [MESSAGE][PASSED] - Send request successfully

2021-03-29 09:29:00 - [MESSAGE][INFO] - HAR: D:\Working\AUTO\KATAWEB\popstestautomation\POPSTestAutomation\Reports\20210329_092745\POPS App\POPSApp_DailySmoke\20210329_092745\requests\main\107.har

2021-03-29 09:29:00 - [MESSAGE][PASSED] - Send request successfully

2021-03-29 09:29:00 - [MESSAGE][INFO] - HAR: D:\Working\AUTO\KATAWEB\popstestautomation\POPSTestAutomation\Reports\20210329_092745\POPS App\POPSApp_DailySmoke\20210329_092745\requests\main\108.har

2021-03-29 09:29:00 - [MESSAGE][PASSED] - Send request successfully

2021-03-29 09:29:00 - [MESSAGE][INFO] - HAR: D:\Working\AUTO\KATAWEB\popstestautomation\POPSTestAutomation\Reports\20210329_092745\POPS App\POPSApp_DailySmoke\20210329_092745\requests\main\109.har

2021-03-29 09:29:00 - [MESSAGE][PASSED] - Send request successfully

2021-03-29 09:29:01 - [MESSAGE][INFO] - HAR: D:\Working\AUTO\KATAWEB\popstestautomation\POPSTestAutomation\Reports\20210329_092745\POPS App\POPSApp_DailySmoke\20210329_092745\requests\main\110.har

2021-03-29 09:29:01 - [MESSAGE][PASSED] - Send request successfully

2021-03-29 09:29:01 - [MESSAGE][INFO] - HAR: D:\Working\AUTO\KATAWEB\popstestautomation\POPSTestAutomation\Reports\20210329_092745\POPS App\POPSApp_DailySmoke\20210329_092745\requests\main\111.har

2021-03-29 09:29:01 - [MESSAGE][PASSED] - Send request successfully

2021-03-29 09:29:01 - [MESSAGE][INFO] - HAR: D:\Working\AUTO\KATAWEB\popstestautomation\POPSTestAutomation\Reports\20210329_092745\POPS App\POPSApp_DailySmoke\20210329_092745\requests\main\112.har

2021-03-29 09:29:01 - [MESSAGE][PASSED] - Send request successfully

2021-03-29 09:29:01 - [MESSAGE][INFO] - HAR: D:\Working\AUTO\KATAWEB\popstestautomation\POPSTestAutomation\Reports\20210329_092745\POPS App\POPSApp_DailySmoke\20210329_092745\requests\main\113.har

2021-03-29 09:29:01 - [MESSAGE][PASSED] - Send request successfully

2021-03-29 09:29:02 - [MESSAGE][INFO] - HAR: D:\Working\AUTO\KATAWEB\popstestautomation\POPSTestAutomation\Reports\20210329_092745\POPS App\POPSApp_DailySmoke\20210329_092745\requests\main\114.har

2021-03-29 09:29:02 - [MESSAGE][PASSED] - Send request successfully

2021-03-29 09:29:02 - [MESSAGE][INFO] - HAR: D:\Working\AUTO\KATAWEB\popstestautomation\POPSTestAutomation\Reports\20210329_092745\POPS App\POPSApp_DailySmoke\20210329_092745\requests\main\115.har

2021-03-29 09:29:02 - [MESSAGE][PASSED] - Send request successfully

2021-03-29 09:29:02 - [MESSAGE][INFO] - HAR: D:\Working\AUTO\KATAWEB\popstestautomation\POPSTestAutomation\Reports\20210329_092745\POPS App\POPSApp_DailySmoke\20210329_092745\requests\main\116.har

2021-03-29 09:29:02 - [MESSAGE][PASSED] - Send request successfully

2021-03-29 09:29:02 - [MESSAGE][INFO] - HAR: D:\Working\AUTO\KATAWEB\popstestautomation\POPSTestAutomation\Reports\20210329_092745\POPS App\POPSApp_DailySmoke\20210329_092745\requests\main\117.har

2021-03-29 09:29:02 - [MESSAGE][PASSED] - Send request successfully

2021-03-29 09:29:02 - [MESSAGE][INFO] - HAR: D:\Working\AUTO\KATAWEB\popstestautomation\POPSTestAutomation\Reports\20210329_092745\POPS App\POPSApp_DailySmoke\20210329_092745\requests\main\118.har

2021-03-29 09:29:02 - [MESSAGE][PASSED] - Send request successfully

2021-03-29 09:29:03 - [MESSAGE][INFO] - HAR: D:\Working\AUTO\KATAWEB\popstestautomation\POPSTestAutomation\Reports\20210329_092745\POPS App\POPSApp_DailySmoke\20210329_092745\requests\main\119.har

2021-03-29 09:29:03 - [MESSAGE][PASSED] - Send request successfully

2021-03-29 09:29:03 - [MESSAGE][INFO] - HAR: D:\Working\AUTO\KATAWEB\popstestautomation\POPSTestAutomation\Reports\20210329_092745\POPS App\POPSApp_DailySmoke\20210329_092745\requests\main\120.har

2021-03-29 09:29:03 - [MESSAGE][PASSED] - Send request successfully

2021-03-29 09:29:04 - [MESSAGE][INFO] - HAR: D:\Working\AUTO\KATAWEB\popstestautomation\POPSTestAutomation\Reports\20210329_092745\POPS App\POPSApp_DailySmoke\20210329_092745\requests\main\121.har

2021-03-29 09:29:04 - [MESSAGE][PASSED] - Send request successfully

2021-03-29 09:29:04 - [MESSAGE][INFO] - HAR: D:\Working\AUTO\KATAWEB\popstestautomation\POPSTestAutomation\Reports\20210329_092745\POPS App\POPSApp_DailySmoke\20210329_092745\requests\main\122.har

2021-03-29 09:29:04 - [MESSAGE][PASSED] - Send request successfully

2021-03-29 09:29:04 - [MESSAGE][INFO] - HAR: D:\Working\AUTO\KATAWEB\popstestautomation\POPSTestAutomation\Reports\20210329_092745\POPS App\POPSApp_DailySmoke\20210329_092745\requests\main\123.har

2021-03-29 09:29:04 - [MESSAGE][PASSED] - Send request successfully

2021-03-29 09:29:04 - [MESSAGE][INFO] - HAR: D:\Working\AUTO\KATAWEB\popstestautomation\POPSTestAutomation\Reports\20210329_092745\POPS App\POPSApp_DailySmoke\20210329_092745\requests\main\124.har

2021-03-29 09:29:04 - [MESSAGE][PASSED] - Send request successfully

2021-03-29 09:29:04 - [MESSAGE][INFO] - HAR: D:\Working\AUTO\KATAWEB\popstestautomation\POPSTestAutomation\Reports\20210329_092745\POPS App\POPSApp_DailySmoke\20210329_092745\requests\main\125.har

2021-03-29 09:29:04 - [MESSAGE][PASSED] - Send request successfully

2021-03-29 09:29:04 - [MESSAGE][INFO] - HAR: D:\Working\AUTO\KATAWEB\popstestautomation\POPSTestAutomation\Reports\20210329_092745\POPS App\POPSApp_DailySmoke\20210329_092745\requests\main\126.har

2021-03-29 09:29:04 - [MESSAGE][PASSED] - Send request successfully

2021-03-29 09:29:05 - [MESSAGE][INFO] - HAR: D:\Working\AUTO\KATAWEB\popstestautomation\POPSTestAutomation\Reports\20210329_092745\POPS App\POPSApp_DailySmoke\20210329_092745\requests\main\127.har

2021-03-29 09:29:05 - [MESSAGE][PASSED] - Send request successfully

2021-03-29 09:29:06 - [MESSAGE][INFO] - HAR: D:\Working\AUTO\KATAWEB\popstestautomation\POPSTestAutomation\Reports\20210329_092745\POPS App\POPSApp_DailySmoke\20210329_092745\requests\main\128.har

2021-03-29 09:29:06 - [MESSAGE][PASSED] - Send request successfully

2021-03-29 09:29:06 - [MESSAGE][INFO] - HAR: D:\Working\AUTO\KATAWEB\popstestautomation\POPSTestAutomation\Reports\20210329_092745\POPS App\POPSApp_DailySmoke\20210329_092745\requests\main\129.har

2021-03-29 09:29:06 - [MESSAGE][PASSED] - Send request successfully

2021-03-29 09:29:06 - [MESSAGE][INFO] - HAR: D:\Working\AUTO\KATAWEB\popstestautomation\POPSTestAutomation\Reports\20210329_092745\POPS App\POPSApp_DailySmoke\20210329_092745\requests\main\130.har

2021-03-29 09:29:06 - [MESSAGE][PASSED] - Send request successfully

2021-03-29 09:29:06 - [MESSAGE][INFO] - HAR: D:\Working\AUTO\KATAWEB\popstestautomation\POPSTestAutomation\Reports\20210329_092745\POPS App\POPSApp_DailySmoke\20210329_092745\requests\main\131.har

2021-03-29 09:29:06 - [MESSAGE][PASSED] - Send request successfully

2021-03-29 09:29:06 - [MESSAGE][INFO] - HAR: D:\Working\AUTO\KATAWEB\popstestautomation\POPSTestAutomation\Reports\20210329_092745\POPS App\POPSApp_DailySmoke\20210329_092745\requests\main\132.har

2021-03-29 09:29:06 - [MESSAGE][PASSED] - Send request successfully

2021-03-29 09:29:06 - [MESSAGE][INFO] - HAR: D:\Working\AUTO\KATAWEB\popstestautomation\POPSTestAutomation\Reports\20210329_092745\POPS App\POPSApp_DailySmoke\20210329_092745\requests\main\133.har

2021-03-29 09:29:06 - [MESSAGE][PASSED] - Send request successfully

2021-03-29 09:29:06 - [MESSAGE][INFO] - HAR: D:\Working\AUTO\KATAWEB\popstestautomation\POPSTestAutomation\Reports\20210329_092745\POPS App\POPSApp_DailySmoke\20210329_092745\requests\main\134.har

2021-03-29 09:29:06 - [MESSAGE][PASSED] - Send request successfully

2021-03-29 09:29:06 - [MESSAGE][INFO] - HAR: D:\Working\AUTO\KATAWEB\popstestautomation\POPSTestAutomation\Reports\20210329_092745\POPS App\POPSApp_DailySmoke\20210329_092745\requests\main\135.har

2021-03-29 09:29:06 - [MESSAGE][PASSED] - Send request successfully

2021-03-29 09:29:06 - [MESSAGE][INFO] - HAR: D:\Working\AUTO\KATAWEB\popstestautomation\POPSTestAutomation\Reports\20210329_092745\POPS App\POPSApp_DailySmoke\20210329_092745\requests\main\136.har

2021-03-29 09:29:06 - [MESSAGE][PASSED] - Send request successfully

2021-03-29 09:29:07 - [MESSAGE][INFO] - HAR: D:\Working\AUTO\KATAWEB\popstestautomation\POPSTestAutomation\Reports\20210329_092745\POPS App\POPSApp_DailySmoke\20210329_092745\requests\main\137.har

2021-03-29 09:29:07 - [MESSAGE][PASSED] - Send request successfully

2021-03-29 09:29:07 - [MESSAGE][INFO] - HAR: D:\Working\AUTO\KATAWEB\popstestautomation\POPSTestAutomation\Reports\20210329_092745\POPS App\POPSApp_DailySmoke\20210329_092745\requests\main\138.har

2021-03-29 09:29:07 - [MESSAGE][PASSED] - Send request successfully

2021-03-29 09:29:07 - [MESSAGE][INFO] - HAR: D:\Working\AUTO\KATAWEB\popstestautomation\POPSTestAutomation\Reports\20210329_092745\POPS App\POPSApp_DailySmoke\20210329_092745\requests\main\139.har

2021-03-29 09:29:07 - [MESSAGE][PASSED] - Send request successfully

2021-03-29 09:29:07 - [MESSAGE][INFO] - HAR: D:\Working\AUTO\KATAWEB\popstestautomation\POPSTestAutomation\Reports\20210329_092745\POPS App\POPSApp_DailySmoke\20210329_092745\requests\main\140.har

2021-03-29 09:29:07 - [MESSAGE][PASSED] - Send request successfully

2021-03-29 09:29:07 - [MESSAGE][INFO] - HAR: D:\Working\AUTO\KATAWEB\popstestautomation\POPSTestAutomation\Reports\20210329_092745\POPS App\POPSApp_DailySmoke\20210329_092745\requests\main\141.har

2021-03-29 09:29:07 - [MESSAGE][PASSED] - Send request successfully

2021-03-29 09:29:07 - [MESSAGE][INFO] - HAR: D:\Working\AUTO\KATAWEB\popstestautomation\POPSTestAutomation\Reports\20210329_092745\POPS App\POPSApp_DailySmoke\20210329_092745\requests\main\142.har

2021-03-29 09:29:07 - [MESSAGE][PASSED] - Send request successfully

2021-03-29 09:29:07 - [MESSAGE][INFO] - HAR: D:\Working\AUTO\KATAWEB\popstestautomation\POPSTestAutomation\Reports\20210329_092745\POPS App\POPSApp_DailySmoke\20210329_092745\requests\main\143.har

2021-03-29 09:29:07 - [MESSAGE][PASSED] - Send request successfully

2021-03-29 09:29:08 - [MESSAGE][INFO] - HAR: D:\Working\AUTO\KATAWEB\popstestautomation\POPSTestAutomation\Reports\20210329_092745\POPS App\POPSApp_DailySmoke\20210329_092745\requests\main\144.har

2021-03-29 09:29:08 - [MESSAGE][PASSED] - Send request successfully

2021-03-29 09:29:08 - [MESSAGE][INFO] - HAR: D:\Working\AUTO\KATAWEB\popstestautomation\POPSTestAutomation\Reports\20210329_092745\POPS App\POPSApp_DailySmoke\20210329_092745\requests\main\145.har

2021-03-29 09:29:08 - [MESSAGE][PASSED] - Send request successfully

2021-03-29 09:29:08 - [MESSAGE][INFO] - HAR: D:\Working\AUTO\KATAWEB\popstestautomation\POPSTestAutomation\Reports\20210329_092745\POPS App\POPSApp_DailySmoke\20210329_092745\requests\main\146.har

2021-03-29 09:29:08 - [MESSAGE][PASSED] - Send request successfully

2021-03-29 09:29:08 - [MESSAGE][INFO] - HAR: D:\Working\AUTO\KATAWEB\popstestautomation\POPSTestAutomation\Reports\20210329_092745\POPS App\POPSApp_DailySmoke\20210329_092745\requests\main\147.har

2021-03-29 09:29:08 - [MESSAGE][PASSED] - Send request successfully

2021-03-29 09:29:08 - [MESSAGE][INFO] - HAR: D:\Working\AUTO\KATAWEB\popstestautomation\POPSTestAutomation\Reports\20210329_092745\POPS App\POPSApp_DailySmoke\20210329_092745\requests\main\148.har

2021-03-29 09:29:08 - [MESSAGE][PASSED] - Send request successfully

2021-03-29 09:29:08 - [MESSAGE][INFO] - HAR: D:\Working\AUTO\KATAWEB\popstestautomation\POPSTestAutomation\Reports\20210329_092745\POPS App\POPSApp_DailySmoke\20210329_092745\requests\main\149.har

2021-03-29 09:29:08 - [MESSAGE][PASSED] - Send request successfully

2021-03-29 09:29:09 - [MESSAGE][INFO] - HAR: D:\Working\AUTO\KATAWEB\popstestautomation\POPSTestAutomation\Reports\20210329_092745\POPS App\POPSApp_DailySmoke\20210329_092745\requests\main\150.har

2021-03-29 09:29:09 - [MESSAGE][PASSED] - Send request successfully

2021-03-29 09:29:09 - [MESSAGE][INFO] - HAR: D:\Working\AUTO\KATAWEB\popstestautomation\POPSTestAutomation\Reports\20210329_092745\POPS App\POPSApp_DailySmoke\20210329_092745\requests\main\151.har

2021-03-29 09:29:09 - [MESSAGE][PASSED] - Send request successfully

2021-03-29 09:29:09 - [MESSAGE][INFO] - HAR: D:\Working\AUTO\KATAWEB\popstestautomation\POPSTestAutomation\Reports\20210329_092745\POPS App\POPSApp_DailySmoke\20210329_092745\requests\main\152.har

2021-03-29 09:29:09 - [MESSAGE][PASSED] - Send request successfully

2021-03-29 09:29:09 - [MESSAGE][INFO] - HAR: D:\Working\AUTO\KATAWEB\popstestautomation\POPSTestAutomation\Reports\20210329_092745\POPS App\POPSApp_DailySmoke\20210329_092745\requests\main\153.har

2021-03-29 09:29:09 - [MESSAGE][PASSED] - Send request successfully

2021-03-29 09:29:09 - [MESSAGE][INFO] - HAR: D:\Working\AUTO\KATAWEB\popstestautomation\POPSTestAutomation\Reports\20210329_092745\POPS App\POPSApp_DailySmoke\20210329_092745\requests\main\154.har

2021-03-29 09:29:09 - [MESSAGE][PASSED] - Send request successfully

2021-03-29 09:29:10 - [MESSAGE][INFO] - HAR: D:\Working\AUTO\KATAWEB\popstestautomation\POPSTestAutomation\Reports\20210329_092745\POPS App\POPSApp_DailySmoke\20210329_092745\requests\main\155.har

2021-03-29 09:29:10 - [MESSAGE][PASSED] - Send request successfully

2021-03-29 09:29:10 - [MESSAGE][INFO] - HAR: D:\Working\AUTO\KATAWEB\popstestautomation\POPSTestAutomation\Reports\20210329_092745\POPS App\POPSApp_DailySmoke\20210329_092745\requests\main\156.har

2021-03-29 09:29:10 - [MESSAGE][PASSED] - Send request successfully

2021-03-29 09:29:10 - [MESSAGE][INFO] - HAR: D:\Working\AUTO\KATAWEB\popstestautomation\POPSTestAutomation\Reports\20210329_092745\POPS App\POPSApp_DailySmoke\20210329_092745\requests\main\157.har

2021-03-29 09:29:10 - [MESSAGE][PASSED] - Send request successfully

2021-03-29 09:29:10 - [MESSAGE][INFO] - HAR: D:\Working\AUTO\KATAWEB\popstestautomation\POPSTestAutomation\Reports\20210329_092745\POPS App\POPSApp_DailySmoke\20210329_092745\requests\main\158.har

2021-03-29 09:29:10 - [MESSAGE][PASSED] - Send request successfully

2021-03-29 09:29:10 - [MESSAGE][INFO] - HAR: D:\Working\AUTO\KATAWEB\popstestautomation\POPSTestAutomation\Reports\20210329_092745\POPS App\POPSApp_DailySmoke\20210329_092745\requests\main\159.har

2021-03-29 09:29:10 - [MESSAGE][PASSED] - Send request successfully

2021-03-29 09:29:11 - [MESSAGE][INFO] - HAR: D:\Working\AUTO\KATAWEB\popstestautomation\POPSTestAutomation\Reports\20210329_092745\POPS App\POPSApp_DailySmoke\20210329_092745\requests\main\160.har

2021-03-29 09:29:11 - [MESSAGE][PASSED] - Send request successfully

2021-03-29 09:29:11 - [MESSAGE][INFO] - HAR: D:\Working\AUTO\KATAWEB\popstestautomation\POPSTestAutomation\Reports\20210329_092745\POPS App\POPSApp_DailySmoke\20210329_092745\requests\main\161.har

2021-03-29 09:29:11 - [MESSAGE][PASSED] - Send request successfully

2021-03-29 09:29:11 - [MESSAGE][INFO] - HAR: D:\Working\AUTO\KATAWEB\popstestautomation\POPSTestAutomation\Reports\20210329_092745\POPS App\POPSApp_DailySmoke\20210329_092745\requests\main\162.har

2021-03-29 09:29:11 - [MESSAGE][PASSED] - Send request successfully

2021-03-29 09:29:11 - [MESSAGE][INFO] - HAR: D:\Working\AUTO\KATAWEB\popstestautomation\POPSTestAutomation\Reports\20210329_092745\POPS App\POPSApp_DailySmoke\20210329_092745\requests\main\163.har

2021-03-29 09:29:11 - [MESSAGE][PASSED] - Send request successfully

2021-03-29 09:29:11 - [MESSAGE][INFO] - HAR: D:\Working\AUTO\KATAWEB\popstestautomation\POPSTestAutomation\Reports\20210329_092745\POPS App\POPSApp_DailySmoke\20210329_092745\requests\main\164.har

2021-03-29 09:29:11 - [MESSAGE][PASSED] - Send request successfully

2021-03-29 09:29:12 - [MESSAGE][INFO] - HAR: D:\Working\AUTO\KATAWEB\popstestautomation\POPSTestAutomation\Reports\20210329_092745\POPS App\POPSApp_DailySmoke\20210329_092745\requests\main\165.har

2021-03-29 09:29:12 - [MESSAGE][PASSED] - Send request successfully

2021-03-29 09:29:12 - [MESSAGE][INFO] - HAR: D:\Working\AUTO\KATAWEB\popstestautomation\POPSTestAutomation\Reports\20210329_092745\POPS App\POPSApp_DailySmoke\20210329_092745\requests\main\166.har

2021-03-29 09:29:12 - [MESSAGE][PASSED] - Send request successfully

2021-03-29 09:29:12 - [MESSAGE][INFO] - HAR: D:\Working\AUTO\KATAWEB\popstestautomation\POPSTestAutomation\Reports\20210329_092745\POPS App\POPSApp_DailySmoke\20210329_092745\requests\main\167.har

2021-03-29 09:29:12 - [MESSAGE][PASSED] - Send request successfully

2021-03-29 09:29:12 - [MESSAGE][INFO] - HAR: D:\Working\AUTO\KATAWEB\popstestautomation\POPSTestAutomation\Reports\20210329_092745\POPS App\POPSApp_DailySmoke\20210329_092745\requests\main\168.har

2021-03-29 09:29:12 - [MESSAGE][PASSED] - Send request successfully

2021-03-29 09:29:12 - [MESSAGE][INFO] - HAR: D:\Working\AUTO\KATAWEB\popstestautomation\POPSTestAutomation\Reports\20210329_092745\POPS App\POPSApp_DailySmoke\20210329_092745\requests\main\169.har

2021-03-29 09:29:12 - [MESSAGE][PASSED] - Send request successfully

2021-03-29 09:29:13 - [MESSAGE][INFO] - HAR: D:\Working\AUTO\KATAWEB\popstestautomation\POPSTestAutomation\Reports\20210329_092745\POPS App\POPSApp_DailySmoke\20210329_092745\requests\main\170.har

2021-03-29 09:29:13 - [MESSAGE][PASSED] - Send request successfully

2021-03-29 09:29:13 - [MESSAGE][INFO] - HAR: D:\Working\AUTO\KATAWEB\popstestautomation\POPSTestAutomation\Reports\20210329_092745\POPS App\POPSApp_DailySmoke\20210329_092745\requests\main\171.har

2021-03-29 09:29:13 - [MESSAGE][PASSED] - Send request successfully

2021-03-29 09:29:13 - [MESSAGE][INFO] - HAR: D:\Working\AUTO\KATAWEB\popstestautomation\POPSTestAutomation\Reports\20210329_092745\POPS App\POPSApp_DailySmoke\20210329_092745\requests\main\172.har

2021-03-29 09:29:13 - [MESSAGE][PASSED] - Send request successfully

2021-03-29 09:29:13 - [MESSAGE][INFO] - HAR: D:\Working\AUTO\KATAWEB\popstestautomation\POPSTestAutomation\Reports\20210329_092745\POPS App\POPSApp_DailySmoke\20210329_092745\requests\main\173.har

2021-03-29 09:29:13 - [MESSAGE][PASSED] - Send request successfully

2021-03-29 09:29:14 - [MESSAGE][INFO] - HAR: D:\Working\AUTO\KATAWEB\popstestautomation\POPSTestAutomation\Reports\20210329_092745\POPS App\POPSApp_DailySmoke\20210329_092745\requests\main\174.har

2021-03-29 09:29:14 - [MESSAGE][PASSED] - Send request successfully

2021-03-29 09:29:14 - [MESSAGE][INFO] - HAR: D:\Working\AUTO\KATAWEB\popstestautomation\POPSTestAutomation\Reports\20210329_092745\POPS App\POPSApp_DailySmoke\20210329_092745\requests\main\175.har

2021-03-29 09:29:14 - [MESSAGE][PASSED] - Send request successfully

2021-03-29 09:29:14 - [MESSAGE][INFO] - HAR: D:\Working\AUTO\KATAWEB\popstestautomation\POPSTestAutomation\Reports\20210329_092745\POPS App\POPSApp_DailySmoke\20210329_092745\requests\main\176.har

2021-03-29 09:29:14 - [MESSAGE][PASSED] - Send request successfully

2021-03-29 09:29:14 - [MESSAGE][INFO] - HAR: D:\Working\AUTO\KATAWEB\popstestautomation\POPSTestAutomation\Reports\20210329_092745\POPS App\POPSApp_DailySmoke\20210329_092745\requests\main\177.har

2021-03-29 09:29:14 - [MESSAGE][PASSED] - Send request successfully

2021-03-29 09:29:15 - [MESSAGE][INFO] - HAR: D:\Working\AUTO\KATAWEB\popstestautomation\POPSTestAutomation\Reports\20210329_092745\POPS App\POPSApp_DailySmoke\20210329_092745\requests\main\178.har

2021-03-29 09:29:15 - [MESSAGE][PASSED] - Send request successfully

2021-03-29 09:29:15 - [MESSAGE][INFO] - HAR: D:\Working\AUTO\KATAWEB\popstestautomation\POPSTestAutomation\Reports\20210329_092745\POPS App\POPSApp_DailySmoke\20210329_092745\requests\main\179.har

2021-03-29 09:29:15 - [MESSAGE][PASSED] - Send request successfully

2021-03-29 09:29:15 - [MESSAGE][INFO] - HAR: D:\Working\AUTO\KATAWEB\popstestautomation\POPSTestAutomation\Reports\20210329_092745\POPS App\POPSApp_DailySmoke\20210329_092745\requests\main\180.har

2021-03-29 09:29:15 - [MESSAGE][PASSED] - Send request successfully

2021-03-29 09:29:15 - [MESSAGE][INFO] - HAR: D:\Working\AUTO\KATAWEB\popstestautomation\POPSTestAutomation\Reports\20210329_092745\POPS App\POPSApp_DailySmoke\20210329_092745\requests\main\181.har

2021-03-29 09:29:15 - [MESSAGE][PASSED] - Send request successfully

2021-03-29 09:29:16 - [MESSAGE][INFO] - HAR: D:\Working\AUTO\KATAWEB\popstestautomation\POPSTestAutomation\Reports\20210329_092745\POPS App\POPSApp_DailySmoke\20210329_092745\requests\main\182.har

2021-03-29 09:29:16 - [MESSAGE][PASSED] - Send request successfully

2021-03-29 09:29:16 - [MESSAGE][INFO] - HAR: D:\Working\AUTO\KATAWEB\popstestautomation\POPSTestAutomation\Reports\20210329_092745\POPS App\POPSApp_DailySmoke\20210329_092745\requests\main\183.har

2021-03-29 09:29:16 - [MESSAGE][PASSED] - Send request successfully

2021-03-29 09:29:16 - [MESSAGE][INFO] - HAR: D:\Working\AUTO\KATAWEB\popstestautomation\POPSTestAutomation\Reports\20210329_092745\POPS App\POPSApp_DailySmoke\20210329_092745\requests\main\184.har

2021-03-29 09:29:16 - [MESSAGE][PASSED] - Send request successfully

2021-03-29 09:29:16 - [MESSAGE][INFO] - HAR: D:\Working\AUTO\KATAWEB\popstestautomation\POPSTestAutomation\Reports\20210329_092745\POPS App\POPSApp_DailySmoke\20210329_092745\requests\main\185.har

2021-03-29 09:29:16 - [MESSAGE][PASSED] - Send request successfully

2021-03-29 09:29:16 - [MESSAGE][INFO] - HAR: D:\Working\AUTO\KATAWEB\popstestautomation\POPSTestAutomation\Reports\20210329_092745\POPS App\POPSApp_DailySmoke\20210329_092745\requests\main\186.har

2021-03-29 09:29:16 - [MESSAGE][PASSED] - Send request successfully

2021-03-29 09:29:16 - [MESSAGE][INFO] - HAR: D:\Working\AUTO\KATAWEB\popstestautomation\POPSTestAutomation\Reports\20210329_092745\POPS App\POPSApp_DailySmoke\20210329_092745\requests\main\187.har

2021-03-29 09:29:16 - [MESSAGE][PASSED] - Send request successfully

2021-03-29 09:29:17 - [MESSAGE][INFO] - HAR: D:\Working\AUTO\KATAWEB\popstestautomation\POPSTestAutomation\Reports\20210329_092745\POPS App\POPSApp_DailySmoke\20210329_092745\requests\main\188.har

2021-03-29 09:29:17 - [MESSAGE][PASSED] - Send request successfully

2021-03-29 09:29:17 - [MESSAGE][INFO] - HAR: D:\Working\AUTO\KATAWEB\popstestautomation\POPSTestAutomation\Reports\20210329_092745\POPS App\POPSApp_DailySmoke\20210329_092745\requests\main\189.har

2021-03-29 09:29:17 - [MESSAGE][PASSED] - Send request successfully

2021-03-29 09:29:17 - [MESSAGE][INFO] - HAR: D:\Working\AUTO\KATAWEB\popstestautomation\POPSTestAutomation\Reports\20210329_092745\POPS App\POPSApp_DailySmoke\20210329_092745\requests\main\190.har

2021-03-29 09:29:17 - [MESSAGE][PASSED] - Send request successfully

2021-03-29 09:29:17 - [MESSAGE][INFO] - HAR: D:\Working\AUTO\KATAWEB\popstestautomation\POPSTestAutomation\Reports\20210329_092745\POPS App\POPSApp_DailySmoke\20210329_092745\requests\main\191.har

2021-03-29 09:29:17 - [MESSAGE][PASSED] - Send request successfully

2021-03-29 09:29:18 - [MESSAGE][INFO] - HAR: D:\Working\AUTO\KATAWEB\popstestautomation\POPSTestAutomation\Reports\20210329_092745\POPS App\POPSApp_DailySmoke\20210329_092745\requests\main\192.har

2021-03-29 09:29:18 - [MESSAGE][PASSED] - Send request successfully

2021-03-29 09:29:18 - [MESSAGE][INFO] - HAR: D:\Working\AUTO\KATAWEB\popstestautomation\POPSTestAutomation\Reports\20210329_092745\POPS App\POPSApp_DailySmoke\20210329_092745\requests\main\193.har

2021-03-29 09:29:18 - [MESSAGE][PASSED] - Send request successfully

2021-03-29 09:29:18 - [MESSAGE][INFO] - HAR: D:\Working\AUTO\KATAWEB\popstestautomation\POPSTestAutomation\Reports\20210329_092745\POPS App\POPSApp_DailySmoke\20210329_092745\requests\main\194.har

2021-03-29 09:29:18 - [MESSAGE][PASSED] - Send request successfully

2021-03-29 09:29:18 - [MESSAGE][INFO] - HAR: D:\Working\AUTO\KATAWEB\popstestautomation\POPSTestAutomation\Reports\20210329_092745\POPS App\POPSApp_DailySmoke\20210329_092745\requests\main\195.har

2021-03-29 09:29:18 - [MESSAGE][PASSED] - Send request successfully

2021-03-29 09:29:18 - [MESSAGE][INFO] - HAR: D:\Working\AUTO\KATAWEB\popstestautomation\POPSTestAutomation\Reports\20210329_092745\POPS App\POPSApp_DailySmoke\20210329_092745\requests\main\196.har

2021-03-29 09:29:18 - [MESSAGE][PASSED] - Send request successfully

2021-03-29 09:29:19 - [MESSAGE][INFO] - HAR: D:\Working\AUTO\KATAWEB\popstestautomation\POPSTestAutomation\Reports\20210329_092745\POPS App\POPSApp_DailySmoke\20210329_092745\requests\main\197.har

2021-03-29 09:29:19 - [MESSAGE][PASSED] - Send request successfully

2021-03-29 09:29:19 - [MESSAGE][INFO] - HAR: D:\Working\AUTO\KATAWEB\popstestautomation\POPSTestAutomation\Reports\20210329_092745\POPS App\POPSApp_DailySmoke\20210329_092745\requests\main\198.har

2021-03-29 09:29:19 - [MESSAGE][PASSED] - Send request successfully

2021-03-29 09:29:19 - [MESSAGE][INFO] - HAR: D:\Working\AUTO\KATAWEB\popstestautomation\POPSTestAutomation\Reports\20210329_092745\POPS App\POPSApp_DailySmoke\20210329_092745\requests\main\199.har

2021-03-29 09:29:19 - [MESSAGE][PASSED] - Send request successfully

2021-03-29 09:29:19 - [MESSAGE][INFO] - HAR: D:\Working\AUTO\KATAWEB\popstestautomation\POPSTestAutomation\Reports\20210329_092745\POPS App\POPSApp_DailySmoke\20210329_092745\requests\main\200.har

2021-03-29 09:29:19 - [MESSAGE][PASSED] - Send request successfully

2021-03-29 09:29:20 - [MESSAGE][INFO] - HAR: D:\Working\AUTO\KATAWEB\popstestautomation\POPSTestAutomation\Reports\20210329_092745\POPS App\POPSApp_DailySmoke\20210329_092745\requests\main\201.har

2021-03-29 09:29:20 - [MESSAGE][PASSED] - Send request successfully

2021-03-29 09:29:20 - [MESSAGE][INFO] - HAR: D:\Working\AUTO\KATAWEB\popstestautomation\POPSTestAutomation\Reports\20210329_092745\POPS App\POPSApp_DailySmoke\20210329_092745\requests\main\202.har

2021-03-29 09:29:20 - [MESSAGE][PASSED] - Send request successfully

2021-03-29 09:29:20 - [MESSAGE][INFO] - HAR: D:\Working\AUTO\KATAWEB\popstestautomation\POPSTestAutomation\Reports\20210329_092745\POPS App\POPSApp_DailySmoke\20210329_092745\requests\main\203.har

2021-03-29 09:29:20 - [MESSAGE][PASSED] - Send request successfully

2021-03-29 09:29:20 - [MESSAGE][INFO] - HAR: D:\Working\AUTO\KATAWEB\popstestautomation\POPSTestAutomation\Reports\20210329_092745\POPS App\POPSApp_DailySmoke\20210329_092745\requests\main\204.har

2021-03-29 09:29:20 - [MESSAGE][PASSED] - Send request successfully

2021-03-29 09:29:21 - [MESSAGE][INFO] - HAR: D:\Working\AUTO\KATAWEB\popstestautomation\POPSTestAutomation\Reports\20210329_092745\POPS App\POPSApp_DailySmoke\20210329_092745\requests\main\205.har

2021-03-29 09:29:21 - [MESSAGE][PASSED] - Send request successfully

2021-03-29 09:29:21 - [MESSAGE][INFO] - HAR: D:\Working\AUTO\KATAWEB\popstestautomation\POPSTestAutomation\Reports\20210329_092745\POPS App\POPSApp_DailySmoke\20210329_092745\requests\main\206.har

2021-03-29 09:29:21 - [MESSAGE][PASSED] - Send request successfully

2021-03-29 09:29:21 - [MESSAGE][INFO] - HAR: D:\Working\AUTO\KATAWEB\popstestautomation\POPSTestAutomation\Reports\20210329_092745\POPS App\POPSApp_DailySmoke\20210329_092745\requests\main\207.har

2021-03-29 09:29:21 - [MESSAGE][PASSED] - Send request successfully

2021-03-29 09:29:21 - [MESSAGE][INFO] - HAR: D:\Working\AUTO\KATAWEB\popstestautomation\POPSTestAutomation\Reports\20210329_092745\POPS App\POPSApp_DailySmoke\20210329_092745\requests\main\208.har

2021-03-29 09:29:21 - [MESSAGE][PASSED] - Send request successfully

2021-03-29 09:29:21 - [MESSAGE][INFO] - HAR: D:\Working\AUTO\KATAWEB\popstestautomation\POPSTestAutomation\Reports\20210329_092745\POPS App\POPSApp_DailySmoke\20210329_092745\requests\main\209.har

2021-03-29 09:29:21 - [MESSAGE][PASSED] - Send request successfully

2021-03-29 09:29:22 - [MESSAGE][INFO] - HAR: D:\Working\AUTO\KATAWEB\popstestautomation\POPSTestAutomation\Reports\20210329_092745\POPS App\POPSApp_DailySmoke\20210329_092745\requests\main\210.har

2021-03-29 09:29:22 - [MESSAGE][PASSED] - Send request successfully

2021-03-29 09:29:22 - [MESSAGE][INFO] - HAR: D:\Working\AUTO\KATAWEB\popstestautomation\POPSTestAutomation\Reports\20210329_092745\POPS App\POPSApp_DailySmoke\20210329_092745\requests\main\211.har

2021-03-29 09:29:22 - [MESSAGE][PASSED] - Send request successfully

2021-03-29 09:29:22 - [MESSAGE][INFO] - HAR: D:\Working\AUTO\KATAWEB\popstestautomation\POPSTestAutomation\Reports\20210329_092745\POPS App\POPSApp_DailySmoke\20210329_092745\requests\main\212.har

2021-03-29 09:29:22 - [MESSAGE][PASSED] - Send request successfully

2021-03-29 09:29:23 - [MESSAGE][INFO] - HAR: D:\Working\AUTO\KATAWEB\popstestautomation\POPSTestAutomation\Reports\20210329_092745\POPS App\POPSApp_DailySmoke\20210329_092745\requests\main\213.har

2021-03-29 09:29:23 - [MESSAGE][PASSED] - Send request successfully

2021-03-29 09:29:23 - [MESSAGE][INFO] - HAR: D:\Working\AUTO\KATAWEB\popstestautomation\POPSTestAutomation\Reports\20210329_092745\POPS App\POPSApp_DailySmoke\20210329_092745\requests\main\214.har

2021-03-29 09:29:23 - [MESSAGE][PASSED] - Send request successfully

2021-03-29 09:29:23 - [MESSAGE][INFO] - HAR: D:\Working\AUTO\KATAWEB\popstestautomation\POPSTestAutomation\Reports\20210329_092745\POPS App\POPSApp_DailySmoke\20210329_092745\requests\main\215.har

2021-03-29 09:29:23 - [MESSAGE][PASSED] - Send request successfully

2021-03-29 09:29:23 - [MESSAGE][INFO] - HAR: D:\Working\AUTO\KATAWEB\popstestautomation\POPSTestAutomation\Reports\20210329_092745\POPS App\POPSApp_DailySmoke\20210329_092745\requests\main\216.har

2021-03-29 09:29:23 - [MESSAGE][PASSED] - Send request successfully

2021-03-29 09:29:23 - [MESSAGE][INFO] - HAR: D:\Working\AUTO\KATAWEB\popstestautomation\POPSTestAutomation\Reports\20210329_092745\POPS App\POPSApp_DailySmoke\20210329_092745\requests\main\217.har

2021-03-29 09:29:23 - [MESSAGE][PASSED] - Send request successfully

2021-03-29 09:29:23 - [MESSAGE][INFO] - HAR: D:\Working\AUTO\KATAWEB\popstestautomation\POPSTestAutomation\Reports\20210329_092745\POPS App\POPSApp_DailySmoke\20210329_092745\requests\main\218.har

2021-03-29 09:29:23 - [MESSAGE][PASSED] - Send request successfully

2021-03-29 09:29:24 - [MESSAGE][INFO] - HAR: D:\Working\AUTO\KATAWEB\popstestautomation\POPSTestAutomation\Reports\20210329_092745\POPS App\POPSApp_DailySmoke\20210329_092745\requests\main\219.har

2021-03-29 09:29:24 - [MESSAGE][PASSED] - Send request successfully

2021-03-29 09:29:24 - [MESSAGE][INFO] - HAR: D:\Working\AUTO\KATAWEB\popstestautomation\POPSTestAutomation\Reports\20210329_092745\POPS App\POPSApp_DailySmoke\20210329_092745\requests\main\220.har

2021-03-29 09:29:24 - [MESSAGE][PASSED] - Send request successfully

2021-03-29 09:29:24 - [MESSAGE][INFO] - HAR: D:\Working\AUTO\KATAWEB\popstestautomation\POPSTestAutomation\Reports\20210329_092745\POPS App\POPSApp_DailySmoke\20210329_092745\requests\main\221.har

2021-03-29 09:29:24 - [MESSAGE][PASSED] - Send request successfully

2021-03-29 09:29:24 - [MESSAGE][INFO] - HAR: D:\Working\AUTO\KATAWEB\popstestautomation\POPSTestAutomation\Reports\20210329_092745\POPS App\POPSApp_DailySmoke\20210329_092745\requests\main\222.har

2021-03-29 09:29:24 - [MESSAGE][PASSED] - Send request successfully

2021-03-29 09:29:25 - [MESSAGE][INFO] - HAR: D:\Working\AUTO\KATAWEB\popstestautomation\POPSTestAutomation\Reports\20210329_092745\POPS App\POPSApp_DailySmoke\20210329_092745\requests\main\223.har

2021-03-29 09:29:25 - [MESSAGE][PASSED] - Send request successfully

2021-03-29 09:29:25 - [MESSAGE][INFO] - HAR: D:\Working\AUTO\KATAWEB\popstestautomation\POPSTestAutomation\Reports\20210329_092745\POPS App\POPSApp_DailySmoke\20210329_092745\requests\main\224.har

2021-03-29 09:29:25 - [MESSAGE][PASSED] - Send request successfully

2021-03-29 09:29:25 - [MESSAGE][INFO] - HAR: D:\Working\AUTO\KATAWEB\popstestautomation\POPSTestAutomation\Reports\20210329_092745\POPS App\POPSApp_DailySmoke\20210329_092745\requests\main\225.har

2021-03-29 09:29:25 - [MESSAGE][PASSED] - Send request successfully

2021-03-29 09:29:25 - [MESSAGE][INFO] - HAR: D:\Working\AUTO\KATAWEB\popstestautomation\POPSTestAutomation\Reports\20210329_092745\POPS App\POPSApp_DailySmoke\20210329_092745\requests\main\226.har

2021-03-29 09:29:25 - [MESSAGE][PASSED] - Send request successfully

2021-03-29 09:29:25 - [MESSAGE][INFO] - HAR: D:\Working\AUTO\KATAWEB\popstestautomation\POPSTestAutomation\Reports\20210329_092745\POPS App\POPSApp_DailySmoke\20210329_092745\requests\main\227.har

2021-03-29 09:29:25 - [MESSAGE][PASSED] - Send request successfully

2021-03-29 09:29:26 - [MESSAGE][INFO] - HAR: D:\Working\AUTO\KATAWEB\popstestautomation\POPSTestAutomation\Reports\20210329_092745\POPS App\POPSApp_DailySmoke\20210329_092745\requests\main\228.har

2021-03-29 09:29:26 - [MESSAGE][PASSED] - Send request successfully

2021-03-29 09:29:26 - [MESSAGE][INFO] - HAR: D:\Working\AUTO\KATAWEB\popstestautomation\POPSTestAutomation\Reports\20210329_092745\POPS App\POPSApp_DailySmoke\20210329_092745\requests\main\229.har

2021-03-29 09:29:26 - [MESSAGE][PASSED] - Send request successfully

2021-03-29 09:29:26 - [MESSAGE][INFO] - HAR: D:\Working\AUTO\KATAWEB\popstestautomation\POPSTestAutomation\Reports\20210329_092745\POPS App\POPSApp_DailySmoke\20210329_092745\requests\main\230.har

2021-03-29 09:29:26 - [MESSAGE][PASSED] - Send request successfully

2021-03-29 09:29:26 - [MESSAGE][INFO] - HAR: D:\Working\AUTO\KATAWEB\popstestautomation\POPSTestAutomation\Reports\20210329_092745\POPS App\POPSApp_DailySmoke\20210329_092745\requests\main\231.har

2021-03-29 09:29:26 - [MESSAGE][PASSED] - Send request successfully

2021-03-29 09:29:26 - [MESSAGE][INFO] - HAR: D:\Working\AUTO\KATAWEB\popstestautomation\POPSTestAutomation\Reports\20210329_092745\POPS App\POPSApp_DailySmoke\20210329_092745\requests\main\232.har

2021-03-29 09:29:26 - [MESSAGE][PASSED] - Send request successfully

2021-03-29 09:29:27 - [MESSAGE][INFO] - HAR: D:\Working\AUTO\KATAWEB\popstestautomation\POPSTestAutomation\Reports\20210329_092745\POPS App\POPSApp_DailySmoke\20210329_092745\requests\main\233.har

2021-03-29 09:29:27 - [MESSAGE][PASSED] - Send request successfully

2021-03-29 09:29:27 - [MESSAGE][INFO] - HAR: D:\Working\AUTO\KATAWEB\popstestautomation\POPSTestAutomation\Reports\20210329_092745\POPS App\POPSApp_DailySmoke\20210329_092745\requests\main\234.har

2021-03-29 09:29:27 - [MESSAGE][PASSED] - Send request successfully

2021-03-29 09:29:27 - [MESSAGE][INFO] - HAR: D:\Working\AUTO\KATAWEB\popstestautomation\POPSTestAutomation\Reports\20210329_092745\POPS App\POPSApp_DailySmoke\20210329_092745\requests\main\235.har

2021-03-29 09:29:27 - [MESSAGE][PASSED] - Send request successfully

2021-03-29 09:29:27 - [MESSAGE][INFO] - HAR: D:\Working\AUTO\KATAWEB\popstestautomation\POPSTestAutomation\Reports\20210329_092745\POPS App\POPSApp_DailySmoke\20210329_092745\requests\main\236.har

2021-03-29 09:29:27 - [MESSAGE][PASSED] - Send request successfully

2021-03-29 09:29:28 - [MESSAGE][INFO] - HAR: D:\Working\AUTO\KATAWEB\popstestautomation\POPSTestAutomation\Reports\20210329_092745\POPS App\POPSApp_DailySmoke\20210329_092745\requests\main\237.har

2021-03-29 09:29:28 - [MESSAGE][PASSED] - Send request successfully

2021-03-29 09:29:28 - [MESSAGE][INFO] - HAR: D:\Working\AUTO\KATAWEB\popstestautomation\POPSTestAutomation\Reports\20210329_092745\POPS App\POPSApp_DailySmoke\20210329_092745\requests\main\238.har

2021-03-29 09:29:28 - [MESSAGE][PASSED] - Send request successfully

2021-03-29 09:29:28 - [MESSAGE][INFO] - HAR: D:\Working\AUTO\KATAWEB\popstestautomation\POPSTestAutomation\Reports\20210329_092745\POPS App\POPSApp_DailySmoke\20210329_092745\requests\main\239.har

2021-03-29 09:29:28 - [MESSAGE][PASSED] - Send request successfully

2021-03-29 09:29:28 - [MESSAGE][INFO] - HAR: D:\Working\AUTO\KATAWEB\popstestautomation\POPSTestAutomation\Reports\20210329_092745\POPS App\POPSApp_DailySmoke\20210329_092745\requests\main\240.har

2021-03-29 09:29:28 - [MESSAGE][PASSED] - Send request successfully

2021-03-29 09:29:28 - [MESSAGE][INFO] - HAR: D:\Working\AUTO\KATAWEB\popstestautomation\POPSTestAutomation\Reports\20210329_092745\POPS App\POPSApp_DailySmoke\20210329_092745\requests\main\241.har

2021-03-29 09:29:28 - [MESSAGE][PASSED] - Send request successfully

2021-03-29 09:29:29 - [MESSAGE][INFO] - HAR: D:\Working\AUTO\KATAWEB\popstestautomation\POPSTestAutomation\Reports\20210329_092745\POPS App\POPSApp_DailySmoke\20210329_092745\requests\main\242.har

2021-03-29 09:29:29 - [MESSAGE][PASSED] - Send request successfully

2021-03-29 09:29:29 - [MESSAGE][INFO] - HAR: D:\Working\AUTO\KATAWEB\popstestautomation\POPSTestAutomation\Reports\20210329_092745\POPS App\POPSApp_DailySmoke\20210329_092745\requests\main\243.har

2021-03-29 09:29:29 - [MESSAGE][PASSED] - Send request successfully

2021-03-29 09:29:29 - [MESSAGE][INFO] - HAR: D:\Working\AUTO\KATAWEB\popstestautomation\POPSTestAutomation\Reports\20210329_092745\POPS App\POPSApp_DailySmoke\20210329_092745\requests\main\244.har

2021-03-29 09:29:29 - [MESSAGE][PASSED] - Send request successfully

2021-03-29 09:29:29 - [MESSAGE][INFO] - HAR: D:\Working\AUTO\KATAWEB\popstestautomation\POPSTestAutomation\Reports\20210329_092745\POPS App\POPSApp_DailySmoke\20210329_092745\requests\main\245.har

2021-03-29 09:29:29 - [MESSAGE][PASSED] - Send request successfully

2021-03-29 09:29:30 - [MESSAGE][INFO] - HAR: D:\Working\AUTO\KATAWEB\popstestautomation\POPSTestAutomation\Reports\20210329_092745\POPS App\POPSApp_DailySmoke\20210329_092745\requests\main\246.har

2021-03-29 09:29:30 - [MESSAGE][PASSED] - Send request successfully

2021-03-29 09:29:30 - [MESSAGE][INFO] - HAR: D:\Working\AUTO\KATAWEB\popstestautomation\POPSTestAutomation\Reports\20210329_092745\POPS App\POPSApp_DailySmoke\20210329_092745\requests\main\247.har

2021-03-29 09:29:30 - [MESSAGE][PASSED] - Send request successfully

2021-03-29 09:29:30 - [MESSAGE][INFO] - HAR: D:\Working\AUTO\KATAWEB\popstestautomation\POPSTestAutomation\Reports\20210329_092745\POPS App\POPSApp_DailySmoke\20210329_092745\requests\main\248.har

2021-03-29 09:29:30 - [MESSAGE][PASSED] - Send request successfully

2021-03-29 09:29:30 - [MESSAGE][INFO] - HAR: D:\Working\AUTO\KATAWEB\popstestautomation\POPSTestAutomation\Reports\20210329_092745\POPS App\POPSApp_DailySmoke\20210329_092745\requests\main\249.har

2021-03-29 09:29:30 - [MESSAGE][PASSED] - Send request successfully

2021-03-29 09:29:30 - [MESSAGE][INFO] - HAR: D:\Working\AUTO\KATAWEB\popstestautomation\POPSTestAutomation\Reports\20210329_092745\POPS App\POPSApp_DailySmoke\20210329_092745\requests\main\250.har

2021-03-29 09:29:30 - [MESSAGE][PASSED] - Send request successfully

2021-03-29 09:29:30 - [MESSAGE][INFO] - HAR: D:\Working\AUTO\KATAWEB\popstestautomation\POPSTestAutomation\Reports\20210329_092745\POPS App\POPSApp_DailySmoke\20210329_092745\requests\main\251.har

2021-03-29 09:29:30 - [MESSAGE][PASSED] - Send request successfully

2021-03-29 09:29:31 - [MESSAGE][INFO] - HAR: D:\Working\AUTO\KATAWEB\popstestautomation\POPSTestAutomation\Reports\20210329_092745\POPS App\POPSApp_DailySmoke\20210329_092745\requests\main\252.har

2021-03-29 09:29:31 - [MESSAGE][PASSED] - Send request successfully

2021-03-29 09:29:31 - [MESSAGE][INFO] - HAR: D:\Working\AUTO\KATAWEB\popstestautomation\POPSTestAutomation\Reports\20210329_092745\POPS App\POPSApp_DailySmoke\20210329_092745\requests\main\253.har

2021-03-29 09:29:31 - [MESSAGE][PASSED] - Send request successfully

2021-03-29 09:29:31 - [MESSAGE][INFO] - HAR: D:\Working\AUTO\KATAWEB\popstestautomation\POPSTestAutomation\Reports\20210329_092745\POPS App\POPSApp_DailySmoke\20210329_092745\requests\main\254.har

2021-03-29 09:29:31 - [MESSAGE][PASSED] - Send request successfully

2021-03-29 09:29:31 - [MESSAGE][INFO] - HAR: D:\Working\AUTO\KATAWEB\popstestautomation\POPSTestAutomation\Reports\20210329_092745\POPS App\POPSApp_DailySmoke\20210329_092745\requests\main\255.har

2021-03-29 09:29:31 - [MESSAGE][PASSED] - Send request successfully

2021-03-29 09:29:31 - [MESSAGE][INFO] - HAR: D:\Working\AUTO\KATAWEB\popstestautomation\POPSTestAutomation\Reports\20210329_092745\POPS App\POPSApp_DailySmoke\20210329_092745\requests\main\256.har

2021-03-29 09:29:31 - [MESSAGE][PASSED] - Send request successfully

2021-03-29 09:29:32 - [MESSAGE][INFO] - HAR: D:\Working\AUTO\KATAWEB\popstestautomation\POPSTestAutomation\Reports\20210329_092745\POPS App\POPSApp_DailySmoke\20210329_092745\requests\main\257.har

2021-03-29 09:29:32 - [MESSAGE][PASSED] - Send request successfully

2021-03-29 09:29:32 - [MESSAGE][INFO] - HAR: D:\Working\AUTO\KATAWEB\popstestautomation\POPSTestAutomation\Reports\20210329_092745\POPS App\POPSApp_DailySmoke\20210329_092745\requests\main\258.har

2021-03-29 09:29:32 - [MESSAGE][PASSED] - Send request successfully

2021-03-29 09:29:32 - [MESSAGE][INFO] - HAR: D:\Working\AUTO\KATAWEB\popstestautomation\POPSTestAutomation\Reports\20210329_092745\POPS App\POPSApp_DailySmoke\20210329_092745\requests\main\259.har

2021-03-29 09:29:32 - [MESSAGE][PASSED] - Send request successfully

2021-03-29 09:29:32 - [MESSAGE][INFO] - HAR: D:\Working\AUTO\KATAWEB\popstestautomation\POPSTestAutomation\Reports\20210329_092745\POPS App\POPSApp_DailySmoke\20210329_092745\requests\main\260.har

2021-03-29 09:29:32 - [MESSAGE][PASSED] - Send request successfully

2021-03-29 09:29:32 - [MESSAGE][INFO] - HAR: D:\Working\AUTO\KATAWEB\popstestautomation\POPSTestAutomation\Reports\20210329_092745\POPS App\POPSApp_DailySmoke\20210329_092745\requests\main\261.har

2021-03-29 09:29:32 - [MESSAGE][PASSED] - Send request successfully

2021-03-29 09:29:33 - [MESSAGE][INFO] - HAR: D:\Working\AUTO\KATAWEB\popstestautomation\POPSTestAutomation\Reports\20210329_092745\POPS App\POPSApp_DailySmoke\20210329_092745\requests\main\262.har

2021-03-29 09:29:33 - [MESSAGE][PASSED] - Send request successfully

2021-03-29 09:29:33 - [MESSAGE][INFO] - HAR: D:\Working\AUTO\KATAWEB\popstestautomation\POPSTestAutomation\Reports\20210329_092745\POPS App\POPSApp_DailySmoke\20210329_092745\requests\main\263.har

2021-03-29 09:29:33 - [MESSAGE][PASSED] - Send request successfully

2021-03-29 09:29:33 - [MESSAGE][INFO] - HAR: D:\Working\AUTO\KATAWEB\popstestautomation\POPSTestAutomation\Reports\20210329_092745\POPS App\POPSApp_DailySmoke\20210329_092745\requests\main\264.har

2021-03-29 09:29:33 - [MESSAGE][PASSED] - Send request successfully

2021-03-29 09:29:33 - [MESSAGE][INFO] - HAR: D:\Working\AUTO\KATAWEB\popstestautomation\POPSTestAutomation\Reports\20210329_092745\POPS App\POPSApp_DailySmoke\20210329_092745\requests\main\265.har

2021-03-29 09:29:33 - [MESSAGE][PASSED] - Send request successfully

2021-03-29 09:29:33 - [MESSAGE][INFO] - HAR: D:\Working\AUTO\KATAWEB\popstestautomation\POPSTestAutomation\Reports\20210329_092745\POPS App\POPSApp_DailySmoke\20210329_092745\requests\main\266.har

2021-03-29 09:29:33 - [MESSAGE][PASSED] - Send request successfully

2021-03-29 09:29:33 - [MESSAGE][INFO] - HAR: D:\Working\AUTO\KATAWEB\popstestautomation\POPSTestAutomation\Reports\20210329_092745\POPS App\POPSApp_DailySmoke\20210329_092745\requests\main\267.har

2021-03-29 09:29:33 - [MESSAGE][PASSED] - Send request successfully

2021-03-29 09:29:34 - [MESSAGE][INFO] - HAR: D:\Working\AUTO\KATAWEB\popstestautomation\POPSTestAutomation\Reports\20210329_092745\POPS App\POPSApp_DailySmoke\20210329_092745\requests\main\268.har

2021-03-29 09:29:34 - [MESSAGE][PASSED] - Send request successfully

2021-03-29 09:29:34 - [MESSAGE][INFO] - HAR: D:\Working\AUTO\KATAWEB\popstestautomation\POPSTestAutomation\Reports\20210329_092745\POPS App\POPSApp_DailySmoke\20210329_092745\requests\main\269.har

2021-03-29 09:29:34 - [MESSAGE][PASSED] - Send request successfully

2021-03-29 09:29:34 - [MESSAGE][INFO] - HAR: D:\Working\AUTO\KATAWEB\popstestautomation\POPSTestAutomation\Reports\20210329_092745\POPS App\POPSApp_DailySmoke\20210329_092745\requests\main\270.har

2021-03-29 09:29:34 - [MESSAGE][PASSED] - Send request successfully

2021-03-29 09:29:34 - [MESSAGE][INFO] - HAR: D:\Working\AUTO\KATAWEB\popstestautomation\POPSTestAutomation\Reports\20210329_092745\POPS App\POPSApp_DailySmoke\20210329_092745\requests\main\271.har

2021-03-29 09:29:34 - [MESSAGE][PASSED] - Send request successfully

2021-03-29 09:29:34 - [MESSAGE][INFO] - HAR: D:\Working\AUTO\KATAWEB\popstestautomation\POPSTestAutomation\Reports\20210329_092745\POPS App\POPSApp_DailySmoke\20210329_092745\requests\main\272.har

2021-03-29 09:29:34 - [MESSAGE][PASSED] - Send request successfully

2021-03-29 09:29:34 - [MESSAGE][INFO] - HAR: D:\Working\AUTO\KATAWEB\popstestautomation\POPSTestAutomation\Reports\20210329_092745\POPS App\POPSApp_DailySmoke\20210329_092745\requests\main\273.har

2021-03-29 09:29:34 - [MESSAGE][PASSED] - Send request successfully

2021-03-29 09:29:35 - [MESSAGE][INFO] - HAR: D:\Working\AUTO\KATAWEB\popstestautomation\POPSTestAutomation\Reports\20210329_092745\POPS App\POPSApp_DailySmoke\20210329_092745\requests\main\274.har

2021-03-29 09:29:35 - [MESSAGE][PASSED] - Send request successfully

2021-03-29 09:29:35 - [MESSAGE][INFO] - HAR: D:\Working\AUTO\KATAWEB\popstestautomation\POPSTestAutomation\Reports\20210329_092745\POPS App\POPSApp_DailySmoke\20210329_092745\requests\main\275.har

2021-03-29 09:29:35 - [MESSAGE][PASSED] - Send request successfully

2021-03-29 09:29:35 - [MESSAGE][INFO] - HAR: D:\Working\AUTO\KATAWEB\popstestautomation\POPSTestAutomation\Reports\20210329_092745\POPS App\POPSApp_DailySmoke\20210329_092745\requests\main\276.har

2021-03-29 09:29:35 - [MESSAGE][PASSED] - Send request successfully

2021-03-29 09:29:35 - [MESSAGE][INFO] - HAR: D:\Working\AUTO\KATAWEB\popstestautomation\POPSTestAutomation\Reports\20210329_092745\POPS App\POPSApp_DailySmoke\20210329_092745\requests\main\277.har

2021-03-29 09:29:35 - [MESSAGE][PASSED] - Send request successfully

2021-03-29 09:29:36 - [MESSAGE][INFO] - HAR: D:\Working\AUTO\KATAWEB\popstestautomation\POPSTestAutomation\Reports\20210329_092745\POPS App\POPSApp_DailySmoke\20210329_092745\requests\main\278.har

2021-03-29 09:29:36 - [MESSAGE][PASSED] - Send request successfully

2021-03-29 09:29:36 - [MESSAGE][INFO] - HAR: D:\Working\AUTO\KATAWEB\popstestautomation\POPSTestAutomation\Reports\20210329_092745\POPS App\POPSApp_DailySmoke\20210329_092745\requests\main\279.har

2021-03-29 09:29:36 - [MESSAGE][PASSED] - Send request successfully

2021-03-29 09:29:36 - [MESSAGE][INFO] - HAR: D:\Working\AUTO\KATAWEB\popstestautomation\POPSTestAutomation\Reports\20210329_092745\POPS App\POPSApp_DailySmoke\20210329_092745\requests\main\280.har

2021-03-29 09:29:36 - [MESSAGE][PASSED] - Send request successfully

2021-03-29 09:29:36 - [MESSAGE][INFO] - HAR: D:\Working\AUTO\KATAWEB\popstestautomation\POPSTestAutomation\Reports\20210329_092745\POPS App\POPSApp_DailySmoke\20210329_092745\requests\main\281.har

2021-03-29 09:29:36 - [MESSAGE][PASSED] - Send request successfully

2021-03-29 09:29:36 - [MESSAGE][INFO] - HAR: D:\Working\AUTO\KATAWEB\popstestautomation\POPSTestAutomation\Reports\20210329_092745\POPS App\POPSApp_DailySmoke\20210329_092745\requests\main\282.har

2021-03-29 09:29:36 - [MESSAGE][PASSED] - Send request successfully

2021-03-29 09:29:36 - [MESSAGE][INFO] - HAR: D:\Working\AUTO\KATAWEB\popstestautomation\POPSTestAutomation\Reports\20210329_092745\POPS App\POPSApp_DailySmoke\20210329_092745\requests\main\283.har

2021-03-29 09:29:36 - [MESSAGE][PASSED] - Send request successfully

2021-03-29 09:29:36 - [MESSAGE][INFO] - HAR: D:\Working\AUTO\KATAWEB\popstestautomation\POPSTestAutomation\Reports\20210329_092745\POPS App\POPSApp_DailySmoke\20210329_092745\requests\main\284.har

2021-03-29 09:29:36 - [MESSAGE][PASSED] - Send request successfully

2021-03-29 09:29:36 - [MESSAGE][INFO] - HAR: D:\Working\AUTO\KATAWEB\popstestautomation\POPSTestAutomation\Reports\20210329_092745\POPS App\POPSApp_DailySmoke\20210329_092745\requests\main\285.har

2021-03-29 09:29:36 - [MESSAGE][PASSED] - Send request successfully

2021-03-29 09:29:37 - [MESSAGE][INFO] - HAR: D:\Working\AUTO\KATAWEB\popstestautomation\POPSTestAutomation\Reports\20210329_092745\POPS App\POPSApp_DailySmoke\20210329_092745\requests\main\286.har

2021-03-29 09:29:37 - [MESSAGE][PASSED] - Send request successfully

2021-03-29 09:29:37 - [MESSAGE][INFO] - HAR: D:\Working\AUTO\KATAWEB\popstestautomation\POPSTestAutomation\Reports\20210329_092745\POPS App\POPSApp_DailySmoke\20210329_092745\requests\main\287.har

2021-03-29 09:29:37 - [MESSAGE][PASSED] - Send request successfully

2021-03-29 09:29:37 - [MESSAGE][INFO] - HAR: D:\Working\AUTO\KATAWEB\popstestautomation\POPSTestAutomation\Reports\20210329_092745\POPS App\POPSApp_DailySmoke\20210329_092745\requests\main\288.har

2021-03-29 09:29:37 - [MESSAGE][PASSED] - Send request successfully

2021-03-29 09:29:37 - [MESSAGE][INFO] - HAR: D:\Working\AUTO\KATAWEB\popstestautomation\POPSTestAutomation\Reports\20210329_092745\POPS App\POPSApp_DailySmoke\20210329_092745\requests\main\289.har

2021-03-29 09:29:37 - [MESSAGE][PASSED] - Send request successfully

2021-03-29 09:29:37 - [MESSAGE][INFO] - HAR: D:\Working\AUTO\KATAWEB\popstestautomation\POPSTestAutomation\Reports\20210329_092745\POPS App\POPSApp_DailySmoke\20210329_092745\requests\main\290.har

2021-03-29 09:29:37 - [MESSAGE][PASSED] - Send request successfully

2021-03-29 09:29:37 - [MESSAGE][INFO] - HAR: D:\Working\AUTO\KATAWEB\popstestautomation\POPSTestAutomation\Reports\20210329_092745\POPS App\POPSApp_DailySmoke\20210329_092745\requests\main\291.har

2021-03-29 09:29:37 - [MESSAGE][PASSED] - Send request successfully

2021-03-29 09:29:38 - [MESSAGE][INFO] - HAR: D:\Working\AUTO\KATAWEB\popstestautomation\POPSTestAutomation\Reports\20210329_092745\POPS App\POPSApp_DailySmoke\20210329_092745\requests\main\292.har

2021-03-29 09:29:38 - [MESSAGE][PASSED] - Send request successfully

2021-03-29 09:29:38 - [MESSAGE][INFO] - HAR: D:\Working\AUTO\KATAWEB\popstestautomation\POPSTestAutomation\Reports\20210329_092745\POPS App\POPSApp_DailySmoke\20210329_092745\requests\main\293.har

2021-03-29 09:29:38 - [MESSAGE][PASSED] - Send request successfully

2021-03-29 09:29:38 - [MESSAGE][INFO] - HAR: D:\Working\AUTO\KATAWEB\popstestautomation\POPSTestAutomation\Reports\20210329_092745\POPS App\POPSApp_DailySmoke\20210329_092745\requests\main\294.har

2021-03-29 09:29:38 - [MESSAGE][PASSED] - Send request successfully

2021-03-29 09:29:38 - [MESSAGE][PASSED] - Refresh successfully

2021-03-29 09:29:38 - [MESSAGE][PASSED] - commonActions.PageActions.verifyLinksOnPage is PASSED

2021-03-29 09:29:38 - [TEST_STEP][PASSED] - Start listener action : sampleAfterTestCase: null

2021-03-29 09:29:38 - [TEST_STEP][PASSED] - println(testCaseContext.getTestCaseId()): null

2021-03-29 09:29:38 - [TEST_STEP][PASSED] - println(testCaseContext.getTestCaseStatus()): null

2021-03-29 09:29:38 - [TEST_STEP][PASSED] - Start listener action : sampleAfterTestCase: null

2021-03-29 09:29:38 - [TEST_STEP][PASSED] - println(testCaseContext.getTestCaseId()): null

2021-03-29 09:29:38 - [TEST_STEP][PASSED] - println(testCaseContext.getTestCaseStatus()): null]]></system-out>
         <system-err><![CDATA[]]></system-err>
      </testcase>
      <testcase name="Test Cases/POPS App/UI_Check/VN/VerifyNoBrokenImageOnComicsPage" time="69.838" classname="Test Cases/POPS App/UI_Check/VN/VerifyNoBrokenImageOnComicsPage" status="ERROR">
         <error type="ERROR" message="Test Cases/POPS App/UI_Check/VN/VerifyNoBrokenImageOnComicsPage FAILED.
Reason:
org.codehaus.groovy.runtime.InvokerInvocationException: java.lang.AssertionError: Failed at https://vnw-img-cdn.popsww.com/api/v2/containers/file2/Truy%E1%BB%87n%20ph%C3%A1t%20h%C3%A0nh%20th%E1%BB%A9%203%20h%C3%A0ng%20tu%E1%BA%A7n!:/html[1]/body[1]/div[1]/main[1]/div[1]/div[26]/div[1]/div[1]/div[15]/div[1]/div[1]/a[1]/div[1]/img[1] expected [true] but found [false]
	at commonActions.PageActions.invokeMethod(PageActions.groovy)
	at com.kms.katalon.core.main.CustomKeywordDelegatingMetaClass.invokeStaticMethod(CustomKeywordDelegatingMetaClass.java:50)
	at VerifyNoBrokenImageOnComicsPage.run(VerifyNoBrokenImageOnComicsPage:26)
	at com.kms.katalon.core.main.ScriptEngine.run(ScriptEngine.java:194)
	at com.kms.katalon.core.main.ScriptEngine.runScriptAsRawText(ScriptEngine.java:119)
	at com.kms.katalon.core.main.TestCaseExecutor.runScript(TestCaseExecutor.java:398)
	at com.kms.katalon.core.main.TestCaseExecutor.doExecute(TestCaseExecutor.java:389)
	at com.kms.katalon.core.main.TestCaseExecutor.processExecutionPhase(TestCaseExecutor.java:368)
	at com.kms.katalon.core.main.TestCaseExecutor.accessMainPhase(TestCaseExecutor.java:360)
	at com.kms.katalon.core.main.TestCaseExecutor.execute(TestCaseExecutor.java:255)
	at com.kms.katalon.core.main.TestSuiteExecutor.accessTestCaseMainPhase(TestSuiteExecutor.java:203)
	at com.kms.katalon.core.main.TestSuiteExecutor.accessTestSuiteMainPhase(TestSuiteExecutor.java:152)
	at com.kms.katalon.core.main.TestSuiteExecutor.execute(TestSuiteExecutor.java:95)
	at com.kms.katalon.core.main.TestCaseMain.startTestSuite(TestCaseMain.java:157)
	at com.kms.katalon.core.main.TestCaseMain$startTestSuite$0.call(Unknown Source)
	at TempTestSuite1616984865844.run(TempTestSuite1616984865844.groovy:39)
Caused by: java.lang.AssertionError: Failed at https://vnw-img-cdn.popsww.com/api/v2/containers/file2/Truy%E1%BB%87n%20ph%C3%A1t%20h%C3%A0nh%20th%E1%BB%A9%203%20h%C3%A0ng%20tu%E1%BA%A7n!:/html[1]/body[1]/div[1]/main[1]/div[1]/div[26]/div[1]/div[1]/div[15]/div[1]/div[1]/a[1]/div[1]/img[1] expected [true] but found [false]
	at org.testng.Assert.fail(Assert.java:93)
	at org.testng.Assert.failNotEquals(Assert.java:512)
	at org.testng.Assert.assertTrue(Assert.java:41)
	at commonActions.PageActions$_verifyLinksOnPage_closure1.doCall(PageActions.groovy:25)
	at commonActions.PageActions.verifyLinksOnPage(PageActions.groovy:23)
	... 16 more
"/>
         <system-out><![CDATA[2021-03-29 09:29:38 - [TEST_CASE][ERROR] - Test Cases/POPS App/UI_Check/VN/VerifyNoBrokenImageOnComicsPage: Test Cases/POPS App/UI_Check/VN/VerifyNoBrokenImageOnComicsPage FAILED.
Reason:
org.codehaus.groovy.runtime.InvokerInvocationException: java.lang.AssertionError: Failed at https://vnw-img-cdn.popsww.com/api/v2/containers/file2/Truy%E1%BB%87n%20ph%C3%A1t%20h%C3%A0nh%20th%E1%BB%A9%203%20h%C3%A0ng%20tu%E1%BA%A7n!:/html[1]/body[1]/div[1]/main[1]/div[1]/div[26]/div[1]/div[1]/div[15]/div[1]/div[1]/a[1]/div[1]/img[1] expected [true] but found [false]
	at commonActions.PageActions.invokeMethod(PageActions.groovy)
	at com.kms.katalon.core.main.CustomKeywordDelegatingMetaClass.invokeStaticMethod(CustomKeywordDelegatingMetaClass.java:50)
	at VerifyNoBrokenImageOnComicsPage.run(VerifyNoBrokenImageOnComicsPage:26)
	at com.kms.katalon.core.main.ScriptEngine.run(ScriptEngine.java:194)
	at com.kms.katalon.core.main.ScriptEngine.runScriptAsRawText(ScriptEngine.java:119)
	at com.kms.katalon.core.main.TestCaseExecutor.runScript(TestCaseExecutor.java:398)
	at com.kms.katalon.core.main.TestCaseExecutor.doExecute(TestCaseExecutor.java:389)
	at com.kms.katalon.core.main.TestCaseExecutor.processExecutionPhase(TestCaseExecutor.java:368)
	at com.kms.katalon.core.main.TestCaseExecutor.accessMainPhase(TestCaseExecutor.java:360)
	at com.kms.katalon.core.main.TestCaseExecutor.execute(TestCaseExecutor.java:255)
	at com.kms.katalon.core.main.TestSuiteExecutor.accessTestCaseMainPhase(TestSuiteExecutor.java:203)
	at com.kms.katalon.core.main.TestSuiteExecutor.accessTestSuiteMainPhase(TestSuiteExecutor.java:152)
	at com.kms.katalon.core.main.TestSuiteExecutor.execute(TestSuiteExecutor.java:95)
	at com.kms.katalon.core.main.TestCaseMain.startTestSuite(TestCaseMain.java:157)
	at com.kms.katalon.core.main.TestCaseMain$startTestSuite$0.call(Unknown Source)
	at TempTestSuite1616984865844.run(TempTestSuite1616984865844.groovy:39)
Caused by: java.lang.AssertionError: Failed at https://vnw-img-cdn.popsww.com/api/v2/containers/file2/Truy%E1%BB%87n%20ph%C3%A1t%20h%C3%A0nh%20th%E1%BB%A9%203%20h%C3%A0ng%20tu%E1%BA%A7n!:/html[1]/body[1]/div[1]/main[1]/div[1]/div[26]/div[1]/div[1]/div[15]/div[1]/div[1]/a[1]/div[1]/img[1] expected [true] but found [false]
	at org.testng.Assert.fail(Assert.java:93)
	at org.testng.Assert.failNotEquals(Assert.java:512)
	at org.testng.Assert.assertTrue(Assert.java:41)
	at commonActions.PageActions$_verifyLinksOnPage_closure1.doCall(PageActions.groovy:25)
	at commonActions.PageActions.verifyLinksOnPage(PageActions.groovy:23)
	... 16 more


2021-03-29 09:29:38 - [TEST_STEP][PASSED] - Start listener action : sampleBeforeTestCase: null

2021-03-29 09:29:38 - [TEST_STEP][PASSED] - println(testCaseContext.getTestCaseId()): null

2021-03-29 09:29:38 - [TEST_STEP][PASSED] - println(testCaseContext.getTestCaseVariables()): null

2021-03-29 09:29:38 - [TEST_STEP][PASSED] - Start listener action : sampleBeforeTestCase: null

2021-03-29 09:29:38 - [TEST_STEP][PASSED] - println(testCaseContext.getTestCaseId()): null

2021-03-29 09:29:38 - [TEST_STEP][PASSED] - println(testCaseContext.getTestCaseVariables()): null

2021-03-29 09:29:38 - [TEST_STEP][PASSED] - openBrowser(SourceURL): Browser is opened with url: 'https://pops.vn/'

2021-03-29 09:29:38 - [MESSAGE][WARNING] - A browser is already opened. Closing browser and opening a new one

2021-03-29 09:29:39 - [MESSAGE][INFO] - Starting 'Chrome' driver

2021-03-29 09:29:39 - [MESSAGE][INFO] - Action delay is set to 0 milliseconds

2021-03-29 09:29:41 - [MESSAGE][PASSED] - Browser is opened with url: 'https://pops.vn/'

2021-03-29 09:29:41 - [TEST_STEP][PASSED] - maximizeWindow(): Current window maximized

2021-03-29 09:29:42 - [MESSAGE][PASSED] - Current window maximized

2021-03-29 09:29:42 - [TEST_STEP][PASSED] - click(findTestObject("POPS App UI/TopMenu/menu_2_Comics")): Object: 'Object Repository/POPS App UI/TopMenu/menu_2_Comics' is clicked on

2021-03-29 09:29:44 - [MESSAGE][PASSED] - Object: 'Object Repository/POPS App UI/TopMenu/menu_2_Comics' is clicked on

2021-03-29 09:29:44 - [TEST_STEP][PASSED] - commonActions.BaseActions.ScrollToFooter(): commonActions.BaseActions.ScrollToFooter is PASSED

2021-03-29 09:29:44 - [MESSAGE][PASSED] - Execute JavaScript 'window.scrollTo(0, document.body.scrollHeight)' successfully

2021-03-29 09:29:46 - [MESSAGE][PASSED] - Delayed 2 second(s)

2021-03-29 09:29:47 - [MESSAGE][WARNING] - Object 'Object Repository/POPS App UI/Footer/POPS_Logo_In_Footer' is present but is not visible in viewport (Root cause: com.kms.katalon.core.exception.StepFailedException: Object 'Object Repository/POPS App UI/Footer/POPS_Logo_In_Footer' is present but is not visible in viewport
	at com.kms.katalon.core.webui.keyword.internal.WebUIKeywordMain.stepFailed(WebUIKeywordMain.groovy:64)
	at com.kms.katalon.core.webui.keyword.builtin.VerifyElementVisibleInViewportKeyword$_verifyElementVisibleInViewport_closure1.doCall(VerifyElementVisibleInViewportKeyword.groovy:79)
	at com.kms.katalon.core.webui.keyword.builtin.VerifyElementVisibleInViewportKeyword$_verifyElementVisibleInViewport_closure1.call(VerifyElementVisibleInViewportKeyword.groovy)
	at com.kms.katalon.core.webui.keyword.internal.WebUIKeywordMain.runKeyword(WebUIKeywordMain.groovy:20)
	at com.kms.katalon.core.webui.keyword.builtin.VerifyElementVisibleInViewportKeyword.verifyElementVisibleInViewport(VerifyElementVisibleInViewportKeyword.groovy:86)
	at com.kms.katalon.core.webui.keyword.builtin.VerifyElementVisibleInViewportKeyword.execute(VerifyElementVisibleInViewportKeyword.groovy:68)
	at com.kms.katalon.core.keyword.internal.KeywordExecutor.executeKeywordForPlatform(KeywordExecutor.groovy:73)
	at com.kms.katalon.core.webui.keyword.WebUiBuiltInKeywords.verifyElementInViewport(WebUiBuiltInKeywords.groovy:4050)
	at com.kms.katalon.core.webui.keyword.WebUiBuiltInKeywords$verifyElementInViewport$3.call(Unknown Source)
	at commonActions.BaseActions.ScrollToFooter(BaseActions.groovy:44)
	at commonActions.BaseActions.invokeMethod(BaseActions.groovy)
	at com.kms.katalon.core.main.CustomKeywordDelegatingMetaClass.invokeStaticMethod(CustomKeywordDelegatingMetaClass.java:50)
	at VerifyNoBrokenImageOnComicsPage.run(VerifyNoBrokenImageOnComicsPage:24)
	at com.kms.katalon.core.main.ScriptEngine.run(ScriptEngine.java:194)
	at com.kms.katalon.core.main.ScriptEngine.runScriptAsRawText(ScriptEngine.java:119)
	at com.kms.katalon.core.main.TestCaseExecutor.runScript(TestCaseExecutor.java:398)
	at com.kms.katalon.core.main.TestCaseExecutor.doExecute(TestCaseExecutor.java:389)
	at com.kms.katalon.core.main.TestCaseExecutor.processExecutionPhase(TestCaseExecutor.java:368)
	at com.kms.katalon.core.main.TestCaseExecutor.accessMainPhase(TestCaseExecutor.java:360)
	at com.kms.katalon.core.main.TestCaseExecutor.execute(TestCaseExecutor.java:255)
	at com.kms.katalon.core.main.TestSuiteExecutor.accessTestCaseMainPhase(TestSuiteExecutor.java:203)
	at com.kms.katalon.core.main.TestSuiteExecutor.accessTestSuiteMainPhase(TestSuiteExecutor.java:152)
	at com.kms.katalon.core.main.TestSuiteExecutor.execute(TestSuiteExecutor.java:95)
	at com.kms.katalon.core.main.TestCaseMain.startTestSuite(TestCaseMain.java:157)
	at com.kms.katalon.core.main.TestCaseMain$startTestSuite$0.call(Unknown Source)
	at TempTestSuite1616984865844.run(TempTestSuite1616984865844.groovy:39)
)
[[ATTACHMENT|D:\\Working\\AUTO\\KATAWEB\\popstestautomation\\POPSTestAutomation\\Reports\\20210329_092745\\POPS App\\POPSApp_DailySmoke\\20210329_092745\\1616984986409.png]]

2021-03-29 09:29:47 - [MESSAGE][PASSED] - Execute JavaScript 'window.scrollTo(0, document.body.scrollHeight)' successfully

2021-03-29 09:29:49 - [MESSAGE][PASSED] - Delayed 2 second(s)

2021-03-29 09:29:50 - [MESSAGE][WARNING] - Object 'Object Repository/POPS App UI/Footer/POPS_Logo_In_Footer' is present but is not visible in viewport (Root cause: com.kms.katalon.core.exception.StepFailedException: Object 'Object Repository/POPS App UI/Footer/POPS_Logo_In_Footer' is present but is not visible in viewport
	at com.kms.katalon.core.webui.keyword.internal.WebUIKeywordMain.stepFailed(WebUIKeywordMain.groovy:64)
	at com.kms.katalon.core.webui.keyword.builtin.VerifyElementVisibleInViewportKeyword$_verifyElementVisibleInViewport_closure1.doCall(VerifyElementVisibleInViewportKeyword.groovy:79)
	at com.kms.katalon.core.webui.keyword.builtin.VerifyElementVisibleInViewportKeyword$_verifyElementVisibleInViewport_closure1.call(VerifyElementVisibleInViewportKeyword.groovy)
	at com.kms.katalon.core.webui.keyword.internal.WebUIKeywordMain.runKeyword(WebUIKeywordMain.groovy:20)
	at com.kms.katalon.core.webui.keyword.builtin.VerifyElementVisibleInViewportKeyword.verifyElementVisibleInViewport(VerifyElementVisibleInViewportKeyword.groovy:86)
	at com.kms.katalon.core.webui.keyword.builtin.VerifyElementVisibleInViewportKeyword.execute(VerifyElementVisibleInViewportKeyword.groovy:68)
	at com.kms.katalon.core.keyword.internal.KeywordExecutor.executeKeywordForPlatform(KeywordExecutor.groovy:73)
	at com.kms.katalon.core.webui.keyword.WebUiBuiltInKeywords.verifyElementInViewport(WebUiBuiltInKeywords.groovy:4050)
	at com.kms.katalon.core.webui.keyword.WebUiBuiltInKeywords$verifyElementInViewport$3.call(Unknown Source)
	at commonActions.BaseActions.ScrollToFooter(BaseActions.groovy:44)
	at commonActions.BaseActions.invokeMethod(BaseActions.groovy)
	at com.kms.katalon.core.main.CustomKeywordDelegatingMetaClass.invokeStaticMethod(CustomKeywordDelegatingMetaClass.java:50)
	at VerifyNoBrokenImageOnComicsPage.run(VerifyNoBrokenImageOnComicsPage:24)
	at com.kms.katalon.core.main.ScriptEngine.run(ScriptEngine.java:194)
	at com.kms.katalon.core.main.ScriptEngine.runScriptAsRawText(ScriptEngine.java:119)
	at com.kms.katalon.core.main.TestCaseExecutor.runScript(TestCaseExecutor.java:398)
	at com.kms.katalon.core.main.TestCaseExecutor.doExecute(TestCaseExecutor.java:389)
	at com.kms.katalon.core.main.TestCaseExecutor.processExecutionPhase(TestCaseExecutor.java:368)
	at com.kms.katalon.core.main.TestCaseExecutor.accessMainPhase(TestCaseExecutor.java:360)
	at com.kms.katalon.core.main.TestCaseExecutor.execute(TestCaseExecutor.java:255)
	at com.kms.katalon.core.main.TestSuiteExecutor.accessTestCaseMainPhase(TestSuiteExecutor.java:203)
	at com.kms.katalon.core.main.TestSuiteExecutor.accessTestSuiteMainPhase(TestSuiteExecutor.java:152)
	at com.kms.katalon.core.main.TestSuiteExecutor.execute(TestSuiteExecutor.java:95)
	at com.kms.katalon.core.main.TestCaseMain.startTestSuite(TestCaseMain.java:157)
	at com.kms.katalon.core.main.TestCaseMain$startTestSuite$0.call(Unknown Source)
	at TempTestSuite1616984865844.run(TempTestSuite1616984865844.groovy:39)
)
[[ATTACHMENT|D:\\Working\\AUTO\\KATAWEB\\popstestautomation\\POPSTestAutomation\\Reports\\20210329_092745\\POPS App\\POPSApp_DailySmoke\\20210329_092745\\1616984989729.png]]

2021-03-29 09:29:50 - [MESSAGE][PASSED] - Execute JavaScript 'window.scrollTo(0, document.body.scrollHeight)' successfully

2021-03-29 09:29:52 - [MESSAGE][PASSED] - Delayed 2 second(s)

2021-03-29 09:29:53 - [MESSAGE][WARNING] - Object 'Object Repository/POPS App UI/Footer/POPS_Logo_In_Footer' is present but is not visible in viewport (Root cause: com.kms.katalon.core.exception.StepFailedException: Object 'Object Repository/POPS App UI/Footer/POPS_Logo_In_Footer' is present but is not visible in viewport
	at com.kms.katalon.core.webui.keyword.internal.WebUIKeywordMain.stepFailed(WebUIKeywordMain.groovy:64)
	at com.kms.katalon.core.webui.keyword.builtin.VerifyElementVisibleInViewportKeyword$_verifyElementVisibleInViewport_closure1.doCall(VerifyElementVisibleInViewportKeyword.groovy:79)
	at com.kms.katalon.core.webui.keyword.builtin.VerifyElementVisibleInViewportKeyword$_verifyElementVisibleInViewport_closure1.call(VerifyElementVisibleInViewportKeyword.groovy)
	at com.kms.katalon.core.webui.keyword.internal.WebUIKeywordMain.runKeyword(WebUIKeywordMain.groovy:20)
	at com.kms.katalon.core.webui.keyword.builtin.VerifyElementVisibleInViewportKeyword.verifyElementVisibleInViewport(VerifyElementVisibleInViewportKeyword.groovy:86)
	at com.kms.katalon.core.webui.keyword.builtin.VerifyElementVisibleInViewportKeyword.execute(VerifyElementVisibleInViewportKeyword.groovy:68)
	at com.kms.katalon.core.keyword.internal.KeywordExecutor.executeKeywordForPlatform(KeywordExecutor.groovy:73)
	at com.kms.katalon.core.webui.keyword.WebUiBuiltInKeywords.verifyElementInViewport(WebUiBuiltInKeywords.groovy:4050)
	at com.kms.katalon.core.webui.keyword.WebUiBuiltInKeywords$verifyElementInViewport$3.call(Unknown Source)
	at commonActions.BaseActions.ScrollToFooter(BaseActions.groovy:44)
	at commonActions.BaseActions.invokeMethod(BaseActions.groovy)
	at com.kms.katalon.core.main.CustomKeywordDelegatingMetaClass.invokeStaticMethod(CustomKeywordDelegatingMetaClass.java:50)
	at VerifyNoBrokenImageOnComicsPage.run(VerifyNoBrokenImageOnComicsPage:24)
	at com.kms.katalon.core.main.ScriptEngine.run(ScriptEngine.java:194)
	at com.kms.katalon.core.main.ScriptEngine.runScriptAsRawText(ScriptEngine.java:119)
	at com.kms.katalon.core.main.TestCaseExecutor.runScript(TestCaseExecutor.java:398)
	at com.kms.katalon.core.main.TestCaseExecutor.doExecute(TestCaseExecutor.java:389)
	at com.kms.katalon.core.main.TestCaseExecutor.processExecutionPhase(TestCaseExecutor.java:368)
	at com.kms.katalon.core.main.TestCaseExecutor.accessMainPhase(TestCaseExecutor.java:360)
	at com.kms.katalon.core.main.TestCaseExecutor.execute(TestCaseExecutor.java:255)
	at com.kms.katalon.core.main.TestSuiteExecutor.accessTestCaseMainPhase(TestSuiteExecutor.java:203)
	at com.kms.katalon.core.main.TestSuiteExecutor.accessTestSuiteMainPhase(TestSuiteExecutor.java:152)
	at com.kms.katalon.core.main.TestSuiteExecutor.execute(TestSuiteExecutor.java:95)
	at com.kms.katalon.core.main.TestCaseMain.startTestSuite(TestCaseMain.java:157)
	at com.kms.katalon.core.main.TestCaseMain$startTestSuite$0.call(Unknown Source)
	at TempTestSuite1616984865844.run(TempTestSuite1616984865844.groovy:39)
)
[[ATTACHMENT|D:\\Working\\AUTO\\KATAWEB\\popstestautomation\\POPSTestAutomation\\Reports\\20210329_092745\\POPS App\\POPSApp_DailySmoke\\20210329_092745\\1616984992759.png]]

2021-03-29 09:29:53 - [MESSAGE][PASSED] - Execute JavaScript 'window.scrollTo(0, document.body.scrollHeight)' successfully

2021-03-29 09:29:55 - [MESSAGE][PASSED] - Delayed 2 second(s)

2021-03-29 09:29:56 - [MESSAGE][WARNING] - Object 'Object Repository/POPS App UI/Footer/POPS_Logo_In_Footer' is present but is not visible in viewport (Root cause: com.kms.katalon.core.exception.StepFailedException: Object 'Object Repository/POPS App UI/Footer/POPS_Logo_In_Footer' is present but is not visible in viewport
	at com.kms.katalon.core.webui.keyword.internal.WebUIKeywordMain.stepFailed(WebUIKeywordMain.groovy:64)
	at com.kms.katalon.core.webui.keyword.builtin.VerifyElementVisibleInViewportKeyword$_verifyElementVisibleInViewport_closure1.doCall(VerifyElementVisibleInViewportKeyword.groovy:79)
	at com.kms.katalon.core.webui.keyword.builtin.VerifyElementVisibleInViewportKeyword$_verifyElementVisibleInViewport_closure1.call(VerifyElementVisibleInViewportKeyword.groovy)
	at com.kms.katalon.core.webui.keyword.internal.WebUIKeywordMain.runKeyword(WebUIKeywordMain.groovy:20)
	at com.kms.katalon.core.webui.keyword.builtin.VerifyElementVisibleInViewportKeyword.verifyElementVisibleInViewport(VerifyElementVisibleInViewportKeyword.groovy:86)
	at com.kms.katalon.core.webui.keyword.builtin.VerifyElementVisibleInViewportKeyword.execute(VerifyElementVisibleInViewportKeyword.groovy:68)
	at com.kms.katalon.core.keyword.internal.KeywordExecutor.executeKeywordForPlatform(KeywordExecutor.groovy:73)
	at com.kms.katalon.core.webui.keyword.WebUiBuiltInKeywords.verifyElementInViewport(WebUiBuiltInKeywords.groovy:4050)
	at com.kms.katalon.core.webui.keyword.WebUiBuiltInKeywords$verifyElementInViewport$3.call(Unknown Source)
	at commonActions.BaseActions.ScrollToFooter(BaseActions.groovy:44)
	at commonActions.BaseActions.invokeMethod(BaseActions.groovy)
	at com.kms.katalon.core.main.CustomKeywordDelegatingMetaClass.invokeStaticMethod(CustomKeywordDelegatingMetaClass.java:50)
	at VerifyNoBrokenImageOnComicsPage.run(VerifyNoBrokenImageOnComicsPage:24)
	at com.kms.katalon.core.main.ScriptEngine.run(ScriptEngine.java:194)
	at com.kms.katalon.core.main.ScriptEngine.runScriptAsRawText(ScriptEngine.java:119)
	at com.kms.katalon.core.main.TestCaseExecutor.runScript(TestCaseExecutor.java:398)
	at com.kms.katalon.core.main.TestCaseExecutor.doExecute(TestCaseExecutor.java:389)
	at com.kms.katalon.core.main.TestCaseExecutor.processExecutionPhase(TestCaseExecutor.java:368)
	at com.kms.katalon.core.main.TestCaseExecutor.accessMainPhase(TestCaseExecutor.java:360)
	at com.kms.katalon.core.main.TestCaseExecutor.execute(TestCaseExecutor.java:255)
	at com.kms.katalon.core.main.TestSuiteExecutor.accessTestCaseMainPhase(TestSuiteExecutor.java:203)
	at com.kms.katalon.core.main.TestSuiteExecutor.accessTestSuiteMainPhase(TestSuiteExecutor.java:152)
	at com.kms.katalon.core.main.TestSuiteExecutor.execute(TestSuiteExecutor.java:95)
	at com.kms.katalon.core.main.TestCaseMain.startTestSuite(TestCaseMain.java:157)
	at com.kms.katalon.core.main.TestCaseMain$startTestSuite$0.call(Unknown Source)
	at TempTestSuite1616984865844.run(TempTestSuite1616984865844.groovy:39)
)
[[ATTACHMENT|D:\\Working\\AUTO\\KATAWEB\\popstestautomation\\POPSTestAutomation\\Reports\\20210329_092745\\POPS App\\POPSApp_DailySmoke\\20210329_092745\\1616984995749.png]]

2021-03-29 09:29:56 - [MESSAGE][PASSED] - Execute JavaScript 'window.scrollTo(0, document.body.scrollHeight)' successfully

2021-03-29 09:29:58 - [MESSAGE][PASSED] - Delayed 2 second(s)

2021-03-29 09:29:59 - [MESSAGE][WARNING] - Object 'Object Repository/POPS App UI/Footer/POPS_Logo_In_Footer' is present but is not visible in viewport (Root cause: com.kms.katalon.core.exception.StepFailedException: Object 'Object Repository/POPS App UI/Footer/POPS_Logo_In_Footer' is present but is not visible in viewport
	at com.kms.katalon.core.webui.keyword.internal.WebUIKeywordMain.stepFailed(WebUIKeywordMain.groovy:64)
	at com.kms.katalon.core.webui.keyword.builtin.VerifyElementVisibleInViewportKeyword$_verifyElementVisibleInViewport_closure1.doCall(VerifyElementVisibleInViewportKeyword.groovy:79)
	at com.kms.katalon.core.webui.keyword.builtin.VerifyElementVisibleInViewportKeyword$_verifyElementVisibleInViewport_closure1.call(VerifyElementVisibleInViewportKeyword.groovy)
	at com.kms.katalon.core.webui.keyword.internal.WebUIKeywordMain.runKeyword(WebUIKeywordMain.groovy:20)
	at com.kms.katalon.core.webui.keyword.builtin.VerifyElementVisibleInViewportKeyword.verifyElementVisibleInViewport(VerifyElementVisibleInViewportKeyword.groovy:86)
	at com.kms.katalon.core.webui.keyword.builtin.VerifyElementVisibleInViewportKeyword.execute(VerifyElementVisibleInViewportKeyword.groovy:68)
	at com.kms.katalon.core.keyword.internal.KeywordExecutor.executeKeywordForPlatform(KeywordExecutor.groovy:73)
	at com.kms.katalon.core.webui.keyword.WebUiBuiltInKeywords.verifyElementInViewport(WebUiBuiltInKeywords.groovy:4050)
	at com.kms.katalon.core.webui.keyword.WebUiBuiltInKeywords$verifyElementInViewport$3.call(Unknown Source)
	at commonActions.BaseActions.ScrollToFooter(BaseActions.groovy:44)
	at commonActions.BaseActions.invokeMethod(BaseActions.groovy)
	at com.kms.katalon.core.main.CustomKeywordDelegatingMetaClass.invokeStaticMethod(CustomKeywordDelegatingMetaClass.java:50)
	at VerifyNoBrokenImageOnComicsPage.run(VerifyNoBrokenImageOnComicsPage:24)
	at com.kms.katalon.core.main.ScriptEngine.run(ScriptEngine.java:194)
	at com.kms.katalon.core.main.ScriptEngine.runScriptAsRawText(ScriptEngine.java:119)
	at com.kms.katalon.core.main.TestCaseExecutor.runScript(TestCaseExecutor.java:398)
	at com.kms.katalon.core.main.TestCaseExecutor.doExecute(TestCaseExecutor.java:389)
	at com.kms.katalon.core.main.TestCaseExecutor.processExecutionPhase(TestCaseExecutor.java:368)
	at com.kms.katalon.core.main.TestCaseExecutor.accessMainPhase(TestCaseExecutor.java:360)
	at com.kms.katalon.core.main.TestCaseExecutor.execute(TestCaseExecutor.java:255)
	at com.kms.katalon.core.main.TestSuiteExecutor.accessTestCaseMainPhase(TestSuiteExecutor.java:203)
	at com.kms.katalon.core.main.TestSuiteExecutor.accessTestSuiteMainPhase(TestSuiteExecutor.java:152)
	at com.kms.katalon.core.main.TestSuiteExecutor.execute(TestSuiteExecutor.java:95)
	at com.kms.katalon.core.main.TestCaseMain.startTestSuite(TestCaseMain.java:157)
	at com.kms.katalon.core.main.TestCaseMain$startTestSuite$0.call(Unknown Source)
	at TempTestSuite1616984865844.run(TempTestSuite1616984865844.groovy:39)
)
[[ATTACHMENT|D:\\Working\\AUTO\\KATAWEB\\popstestautomation\\POPSTestAutomation\\Reports\\20210329_092745\\POPS App\\POPSApp_DailySmoke\\20210329_092745\\1616984998794.png]]

2021-03-29 09:29:59 - [MESSAGE][PASSED] - Execute JavaScript 'window.scrollTo(0, document.body.scrollHeight)' successfully

2021-03-29 09:30:01 - [MESSAGE][PASSED] - Delayed 2 second(s)

2021-03-29 09:30:04 - [MESSAGE][WARNING] - Object 'Object Repository/POPS App UI/Footer/POPS_Logo_In_Footer' is present but is not visible in viewport (Root cause: com.kms.katalon.core.exception.StepFailedException: Object 'Object Repository/POPS App UI/Footer/POPS_Logo_In_Footer' is present but is not visible in viewport
	at com.kms.katalon.core.webui.keyword.internal.WebUIKeywordMain.stepFailed(WebUIKeywordMain.groovy:64)
	at com.kms.katalon.core.webui.keyword.builtin.VerifyElementVisibleInViewportKeyword$_verifyElementVisibleInViewport_closure1.doCall(VerifyElementVisibleInViewportKeyword.groovy:79)
	at com.kms.katalon.core.webui.keyword.builtin.VerifyElementVisibleInViewportKeyword$_verifyElementVisibleInViewport_closure1.call(VerifyElementVisibleInViewportKeyword.groovy)
	at com.kms.katalon.core.webui.keyword.internal.WebUIKeywordMain.runKeyword(WebUIKeywordMain.groovy:20)
	at com.kms.katalon.core.webui.keyword.builtin.VerifyElementVisibleInViewportKeyword.verifyElementVisibleInViewport(VerifyElementVisibleInViewportKeyword.groovy:86)
	at com.kms.katalon.core.webui.keyword.builtin.VerifyElementVisibleInViewportKeyword.execute(VerifyElementVisibleInViewportKeyword.groovy:68)
	at com.kms.katalon.core.keyword.internal.KeywordExecutor.executeKeywordForPlatform(KeywordExecutor.groovy:73)
	at com.kms.katalon.core.webui.keyword.WebUiBuiltInKeywords.verifyElementInViewport(WebUiBuiltInKeywords.groovy:4050)
	at com.kms.katalon.core.webui.keyword.WebUiBuiltInKeywords$verifyElementInViewport$3.call(Unknown Source)
	at commonActions.BaseActions.ScrollToFooter(BaseActions.groovy:44)
	at commonActions.BaseActions.invokeMethod(BaseActions.groovy)
	at com.kms.katalon.core.main.CustomKeywordDelegatingMetaClass.invokeStaticMethod(CustomKeywordDelegatingMetaClass.java:50)
	at VerifyNoBrokenImageOnComicsPage.run(VerifyNoBrokenImageOnComicsPage:24)
	at com.kms.katalon.core.main.ScriptEngine.run(ScriptEngine.java:194)
	at com.kms.katalon.core.main.ScriptEngine.runScriptAsRawText(ScriptEngine.java:119)
	at com.kms.katalon.core.main.TestCaseExecutor.runScript(TestCaseExecutor.java:398)
	at com.kms.katalon.core.main.TestCaseExecutor.doExecute(TestCaseExecutor.java:389)
	at com.kms.katalon.core.main.TestCaseExecutor.processExecutionPhase(TestCaseExecutor.java:368)
	at com.kms.katalon.core.main.TestCaseExecutor.accessMainPhase(TestCaseExecutor.java:360)
	at com.kms.katalon.core.main.TestCaseExecutor.execute(TestCaseExecutor.java:255)
	at com.kms.katalon.core.main.TestSuiteExecutor.accessTestCaseMainPhase(TestSuiteExecutor.java:203)
	at com.kms.katalon.core.main.TestSuiteExecutor.accessTestSuiteMainPhase(TestSuiteExecutor.java:152)
	at com.kms.katalon.core.main.TestSuiteExecutor.execute(TestSuiteExecutor.java:95)
	at com.kms.katalon.core.main.TestCaseMain.startTestSuite(TestCaseMain.java:157)
	at com.kms.katalon.core.main.TestCaseMain$startTestSuite$0.call(Unknown Source)
	at TempTestSuite1616984865844.run(TempTestSuite1616984865844.groovy:39)
)
[[ATTACHMENT|D:\\Working\\AUTO\\KATAWEB\\popstestautomation\\POPSTestAutomation\\Reports\\20210329_092745\\POPS App\\POPSApp_DailySmoke\\20210329_092745\\1616985004180.png]]

2021-03-29 09:30:05 - [MESSAGE][PASSED] - Execute JavaScript 'window.scrollTo(0, document.body.scrollHeight)' successfully

2021-03-29 09:30:07 - [MESSAGE][PASSED] - Delayed 2 second(s)

2021-03-29 09:30:07 - [MESSAGE][PASSED] - Object 'Object Repository/POPS App UI/Footer/POPS_Logo_In_Footer' is present and visible in viewport

2021-03-29 09:30:07 - [MESSAGE][PASSED] - commonActions.BaseActions.ScrollToFooter is PASSED

2021-03-29 09:30:07 - [TEST_STEP][FAILED] - commonActions.PageActions.verifyLinksOnPage(): java.lang.AssertionError: Failed at https://vnw-img-cdn.popsww.com/api/v2/containers/file2/Truy%E1%BB%87n%20ph%C3%A1t%20h%C3%A0nh%20th%E1%BB%A9%203%20h%C3%A0ng%20tu%E1%BA%A7n!:/html[1]/body[1]/div[1]/main[1]/div[1]/div[26]/div[1]/div[1]/div[15]/div[1]/div[1]/a[1]/div[1]/img[1] expected [true] but found [false]

2021-03-29 09:30:07 - [MESSAGE][INFO] - HAR: D:\Working\AUTO\KATAWEB\popstestautomation\POPSTestAutomation\Reports\20210329_092745\POPS App\POPSApp_DailySmoke\20210329_092745\requests\main\295.har

2021-03-29 09:30:07 - [MESSAGE][PASSED] - Send request successfully

2021-03-29 09:30:07 - [MESSAGE][INFO] - HAR: D:\Working\AUTO\KATAWEB\popstestautomation\POPSTestAutomation\Reports\20210329_092745\POPS App\POPSApp_DailySmoke\20210329_092745\requests\main\296.har

2021-03-29 09:30:07 - [MESSAGE][PASSED] - Send request successfully

2021-03-29 09:30:07 - [MESSAGE][INFO] - HAR: D:\Working\AUTO\KATAWEB\popstestautomation\POPSTestAutomation\Reports\20210329_092745\POPS App\POPSApp_DailySmoke\20210329_092745\requests\main\297.har

2021-03-29 09:30:07 - [MESSAGE][PASSED] - Send request successfully

2021-03-29 09:30:08 - [MESSAGE][INFO] - HAR: D:\Working\AUTO\KATAWEB\popstestautomation\POPSTestAutomation\Reports\20210329_092745\POPS App\POPSApp_DailySmoke\20210329_092745\requests\main\298.har

2021-03-29 09:30:08 - [MESSAGE][PASSED] - Send request successfully

2021-03-29 09:30:08 - [MESSAGE][INFO] - HAR: D:\Working\AUTO\KATAWEB\popstestautomation\POPSTestAutomation\Reports\20210329_092745\POPS App\POPSApp_DailySmoke\20210329_092745\requests\main\299.har

2021-03-29 09:30:08 - [MESSAGE][PASSED] - Send request successfully

2021-03-29 09:30:08 - [MESSAGE][INFO] - HAR: D:\Working\AUTO\KATAWEB\popstestautomation\POPSTestAutomation\Reports\20210329_092745\POPS App\POPSApp_DailySmoke\20210329_092745\requests\main\300.har

2021-03-29 09:30:08 - [MESSAGE][PASSED] - Send request successfully

2021-03-29 09:30:08 - [MESSAGE][INFO] - HAR: D:\Working\AUTO\KATAWEB\popstestautomation\POPSTestAutomation\Reports\20210329_092745\POPS App\POPSApp_DailySmoke\20210329_092745\requests\main\301.har

2021-03-29 09:30:08 - [MESSAGE][PASSED] - Send request successfully

2021-03-29 09:30:09 - [MESSAGE][INFO] - HAR: D:\Working\AUTO\KATAWEB\popstestautomation\POPSTestAutomation\Reports\20210329_092745\POPS App\POPSApp_DailySmoke\20210329_092745\requests\main\302.har

2021-03-29 09:30:09 - [MESSAGE][PASSED] - Send request successfully

2021-03-29 09:30:09 - [MESSAGE][INFO] - HAR: D:\Working\AUTO\KATAWEB\popstestautomation\POPSTestAutomation\Reports\20210329_092745\POPS App\POPSApp_DailySmoke\20210329_092745\requests\main\303.har

2021-03-29 09:30:09 - [MESSAGE][PASSED] - Send request successfully

2021-03-29 09:30:10 - [MESSAGE][INFO] - HAR: D:\Working\AUTO\KATAWEB\popstestautomation\POPSTestAutomation\Reports\20210329_092745\POPS App\POPSApp_DailySmoke\20210329_092745\requests\main\304.har

2021-03-29 09:30:10 - [MESSAGE][PASSED] - Send request successfully

2021-03-29 09:30:10 - [MESSAGE][INFO] - HAR: D:\Working\AUTO\KATAWEB\popstestautomation\POPSTestAutomation\Reports\20210329_092745\POPS App\POPSApp_DailySmoke\20210329_092745\requests\main\305.har

2021-03-29 09:30:10 - [MESSAGE][PASSED] - Send request successfully

2021-03-29 09:30:10 - [MESSAGE][INFO] - HAR: D:\Working\AUTO\KATAWEB\popstestautomation\POPSTestAutomation\Reports\20210329_092745\POPS App\POPSApp_DailySmoke\20210329_092745\requests\main\306.har

2021-03-29 09:30:10 - [MESSAGE][PASSED] - Send request successfully

2021-03-29 09:30:10 - [MESSAGE][INFO] - HAR: D:\Working\AUTO\KATAWEB\popstestautomation\POPSTestAutomation\Reports\20210329_092745\POPS App\POPSApp_DailySmoke\20210329_092745\requests\main\307.har

2021-03-29 09:30:10 - [MESSAGE][PASSED] - Send request successfully

2021-03-29 09:30:10 - [MESSAGE][INFO] - HAR: D:\Working\AUTO\KATAWEB\popstestautomation\POPSTestAutomation\Reports\20210329_092745\POPS App\POPSApp_DailySmoke\20210329_092745\requests\main\308.har

2021-03-29 09:30:10 - [MESSAGE][PASSED] - Send request successfully

2021-03-29 09:30:10 - [MESSAGE][INFO] - HAR: D:\Working\AUTO\KATAWEB\popstestautomation\POPSTestAutomation\Reports\20210329_092745\POPS App\POPSApp_DailySmoke\20210329_092745\requests\main\309.har

2021-03-29 09:30:10 - [MESSAGE][PASSED] - Send request successfully

2021-03-29 09:30:10 - [MESSAGE][INFO] - HAR: D:\Working\AUTO\KATAWEB\popstestautomation\POPSTestAutomation\Reports\20210329_092745\POPS App\POPSApp_DailySmoke\20210329_092745\requests\main\310.har

2021-03-29 09:30:10 - [MESSAGE][PASSED] - Send request successfully

2021-03-29 09:30:10 - [MESSAGE][INFO] - HAR: D:\Working\AUTO\KATAWEB\popstestautomation\POPSTestAutomation\Reports\20210329_092745\POPS App\POPSApp_DailySmoke\20210329_092745\requests\main\311.har

2021-03-29 09:30:10 - [MESSAGE][PASSED] - Send request successfully

2021-03-29 09:30:10 - [MESSAGE][INFO] - HAR: D:\Working\AUTO\KATAWEB\popstestautomation\POPSTestAutomation\Reports\20210329_092745\POPS App\POPSApp_DailySmoke\20210329_092745\requests\main\312.har

2021-03-29 09:30:10 - [MESSAGE][PASSED] - Send request successfully

2021-03-29 09:30:10 - [MESSAGE][INFO] - HAR: D:\Working\AUTO\KATAWEB\popstestautomation\POPSTestAutomation\Reports\20210329_092745\POPS App\POPSApp_DailySmoke\20210329_092745\requests\main\313.har

2021-03-29 09:30:10 - [MESSAGE][PASSED] - Send request successfully

2021-03-29 09:30:10 - [MESSAGE][INFO] - HAR: D:\Working\AUTO\KATAWEB\popstestautomation\POPSTestAutomation\Reports\20210329_092745\POPS App\POPSApp_DailySmoke\20210329_092745\requests\main\314.har

2021-03-29 09:30:10 - [MESSAGE][PASSED] - Send request successfully

2021-03-29 09:30:11 - [MESSAGE][INFO] - HAR: D:\Working\AUTO\KATAWEB\popstestautomation\POPSTestAutomation\Reports\20210329_092745\POPS App\POPSApp_DailySmoke\20210329_092745\requests\main\315.har

2021-03-29 09:30:11 - [MESSAGE][PASSED] - Send request successfully

2021-03-29 09:30:11 - [MESSAGE][INFO] - HAR: D:\Working\AUTO\KATAWEB\popstestautomation\POPSTestAutomation\Reports\20210329_092745\POPS App\POPSApp_DailySmoke\20210329_092745\requests\main\316.har

2021-03-29 09:30:11 - [MESSAGE][PASSED] - Send request successfully

2021-03-29 09:30:11 - [MESSAGE][INFO] - HAR: D:\Working\AUTO\KATAWEB\popstestautomation\POPSTestAutomation\Reports\20210329_092745\POPS App\POPSApp_DailySmoke\20210329_092745\requests\main\317.har

2021-03-29 09:30:11 - [MESSAGE][PASSED] - Send request successfully

2021-03-29 09:30:11 - [MESSAGE][INFO] - HAR: D:\Working\AUTO\KATAWEB\popstestautomation\POPSTestAutomation\Reports\20210329_092745\POPS App\POPSApp_DailySmoke\20210329_092745\requests\main\318.har

2021-03-29 09:30:11 - [MESSAGE][PASSED] - Send request successfully

2021-03-29 09:30:11 - [MESSAGE][INFO] - HAR: D:\Working\AUTO\KATAWEB\popstestautomation\POPSTestAutomation\Reports\20210329_092745\POPS App\POPSApp_DailySmoke\20210329_092745\requests\main\319.har

2021-03-29 09:30:11 - [MESSAGE][PASSED] - Send request successfully

2021-03-29 09:30:11 - [MESSAGE][INFO] - HAR: D:\Working\AUTO\KATAWEB\popstestautomation\POPSTestAutomation\Reports\20210329_092745\POPS App\POPSApp_DailySmoke\20210329_092745\requests\main\320.har

2021-03-29 09:30:11 - [MESSAGE][PASSED] - Send request successfully

2021-03-29 09:30:12 - [MESSAGE][INFO] - HAR: D:\Working\AUTO\KATAWEB\popstestautomation\POPSTestAutomation\Reports\20210329_092745\POPS App\POPSApp_DailySmoke\20210329_092745\requests\main\321.har

2021-03-29 09:30:12 - [MESSAGE][PASSED] - Send request successfully

2021-03-29 09:30:12 - [MESSAGE][INFO] - HAR: D:\Working\AUTO\KATAWEB\popstestautomation\POPSTestAutomation\Reports\20210329_092745\POPS App\POPSApp_DailySmoke\20210329_092745\requests\main\322.har

2021-03-29 09:30:12 - [MESSAGE][PASSED] - Send request successfully

2021-03-29 09:30:12 - [MESSAGE][INFO] - HAR: D:\Working\AUTO\KATAWEB\popstestautomation\POPSTestAutomation\Reports\20210329_092745\POPS App\POPSApp_DailySmoke\20210329_092745\requests\main\323.har

2021-03-29 09:30:12 - [MESSAGE][PASSED] - Send request successfully

2021-03-29 09:30:12 - [MESSAGE][INFO] - HAR: D:\Working\AUTO\KATAWEB\popstestautomation\POPSTestAutomation\Reports\20210329_092745\POPS App\POPSApp_DailySmoke\20210329_092745\requests\main\324.har

2021-03-29 09:30:12 - [MESSAGE][PASSED] - Send request successfully

2021-03-29 09:30:12 - [MESSAGE][INFO] - HAR: D:\Working\AUTO\KATAWEB\popstestautomation\POPSTestAutomation\Reports\20210329_092745\POPS App\POPSApp_DailySmoke\20210329_092745\requests\main\325.har

2021-03-29 09:30:12 - [MESSAGE][PASSED] - Send request successfully

2021-03-29 09:30:12 - [MESSAGE][INFO] - HAR: D:\Working\AUTO\KATAWEB\popstestautomation\POPSTestAutomation\Reports\20210329_092745\POPS App\POPSApp_DailySmoke\20210329_092745\requests\main\326.har

2021-03-29 09:30:12 - [MESSAGE][PASSED] - Send request successfully

2021-03-29 09:30:12 - [MESSAGE][INFO] - HAR: D:\Working\AUTO\KATAWEB\popstestautomation\POPSTestAutomation\Reports\20210329_092745\POPS App\POPSApp_DailySmoke\20210329_092745\requests\main\327.har

2021-03-29 09:30:12 - [MESSAGE][PASSED] - Send request successfully

2021-03-29 09:30:12 - [MESSAGE][INFO] - HAR: D:\Working\AUTO\KATAWEB\popstestautomation\POPSTestAutomation\Reports\20210329_092745\POPS App\POPSApp_DailySmoke\20210329_092745\requests\main\328.har

2021-03-29 09:30:12 - [MESSAGE][PASSED] - Send request successfully

2021-03-29 09:30:12 - [MESSAGE][INFO] - HAR: D:\Working\AUTO\KATAWEB\popstestautomation\POPSTestAutomation\Reports\20210329_092745\POPS App\POPSApp_DailySmoke\20210329_092745\requests\main\329.har

2021-03-29 09:30:12 - [MESSAGE][PASSED] - Send request successfully

2021-03-29 09:30:13 - [MESSAGE][INFO] - HAR: D:\Working\AUTO\KATAWEB\popstestautomation\POPSTestAutomation\Reports\20210329_092745\POPS App\POPSApp_DailySmoke\20210329_092745\requests\main\330.har

2021-03-29 09:30:13 - [MESSAGE][PASSED] - Send request successfully

2021-03-29 09:30:13 - [MESSAGE][INFO] - HAR: D:\Working\AUTO\KATAWEB\popstestautomation\POPSTestAutomation\Reports\20210329_092745\POPS App\POPSApp_DailySmoke\20210329_092745\requests\main\331.har

2021-03-29 09:30:13 - [MESSAGE][PASSED] - Send request successfully

2021-03-29 09:30:13 - [MESSAGE][INFO] - HAR: D:\Working\AUTO\KATAWEB\popstestautomation\POPSTestAutomation\Reports\20210329_092745\POPS App\POPSApp_DailySmoke\20210329_092745\requests\main\332.har

2021-03-29 09:30:13 - [MESSAGE][PASSED] - Send request successfully

2021-03-29 09:30:13 - [MESSAGE][INFO] - HAR: D:\Working\AUTO\KATAWEB\popstestautomation\POPSTestAutomation\Reports\20210329_092745\POPS App\POPSApp_DailySmoke\20210329_092745\requests\main\333.har

2021-03-29 09:30:13 - [MESSAGE][PASSED] - Send request successfully

2021-03-29 09:30:13 - [MESSAGE][INFO] - HAR: D:\Working\AUTO\KATAWEB\popstestautomation\POPSTestAutomation\Reports\20210329_092745\POPS App\POPSApp_DailySmoke\20210329_092745\requests\main\334.har

2021-03-29 09:30:13 - [MESSAGE][PASSED] - Send request successfully

2021-03-29 09:30:14 - [MESSAGE][INFO] - HAR: D:\Working\AUTO\KATAWEB\popstestautomation\POPSTestAutomation\Reports\20210329_092745\POPS App\POPSApp_DailySmoke\20210329_092745\requests\main\335.har

2021-03-29 09:30:14 - [MESSAGE][PASSED] - Send request successfully

2021-03-29 09:30:14 - [MESSAGE][INFO] - HAR: D:\Working\AUTO\KATAWEB\popstestautomation\POPSTestAutomation\Reports\20210329_092745\POPS App\POPSApp_DailySmoke\20210329_092745\requests\main\336.har

2021-03-29 09:30:14 - [MESSAGE][PASSED] - Send request successfully

2021-03-29 09:30:14 - [MESSAGE][INFO] - HAR: D:\Working\AUTO\KATAWEB\popstestautomation\POPSTestAutomation\Reports\20210329_092745\POPS App\POPSApp_DailySmoke\20210329_092745\requests\main\337.har

2021-03-29 09:30:14 - [MESSAGE][PASSED] - Send request successfully

2021-03-29 09:30:14 - [MESSAGE][INFO] - HAR: D:\Working\AUTO\KATAWEB\popstestautomation\POPSTestAutomation\Reports\20210329_092745\POPS App\POPSApp_DailySmoke\20210329_092745\requests\main\338.har

2021-03-29 09:30:14 - [MESSAGE][PASSED] - Send request successfully

2021-03-29 09:30:14 - [MESSAGE][INFO] - HAR: D:\Working\AUTO\KATAWEB\popstestautomation\POPSTestAutomation\Reports\20210329_092745\POPS App\POPSApp_DailySmoke\20210329_092745\requests\main\339.har

2021-03-29 09:30:14 - [MESSAGE][PASSED] - Send request successfully

2021-03-29 09:30:14 - [MESSAGE][INFO] - HAR: D:\Working\AUTO\KATAWEB\popstestautomation\POPSTestAutomation\Reports\20210329_092745\POPS App\POPSApp_DailySmoke\20210329_092745\requests\main\340.har

2021-03-29 09:30:14 - [MESSAGE][PASSED] - Send request successfully

2021-03-29 09:30:14 - [MESSAGE][INFO] - HAR: D:\Working\AUTO\KATAWEB\popstestautomation\POPSTestAutomation\Reports\20210329_092745\POPS App\POPSApp_DailySmoke\20210329_092745\requests\main\341.har

2021-03-29 09:30:14 - [MESSAGE][PASSED] - Send request successfully

2021-03-29 09:30:14 - [MESSAGE][INFO] - HAR: D:\Working\AUTO\KATAWEB\popstestautomation\POPSTestAutomation\Reports\20210329_092745\POPS App\POPSApp_DailySmoke\20210329_092745\requests\main\342.har

2021-03-29 09:30:14 - [MESSAGE][PASSED] - Send request successfully

2021-03-29 09:30:14 - [MESSAGE][INFO] - HAR: D:\Working\AUTO\KATAWEB\popstestautomation\POPSTestAutomation\Reports\20210329_092745\POPS App\POPSApp_DailySmoke\20210329_092745\requests\main\343.har

2021-03-29 09:30:14 - [MESSAGE][PASSED] - Send request successfully

2021-03-29 09:30:14 - [MESSAGE][INFO] - HAR: D:\Working\AUTO\KATAWEB\popstestautomation\POPSTestAutomation\Reports\20210329_092745\POPS App\POPSApp_DailySmoke\20210329_092745\requests\main\344.har

2021-03-29 09:30:14 - [MESSAGE][PASSED] - Send request successfully

2021-03-29 09:30:14 - [MESSAGE][INFO] - HAR: D:\Working\AUTO\KATAWEB\popstestautomation\POPSTestAutomation\Reports\20210329_092745\POPS App\POPSApp_DailySmoke\20210329_092745\requests\main\345.har

2021-03-29 09:30:14 - [MESSAGE][PASSED] - Send request successfully

2021-03-29 09:30:14 - [MESSAGE][INFO] - HAR: D:\Working\AUTO\KATAWEB\popstestautomation\POPSTestAutomation\Reports\20210329_092745\POPS App\POPSApp_DailySmoke\20210329_092745\requests\main\346.har

2021-03-29 09:30:14 - [MESSAGE][PASSED] - Send request successfully

2021-03-29 09:30:15 - [MESSAGE][INFO] - HAR: D:\Working\AUTO\KATAWEB\popstestautomation\POPSTestAutomation\Reports\20210329_092745\POPS App\POPSApp_DailySmoke\20210329_092745\requests\main\347.har

2021-03-29 09:30:15 - [MESSAGE][PASSED] - Send request successfully

2021-03-29 09:30:15 - [MESSAGE][INFO] - HAR: D:\Working\AUTO\KATAWEB\popstestautomation\POPSTestAutomation\Reports\20210329_092745\POPS App\POPSApp_DailySmoke\20210329_092745\requests\main\348.har

2021-03-29 09:30:15 - [MESSAGE][PASSED] - Send request successfully

2021-03-29 09:30:15 - [MESSAGE][INFO] - HAR: D:\Working\AUTO\KATAWEB\popstestautomation\POPSTestAutomation\Reports\20210329_092745\POPS App\POPSApp_DailySmoke\20210329_092745\requests\main\349.har

2021-03-29 09:30:15 - [MESSAGE][PASSED] - Send request successfully

2021-03-29 09:30:15 - [MESSAGE][INFO] - HAR: D:\Working\AUTO\KATAWEB\popstestautomation\POPSTestAutomation\Reports\20210329_092745\POPS App\POPSApp_DailySmoke\20210329_092745\requests\main\350.har

2021-03-29 09:30:15 - [MESSAGE][PASSED] - Send request successfully

2021-03-29 09:30:15 - [MESSAGE][INFO] - HAR: D:\Working\AUTO\KATAWEB\popstestautomation\POPSTestAutomation\Reports\20210329_092745\POPS App\POPSApp_DailySmoke\20210329_092745\requests\main\351.har

2021-03-29 09:30:15 - [MESSAGE][PASSED] - Send request successfully

2021-03-29 09:30:15 - [MESSAGE][INFO] - HAR: D:\Working\AUTO\KATAWEB\popstestautomation\POPSTestAutomation\Reports\20210329_092745\POPS App\POPSApp_DailySmoke\20210329_092745\requests\main\352.har

2021-03-29 09:30:15 - [MESSAGE][PASSED] - Send request successfully

2021-03-29 09:30:15 - [MESSAGE][INFO] - HAR: D:\Working\AUTO\KATAWEB\popstestautomation\POPSTestAutomation\Reports\20210329_092745\POPS App\POPSApp_DailySmoke\20210329_092745\requests\main\353.har

2021-03-29 09:30:15 - [MESSAGE][PASSED] - Send request successfully

2021-03-29 09:30:15 - [MESSAGE][INFO] - HAR: D:\Working\AUTO\KATAWEB\popstestautomation\POPSTestAutomation\Reports\20210329_092745\POPS App\POPSApp_DailySmoke\20210329_092745\requests\main\354.har

2021-03-29 09:30:15 - [MESSAGE][PASSED] - Send request successfully

2021-03-29 09:30:22 - [MESSAGE][INFO] - HAR: D:\Working\AUTO\KATAWEB\popstestautomation\POPSTestAutomation\Reports\20210329_092745\POPS App\POPSApp_DailySmoke\20210329_092745\requests\main\355.har

2021-03-29 09:30:22 - [MESSAGE][PASSED] - Send request successfully

2021-03-29 09:30:22 - [MESSAGE][INFO] - HAR: D:\Working\AUTO\KATAWEB\popstestautomation\POPSTestAutomation\Reports\20210329_092745\POPS App\POPSApp_DailySmoke\20210329_092745\requests\main\356.har

2021-03-29 09:30:22 - [MESSAGE][PASSED] - Send request successfully

2021-03-29 09:30:22 - [MESSAGE][INFO] - HAR: D:\Working\AUTO\KATAWEB\popstestautomation\POPSTestAutomation\Reports\20210329_092745\POPS App\POPSApp_DailySmoke\20210329_092745\requests\main\357.har

2021-03-29 09:30:22 - [MESSAGE][PASSED] - Send request successfully

2021-03-29 09:30:22 - [MESSAGE][INFO] - HAR: D:\Working\AUTO\KATAWEB\popstestautomation\POPSTestAutomation\Reports\20210329_092745\POPS App\POPSApp_DailySmoke\20210329_092745\requests\main\358.har

2021-03-29 09:30:22 - [MESSAGE][PASSED] - Send request successfully

2021-03-29 09:30:22 - [MESSAGE][INFO] - HAR: D:\Working\AUTO\KATAWEB\popstestautomation\POPSTestAutomation\Reports\20210329_092745\POPS App\POPSApp_DailySmoke\20210329_092745\requests\main\359.har

2021-03-29 09:30:22 - [MESSAGE][PASSED] - Send request successfully

2021-03-29 09:30:22 - [MESSAGE][INFO] - HAR: D:\Working\AUTO\KATAWEB\popstestautomation\POPSTestAutomation\Reports\20210329_092745\POPS App\POPSApp_DailySmoke\20210329_092745\requests\main\360.har

2021-03-29 09:30:22 - [MESSAGE][PASSED] - Send request successfully

2021-03-29 09:30:22 - [MESSAGE][INFO] - HAR: D:\Working\AUTO\KATAWEB\popstestautomation\POPSTestAutomation\Reports\20210329_092745\POPS App\POPSApp_DailySmoke\20210329_092745\requests\main\361.har

2021-03-29 09:30:22 - [MESSAGE][PASSED] - Send request successfully

2021-03-29 09:30:22 - [MESSAGE][INFO] - HAR: D:\Working\AUTO\KATAWEB\popstestautomation\POPSTestAutomation\Reports\20210329_092745\POPS App\POPSApp_DailySmoke\20210329_092745\requests\main\362.har

2021-03-29 09:30:22 - [MESSAGE][PASSED] - Send request successfully

2021-03-29 09:30:22 - [MESSAGE][INFO] - HAR: D:\Working\AUTO\KATAWEB\popstestautomation\POPSTestAutomation\Reports\20210329_092745\POPS App\POPSApp_DailySmoke\20210329_092745\requests\main\363.har

2021-03-29 09:30:22 - [MESSAGE][PASSED] - Send request successfully

2021-03-29 09:30:23 - [MESSAGE][INFO] - HAR: D:\Working\AUTO\KATAWEB\popstestautomation\POPSTestAutomation\Reports\20210329_092745\POPS App\POPSApp_DailySmoke\20210329_092745\requests\main\364.har

2021-03-29 09:30:23 - [MESSAGE][PASSED] - Send request successfully

2021-03-29 09:30:23 - [MESSAGE][INFO] - HAR: D:\Working\AUTO\KATAWEB\popstestautomation\POPSTestAutomation\Reports\20210329_092745\POPS App\POPSApp_DailySmoke\20210329_092745\requests\main\365.har

2021-03-29 09:30:23 - [MESSAGE][PASSED] - Send request successfully

2021-03-29 09:30:23 - [MESSAGE][INFO] - HAR: D:\Working\AUTO\KATAWEB\popstestautomation\POPSTestAutomation\Reports\20210329_092745\POPS App\POPSApp_DailySmoke\20210329_092745\requests\main\366.har

2021-03-29 09:30:23 - [MESSAGE][PASSED] - Send request successfully

2021-03-29 09:30:23 - [MESSAGE][INFO] - HAR: D:\Working\AUTO\KATAWEB\popstestautomation\POPSTestAutomation\Reports\20210329_092745\POPS App\POPSApp_DailySmoke\20210329_092745\requests\main\367.har

2021-03-29 09:30:23 - [MESSAGE][PASSED] - Send request successfully

2021-03-29 09:30:23 - [MESSAGE][INFO] - HAR: D:\Working\AUTO\KATAWEB\popstestautomation\POPSTestAutomation\Reports\20210329_092745\POPS App\POPSApp_DailySmoke\20210329_092745\requests\main\368.har

2021-03-29 09:30:23 - [MESSAGE][PASSED] - Send request successfully

2021-03-29 09:30:23 - [MESSAGE][INFO] - HAR: D:\Working\AUTO\KATAWEB\popstestautomation\POPSTestAutomation\Reports\20210329_092745\POPS App\POPSApp_DailySmoke\20210329_092745\requests\main\369.har

2021-03-29 09:30:23 - [MESSAGE][PASSED] - Send request successfully

2021-03-29 09:30:23 - [MESSAGE][INFO] - HAR: D:\Working\AUTO\KATAWEB\popstestautomation\POPSTestAutomation\Reports\20210329_092745\POPS App\POPSApp_DailySmoke\20210329_092745\requests\main\370.har

2021-03-29 09:30:23 - [MESSAGE][PASSED] - Send request successfully

2021-03-29 09:30:23 - [MESSAGE][INFO] - HAR: D:\Working\AUTO\KATAWEB\popstestautomation\POPSTestAutomation\Reports\20210329_092745\POPS App\POPSApp_DailySmoke\20210329_092745\requests\main\371.har

2021-03-29 09:30:23 - [MESSAGE][PASSED] - Send request successfully

2021-03-29 09:30:23 - [MESSAGE][INFO] - HAR: D:\Working\AUTO\KATAWEB\popstestautomation\POPSTestAutomation\Reports\20210329_092745\POPS App\POPSApp_DailySmoke\20210329_092745\requests\main\372.har

2021-03-29 09:30:23 - [MESSAGE][PASSED] - Send request successfully

2021-03-29 09:30:23 - [MESSAGE][INFO] - HAR: D:\Working\AUTO\KATAWEB\popstestautomation\POPSTestAutomation\Reports\20210329_092745\POPS App\POPSApp_DailySmoke\20210329_092745\requests\main\373.har

2021-03-29 09:30:23 - [MESSAGE][PASSED] - Send request successfully

2021-03-29 09:30:23 - [MESSAGE][INFO] - HAR: D:\Working\AUTO\KATAWEB\popstestautomation\POPSTestAutomation\Reports\20210329_092745\POPS App\POPSApp_DailySmoke\20210329_092745\requests\main\374.har

2021-03-29 09:30:23 - [MESSAGE][PASSED] - Send request successfully

2021-03-29 09:30:23 - [MESSAGE][INFO] - HAR: D:\Working\AUTO\KATAWEB\popstestautomation\POPSTestAutomation\Reports\20210329_092745\POPS App\POPSApp_DailySmoke\20210329_092745\requests\main\375.har

2021-03-29 09:30:23 - [MESSAGE][PASSED] - Send request successfully

2021-03-29 09:30:23 - [MESSAGE][INFO] - HAR: D:\Working\AUTO\KATAWEB\popstestautomation\POPSTestAutomation\Reports\20210329_092745\POPS App\POPSApp_DailySmoke\20210329_092745\requests\main\376.har

2021-03-29 09:30:23 - [MESSAGE][PASSED] - Send request successfully

2021-03-29 09:30:23 - [MESSAGE][INFO] - HAR: D:\Working\AUTO\KATAWEB\popstestautomation\POPSTestAutomation\Reports\20210329_092745\POPS App\POPSApp_DailySmoke\20210329_092745\requests\main\377.har

2021-03-29 09:30:23 - [MESSAGE][PASSED] - Send request successfully

2021-03-29 09:30:24 - [MESSAGE][INFO] - HAR: D:\Working\AUTO\KATAWEB\popstestautomation\POPSTestAutomation\Reports\20210329_092745\POPS App\POPSApp_DailySmoke\20210329_092745\requests\main\378.har

2021-03-29 09:30:24 - [MESSAGE][PASSED] - Send request successfully

2021-03-29 09:30:24 - [MESSAGE][INFO] - HAR: D:\Working\AUTO\KATAWEB\popstestautomation\POPSTestAutomation\Reports\20210329_092745\POPS App\POPSApp_DailySmoke\20210329_092745\requests\main\379.har

2021-03-29 09:30:24 - [MESSAGE][PASSED] - Send request successfully

2021-03-29 09:30:24 - [MESSAGE][INFO] - HAR: D:\Working\AUTO\KATAWEB\popstestautomation\POPSTestAutomation\Reports\20210329_092745\POPS App\POPSApp_DailySmoke\20210329_092745\requests\main\380.har

2021-03-29 09:30:24 - [MESSAGE][PASSED] - Send request successfully

2021-03-29 09:30:24 - [MESSAGE][INFO] - HAR: D:\Working\AUTO\KATAWEB\popstestautomation\POPSTestAutomation\Reports\20210329_092745\POPS App\POPSApp_DailySmoke\20210329_092745\requests\main\381.har

2021-03-29 09:30:24 - [MESSAGE][PASSED] - Send request successfully

2021-03-29 09:30:24 - [MESSAGE][INFO] - HAR: D:\Working\AUTO\KATAWEB\popstestautomation\POPSTestAutomation\Reports\20210329_092745\POPS App\POPSApp_DailySmoke\20210329_092745\requests\main\382.har

2021-03-29 09:30:24 - [MESSAGE][PASSED] - Send request successfully

2021-03-29 09:30:24 - [MESSAGE][INFO] - HAR: D:\Working\AUTO\KATAWEB\popstestautomation\POPSTestAutomation\Reports\20210329_092745\POPS App\POPSApp_DailySmoke\20210329_092745\requests\main\383.har

2021-03-29 09:30:24 - [MESSAGE][PASSED] - Send request successfully

2021-03-29 09:30:24 - [MESSAGE][INFO] - HAR: D:\Working\AUTO\KATAWEB\popstestautomation\POPSTestAutomation\Reports\20210329_092745\POPS App\POPSApp_DailySmoke\20210329_092745\requests\main\384.har

2021-03-29 09:30:24 - [MESSAGE][PASSED] - Send request successfully

2021-03-29 09:30:24 - [MESSAGE][INFO] - HAR: D:\Working\AUTO\KATAWEB\popstestautomation\POPSTestAutomation\Reports\20210329_092745\POPS App\POPSApp_DailySmoke\20210329_092745\requests\main\385.har

2021-03-29 09:30:24 - [MESSAGE][PASSED] - Send request successfully

2021-03-29 09:30:24 - [MESSAGE][INFO] - HAR: D:\Working\AUTO\KATAWEB\popstestautomation\POPSTestAutomation\Reports\20210329_092745\POPS App\POPSApp_DailySmoke\20210329_092745\requests\main\386.har

2021-03-29 09:30:24 - [MESSAGE][PASSED] - Send request successfully

2021-03-29 09:30:24 - [MESSAGE][INFO] - HAR: D:\Working\AUTO\KATAWEB\popstestautomation\POPSTestAutomation\Reports\20210329_092745\POPS App\POPSApp_DailySmoke\20210329_092745\requests\main\387.har

2021-03-29 09:30:24 - [MESSAGE][PASSED] - Send request successfully

2021-03-29 09:30:24 - [MESSAGE][INFO] - HAR: D:\Working\AUTO\KATAWEB\popstestautomation\POPSTestAutomation\Reports\20210329_092745\POPS App\POPSApp_DailySmoke\20210329_092745\requests\main\388.har

2021-03-29 09:30:24 - [MESSAGE][PASSED] - Send request successfully

2021-03-29 09:30:25 - [MESSAGE][INFO] - HAR: D:\Working\AUTO\KATAWEB\popstestautomation\POPSTestAutomation\Reports\20210329_092745\POPS App\POPSApp_DailySmoke\20210329_092745\requests\main\389.har

2021-03-29 09:30:25 - [MESSAGE][PASSED] - Send request successfully

2021-03-29 09:30:25 - [MESSAGE][INFO] - HAR: D:\Working\AUTO\KATAWEB\popstestautomation\POPSTestAutomation\Reports\20210329_092745\POPS App\POPSApp_DailySmoke\20210329_092745\requests\main\390.har

2021-03-29 09:30:25 - [MESSAGE][PASSED] - Send request successfully

2021-03-29 09:30:25 - [MESSAGE][INFO] - HAR: D:\Working\AUTO\KATAWEB\popstestautomation\POPSTestAutomation\Reports\20210329_092745\POPS App\POPSApp_DailySmoke\20210329_092745\requests\main\391.har

2021-03-29 09:30:25 - [MESSAGE][PASSED] - Send request successfully

2021-03-29 09:30:25 - [MESSAGE][INFO] - HAR: D:\Working\AUTO\KATAWEB\popstestautomation\POPSTestAutomation\Reports\20210329_092745\POPS App\POPSApp_DailySmoke\20210329_092745\requests\main\392.har

2021-03-29 09:30:25 - [MESSAGE][PASSED] - Send request successfully

2021-03-29 09:30:26 - [MESSAGE][INFO] - HAR: D:\Working\AUTO\KATAWEB\popstestautomation\POPSTestAutomation\Reports\20210329_092745\POPS App\POPSApp_DailySmoke\20210329_092745\requests\main\393.har

2021-03-29 09:30:26 - [MESSAGE][PASSED] - Send request successfully

2021-03-29 09:30:26 - [MESSAGE][INFO] - HAR: D:\Working\AUTO\KATAWEB\popstestautomation\POPSTestAutomation\Reports\20210329_092745\POPS App\POPSApp_DailySmoke\20210329_092745\requests\main\394.har

2021-03-29 09:30:26 - [MESSAGE][PASSED] - Send request successfully

2021-03-29 09:30:26 - [MESSAGE][INFO] - HAR: D:\Working\AUTO\KATAWEB\popstestautomation\POPSTestAutomation\Reports\20210329_092745\POPS App\POPSApp_DailySmoke\20210329_092745\requests\main\395.har

2021-03-29 09:30:26 - [MESSAGE][PASSED] - Send request successfully

2021-03-29 09:30:26 - [MESSAGE][INFO] - HAR: D:\Working\AUTO\KATAWEB\popstestautomation\POPSTestAutomation\Reports\20210329_092745\POPS App\POPSApp_DailySmoke\20210329_092745\requests\main\396.har

2021-03-29 09:30:26 - [MESSAGE][PASSED] - Send request successfully

2021-03-29 09:30:26 - [MESSAGE][INFO] - HAR: D:\Working\AUTO\KATAWEB\popstestautomation\POPSTestAutomation\Reports\20210329_092745\POPS App\POPSApp_DailySmoke\20210329_092745\requests\main\397.har

2021-03-29 09:30:26 - [MESSAGE][PASSED] - Send request successfully

2021-03-29 09:30:27 - [MESSAGE][INFO] - HAR: D:\Working\AUTO\KATAWEB\popstestautomation\POPSTestAutomation\Reports\20210329_092745\POPS App\POPSApp_DailySmoke\20210329_092745\requests\main\398.har

2021-03-29 09:30:27 - [MESSAGE][PASSED] - Send request successfully

2021-03-29 09:30:27 - [MESSAGE][INFO] - HAR: D:\Working\AUTO\KATAWEB\popstestautomation\POPSTestAutomation\Reports\20210329_092745\POPS App\POPSApp_DailySmoke\20210329_092745\requests\main\399.har

2021-03-29 09:30:27 - [MESSAGE][PASSED] - Send request successfully

2021-03-29 09:30:27 - [MESSAGE][INFO] - HAR: D:\Working\AUTO\KATAWEB\popstestautomation\POPSTestAutomation\Reports\20210329_092745\POPS App\POPSApp_DailySmoke\20210329_092745\requests\main\400.har

2021-03-29 09:30:27 - [MESSAGE][PASSED] - Send request successfully

2021-03-29 09:30:27 - [MESSAGE][INFO] - HAR: D:\Working\AUTO\KATAWEB\popstestautomation\POPSTestAutomation\Reports\20210329_092745\POPS App\POPSApp_DailySmoke\20210329_092745\requests\main\401.har

2021-03-29 09:30:27 - [MESSAGE][PASSED] - Send request successfully

2021-03-29 09:30:27 - [MESSAGE][INFO] - HAR: D:\Working\AUTO\KATAWEB\popstestautomation\POPSTestAutomation\Reports\20210329_092745\POPS App\POPSApp_DailySmoke\20210329_092745\requests\main\402.har

2021-03-29 09:30:27 - [MESSAGE][PASSED] - Send request successfully

2021-03-29 09:30:27 - [MESSAGE][INFO] - HAR: D:\Working\AUTO\KATAWEB\popstestautomation\POPSTestAutomation\Reports\20210329_092745\POPS App\POPSApp_DailySmoke\20210329_092745\requests\main\403.har

2021-03-29 09:30:27 - [MESSAGE][PASSED] - Send request successfully

2021-03-29 09:30:27 - [MESSAGE][INFO] - HAR: D:\Working\AUTO\KATAWEB\popstestautomation\POPSTestAutomation\Reports\20210329_092745\POPS App\POPSApp_DailySmoke\20210329_092745\requests\main\404.har

2021-03-29 09:30:27 - [MESSAGE][PASSED] - Send request successfully

2021-03-29 09:30:27 - [MESSAGE][INFO] - HAR: D:\Working\AUTO\KATAWEB\popstestautomation\POPSTestAutomation\Reports\20210329_092745\POPS App\POPSApp_DailySmoke\20210329_092745\requests\main\405.har

2021-03-29 09:30:27 - [MESSAGE][PASSED] - Send request successfully

2021-03-29 09:30:27 - [MESSAGE][INFO] - HAR: D:\Working\AUTO\KATAWEB\popstestautomation\POPSTestAutomation\Reports\20210329_092745\POPS App\POPSApp_DailySmoke\20210329_092745\requests\main\406.har

2021-03-29 09:30:27 - [MESSAGE][PASSED] - Send request successfully

2021-03-29 09:30:27 - [MESSAGE][INFO] - HAR: D:\Working\AUTO\KATAWEB\popstestautomation\POPSTestAutomation\Reports\20210329_092745\POPS App\POPSApp_DailySmoke\20210329_092745\requests\main\407.har

2021-03-29 09:30:27 - [MESSAGE][PASSED] - Send request successfully

2021-03-29 09:30:27 - [MESSAGE][INFO] - HAR: D:\Working\AUTO\KATAWEB\popstestautomation\POPSTestAutomation\Reports\20210329_092745\POPS App\POPSApp_DailySmoke\20210329_092745\requests\main\408.har

2021-03-29 09:30:27 - [MESSAGE][PASSED] - Send request successfully

2021-03-29 09:30:28 - [MESSAGE][INFO] - HAR: D:\Working\AUTO\KATAWEB\popstestautomation\POPSTestAutomation\Reports\20210329_092745\POPS App\POPSApp_DailySmoke\20210329_092745\requests\main\409.har

2021-03-29 09:30:28 - [MESSAGE][PASSED] - Send request successfully

2021-03-29 09:30:28 - [MESSAGE][INFO] - HAR: D:\Working\AUTO\KATAWEB\popstestautomation\POPSTestAutomation\Reports\20210329_092745\POPS App\POPSApp_DailySmoke\20210329_092745\requests\main\410.har

2021-03-29 09:30:28 - [MESSAGE][PASSED] - Send request successfully

2021-03-29 09:30:28 - [MESSAGE][INFO] - HAR: D:\Working\AUTO\KATAWEB\popstestautomation\POPSTestAutomation\Reports\20210329_092745\POPS App\POPSApp_DailySmoke\20210329_092745\requests\main\411.har

2021-03-29 09:30:28 - [MESSAGE][PASSED] - Send request successfully

2021-03-29 09:30:28 - [MESSAGE][INFO] - HAR: D:\Working\AUTO\KATAWEB\popstestautomation\POPSTestAutomation\Reports\20210329_092745\POPS App\POPSApp_DailySmoke\20210329_092745\requests\main\412.har

2021-03-29 09:30:28 - [MESSAGE][PASSED] - Send request successfully

2021-03-29 09:30:28 - [MESSAGE][INFO] - HAR: D:\Working\AUTO\KATAWEB\popstestautomation\POPSTestAutomation\Reports\20210329_092745\POPS App\POPSApp_DailySmoke\20210329_092745\requests\main\413.har

2021-03-29 09:30:28 - [MESSAGE][PASSED] - Send request successfully

2021-03-29 09:30:28 - [MESSAGE][INFO] - HAR: D:\Working\AUTO\KATAWEB\popstestautomation\POPSTestAutomation\Reports\20210329_092745\POPS App\POPSApp_DailySmoke\20210329_092745\requests\main\414.har

2021-03-29 09:30:28 - [MESSAGE][PASSED] - Send request successfully

2021-03-29 09:30:28 - [MESSAGE][INFO] - HAR: D:\Working\AUTO\KATAWEB\popstestautomation\POPSTestAutomation\Reports\20210329_092745\POPS App\POPSApp_DailySmoke\20210329_092745\requests\main\415.har

2021-03-29 09:30:28 - [MESSAGE][PASSED] - Send request successfully

2021-03-29 09:30:28 - [MESSAGE][INFO] - HAR: D:\Working\AUTO\KATAWEB\popstestautomation\POPSTestAutomation\Reports\20210329_092745\POPS App\POPSApp_DailySmoke\20210329_092745\requests\main\416.har

2021-03-29 09:30:28 - [MESSAGE][PASSED] - Send request successfully

2021-03-29 09:30:28 - [MESSAGE][INFO] - HAR: D:\Working\AUTO\KATAWEB\popstestautomation\POPSTestAutomation\Reports\20210329_092745\POPS App\POPSApp_DailySmoke\20210329_092745\requests\main\417.har

2021-03-29 09:30:28 - [MESSAGE][PASSED] - Send request successfully

2021-03-29 09:30:28 - [MESSAGE][INFO] - HAR: D:\Working\AUTO\KATAWEB\popstestautomation\POPSTestAutomation\Reports\20210329_092745\POPS App\POPSApp_DailySmoke\20210329_092745\requests\main\418.har

2021-03-29 09:30:28 - [MESSAGE][PASSED] - Send request successfully

2021-03-29 09:30:28 - [MESSAGE][INFO] - HAR: D:\Working\AUTO\KATAWEB\popstestautomation\POPSTestAutomation\Reports\20210329_092745\POPS App\POPSApp_DailySmoke\20210329_092745\requests\main\419.har

2021-03-29 09:30:28 - [MESSAGE][PASSED] - Send request successfully

2021-03-29 09:30:29 - [MESSAGE][INFO] - HAR: D:\Working\AUTO\KATAWEB\popstestautomation\POPSTestAutomation\Reports\20210329_092745\POPS App\POPSApp_DailySmoke\20210329_092745\requests\main\420.har

2021-03-29 09:30:29 - [MESSAGE][PASSED] - Send request successfully

2021-03-29 09:30:29 - [MESSAGE][INFO] - HAR: D:\Working\AUTO\KATAWEB\popstestautomation\POPSTestAutomation\Reports\20210329_092745\POPS App\POPSApp_DailySmoke\20210329_092745\requests\main\421.har

2021-03-29 09:30:29 - [MESSAGE][PASSED] - Send request successfully

2021-03-29 09:30:29 - [MESSAGE][INFO] - HAR: D:\Working\AUTO\KATAWEB\popstestautomation\POPSTestAutomation\Reports\20210329_092745\POPS App\POPSApp_DailySmoke\20210329_092745\requests\main\422.har

2021-03-29 09:30:29 - [MESSAGE][PASSED] - Send request successfully

2021-03-29 09:30:29 - [MESSAGE][INFO] - HAR: D:\Working\AUTO\KATAWEB\popstestautomation\POPSTestAutomation\Reports\20210329_092745\POPS App\POPSApp_DailySmoke\20210329_092745\requests\main\423.har

2021-03-29 09:30:29 - [MESSAGE][PASSED] - Send request successfully

2021-03-29 09:30:29 - [MESSAGE][INFO] - HAR: D:\Working\AUTO\KATAWEB\popstestautomation\POPSTestAutomation\Reports\20210329_092745\POPS App\POPSApp_DailySmoke\20210329_092745\requests\main\424.har

2021-03-29 09:30:29 - [MESSAGE][PASSED] - Send request successfully

2021-03-29 09:30:29 - [MESSAGE][INFO] - HAR: D:\Working\AUTO\KATAWEB\popstestautomation\POPSTestAutomation\Reports\20210329_092745\POPS App\POPSApp_DailySmoke\20210329_092745\requests\main\425.har

2021-03-29 09:30:29 - [MESSAGE][PASSED] - Send request successfully

2021-03-29 09:30:29 - [MESSAGE][INFO] - HAR: D:\Working\AUTO\KATAWEB\popstestautomation\POPSTestAutomation\Reports\20210329_092745\POPS App\POPSApp_DailySmoke\20210329_092745\requests\main\426.har

2021-03-29 09:30:29 - [MESSAGE][PASSED] - Send request successfully

2021-03-29 09:30:29 - [MESSAGE][INFO] - HAR: D:\Working\AUTO\KATAWEB\popstestautomation\POPSTestAutomation\Reports\20210329_092745\POPS App\POPSApp_DailySmoke\20210329_092745\requests\main\427.har

2021-03-29 09:30:29 - [MESSAGE][PASSED] - Send request successfully

2021-03-29 09:30:29 - [MESSAGE][INFO] - HAR: D:\Working\AUTO\KATAWEB\popstestautomation\POPSTestAutomation\Reports\20210329_092745\POPS App\POPSApp_DailySmoke\20210329_092745\requests\main\428.har

2021-03-29 09:30:29 - [MESSAGE][PASSED] - Send request successfully

2021-03-29 09:30:30 - [MESSAGE][INFO] - HAR: D:\Working\AUTO\KATAWEB\popstestautomation\POPSTestAutomation\Reports\20210329_092745\POPS App\POPSApp_DailySmoke\20210329_092745\requests\main\429.har

2021-03-29 09:30:30 - [MESSAGE][PASSED] - Send request successfully

2021-03-29 09:30:30 - [MESSAGE][INFO] - HAR: D:\Working\AUTO\KATAWEB\popstestautomation\POPSTestAutomation\Reports\20210329_092745\POPS App\POPSApp_DailySmoke\20210329_092745\requests\main\430.har

2021-03-29 09:30:30 - [MESSAGE][PASSED] - Send request successfully

2021-03-29 09:30:30 - [MESSAGE][INFO] - HAR: D:\Working\AUTO\KATAWEB\popstestautomation\POPSTestAutomation\Reports\20210329_092745\POPS App\POPSApp_DailySmoke\20210329_092745\requests\main\431.har

2021-03-29 09:30:30 - [MESSAGE][PASSED] - Send request successfully

2021-03-29 09:30:30 - [MESSAGE][INFO] - HAR: D:\Working\AUTO\KATAWEB\popstestautomation\POPSTestAutomation\Reports\20210329_092745\POPS App\POPSApp_DailySmoke\20210329_092745\requests\main\432.har

2021-03-29 09:30:30 - [MESSAGE][PASSED] - Send request successfully

2021-03-29 09:30:30 - [MESSAGE][INFO] - HAR: D:\Working\AUTO\KATAWEB\popstestautomation\POPSTestAutomation\Reports\20210329_092745\POPS App\POPSApp_DailySmoke\20210329_092745\requests\main\433.har

2021-03-29 09:30:30 - [MESSAGE][PASSED] - Send request successfully

2021-03-29 09:30:30 - [MESSAGE][INFO] - HAR: D:\Working\AUTO\KATAWEB\popstestautomation\POPSTestAutomation\Reports\20210329_092745\POPS App\POPSApp_DailySmoke\20210329_092745\requests\main\434.har

2021-03-29 09:30:30 - [MESSAGE][PASSED] - Send request successfully

2021-03-29 09:30:30 - [MESSAGE][INFO] - HAR: D:\Working\AUTO\KATAWEB\popstestautomation\POPSTestAutomation\Reports\20210329_092745\POPS App\POPSApp_DailySmoke\20210329_092745\requests\main\435.har

2021-03-29 09:30:30 - [MESSAGE][PASSED] - Send request successfully

2021-03-29 09:30:30 - [MESSAGE][INFO] - HAR: D:\Working\AUTO\KATAWEB\popstestautomation\POPSTestAutomation\Reports\20210329_092745\POPS App\POPSApp_DailySmoke\20210329_092745\requests\main\436.har

2021-03-29 09:30:30 - [MESSAGE][PASSED] - Send request successfully

2021-03-29 09:30:37 - [MESSAGE][INFO] - HAR: D:\Working\AUTO\KATAWEB\popstestautomation\POPSTestAutomation\Reports\20210329_092745\POPS App\POPSApp_DailySmoke\20210329_092745\requests\main\437.har

2021-03-29 09:30:37 - [MESSAGE][PASSED] - Send request successfully

2021-03-29 09:30:37 - [MESSAGE][INFO] - HAR: D:\Working\AUTO\KATAWEB\popstestautomation\POPSTestAutomation\Reports\20210329_092745\POPS App\POPSApp_DailySmoke\20210329_092745\requests\main\438.har

2021-03-29 09:30:37 - [MESSAGE][PASSED] - Send request successfully

2021-03-29 09:30:37 - [MESSAGE][INFO] - HAR: D:\Working\AUTO\KATAWEB\popstestautomation\POPSTestAutomation\Reports\20210329_092745\POPS App\POPSApp_DailySmoke\20210329_092745\requests\main\439.har

2021-03-29 09:30:37 - [MESSAGE][PASSED] - Send request successfully

2021-03-29 09:30:37 - [MESSAGE][INFO] - HAR: D:\Working\AUTO\KATAWEB\popstestautomation\POPSTestAutomation\Reports\20210329_092745\POPS App\POPSApp_DailySmoke\20210329_092745\requests\main\440.har

2021-03-29 09:30:37 - [MESSAGE][PASSED] - Send request successfully

2021-03-29 09:30:37 - [MESSAGE][INFO] - HAR: D:\Working\AUTO\KATAWEB\popstestautomation\POPSTestAutomation\Reports\20210329_092745\POPS App\POPSApp_DailySmoke\20210329_092745\requests\main\441.har

2021-03-29 09:30:37 - [MESSAGE][PASSED] - Send request successfully

2021-03-29 09:30:37 - [MESSAGE][INFO] - HAR: D:\Working\AUTO\KATAWEB\popstestautomation\POPSTestAutomation\Reports\20210329_092745\POPS App\POPSApp_DailySmoke\20210329_092745\requests\main\442.har

2021-03-29 09:30:37 - [MESSAGE][PASSED] - Send request successfully

2021-03-29 09:30:37 - [MESSAGE][INFO] - HAR: D:\Working\AUTO\KATAWEB\popstestautomation\POPSTestAutomation\Reports\20210329_092745\POPS App\POPSApp_DailySmoke\20210329_092745\requests\main\443.har

2021-03-29 09:30:37 - [MESSAGE][PASSED] - Send request successfully

2021-03-29 09:30:37 - [MESSAGE][INFO] - HAR: D:\Working\AUTO\KATAWEB\popstestautomation\POPSTestAutomation\Reports\20210329_092745\POPS App\POPSApp_DailySmoke\20210329_092745\requests\main\444.har

2021-03-29 09:30:37 - [MESSAGE][PASSED] - Send request successfully

2021-03-29 09:30:37 - [MESSAGE][INFO] - HAR: D:\Working\AUTO\KATAWEB\popstestautomation\POPSTestAutomation\Reports\20210329_092745\POPS App\POPSApp_DailySmoke\20210329_092745\requests\main\445.har

2021-03-29 09:30:37 - [MESSAGE][PASSED] - Send request successfully

2021-03-29 09:30:38 - [MESSAGE][INFO] - HAR: D:\Working\AUTO\KATAWEB\popstestautomation\POPSTestAutomation\Reports\20210329_092745\POPS App\POPSApp_DailySmoke\20210329_092745\requests\main\446.har

2021-03-29 09:30:38 - [MESSAGE][PASSED] - Send request successfully

2021-03-29 09:30:38 - [MESSAGE][INFO] - HAR: D:\Working\AUTO\KATAWEB\popstestautomation\POPSTestAutomation\Reports\20210329_092745\POPS App\POPSApp_DailySmoke\20210329_092745\requests\main\447.har

2021-03-29 09:30:38 - [MESSAGE][PASSED] - Send request successfully

2021-03-29 09:30:38 - [MESSAGE][INFO] - HAR: D:\Working\AUTO\KATAWEB\popstestautomation\POPSTestAutomation\Reports\20210329_092745\POPS App\POPSApp_DailySmoke\20210329_092745\requests\main\448.har

2021-03-29 09:30:38 - [MESSAGE][PASSED] - Send request successfully

2021-03-29 09:30:38 - [MESSAGE][INFO] - HAR: D:\Working\AUTO\KATAWEB\popstestautomation\POPSTestAutomation\Reports\20210329_092745\POPS App\POPSApp_DailySmoke\20210329_092745\requests\main\449.har

2021-03-29 09:30:38 - [MESSAGE][PASSED] - Send request successfully

2021-03-29 09:30:38 - [MESSAGE][INFO] - HAR: D:\Working\AUTO\KATAWEB\popstestautomation\POPSTestAutomation\Reports\20210329_092745\POPS App\POPSApp_DailySmoke\20210329_092745\requests\main\450.har

2021-03-29 09:30:38 - [MESSAGE][PASSED] - Send request successfully

2021-03-29 09:30:38 - [MESSAGE][INFO] - HAR: D:\Working\AUTO\KATAWEB\popstestautomation\POPSTestAutomation\Reports\20210329_092745\POPS App\POPSApp_DailySmoke\20210329_092745\requests\main\451.har

2021-03-29 09:30:38 - [MESSAGE][PASSED] - Send request successfully

2021-03-29 09:30:38 - [MESSAGE][INFO] - HAR: D:\Working\AUTO\KATAWEB\popstestautomation\POPSTestAutomation\Reports\20210329_092745\POPS App\POPSApp_DailySmoke\20210329_092745\requests\main\452.har

2021-03-29 09:30:38 - [MESSAGE][PASSED] - Send request successfully

2021-03-29 09:30:38 - [MESSAGE][INFO] - HAR: D:\Working\AUTO\KATAWEB\popstestautomation\POPSTestAutomation\Reports\20210329_092745\POPS App\POPSApp_DailySmoke\20210329_092745\requests\main\453.har

2021-03-29 09:30:38 - [MESSAGE][PASSED] - Send request successfully

2021-03-29 09:30:38 - [MESSAGE][INFO] - HAR: D:\Working\AUTO\KATAWEB\popstestautomation\POPSTestAutomation\Reports\20210329_092745\POPS App\POPSApp_DailySmoke\20210329_092745\requests\main\454.har

2021-03-29 09:30:38 - [MESSAGE][PASSED] - Send request successfully

2021-03-29 09:30:38 - [MESSAGE][INFO] - HAR: D:\Working\AUTO\KATAWEB\popstestautomation\POPSTestAutomation\Reports\20210329_092745\POPS App\POPSApp_DailySmoke\20210329_092745\requests\main\455.har

2021-03-29 09:30:38 - [MESSAGE][PASSED] - Send request successfully

2021-03-29 09:30:38 - [MESSAGE][INFO] - HAR: D:\Working\AUTO\KATAWEB\popstestautomation\POPSTestAutomation\Reports\20210329_092745\POPS App\POPSApp_DailySmoke\20210329_092745\requests\main\456.har

2021-03-29 09:30:38 - [MESSAGE][PASSED] - Send request successfully

2021-03-29 09:30:39 - [MESSAGE][INFO] - HAR: D:\Working\AUTO\KATAWEB\popstestautomation\POPSTestAutomation\Reports\20210329_092745\POPS App\POPSApp_DailySmoke\20210329_092745\requests\main\457.har

2021-03-29 09:30:39 - [MESSAGE][PASSED] - Send request successfully

2021-03-29 09:30:39 - [MESSAGE][INFO] - HAR: D:\Working\AUTO\KATAWEB\popstestautomation\POPSTestAutomation\Reports\20210329_092745\POPS App\POPSApp_DailySmoke\20210329_092745\requests\main\458.har

2021-03-29 09:30:39 - [MESSAGE][PASSED] - Send request successfully

2021-03-29 09:30:39 - [MESSAGE][INFO] - HAR: D:\Working\AUTO\KATAWEB\popstestautomation\POPSTestAutomation\Reports\20210329_092745\POPS App\POPSApp_DailySmoke\20210329_092745\requests\main\459.har

2021-03-29 09:30:39 - [MESSAGE][PASSED] - Send request successfully

2021-03-29 09:30:39 - [MESSAGE][INFO] - HAR: D:\Working\AUTO\KATAWEB\popstestautomation\POPSTestAutomation\Reports\20210329_092745\POPS App\POPSApp_DailySmoke\20210329_092745\requests\main\460.har

2021-03-29 09:30:39 - [MESSAGE][PASSED] - Send request successfully

2021-03-29 09:30:39 - [MESSAGE][INFO] - HAR: D:\Working\AUTO\KATAWEB\popstestautomation\POPSTestAutomation\Reports\20210329_092745\POPS App\POPSApp_DailySmoke\20210329_092745\requests\main\461.har

2021-03-29 09:30:39 - [MESSAGE][PASSED] - Send request successfully

2021-03-29 09:30:39 - [MESSAGE][INFO] - HAR: D:\Working\AUTO\KATAWEB\popstestautomation\POPSTestAutomation\Reports\20210329_092745\POPS App\POPSApp_DailySmoke\20210329_092745\requests\main\462.har

2021-03-29 09:30:39 - [MESSAGE][PASSED] - Send request successfully

2021-03-29 09:30:40 - [MESSAGE][INFO] - HAR: D:\Working\AUTO\KATAWEB\popstestautomation\POPSTestAutomation\Reports\20210329_092745\POPS App\POPSApp_DailySmoke\20210329_092745\requests\main\463.har

2021-03-29 09:30:40 - [MESSAGE][PASSED] - Send request successfully

2021-03-29 09:30:40 - [MESSAGE][INFO] - HAR: D:\Working\AUTO\KATAWEB\popstestautomation\POPSTestAutomation\Reports\20210329_092745\POPS App\POPSApp_DailySmoke\20210329_092745\requests\main\464.har

2021-03-29 09:30:40 - [MESSAGE][PASSED] - Send request successfully

2021-03-29 09:30:40 - [MESSAGE][INFO] - HAR: D:\Working\AUTO\KATAWEB\popstestautomation\POPSTestAutomation\Reports\20210329_092745\POPS App\POPSApp_DailySmoke\20210329_092745\requests\main\465.har

2021-03-29 09:30:40 - [MESSAGE][PASSED] - Send request successfully

2021-03-29 09:30:40 - [MESSAGE][INFO] - HAR: D:\Working\AUTO\KATAWEB\popstestautomation\POPSTestAutomation\Reports\20210329_092745\POPS App\POPSApp_DailySmoke\20210329_092745\requests\main\466.har

2021-03-29 09:30:40 - [MESSAGE][PASSED] - Send request successfully

2021-03-29 09:30:40 - [MESSAGE][INFO] - HAR: D:\Working\AUTO\KATAWEB\popstestautomation\POPSTestAutomation\Reports\20210329_092745\POPS App\POPSApp_DailySmoke\20210329_092745\requests\main\467.har

2021-03-29 09:30:40 - [MESSAGE][PASSED] - Send request successfully

2021-03-29 09:30:40 - [MESSAGE][INFO] - HAR: D:\Working\AUTO\KATAWEB\popstestautomation\POPSTestAutomation\Reports\20210329_092745\POPS App\POPSApp_DailySmoke\20210329_092745\requests\main\468.har

2021-03-29 09:30:40 - [MESSAGE][PASSED] - Send request successfully

2021-03-29 09:30:40 - [MESSAGE][INFO] - HAR: D:\Working\AUTO\KATAWEB\popstestautomation\POPSTestAutomation\Reports\20210329_092745\POPS App\POPSApp_DailySmoke\20210329_092745\requests\main\469.har

2021-03-29 09:30:40 - [MESSAGE][PASSED] - Send request successfully

2021-03-29 09:30:40 - [MESSAGE][INFO] - HAR: D:\Working\AUTO\KATAWEB\popstestautomation\POPSTestAutomation\Reports\20210329_092745\POPS App\POPSApp_DailySmoke\20210329_092745\requests\main\470.har

2021-03-29 09:30:40 - [MESSAGE][PASSED] - Send request successfully

2021-03-29 09:30:40 - [MESSAGE][INFO] - HAR: D:\Working\AUTO\KATAWEB\popstestautomation\POPSTestAutomation\Reports\20210329_092745\POPS App\POPSApp_DailySmoke\20210329_092745\requests\main\471.har

2021-03-29 09:30:40 - [MESSAGE][PASSED] - Send request successfully

2021-03-29 09:30:46 - [MESSAGE][INFO] - HAR: D:\Working\AUTO\KATAWEB\popstestautomation\POPSTestAutomation\Reports\20210329_092745\POPS App\POPSApp_DailySmoke\20210329_092745\requests\main\472.har

2021-03-29 09:30:46 - [MESSAGE][PASSED] - Send request successfully

2021-03-29 09:30:47 - [MESSAGE][INFO] - HAR: D:\Working\AUTO\KATAWEB\popstestautomation\POPSTestAutomation\Reports\20210329_092745\POPS App\POPSApp_DailySmoke\20210329_092745\requests\main\473.har

2021-03-29 09:30:47 - [MESSAGE][PASSED] - Send request successfully

2021-03-29 09:30:47 - [MESSAGE][INFO] - HAR: D:\Working\AUTO\KATAWEB\popstestautomation\POPSTestAutomation\Reports\20210329_092745\POPS App\POPSApp_DailySmoke\20210329_092745\requests\main\474.har

2021-03-29 09:30:47 - [MESSAGE][PASSED] - Send request successfully

2021-03-29 09:30:47 - [MESSAGE][INFO] - HAR: D:\Working\AUTO\KATAWEB\popstestautomation\POPSTestAutomation\Reports\20210329_092745\POPS App\POPSApp_DailySmoke\20210329_092745\requests\main\475.har

2021-03-29 09:30:47 - [MESSAGE][PASSED] - Send request successfully

2021-03-29 09:30:47 - [MESSAGE][INFO] - HAR: D:\Working\AUTO\KATAWEB\popstestautomation\POPSTestAutomation\Reports\20210329_092745\POPS App\POPSApp_DailySmoke\20210329_092745\requests\main\476.har

2021-03-29 09:30:47 - [MESSAGE][PASSED] - Send request successfully

2021-03-29 09:30:47 - [MESSAGE][INFO] - HAR: D:\Working\AUTO\KATAWEB\popstestautomation\POPSTestAutomation\Reports\20210329_092745\POPS App\POPSApp_DailySmoke\20210329_092745\requests\main\477.har

2021-03-29 09:30:47 - [MESSAGE][PASSED] - Send request successfully

2021-03-29 09:30:47 - [MESSAGE][INFO] - HAR: D:\Working\AUTO\KATAWEB\popstestautomation\POPSTestAutomation\Reports\20210329_092745\POPS App\POPSApp_DailySmoke\20210329_092745\requests\main\478.har

2021-03-29 09:30:47 - [MESSAGE][PASSED] - Send request successfully

2021-03-29 09:30:47 - [MESSAGE][INFO] - HAR: D:\Working\AUTO\KATAWEB\popstestautomation\POPSTestAutomation\Reports\20210329_092745\POPS App\POPSApp_DailySmoke\20210329_092745\requests\main\479.har

2021-03-29 09:30:47 - [MESSAGE][PASSED] - Send request successfully

2021-03-29 09:30:47 - [MESSAGE][INFO] - HAR: D:\Working\AUTO\KATAWEB\popstestautomation\POPSTestAutomation\Reports\20210329_092745\POPS App\POPSApp_DailySmoke\20210329_092745\requests\main\480.har

2021-03-29 09:30:47 - [MESSAGE][PASSED] - Send request successfully

2021-03-29 09:30:47 - [MESSAGE][INFO] - HAR: D:\Working\AUTO\KATAWEB\popstestautomation\POPSTestAutomation\Reports\20210329_092745\POPS App\POPSApp_DailySmoke\20210329_092745\requests\main\481.har

2021-03-29 09:30:47 - [MESSAGE][PASSED] - Send request successfully

2021-03-29 09:30:48 - [MESSAGE][INFO] - HAR: D:\Working\AUTO\KATAWEB\popstestautomation\POPSTestAutomation\Reports\20210329_092745\POPS App\POPSApp_DailySmoke\20210329_092745\requests\main\482.har

2021-03-29 09:30:48 - [MESSAGE][PASSED] - Send request successfully

2021-03-29 09:30:48 - [MESSAGE][INFO] - HAR: D:\Working\AUTO\KATAWEB\popstestautomation\POPSTestAutomation\Reports\20210329_092745\POPS App\POPSApp_DailySmoke\20210329_092745\requests\main\483.har

2021-03-29 09:30:48 - [MESSAGE][PASSED] - Send request successfully

2021-03-29 09:30:48 - [MESSAGE][FAILED] - java.lang.AssertionError: Failed at https://vnw-img-cdn.popsww.com/api/v2/containers/file2/Truy%E1%BB%87n%20ph%C3%A1t%20h%C3%A0nh%20th%E1%BB%A9%203%20h%C3%A0ng%20tu%E1%BA%A7n!:/html[1]/body[1]/div[1]/main[1]/div[1]/div[26]/div[1]/div[1]/div[15]/div[1]/div[1]/a[1]/div[1]/img[1] expected [true] but found [false]

2021-03-29 09:30:48 - [TEST_STEP][PASSED] - Start listener action : sampleAfterTestCase: null

2021-03-29 09:30:48 - [TEST_STEP][PASSED] - println(testCaseContext.getTestCaseId()): null

2021-03-29 09:30:48 - [TEST_STEP][PASSED] - println(testCaseContext.getTestCaseStatus()): null

2021-03-29 09:30:48 - [TEST_STEP][PASSED] - Start listener action : sampleAfterTestCase: null

2021-03-29 09:30:48 - [TEST_STEP][PASSED] - println(testCaseContext.getTestCaseId()): null

2021-03-29 09:30:48 - [TEST_STEP][PASSED] - println(testCaseContext.getTestCaseStatus()): null]]></system-out>
         <system-err><![CDATA[2021-03-29 09:29:38 - [TEST_CASE][ERROR] - Test Cases/POPS App/UI_Check/VN/VerifyNoBrokenImageOnComicsPage: Test Cases/POPS App/UI_Check/VN/VerifyNoBrokenImageOnComicsPage FAILED.
Reason:
org.codehaus.groovy.runtime.InvokerInvocationException: java.lang.AssertionError: Failed at https://vnw-img-cdn.popsww.com/api/v2/containers/file2/Truy%E1%BB%87n%20ph%C3%A1t%20h%C3%A0nh%20th%E1%BB%A9%203%20h%C3%A0ng%20tu%E1%BA%A7n!:/html[1]/body[1]/div[1]/main[1]/div[1]/div[26]/div[1]/div[1]/div[15]/div[1]/div[1]/a[1]/div[1]/img[1] expected [true] but found [false]
	at commonActions.PageActions.invokeMethod(PageActions.groovy)
	at com.kms.katalon.core.main.CustomKeywordDelegatingMetaClass.invokeStaticMethod(CustomKeywordDelegatingMetaClass.java:50)
	at VerifyNoBrokenImageOnComicsPage.run(VerifyNoBrokenImageOnComicsPage:26)
	at com.kms.katalon.core.main.ScriptEngine.run(ScriptEngine.java:194)
	at com.kms.katalon.core.main.ScriptEngine.runScriptAsRawText(ScriptEngine.java:119)
	at com.kms.katalon.core.main.TestCaseExecutor.runScript(TestCaseExecutor.java:398)
	at com.kms.katalon.core.main.TestCaseExecutor.doExecute(TestCaseExecutor.java:389)
	at com.kms.katalon.core.main.TestCaseExecutor.processExecutionPhase(TestCaseExecutor.java:368)
	at com.kms.katalon.core.main.TestCaseExecutor.accessMainPhase(TestCaseExecutor.java:360)
	at com.kms.katalon.core.main.TestCaseExecutor.execute(TestCaseExecutor.java:255)
	at com.kms.katalon.core.main.TestSuiteExecutor.accessTestCaseMainPhase(TestSuiteExecutor.java:203)
	at com.kms.katalon.core.main.TestSuiteExecutor.accessTestSuiteMainPhase(TestSuiteExecutor.java:152)
	at com.kms.katalon.core.main.TestSuiteExecutor.execute(TestSuiteExecutor.java:95)
	at com.kms.katalon.core.main.TestCaseMain.startTestSuite(TestCaseMain.java:157)
	at com.kms.katalon.core.main.TestCaseMain$startTestSuite$0.call(Unknown Source)
	at TempTestSuite1616984865844.run(TempTestSuite1616984865844.groovy:39)
Caused by: java.lang.AssertionError: Failed at https://vnw-img-cdn.popsww.com/api/v2/containers/file2/Truy%E1%BB%87n%20ph%C3%A1t%20h%C3%A0nh%20th%E1%BB%A9%203%20h%C3%A0ng%20tu%E1%BA%A7n!:/html[1]/body[1]/div[1]/main[1]/div[1]/div[26]/div[1]/div[1]/div[15]/div[1]/div[1]/a[1]/div[1]/img[1] expected [true] but found [false]
	at org.testng.Assert.fail(Assert.java:93)
	at org.testng.Assert.failNotEquals(Assert.java:512)
	at org.testng.Assert.assertTrue(Assert.java:41)
	at commonActions.PageActions$_verifyLinksOnPage_closure1.doCall(PageActions.groovy:25)
	at commonActions.PageActions.verifyLinksOnPage(PageActions.groovy:23)
	... 16 more]]></system-err>
      </testcase>
      <testcase name="Test Cases/POPS App/UI_Check/VN/VerifyNoBrokenImageOnGamingsPage" time="32.056" classname="Test Cases/POPS App/UI_Check/VN/VerifyNoBrokenImageOnGamingsPage" status="PASSED">
         <system-out><![CDATA[2021-03-29 09:30:48 - [TEST_CASE][PASSED] - Test Cases/POPS App/UI_Check/VN/VerifyNoBrokenImageOnGamingsPage: Test Cases/POPS App/UI_Check/VN/VerifyNoBrokenImageOnGamingsPage

2021-03-29 09:30:48 - [TEST_STEP][PASSED] - Start listener action : sampleBeforeTestCase: null

2021-03-29 09:30:48 - [TEST_STEP][PASSED] - println(testCaseContext.getTestCaseId()): null

2021-03-29 09:30:48 - [TEST_STEP][PASSED] - println(testCaseContext.getTestCaseVariables()): null

2021-03-29 09:30:48 - [TEST_STEP][PASSED] - Start listener action : sampleBeforeTestCase: null

2021-03-29 09:30:48 - [TEST_STEP][PASSED] - println(testCaseContext.getTestCaseId()): null

2021-03-29 09:30:48 - [TEST_STEP][PASSED] - println(testCaseContext.getTestCaseVariables()): null

2021-03-29 09:30:48 - [TEST_STEP][PASSED] - openBrowser(SourceURL): Browser is opened with url: 'https://pops.vn/'

2021-03-29 09:30:48 - [MESSAGE][WARNING] - A browser is already opened. Closing browser and opening a new one

2021-03-29 09:30:49 - [MESSAGE][INFO] - Starting 'Chrome' driver

2021-03-29 09:30:49 - [MESSAGE][INFO] - Action delay is set to 0 milliseconds

2021-03-29 09:30:51 - [MESSAGE][PASSED] - Browser is opened with url: 'https://pops.vn/'

2021-03-29 09:30:51 - [TEST_STEP][PASSED] - maximizeWindow(): Current window maximized

2021-03-29 09:30:51 - [MESSAGE][PASSED] - Current window maximized

2021-03-29 09:30:51 - [TEST_STEP][PASSED] - click(findTestObject("POPS App UI/TopMenu/menu_3_Gaming")): Object: 'Object Repository/POPS App UI/TopMenu/menu_3_Gaming' is clicked on

2021-03-29 09:30:53 - [MESSAGE][PASSED] - Object: 'Object Repository/POPS App UI/TopMenu/menu_3_Gaming' is clicked on

2021-03-29 09:30:53 - [TEST_STEP][PASSED] - commonActions.BaseActions.ScrollToFooter(): commonActions.BaseActions.ScrollToFooter is PASSED

2021-03-29 09:30:53 - [MESSAGE][PASSED] - Execute JavaScript 'window.scrollTo(0, document.body.scrollHeight)' successfully

2021-03-29 09:30:55 - [MESSAGE][PASSED] - Delayed 2 second(s)

2021-03-29 09:30:57 - [MESSAGE][WARNING] - Object 'Object Repository/POPS App UI/Footer/POPS_Logo_In_Footer' is present but is not visible in viewport (Root cause: com.kms.katalon.core.exception.StepFailedException: Object 'Object Repository/POPS App UI/Footer/POPS_Logo_In_Footer' is present but is not visible in viewport
	at com.kms.katalon.core.webui.keyword.internal.WebUIKeywordMain.stepFailed(WebUIKeywordMain.groovy:64)
	at com.kms.katalon.core.webui.keyword.builtin.VerifyElementVisibleInViewportKeyword$_verifyElementVisibleInViewport_closure1.doCall(VerifyElementVisibleInViewportKeyword.groovy:79)
	at com.kms.katalon.core.webui.keyword.builtin.VerifyElementVisibleInViewportKeyword$_verifyElementVisibleInViewport_closure1.call(VerifyElementVisibleInViewportKeyword.groovy)
	at com.kms.katalon.core.webui.keyword.internal.WebUIKeywordMain.runKeyword(WebUIKeywordMain.groovy:20)
	at com.kms.katalon.core.webui.keyword.builtin.VerifyElementVisibleInViewportKeyword.verifyElementVisibleInViewport(VerifyElementVisibleInViewportKeyword.groovy:86)
	at com.kms.katalon.core.webui.keyword.builtin.VerifyElementVisibleInViewportKeyword.execute(VerifyElementVisibleInViewportKeyword.groovy:68)
	at com.kms.katalon.core.keyword.internal.KeywordExecutor.executeKeywordForPlatform(KeywordExecutor.groovy:73)
	at com.kms.katalon.core.webui.keyword.WebUiBuiltInKeywords.verifyElementInViewport(WebUiBuiltInKeywords.groovy:4050)
	at com.kms.katalon.core.webui.keyword.WebUiBuiltInKeywords$verifyElementInViewport$3.call(Unknown Source)
	at commonActions.BaseActions.ScrollToFooter(BaseActions.groovy:44)
	at commonActions.BaseActions.invokeMethod(BaseActions.groovy)
	at com.kms.katalon.core.main.CustomKeywordDelegatingMetaClass.invokeStaticMethod(CustomKeywordDelegatingMetaClass.java:50)
	at VerifyNoBrokenImageOnGamingsPage.run(VerifyNoBrokenImageOnGamingsPage:24)
	at com.kms.katalon.core.main.ScriptEngine.run(ScriptEngine.java:194)
	at com.kms.katalon.core.main.ScriptEngine.runScriptAsRawText(ScriptEngine.java:119)
	at com.kms.katalon.core.main.TestCaseExecutor.runScript(TestCaseExecutor.java:398)
	at com.kms.katalon.core.main.TestCaseExecutor.doExecute(TestCaseExecutor.java:389)
	at com.kms.katalon.core.main.TestCaseExecutor.processExecutionPhase(TestCaseExecutor.java:368)
	at com.kms.katalon.core.main.TestCaseExecutor.accessMainPhase(TestCaseExecutor.java:360)
	at com.kms.katalon.core.main.TestCaseExecutor.execute(TestCaseExecutor.java:255)
	at com.kms.katalon.core.main.TestSuiteExecutor.accessTestCaseMainPhase(TestSuiteExecutor.java:203)
	at com.kms.katalon.core.main.TestSuiteExecutor.accessTestSuiteMainPhase(TestSuiteExecutor.java:152)
	at com.kms.katalon.core.main.TestSuiteExecutor.execute(TestSuiteExecutor.java:95)
	at com.kms.katalon.core.main.TestCaseMain.startTestSuite(TestCaseMain.java:157)
	at com.kms.katalon.core.main.TestCaseMain$startTestSuite$0.call(Unknown Source)
	at TempTestSuite1616984865844.run(TempTestSuite1616984865844.groovy:39)
)
[[ATTACHMENT|D:\\Working\\AUTO\\KATAWEB\\popstestautomation\\POPSTestAutomation\\Reports\\20210329_092745\\POPS App\\POPSApp_DailySmoke\\20210329_092745\\1616985056088.png]]

2021-03-29 09:30:57 - [MESSAGE][PASSED] - Execute JavaScript 'window.scrollTo(0, document.body.scrollHeight)' successfully

2021-03-29 09:30:59 - [MESSAGE][PASSED] - Delayed 2 second(s)

2021-03-29 09:30:59 - [MESSAGE][WARNING] - Object 'Object Repository/POPS App UI/Footer/POPS_Logo_In_Footer' is present but is not visible in viewport (Root cause: com.kms.katalon.core.exception.StepFailedException: Object 'Object Repository/POPS App UI/Footer/POPS_Logo_In_Footer' is present but is not visible in viewport
	at com.kms.katalon.core.webui.keyword.internal.WebUIKeywordMain.stepFailed(WebUIKeywordMain.groovy:64)
	at com.kms.katalon.core.webui.keyword.builtin.VerifyElementVisibleInViewportKeyword$_verifyElementVisibleInViewport_closure1.doCall(VerifyElementVisibleInViewportKeyword.groovy:79)
	at com.kms.katalon.core.webui.keyword.builtin.VerifyElementVisibleInViewportKeyword$_verifyElementVisibleInViewport_closure1.call(VerifyElementVisibleInViewportKeyword.groovy)
	at com.kms.katalon.core.webui.keyword.internal.WebUIKeywordMain.runKeyword(WebUIKeywordMain.groovy:20)
	at com.kms.katalon.core.webui.keyword.builtin.VerifyElementVisibleInViewportKeyword.verifyElementVisibleInViewport(VerifyElementVisibleInViewportKeyword.groovy:86)
	at com.kms.katalon.core.webui.keyword.builtin.VerifyElementVisibleInViewportKeyword.execute(VerifyElementVisibleInViewportKeyword.groovy:68)
	at com.kms.katalon.core.keyword.internal.KeywordExecutor.executeKeywordForPlatform(KeywordExecutor.groovy:73)
	at com.kms.katalon.core.webui.keyword.WebUiBuiltInKeywords.verifyElementInViewport(WebUiBuiltInKeywords.groovy:4050)
	at com.kms.katalon.core.webui.keyword.WebUiBuiltInKeywords$verifyElementInViewport$3.call(Unknown Source)
	at commonActions.BaseActions.ScrollToFooter(BaseActions.groovy:44)
	at commonActions.BaseActions.invokeMethod(BaseActions.groovy)
	at com.kms.katalon.core.main.CustomKeywordDelegatingMetaClass.invokeStaticMethod(CustomKeywordDelegatingMetaClass.java:50)
	at VerifyNoBrokenImageOnGamingsPage.run(VerifyNoBrokenImageOnGamingsPage:24)
	at com.kms.katalon.core.main.ScriptEngine.run(ScriptEngine.java:194)
	at com.kms.katalon.core.main.ScriptEngine.runScriptAsRawText(ScriptEngine.java:119)
	at com.kms.katalon.core.main.TestCaseExecutor.runScript(TestCaseExecutor.java:398)
	at com.kms.katalon.core.main.TestCaseExecutor.doExecute(TestCaseExecutor.java:389)
	at com.kms.katalon.core.main.TestCaseExecutor.processExecutionPhase(TestCaseExecutor.java:368)
	at com.kms.katalon.core.main.TestCaseExecutor.accessMainPhase(TestCaseExecutor.java:360)
	at com.kms.katalon.core.main.TestCaseExecutor.execute(TestCaseExecutor.java:255)
	at com.kms.katalon.core.main.TestSuiteExecutor.accessTestCaseMainPhase(TestSuiteExecutor.java:203)
	at com.kms.katalon.core.main.TestSuiteExecutor.accessTestSuiteMainPhase(TestSuiteExecutor.java:152)
	at com.kms.katalon.core.main.TestSuiteExecutor.execute(TestSuiteExecutor.java:95)
	at com.kms.katalon.core.main.TestCaseMain.startTestSuite(TestCaseMain.java:157)
	at com.kms.katalon.core.main.TestCaseMain$startTestSuite$0.call(Unknown Source)
	at TempTestSuite1616984865844.run(TempTestSuite1616984865844.groovy:39)
)
[[ATTACHMENT|D:\\Working\\AUTO\\KATAWEB\\popstestautomation\\POPSTestAutomation\\Reports\\20210329_092745\\POPS App\\POPSApp_DailySmoke\\20210329_092745\\1616985059319.png]]

2021-03-29 09:30:59 - [MESSAGE][PASSED] - Execute JavaScript 'window.scrollTo(0, document.body.scrollHeight)' successfully

2021-03-29 09:31:01 - [MESSAGE][PASSED] - Delayed 2 second(s)

2021-03-29 09:31:02 - [MESSAGE][WARNING] - Object 'Object Repository/POPS App UI/Footer/POPS_Logo_In_Footer' is present but is not visible in viewport (Root cause: com.kms.katalon.core.exception.StepFailedException: Object 'Object Repository/POPS App UI/Footer/POPS_Logo_In_Footer' is present but is not visible in viewport
	at com.kms.katalon.core.webui.keyword.internal.WebUIKeywordMain.stepFailed(WebUIKeywordMain.groovy:64)
	at com.kms.katalon.core.webui.keyword.builtin.VerifyElementVisibleInViewportKeyword$_verifyElementVisibleInViewport_closure1.doCall(VerifyElementVisibleInViewportKeyword.groovy:79)
	at com.kms.katalon.core.webui.keyword.builtin.VerifyElementVisibleInViewportKeyword$_verifyElementVisibleInViewport_closure1.call(VerifyElementVisibleInViewportKeyword.groovy)
	at com.kms.katalon.core.webui.keyword.internal.WebUIKeywordMain.runKeyword(WebUIKeywordMain.groovy:20)
	at com.kms.katalon.core.webui.keyword.builtin.VerifyElementVisibleInViewportKeyword.verifyElementVisibleInViewport(VerifyElementVisibleInViewportKeyword.groovy:86)
	at com.kms.katalon.core.webui.keyword.builtin.VerifyElementVisibleInViewportKeyword.execute(VerifyElementVisibleInViewportKeyword.groovy:68)
	at com.kms.katalon.core.keyword.internal.KeywordExecutor.executeKeywordForPlatform(KeywordExecutor.groovy:73)
	at com.kms.katalon.core.webui.keyword.WebUiBuiltInKeywords.verifyElementInViewport(WebUiBuiltInKeywords.groovy:4050)
	at com.kms.katalon.core.webui.keyword.WebUiBuiltInKeywords$verifyElementInViewport$3.call(Unknown Source)
	at commonActions.BaseActions.ScrollToFooter(BaseActions.groovy:44)
	at commonActions.BaseActions.invokeMethod(BaseActions.groovy)
	at com.kms.katalon.core.main.CustomKeywordDelegatingMetaClass.invokeStaticMethod(CustomKeywordDelegatingMetaClass.java:50)
	at VerifyNoBrokenImageOnGamingsPage.run(VerifyNoBrokenImageOnGamingsPage:24)
	at com.kms.katalon.core.main.ScriptEngine.run(ScriptEngine.java:194)
	at com.kms.katalon.core.main.ScriptEngine.runScriptAsRawText(ScriptEngine.java:119)
	at com.kms.katalon.core.main.TestCaseExecutor.runScript(TestCaseExecutor.java:398)
	at com.kms.katalon.core.main.TestCaseExecutor.doExecute(TestCaseExecutor.java:389)
	at com.kms.katalon.core.main.TestCaseExecutor.processExecutionPhase(TestCaseExecutor.java:368)
	at com.kms.katalon.core.main.TestCaseExecutor.accessMainPhase(TestCaseExecutor.java:360)
	at com.kms.katalon.core.main.TestCaseExecutor.execute(TestCaseExecutor.java:255)
	at com.kms.katalon.core.main.TestSuiteExecutor.accessTestCaseMainPhase(TestSuiteExecutor.java:203)
	at com.kms.katalon.core.main.TestSuiteExecutor.accessTestSuiteMainPhase(TestSuiteExecutor.java:152)
	at com.kms.katalon.core.main.TestSuiteExecutor.execute(TestSuiteExecutor.java:95)
	at com.kms.katalon.core.main.TestCaseMain.startTestSuite(TestCaseMain.java:157)
	at com.kms.katalon.core.main.TestCaseMain$startTestSuite$0.call(Unknown Source)
	at TempTestSuite1616984865844.run(TempTestSuite1616984865844.groovy:39)
)
[[ATTACHMENT|D:\\Working\\AUTO\\KATAWEB\\popstestautomation\\POPSTestAutomation\\Reports\\20210329_092745\\POPS App\\POPSApp_DailySmoke\\20210329_092745\\1616985062197.png]]

2021-03-29 09:31:02 - [MESSAGE][PASSED] - Execute JavaScript 'window.scrollTo(0, document.body.scrollHeight)' successfully

2021-03-29 09:31:04 - [MESSAGE][PASSED] - Delayed 2 second(s)

2021-03-29 09:31:05 - [MESSAGE][PASSED] - Object 'Object Repository/POPS App UI/Footer/POPS_Logo_In_Footer' is present and visible in viewport

2021-03-29 09:31:05 - [MESSAGE][PASSED] - commonActions.BaseActions.ScrollToFooter is PASSED

2021-03-29 09:31:05 - [TEST_STEP][PASSED] - commonActions.PageActions.verifyLinksOnPage(): commonActions.PageActions.verifyLinksOnPage is PASSED

2021-03-29 09:31:05 - [MESSAGE][INFO] - HAR: D:\Working\AUTO\KATAWEB\popstestautomation\POPSTestAutomation\Reports\20210329_092745\POPS App\POPSApp_DailySmoke\20210329_092745\requests\main\484.har

2021-03-29 09:31:05 - [MESSAGE][PASSED] - Send request successfully

2021-03-29 09:31:05 - [MESSAGE][INFO] - HAR: D:\Working\AUTO\KATAWEB\popstestautomation\POPSTestAutomation\Reports\20210329_092745\POPS App\POPSApp_DailySmoke\20210329_092745\requests\main\485.har

2021-03-29 09:31:05 - [MESSAGE][PASSED] - Send request successfully

2021-03-29 09:31:05 - [MESSAGE][INFO] - HAR: D:\Working\AUTO\KATAWEB\popstestautomation\POPSTestAutomation\Reports\20210329_092745\POPS App\POPSApp_DailySmoke\20210329_092745\requests\main\486.har

2021-03-29 09:31:05 - [MESSAGE][PASSED] - Send request successfully

2021-03-29 09:31:05 - [MESSAGE][INFO] - HAR: D:\Working\AUTO\KATAWEB\popstestautomation\POPSTestAutomation\Reports\20210329_092745\POPS App\POPSApp_DailySmoke\20210329_092745\requests\main\487.har

2021-03-29 09:31:05 - [MESSAGE][PASSED] - Send request successfully

2021-03-29 09:31:05 - [MESSAGE][INFO] - HAR: D:\Working\AUTO\KATAWEB\popstestautomation\POPSTestAutomation\Reports\20210329_092745\POPS App\POPSApp_DailySmoke\20210329_092745\requests\main\488.har

2021-03-29 09:31:05 - [MESSAGE][PASSED] - Send request successfully

2021-03-29 09:31:06 - [MESSAGE][INFO] - HAR: D:\Working\AUTO\KATAWEB\popstestautomation\POPSTestAutomation\Reports\20210329_092745\POPS App\POPSApp_DailySmoke\20210329_092745\requests\main\489.har

2021-03-29 09:31:06 - [MESSAGE][PASSED] - Send request successfully

2021-03-29 09:31:06 - [MESSAGE][INFO] - HAR: D:\Working\AUTO\KATAWEB\popstestautomation\POPSTestAutomation\Reports\20210329_092745\POPS App\POPSApp_DailySmoke\20210329_092745\requests\main\490.har

2021-03-29 09:31:06 - [MESSAGE][PASSED] - Send request successfully

2021-03-29 09:31:06 - [MESSAGE][INFO] - HAR: D:\Working\AUTO\KATAWEB\popstestautomation\POPSTestAutomation\Reports\20210329_092745\POPS App\POPSApp_DailySmoke\20210329_092745\requests\main\491.har

2021-03-29 09:31:06 - [MESSAGE][PASSED] - Send request successfully

2021-03-29 09:31:06 - [MESSAGE][INFO] - HAR: D:\Working\AUTO\KATAWEB\popstestautomation\POPSTestAutomation\Reports\20210329_092745\POPS App\POPSApp_DailySmoke\20210329_092745\requests\main\492.har

2021-03-29 09:31:06 - [MESSAGE][PASSED] - Send request successfully

2021-03-29 09:31:06 - [MESSAGE][INFO] - HAR: D:\Working\AUTO\KATAWEB\popstestautomation\POPSTestAutomation\Reports\20210329_092745\POPS App\POPSApp_DailySmoke\20210329_092745\requests\main\493.har

2021-03-29 09:31:06 - [MESSAGE][PASSED] - Send request successfully

2021-03-29 09:31:06 - [MESSAGE][INFO] - HAR: D:\Working\AUTO\KATAWEB\popstestautomation\POPSTestAutomation\Reports\20210329_092745\POPS App\POPSApp_DailySmoke\20210329_092745\requests\main\494.har

2021-03-29 09:31:06 - [MESSAGE][PASSED] - Send request successfully

2021-03-29 09:31:06 - [MESSAGE][INFO] - HAR: D:\Working\AUTO\KATAWEB\popstestautomation\POPSTestAutomation\Reports\20210329_092745\POPS App\POPSApp_DailySmoke\20210329_092745\requests\main\495.har

2021-03-29 09:31:06 - [MESSAGE][PASSED] - Send request successfully

2021-03-29 09:31:06 - [MESSAGE][INFO] - HAR: D:\Working\AUTO\KATAWEB\popstestautomation\POPSTestAutomation\Reports\20210329_092745\POPS App\POPSApp_DailySmoke\20210329_092745\requests\main\496.har

2021-03-29 09:31:06 - [MESSAGE][PASSED] - Send request successfully

2021-03-29 09:31:06 - [MESSAGE][INFO] - HAR: D:\Working\AUTO\KATAWEB\popstestautomation\POPSTestAutomation\Reports\20210329_092745\POPS App\POPSApp_DailySmoke\20210329_092745\requests\main\497.har

2021-03-29 09:31:06 - [MESSAGE][PASSED] - Send request successfully

2021-03-29 09:31:06 - [MESSAGE][INFO] - HAR: D:\Working\AUTO\KATAWEB\popstestautomation\POPSTestAutomation\Reports\20210329_092745\POPS App\POPSApp_DailySmoke\20210329_092745\requests\main\498.har

2021-03-29 09:31:06 - [MESSAGE][PASSED] - Send request successfully

2021-03-29 09:31:06 - [MESSAGE][INFO] - HAR: D:\Working\AUTO\KATAWEB\popstestautomation\POPSTestAutomation\Reports\20210329_092745\POPS App\POPSApp_DailySmoke\20210329_092745\requests\main\499.har

2021-03-29 09:31:06 - [MESSAGE][PASSED] - Send request successfully

2021-03-29 09:31:07 - [MESSAGE][INFO] - HAR: D:\Working\AUTO\KATAWEB\popstestautomation\POPSTestAutomation\Reports\20210329_092745\POPS App\POPSApp_DailySmoke\20210329_092745\requests\main\500.har

2021-03-29 09:31:07 - [MESSAGE][PASSED] - Send request successfully

2021-03-29 09:31:07 - [MESSAGE][INFO] - HAR: D:\Working\AUTO\KATAWEB\popstestautomation\POPSTestAutomation\Reports\20210329_092745\POPS App\POPSApp_DailySmoke\20210329_092745\requests\main\501.har

2021-03-29 09:31:07 - [MESSAGE][PASSED] - Send request successfully

2021-03-29 09:31:07 - [MESSAGE][INFO] - HAR: D:\Working\AUTO\KATAWEB\popstestautomation\POPSTestAutomation\Reports\20210329_092745\POPS App\POPSApp_DailySmoke\20210329_092745\requests\main\502.har

2021-03-29 09:31:07 - [MESSAGE][PASSED] - Send request successfully

2021-03-29 09:31:07 - [MESSAGE][INFO] - HAR: D:\Working\AUTO\KATAWEB\popstestautomation\POPSTestAutomation\Reports\20210329_092745\POPS App\POPSApp_DailySmoke\20210329_092745\requests\main\503.har

2021-03-29 09:31:07 - [MESSAGE][PASSED] - Send request successfully

2021-03-29 09:31:07 - [MESSAGE][INFO] - HAR: D:\Working\AUTO\KATAWEB\popstestautomation\POPSTestAutomation\Reports\20210329_092745\POPS App\POPSApp_DailySmoke\20210329_092745\requests\main\504.har

2021-03-29 09:31:07 - [MESSAGE][PASSED] - Send request successfully

2021-03-29 09:31:07 - [MESSAGE][INFO] - HAR: D:\Working\AUTO\KATAWEB\popstestautomation\POPSTestAutomation\Reports\20210329_092745\POPS App\POPSApp_DailySmoke\20210329_092745\requests\main\505.har

2021-03-29 09:31:07 - [MESSAGE][PASSED] - Send request successfully

2021-03-29 09:31:07 - [MESSAGE][INFO] - HAR: D:\Working\AUTO\KATAWEB\popstestautomation\POPSTestAutomation\Reports\20210329_092745\POPS App\POPSApp_DailySmoke\20210329_092745\requests\main\506.har

2021-03-29 09:31:07 - [MESSAGE][PASSED] - Send request successfully

2021-03-29 09:31:07 - [MESSAGE][INFO] - HAR: D:\Working\AUTO\KATAWEB\popstestautomation\POPSTestAutomation\Reports\20210329_092745\POPS App\POPSApp_DailySmoke\20210329_092745\requests\main\507.har

2021-03-29 09:31:07 - [MESSAGE][PASSED] - Send request successfully

2021-03-29 09:31:08 - [MESSAGE][INFO] - HAR: D:\Working\AUTO\KATAWEB\popstestautomation\POPSTestAutomation\Reports\20210329_092745\POPS App\POPSApp_DailySmoke\20210329_092745\requests\main\508.har

2021-03-29 09:31:08 - [MESSAGE][PASSED] - Send request successfully

2021-03-29 09:31:08 - [MESSAGE][INFO] - HAR: D:\Working\AUTO\KATAWEB\popstestautomation\POPSTestAutomation\Reports\20210329_092745\POPS App\POPSApp_DailySmoke\20210329_092745\requests\main\509.har

2021-03-29 09:31:08 - [MESSAGE][PASSED] - Send request successfully

2021-03-29 09:31:08 - [MESSAGE][INFO] - HAR: D:\Working\AUTO\KATAWEB\popstestautomation\POPSTestAutomation\Reports\20210329_092745\POPS App\POPSApp_DailySmoke\20210329_092745\requests\main\510.har

2021-03-29 09:31:08 - [MESSAGE][PASSED] - Send request successfully

2021-03-29 09:31:08 - [MESSAGE][INFO] - HAR: D:\Working\AUTO\KATAWEB\popstestautomation\POPSTestAutomation\Reports\20210329_092745\POPS App\POPSApp_DailySmoke\20210329_092745\requests\main\511.har

2021-03-29 09:31:08 - [MESSAGE][PASSED] - Send request successfully

2021-03-29 09:31:09 - [MESSAGE][INFO] - HAR: D:\Working\AUTO\KATAWEB\popstestautomation\POPSTestAutomation\Reports\20210329_092745\POPS App\POPSApp_DailySmoke\20210329_092745\requests\main\512.har

2021-03-29 09:31:09 - [MESSAGE][PASSED] - Send request successfully

2021-03-29 09:31:09 - [MESSAGE][INFO] - HAR: D:\Working\AUTO\KATAWEB\popstestautomation\POPSTestAutomation\Reports\20210329_092745\POPS App\POPSApp_DailySmoke\20210329_092745\requests\main\513.har

2021-03-29 09:31:09 - [MESSAGE][PASSED] - Send request successfully

2021-03-29 09:31:09 - [MESSAGE][INFO] - HAR: D:\Working\AUTO\KATAWEB\popstestautomation\POPSTestAutomation\Reports\20210329_092745\POPS App\POPSApp_DailySmoke\20210329_092745\requests\main\514.har

2021-03-29 09:31:09 - [MESSAGE][PASSED] - Send request successfully

2021-03-29 09:31:09 - [MESSAGE][INFO] - HAR: D:\Working\AUTO\KATAWEB\popstestautomation\POPSTestAutomation\Reports\20210329_092745\POPS App\POPSApp_DailySmoke\20210329_092745\requests\main\515.har

2021-03-29 09:31:09 - [MESSAGE][PASSED] - Send request successfully

2021-03-29 09:31:10 - [MESSAGE][INFO] - HAR: D:\Working\AUTO\KATAWEB\popstestautomation\POPSTestAutomation\Reports\20210329_092745\POPS App\POPSApp_DailySmoke\20210329_092745\requests\main\516.har

2021-03-29 09:31:10 - [MESSAGE][PASSED] - Send request successfully

2021-03-29 09:31:10 - [MESSAGE][INFO] - HAR: D:\Working\AUTO\KATAWEB\popstestautomation\POPSTestAutomation\Reports\20210329_092745\POPS App\POPSApp_DailySmoke\20210329_092745\requests\main\517.har

2021-03-29 09:31:10 - [MESSAGE][PASSED] - Send request successfully

2021-03-29 09:31:10 - [MESSAGE][INFO] - HAR: D:\Working\AUTO\KATAWEB\popstestautomation\POPSTestAutomation\Reports\20210329_092745\POPS App\POPSApp_DailySmoke\20210329_092745\requests\main\518.har

2021-03-29 09:31:10 - [MESSAGE][PASSED] - Send request successfully

2021-03-29 09:31:10 - [MESSAGE][INFO] - HAR: D:\Working\AUTO\KATAWEB\popstestautomation\POPSTestAutomation\Reports\20210329_092745\POPS App\POPSApp_DailySmoke\20210329_092745\requests\main\519.har

2021-03-29 09:31:10 - [MESSAGE][PASSED] - Send request successfully

2021-03-29 09:31:11 - [MESSAGE][INFO] - HAR: D:\Working\AUTO\KATAWEB\popstestautomation\POPSTestAutomation\Reports\20210329_092745\POPS App\POPSApp_DailySmoke\20210329_092745\requests\main\520.har

2021-03-29 09:31:11 - [MESSAGE][PASSED] - Send request successfully

2021-03-29 09:31:11 - [MESSAGE][INFO] - HAR: D:\Working\AUTO\KATAWEB\popstestautomation\POPSTestAutomation\Reports\20210329_092745\POPS App\POPSApp_DailySmoke\20210329_092745\requests\main\521.har

2021-03-29 09:31:11 - [MESSAGE][PASSED] - Send request successfully

2021-03-29 09:31:11 - [MESSAGE][INFO] - HAR: D:\Working\AUTO\KATAWEB\popstestautomation\POPSTestAutomation\Reports\20210329_092745\POPS App\POPSApp_DailySmoke\20210329_092745\requests\main\522.har

2021-03-29 09:31:11 - [MESSAGE][PASSED] - Send request successfully

2021-03-29 09:31:12 - [MESSAGE][INFO] - HAR: D:\Working\AUTO\KATAWEB\popstestautomation\POPSTestAutomation\Reports\20210329_092745\POPS App\POPSApp_DailySmoke\20210329_092745\requests\main\523.har

2021-03-29 09:31:12 - [MESSAGE][PASSED] - Send request successfully

2021-03-29 09:31:12 - [MESSAGE][INFO] - HAR: D:\Working\AUTO\KATAWEB\popstestautomation\POPSTestAutomation\Reports\20210329_092745\POPS App\POPSApp_DailySmoke\20210329_092745\requests\main\524.har

2021-03-29 09:31:12 - [MESSAGE][PASSED] - Send request successfully

2021-03-29 09:31:12 - [MESSAGE][INFO] - HAR: D:\Working\AUTO\KATAWEB\popstestautomation\POPSTestAutomation\Reports\20210329_092745\POPS App\POPSApp_DailySmoke\20210329_092745\requests\main\525.har

2021-03-29 09:31:12 - [MESSAGE][PASSED] - Send request successfully

2021-03-29 09:31:13 - [MESSAGE][INFO] - HAR: D:\Working\AUTO\KATAWEB\popstestautomation\POPSTestAutomation\Reports\20210329_092745\POPS App\POPSApp_DailySmoke\20210329_092745\requests\main\526.har

2021-03-29 09:31:13 - [MESSAGE][PASSED] - Send request successfully

2021-03-29 09:31:13 - [MESSAGE][INFO] - HAR: D:\Working\AUTO\KATAWEB\popstestautomation\POPSTestAutomation\Reports\20210329_092745\POPS App\POPSApp_DailySmoke\20210329_092745\requests\main\527.har

2021-03-29 09:31:13 - [MESSAGE][PASSED] - Send request successfully

2021-03-29 09:31:13 - [MESSAGE][INFO] - HAR: D:\Working\AUTO\KATAWEB\popstestautomation\POPSTestAutomation\Reports\20210329_092745\POPS App\POPSApp_DailySmoke\20210329_092745\requests\main\528.har

2021-03-29 09:31:13 - [MESSAGE][PASSED] - Send request successfully

2021-03-29 09:31:13 - [MESSAGE][INFO] - HAR: D:\Working\AUTO\KATAWEB\popstestautomation\POPSTestAutomation\Reports\20210329_092745\POPS App\POPSApp_DailySmoke\20210329_092745\requests\main\529.har

2021-03-29 09:31:13 - [MESSAGE][PASSED] - Send request successfully

2021-03-29 09:31:14 - [MESSAGE][INFO] - HAR: D:\Working\AUTO\KATAWEB\popstestautomation\POPSTestAutomation\Reports\20210329_092745\POPS App\POPSApp_DailySmoke\20210329_092745\requests\main\530.har

2021-03-29 09:31:14 - [MESSAGE][PASSED] - Send request successfully

2021-03-29 09:31:14 - [MESSAGE][INFO] - HAR: D:\Working\AUTO\KATAWEB\popstestautomation\POPSTestAutomation\Reports\20210329_092745\POPS App\POPSApp_DailySmoke\20210329_092745\requests\main\531.har

2021-03-29 09:31:14 - [MESSAGE][PASSED] - Send request successfully

2021-03-29 09:31:14 - [MESSAGE][INFO] - HAR: D:\Working\AUTO\KATAWEB\popstestautomation\POPSTestAutomation\Reports\20210329_092745\POPS App\POPSApp_DailySmoke\20210329_092745\requests\main\532.har

2021-03-29 09:31:14 - [MESSAGE][PASSED] - Send request successfully

2021-03-29 09:31:14 - [MESSAGE][INFO] - HAR: D:\Working\AUTO\KATAWEB\popstestautomation\POPSTestAutomation\Reports\20210329_092745\POPS App\POPSApp_DailySmoke\20210329_092745\requests\main\533.har

2021-03-29 09:31:14 - [MESSAGE][PASSED] - Send request successfully

2021-03-29 09:31:15 - [MESSAGE][INFO] - HAR: D:\Working\AUTO\KATAWEB\popstestautomation\POPSTestAutomation\Reports\20210329_092745\POPS App\POPSApp_DailySmoke\20210329_092745\requests\main\534.har

2021-03-29 09:31:15 - [MESSAGE][PASSED] - Send request successfully

2021-03-29 09:31:15 - [MESSAGE][INFO] - HAR: D:\Working\AUTO\KATAWEB\popstestautomation\POPSTestAutomation\Reports\20210329_092745\POPS App\POPSApp_DailySmoke\20210329_092745\requests\main\535.har

2021-03-29 09:31:15 - [MESSAGE][PASSED] - Send request successfully

2021-03-29 09:31:15 - [MESSAGE][INFO] - HAR: D:\Working\AUTO\KATAWEB\popstestautomation\POPSTestAutomation\Reports\20210329_092745\POPS App\POPSApp_DailySmoke\20210329_092745\requests\main\536.har

2021-03-29 09:31:15 - [MESSAGE][PASSED] - Send request successfully

2021-03-29 09:31:15 - [MESSAGE][INFO] - HAR: D:\Working\AUTO\KATAWEB\popstestautomation\POPSTestAutomation\Reports\20210329_092745\POPS App\POPSApp_DailySmoke\20210329_092745\requests\main\537.har

2021-03-29 09:31:15 - [MESSAGE][PASSED] - Send request successfully

2021-03-29 09:31:16 - [MESSAGE][INFO] - HAR: D:\Working\AUTO\KATAWEB\popstestautomation\POPSTestAutomation\Reports\20210329_092745\POPS App\POPSApp_DailySmoke\20210329_092745\requests\main\538.har

2021-03-29 09:31:16 - [MESSAGE][PASSED] - Send request successfully

2021-03-29 09:31:16 - [MESSAGE][INFO] - HAR: D:\Working\AUTO\KATAWEB\popstestautomation\POPSTestAutomation\Reports\20210329_092745\POPS App\POPSApp_DailySmoke\20210329_092745\requests\main\539.har

2021-03-29 09:31:16 - [MESSAGE][PASSED] - Send request successfully

2021-03-29 09:31:16 - [MESSAGE][INFO] - HAR: D:\Working\AUTO\KATAWEB\popstestautomation\POPSTestAutomation\Reports\20210329_092745\POPS App\POPSApp_DailySmoke\20210329_092745\requests\main\540.har

2021-03-29 09:31:16 - [MESSAGE][PASSED] - Send request successfully

2021-03-29 09:31:17 - [MESSAGE][INFO] - HAR: D:\Working\AUTO\KATAWEB\popstestautomation\POPSTestAutomation\Reports\20210329_092745\POPS App\POPSApp_DailySmoke\20210329_092745\requests\main\541.har

2021-03-29 09:31:17 - [MESSAGE][PASSED] - Send request successfully

2021-03-29 09:31:17 - [MESSAGE][INFO] - HAR: D:\Working\AUTO\KATAWEB\popstestautomation\POPSTestAutomation\Reports\20210329_092745\POPS App\POPSApp_DailySmoke\20210329_092745\requests\main\542.har

2021-03-29 09:31:17 - [MESSAGE][PASSED] - Send request successfully

2021-03-29 09:31:17 - [MESSAGE][INFO] - HAR: D:\Working\AUTO\KATAWEB\popstestautomation\POPSTestAutomation\Reports\20210329_092745\POPS App\POPSApp_DailySmoke\20210329_092745\requests\main\543.har

2021-03-29 09:31:17 - [MESSAGE][PASSED] - Send request successfully

2021-03-29 09:31:17 - [MESSAGE][INFO] - HAR: D:\Working\AUTO\KATAWEB\popstestautomation\POPSTestAutomation\Reports\20210329_092745\POPS App\POPSApp_DailySmoke\20210329_092745\requests\main\544.har

2021-03-29 09:31:17 - [MESSAGE][PASSED] - Send request successfully

2021-03-29 09:31:17 - [MESSAGE][INFO] - HAR: D:\Working\AUTO\KATAWEB\popstestautomation\POPSTestAutomation\Reports\20210329_092745\POPS App\POPSApp_DailySmoke\20210329_092745\requests\main\545.har

2021-03-29 09:31:17 - [MESSAGE][PASSED] - Send request successfully

2021-03-29 09:31:18 - [MESSAGE][INFO] - HAR: D:\Working\AUTO\KATAWEB\popstestautomation\POPSTestAutomation\Reports\20210329_092745\POPS App\POPSApp_DailySmoke\20210329_092745\requests\main\546.har

2021-03-29 09:31:18 - [MESSAGE][PASSED] - Send request successfully

2021-03-29 09:31:18 - [MESSAGE][INFO] - HAR: D:\Working\AUTO\KATAWEB\popstestautomation\POPSTestAutomation\Reports\20210329_092745\POPS App\POPSApp_DailySmoke\20210329_092745\requests\main\547.har

2021-03-29 09:31:18 - [MESSAGE][PASSED] - Send request successfully

2021-03-29 09:31:18 - [MESSAGE][INFO] - HAR: D:\Working\AUTO\KATAWEB\popstestautomation\POPSTestAutomation\Reports\20210329_092745\POPS App\POPSApp_DailySmoke\20210329_092745\requests\main\548.har

2021-03-29 09:31:18 - [MESSAGE][PASSED] - Send request successfully

2021-03-29 09:31:18 - [MESSAGE][INFO] - HAR: D:\Working\AUTO\KATAWEB\popstestautomation\POPSTestAutomation\Reports\20210329_092745\POPS App\POPSApp_DailySmoke\20210329_092745\requests\main\549.har

2021-03-29 09:31:18 - [MESSAGE][PASSED] - Send request successfully

2021-03-29 09:31:19 - [MESSAGE][INFO] - HAR: D:\Working\AUTO\KATAWEB\popstestautomation\POPSTestAutomation\Reports\20210329_092745\POPS App\POPSApp_DailySmoke\20210329_092745\requests\main\550.har

2021-03-29 09:31:19 - [MESSAGE][PASSED] - Send request successfully

2021-03-29 09:31:19 - [MESSAGE][INFO] - HAR: D:\Working\AUTO\KATAWEB\popstestautomation\POPSTestAutomation\Reports\20210329_092745\POPS App\POPSApp_DailySmoke\20210329_092745\requests\main\551.har

2021-03-29 09:31:19 - [MESSAGE][PASSED] - Send request successfully

2021-03-29 09:31:19 - [MESSAGE][INFO] - HAR: D:\Working\AUTO\KATAWEB\popstestautomation\POPSTestAutomation\Reports\20210329_092745\POPS App\POPSApp_DailySmoke\20210329_092745\requests\main\552.har

2021-03-29 09:31:19 - [MESSAGE][PASSED] - Send request successfully

2021-03-29 09:31:19 - [MESSAGE][INFO] - HAR: D:\Working\AUTO\KATAWEB\popstestautomation\POPSTestAutomation\Reports\20210329_092745\POPS App\POPSApp_DailySmoke\20210329_092745\requests\main\553.har

2021-03-29 09:31:19 - [MESSAGE][PASSED] - Send request successfully

2021-03-29 09:31:19 - [MESSAGE][INFO] - HAR: D:\Working\AUTO\KATAWEB\popstestautomation\POPSTestAutomation\Reports\20210329_092745\POPS App\POPSApp_DailySmoke\20210329_092745\requests\main\554.har

2021-03-29 09:31:19 - [MESSAGE][PASSED] - Send request successfully

2021-03-29 09:31:20 - [MESSAGE][INFO] - HAR: D:\Working\AUTO\KATAWEB\popstestautomation\POPSTestAutomation\Reports\20210329_092745\POPS App\POPSApp_DailySmoke\20210329_092745\requests\main\555.har

2021-03-29 09:31:20 - [MESSAGE][PASSED] - Send request successfully

2021-03-29 09:31:20 - [MESSAGE][INFO] - HAR: D:\Working\AUTO\KATAWEB\popstestautomation\POPSTestAutomation\Reports\20210329_092745\POPS App\POPSApp_DailySmoke\20210329_092745\requests\main\556.har

2021-03-29 09:31:20 - [MESSAGE][PASSED] - Send request successfully

2021-03-29 09:31:20 - [MESSAGE][INFO] - HAR: D:\Working\AUTO\KATAWEB\popstestautomation\POPSTestAutomation\Reports\20210329_092745\POPS App\POPSApp_DailySmoke\20210329_092745\requests\main\557.har

2021-03-29 09:31:20 - [MESSAGE][PASSED] - Send request successfully

2021-03-29 09:31:20 - [MESSAGE][PASSED] - Refresh successfully

2021-03-29 09:31:20 - [MESSAGE][PASSED] - commonActions.PageActions.verifyLinksOnPage is PASSED

2021-03-29 09:31:20 - [TEST_STEP][PASSED] - Start listener action : sampleAfterTestCase: null

2021-03-29 09:31:20 - [TEST_STEP][PASSED] - println(testCaseContext.getTestCaseId()): null

2021-03-29 09:31:20 - [TEST_STEP][PASSED] - println(testCaseContext.getTestCaseStatus()): null

2021-03-29 09:31:20 - [TEST_STEP][PASSED] - Start listener action : sampleAfterTestCase: null

2021-03-29 09:31:20 - [TEST_STEP][PASSED] - println(testCaseContext.getTestCaseId()): null

2021-03-29 09:31:20 - [TEST_STEP][PASSED] - println(testCaseContext.getTestCaseStatus()): null]]></system-out>
         <system-err><![CDATA[]]></system-err>
      </testcase>
      <testcase name="Test Cases/POPS App/UI_Check/VN/VerifyNoBrokenImageOnHomePage" time="59.019" classname="Test Cases/POPS App/UI_Check/VN/VerifyNoBrokenImageOnHomePage" status="ERROR">
         <error type="ERROR" message="Test Cases/POPS App/UI_Check/VN/VerifyNoBrokenImageOnHomePage FAILED.
Reason:
org.codehaus.groovy.runtime.InvokerInvocationException: java.lang.AssertionError: Failed at https://pops.vn/static/images/placeholder-small.png:/html[1]/body[1]/div[1]/main[1]/div[1]/div[7]/div[1]/div[1]/div[5]/div[1]/div[1]/a[1]/div[1]/div[1]/picture[1]/img[1] expected [true] but found [false]
	at commonActions.PageActions.invokeMethod(PageActions.groovy)
	at com.kms.katalon.core.main.CustomKeywordDelegatingMetaClass.invokeStaticMethod(CustomKeywordDelegatingMetaClass.java:50)
	at VerifyNoBrokenImageOnHomePage.run(VerifyNoBrokenImageOnHomePage:25)
	at com.kms.katalon.core.main.ScriptEngine.run(ScriptEngine.java:194)
	at com.kms.katalon.core.main.ScriptEngine.runScriptAsRawText(ScriptEngine.java:119)
	at com.kms.katalon.core.main.TestCaseExecutor.runScript(TestCaseExecutor.java:398)
	at com.kms.katalon.core.main.TestCaseExecutor.doExecute(TestCaseExecutor.java:389)
	at com.kms.katalon.core.main.TestCaseExecutor.processExecutionPhase(TestCaseExecutor.java:368)
	at com.kms.katalon.core.main.TestCaseExecutor.accessMainPhase(TestCaseExecutor.java:360)
	at com.kms.katalon.core.main.TestCaseExecutor.execute(TestCaseExecutor.java:255)
	at com.kms.katalon.core.main.TestSuiteExecutor.accessTestCaseMainPhase(TestSuiteExecutor.java:203)
	at com.kms.katalon.core.main.TestSuiteExecutor.accessTestSuiteMainPhase(TestSuiteExecutor.java:152)
	at com.kms.katalon.core.main.TestSuiteExecutor.execute(TestSuiteExecutor.java:95)
	at com.kms.katalon.core.main.TestCaseMain.startTestSuite(TestCaseMain.java:157)
	at com.kms.katalon.core.main.TestCaseMain$startTestSuite$0.call(Unknown Source)
	at TempTestSuite1616984865844.run(TempTestSuite1616984865844.groovy:39)
Caused by: java.lang.AssertionError: Failed at https://pops.vn/static/images/placeholder-small.png:/html[1]/body[1]/div[1]/main[1]/div[1]/div[7]/div[1]/div[1]/div[5]/div[1]/div[1]/a[1]/div[1]/div[1]/picture[1]/img[1] expected [true] but found [false]
	at org.testng.Assert.fail(Assert.java:93)
	at org.testng.Assert.failNotEquals(Assert.java:512)
	at org.testng.Assert.assertTrue(Assert.java:41)
	at commonActions.PageActions$_verifyLinksOnPage_closure1.doCall(PageActions.groovy:25)
	at commonActions.PageActions.verifyLinksOnPage(PageActions.groovy:23)
	... 16 more
"/>
         <system-out><![CDATA[2021-03-29 09:31:20 - [TEST_CASE][ERROR] - Test Cases/POPS App/UI_Check/VN/VerifyNoBrokenImageOnHomePage: Test Cases/POPS App/UI_Check/VN/VerifyNoBrokenImageOnHomePage FAILED.
Reason:
org.codehaus.groovy.runtime.InvokerInvocationException: java.lang.AssertionError: Failed at https://pops.vn/static/images/placeholder-small.png:/html[1]/body[1]/div[1]/main[1]/div[1]/div[7]/div[1]/div[1]/div[5]/div[1]/div[1]/a[1]/div[1]/div[1]/picture[1]/img[1] expected [true] but found [false]
	at commonActions.PageActions.invokeMethod(PageActions.groovy)
	at com.kms.katalon.core.main.CustomKeywordDelegatingMetaClass.invokeStaticMethod(CustomKeywordDelegatingMetaClass.java:50)
	at VerifyNoBrokenImageOnHomePage.run(VerifyNoBrokenImageOnHomePage:25)
	at com.kms.katalon.core.main.ScriptEngine.run(ScriptEngine.java:194)
	at com.kms.katalon.core.main.ScriptEngine.runScriptAsRawText(ScriptEngine.java:119)
	at com.kms.katalon.core.main.TestCaseExecutor.runScript(TestCaseExecutor.java:398)
	at com.kms.katalon.core.main.TestCaseExecutor.doExecute(TestCaseExecutor.java:389)
	at com.kms.katalon.core.main.TestCaseExecutor.processExecutionPhase(TestCaseExecutor.java:368)
	at com.kms.katalon.core.main.TestCaseExecutor.accessMainPhase(TestCaseExecutor.java:360)
	at com.kms.katalon.core.main.TestCaseExecutor.execute(TestCaseExecutor.java:255)
	at com.kms.katalon.core.main.TestSuiteExecutor.accessTestCaseMainPhase(TestSuiteExecutor.java:203)
	at com.kms.katalon.core.main.TestSuiteExecutor.accessTestSuiteMainPhase(TestSuiteExecutor.java:152)
	at com.kms.katalon.core.main.TestSuiteExecutor.execute(TestSuiteExecutor.java:95)
	at com.kms.katalon.core.main.TestCaseMain.startTestSuite(TestCaseMain.java:157)
	at com.kms.katalon.core.main.TestCaseMain$startTestSuite$0.call(Unknown Source)
	at TempTestSuite1616984865844.run(TempTestSuite1616984865844.groovy:39)
Caused by: java.lang.AssertionError: Failed at https://pops.vn/static/images/placeholder-small.png:/html[1]/body[1]/div[1]/main[1]/div[1]/div[7]/div[1]/div[1]/div[5]/div[1]/div[1]/a[1]/div[1]/div[1]/picture[1]/img[1] expected [true] but found [false]
	at org.testng.Assert.fail(Assert.java:93)
	at org.testng.Assert.failNotEquals(Assert.java:512)
	at org.testng.Assert.assertTrue(Assert.java:41)
	at commonActions.PageActions$_verifyLinksOnPage_closure1.doCall(PageActions.groovy:25)
	at commonActions.PageActions.verifyLinksOnPage(PageActions.groovy:23)
	... 16 more


2021-03-29 09:31:20 - [TEST_STEP][PASSED] - Start listener action : sampleBeforeTestCase: null

2021-03-29 09:31:20 - [TEST_STEP][PASSED] - println(testCaseContext.getTestCaseId()): null

2021-03-29 09:31:20 - [TEST_STEP][PASSED] - println(testCaseContext.getTestCaseVariables()): null

2021-03-29 09:31:20 - [TEST_STEP][PASSED] - Start listener action : sampleBeforeTestCase: null

2021-03-29 09:31:20 - [TEST_STEP][PASSED] - println(testCaseContext.getTestCaseId()): null

2021-03-29 09:31:20 - [TEST_STEP][PASSED] - println(testCaseContext.getTestCaseVariables()): null

2021-03-29 09:31:20 - [TEST_STEP][PASSED] - openBrowser(SourceURL): Browser is opened with url: 'https://pops.vn/'

2021-03-29 09:31:20 - [MESSAGE][WARNING] - A browser is already opened. Closing browser and opening a new one

2021-03-29 09:31:21 - [MESSAGE][INFO] - Starting 'Chrome' driver

2021-03-29 09:31:21 - [MESSAGE][INFO] - Action delay is set to 0 milliseconds

2021-03-29 09:31:23 - [MESSAGE][PASSED] - Browser is opened with url: 'https://pops.vn/'

2021-03-29 09:31:23 - [TEST_STEP][PASSED] - maximizeWindow(): Current window maximized

2021-03-29 09:31:23 - [MESSAGE][PASSED] - Current window maximized

2021-03-29 09:31:23 - [TEST_STEP][PASSED] - commonActions.BaseActions.ScrollToFooter(): commonActions.BaseActions.ScrollToFooter is PASSED

2021-03-29 09:31:23 - [MESSAGE][PASSED] - Execute JavaScript 'window.scrollTo(0, document.body.scrollHeight)' successfully

2021-03-29 09:31:25 - [MESSAGE][PASSED] - Delayed 2 second(s)

2021-03-29 09:31:26 - [MESSAGE][WARNING] - Object 'Object Repository/POPS App UI/Footer/POPS_Logo_In_Footer' is present but is not visible in viewport (Root cause: com.kms.katalon.core.exception.StepFailedException: Object 'Object Repository/POPS App UI/Footer/POPS_Logo_In_Footer' is present but is not visible in viewport
	at com.kms.katalon.core.webui.keyword.internal.WebUIKeywordMain.stepFailed(WebUIKeywordMain.groovy:64)
	at com.kms.katalon.core.webui.keyword.builtin.VerifyElementVisibleInViewportKeyword$_verifyElementVisibleInViewport_closure1.doCall(VerifyElementVisibleInViewportKeyword.groovy:79)
	at com.kms.katalon.core.webui.keyword.builtin.VerifyElementVisibleInViewportKeyword$_verifyElementVisibleInViewport_closure1.call(VerifyElementVisibleInViewportKeyword.groovy)
	at com.kms.katalon.core.webui.keyword.internal.WebUIKeywordMain.runKeyword(WebUIKeywordMain.groovy:20)
	at com.kms.katalon.core.webui.keyword.builtin.VerifyElementVisibleInViewportKeyword.verifyElementVisibleInViewport(VerifyElementVisibleInViewportKeyword.groovy:86)
	at com.kms.katalon.core.webui.keyword.builtin.VerifyElementVisibleInViewportKeyword.execute(VerifyElementVisibleInViewportKeyword.groovy:68)
	at com.kms.katalon.core.keyword.internal.KeywordExecutor.executeKeywordForPlatform(KeywordExecutor.groovy:73)
	at com.kms.katalon.core.webui.keyword.WebUiBuiltInKeywords.verifyElementInViewport(WebUiBuiltInKeywords.groovy:4050)
	at com.kms.katalon.core.webui.keyword.WebUiBuiltInKeywords$verifyElementInViewport$3.call(Unknown Source)
	at commonActions.BaseActions.ScrollToFooter(BaseActions.groovy:44)
	at commonActions.BaseActions.invokeMethod(BaseActions.groovy)
	at com.kms.katalon.core.main.CustomKeywordDelegatingMetaClass.invokeStaticMethod(CustomKeywordDelegatingMetaClass.java:50)
	at VerifyNoBrokenImageOnHomePage.run(VerifyNoBrokenImageOnHomePage:22)
	at com.kms.katalon.core.main.ScriptEngine.run(ScriptEngine.java:194)
	at com.kms.katalon.core.main.ScriptEngine.runScriptAsRawText(ScriptEngine.java:119)
	at com.kms.katalon.core.main.TestCaseExecutor.runScript(TestCaseExecutor.java:398)
	at com.kms.katalon.core.main.TestCaseExecutor.doExecute(TestCaseExecutor.java:389)
	at com.kms.katalon.core.main.TestCaseExecutor.processExecutionPhase(TestCaseExecutor.java:368)
	at com.kms.katalon.core.main.TestCaseExecutor.accessMainPhase(TestCaseExecutor.java:360)
	at com.kms.katalon.core.main.TestCaseExecutor.execute(TestCaseExecutor.java:255)
	at com.kms.katalon.core.main.TestSuiteExecutor.accessTestCaseMainPhase(TestSuiteExecutor.java:203)
	at com.kms.katalon.core.main.TestSuiteExecutor.accessTestSuiteMainPhase(TestSuiteExecutor.java:152)
	at com.kms.katalon.core.main.TestSuiteExecutor.execute(TestSuiteExecutor.java:95)
	at com.kms.katalon.core.main.TestCaseMain.startTestSuite(TestCaseMain.java:157)
	at com.kms.katalon.core.main.TestCaseMain$startTestSuite$0.call(Unknown Source)
	at TempTestSuite1616984865844.run(TempTestSuite1616984865844.groovy:39)
)
[[ATTACHMENT|D:\\Working\\AUTO\\KATAWEB\\popstestautomation\\POPSTestAutomation\\Reports\\20210329_092745\\POPS App\\POPSApp_DailySmoke\\20210329_092745\\1616985086030.png]]

2021-03-29 09:31:27 - [MESSAGE][PASSED] - Execute JavaScript 'window.scrollTo(0, document.body.scrollHeight)' successfully

2021-03-29 09:31:29 - [MESSAGE][PASSED] - Delayed 2 second(s)

2021-03-29 09:31:29 - [MESSAGE][WARNING] - Object 'Object Repository/POPS App UI/Footer/POPS_Logo_In_Footer' is present but is not visible in viewport (Root cause: com.kms.katalon.core.exception.StepFailedException: Object 'Object Repository/POPS App UI/Footer/POPS_Logo_In_Footer' is present but is not visible in viewport
	at com.kms.katalon.core.webui.keyword.internal.WebUIKeywordMain.stepFailed(WebUIKeywordMain.groovy:64)
	at com.kms.katalon.core.webui.keyword.builtin.VerifyElementVisibleInViewportKeyword$_verifyElementVisibleInViewport_closure1.doCall(VerifyElementVisibleInViewportKeyword.groovy:79)
	at com.kms.katalon.core.webui.keyword.builtin.VerifyElementVisibleInViewportKeyword$_verifyElementVisibleInViewport_closure1.call(VerifyElementVisibleInViewportKeyword.groovy)
	at com.kms.katalon.core.webui.keyword.internal.WebUIKeywordMain.runKeyword(WebUIKeywordMain.groovy:20)
	at com.kms.katalon.core.webui.keyword.builtin.VerifyElementVisibleInViewportKeyword.verifyElementVisibleInViewport(VerifyElementVisibleInViewportKeyword.groovy:86)
	at com.kms.katalon.core.webui.keyword.builtin.VerifyElementVisibleInViewportKeyword.execute(VerifyElementVisibleInViewportKeyword.groovy:68)
	at com.kms.katalon.core.keyword.internal.KeywordExecutor.executeKeywordForPlatform(KeywordExecutor.groovy:73)
	at com.kms.katalon.core.webui.keyword.WebUiBuiltInKeywords.verifyElementInViewport(WebUiBuiltInKeywords.groovy:4050)
	at com.kms.katalon.core.webui.keyword.WebUiBuiltInKeywords$verifyElementInViewport$3.call(Unknown Source)
	at commonActions.BaseActions.ScrollToFooter(BaseActions.groovy:44)
	at commonActions.BaseActions.invokeMethod(BaseActions.groovy)
	at com.kms.katalon.core.main.CustomKeywordDelegatingMetaClass.invokeStaticMethod(CustomKeywordDelegatingMetaClass.java:50)
	at VerifyNoBrokenImageOnHomePage.run(VerifyNoBrokenImageOnHomePage:22)
	at com.kms.katalon.core.main.ScriptEngine.run(ScriptEngine.java:194)
	at com.kms.katalon.core.main.ScriptEngine.runScriptAsRawText(ScriptEngine.java:119)
	at com.kms.katalon.core.main.TestCaseExecutor.runScript(TestCaseExecutor.java:398)
	at com.kms.katalon.core.main.TestCaseExecutor.doExecute(TestCaseExecutor.java:389)
	at com.kms.katalon.core.main.TestCaseExecutor.processExecutionPhase(TestCaseExecutor.java:368)
	at com.kms.katalon.core.main.TestCaseExecutor.accessMainPhase(TestCaseExecutor.java:360)
	at com.kms.katalon.core.main.TestCaseExecutor.execute(TestCaseExecutor.java:255)
	at com.kms.katalon.core.main.TestSuiteExecutor.accessTestCaseMainPhase(TestSuiteExecutor.java:203)
	at com.kms.katalon.core.main.TestSuiteExecutor.accessTestSuiteMainPhase(TestSuiteExecutor.java:152)
	at com.kms.katalon.core.main.TestSuiteExecutor.execute(TestSuiteExecutor.java:95)
	at com.kms.katalon.core.main.TestCaseMain.startTestSuite(TestCaseMain.java:157)
	at com.kms.katalon.core.main.TestCaseMain$startTestSuite$0.call(Unknown Source)
	at TempTestSuite1616984865844.run(TempTestSuite1616984865844.groovy:39)
)
[[ATTACHMENT|D:\\Working\\AUTO\\KATAWEB\\popstestautomation\\POPSTestAutomation\\Reports\\20210329_092745\\POPS App\\POPSApp_DailySmoke\\20210329_092745\\1616985089266.png]]

2021-03-29 09:31:29 - [MESSAGE][PASSED] - Execute JavaScript 'window.scrollTo(0, document.body.scrollHeight)' successfully

2021-03-29 09:31:31 - [MESSAGE][PASSED] - Delayed 2 second(s)

2021-03-29 09:31:32 - [MESSAGE][WARNING] - Object 'Object Repository/POPS App UI/Footer/POPS_Logo_In_Footer' is present but is not visible in viewport (Root cause: com.kms.katalon.core.exception.StepFailedException: Object 'Object Repository/POPS App UI/Footer/POPS_Logo_In_Footer' is present but is not visible in viewport
	at com.kms.katalon.core.webui.keyword.internal.WebUIKeywordMain.stepFailed(WebUIKeywordMain.groovy:64)
	at com.kms.katalon.core.webui.keyword.builtin.VerifyElementVisibleInViewportKeyword$_verifyElementVisibleInViewport_closure1.doCall(VerifyElementVisibleInViewportKeyword.groovy:79)
	at com.kms.katalon.core.webui.keyword.builtin.VerifyElementVisibleInViewportKeyword$_verifyElementVisibleInViewport_closure1.call(VerifyElementVisibleInViewportKeyword.groovy)
	at com.kms.katalon.core.webui.keyword.internal.WebUIKeywordMain.runKeyword(WebUIKeywordMain.groovy:20)
	at com.kms.katalon.core.webui.keyword.builtin.VerifyElementVisibleInViewportKeyword.verifyElementVisibleInViewport(VerifyElementVisibleInViewportKeyword.groovy:86)
	at com.kms.katalon.core.webui.keyword.builtin.VerifyElementVisibleInViewportKeyword.execute(VerifyElementVisibleInViewportKeyword.groovy:68)
	at com.kms.katalon.core.keyword.internal.KeywordExecutor.executeKeywordForPlatform(KeywordExecutor.groovy:73)
	at com.kms.katalon.core.webui.keyword.WebUiBuiltInKeywords.verifyElementInViewport(WebUiBuiltInKeywords.groovy:4050)
	at com.kms.katalon.core.webui.keyword.WebUiBuiltInKeywords$verifyElementInViewport$3.call(Unknown Source)
	at commonActions.BaseActions.ScrollToFooter(BaseActions.groovy:44)
	at commonActions.BaseActions.invokeMethod(BaseActions.groovy)
	at com.kms.katalon.core.main.CustomKeywordDelegatingMetaClass.invokeStaticMethod(CustomKeywordDelegatingMetaClass.java:50)
	at VerifyNoBrokenImageOnHomePage.run(VerifyNoBrokenImageOnHomePage:22)
	at com.kms.katalon.core.main.ScriptEngine.run(ScriptEngine.java:194)
	at com.kms.katalon.core.main.ScriptEngine.runScriptAsRawText(ScriptEngine.java:119)
	at com.kms.katalon.core.main.TestCaseExecutor.runScript(TestCaseExecutor.java:398)
	at com.kms.katalon.core.main.TestCaseExecutor.doExecute(TestCaseExecutor.java:389)
	at com.kms.katalon.core.main.TestCaseExecutor.processExecutionPhase(TestCaseExecutor.java:368)
	at com.kms.katalon.core.main.TestCaseExecutor.accessMainPhase(TestCaseExecutor.java:360)
	at com.kms.katalon.core.main.TestCaseExecutor.execute(TestCaseExecutor.java:255)
	at com.kms.katalon.core.main.TestSuiteExecutor.accessTestCaseMainPhase(TestSuiteExecutor.java:203)
	at com.kms.katalon.core.main.TestSuiteExecutor.accessTestSuiteMainPhase(TestSuiteExecutor.java:152)
	at com.kms.katalon.core.main.TestSuiteExecutor.execute(TestSuiteExecutor.java:95)
	at com.kms.katalon.core.main.TestCaseMain.startTestSuite(TestCaseMain.java:157)
	at com.kms.katalon.core.main.TestCaseMain$startTestSuite$0.call(Unknown Source)
	at TempTestSuite1616984865844.run(TempTestSuite1616984865844.groovy:39)
)
[[ATTACHMENT|D:\\Working\\AUTO\\KATAWEB\\popstestautomation\\POPSTestAutomation\\Reports\\20210329_092745\\POPS App\\POPSApp_DailySmoke\\20210329_092745\\1616985092167.png]]

2021-03-29 09:31:32 - [MESSAGE][PASSED] - Execute JavaScript 'window.scrollTo(0, document.body.scrollHeight)' successfully

2021-03-29 09:31:34 - [MESSAGE][PASSED] - Delayed 2 second(s)

2021-03-29 09:31:35 - [MESSAGE][WARNING] - Object 'Object Repository/POPS App UI/Footer/POPS_Logo_In_Footer' is present but is not visible in viewport (Root cause: com.kms.katalon.core.exception.StepFailedException: Object 'Object Repository/POPS App UI/Footer/POPS_Logo_In_Footer' is present but is not visible in viewport
	at com.kms.katalon.core.webui.keyword.internal.WebUIKeywordMain.stepFailed(WebUIKeywordMain.groovy:64)
	at com.kms.katalon.core.webui.keyword.builtin.VerifyElementVisibleInViewportKeyword$_verifyElementVisibleInViewport_closure1.doCall(VerifyElementVisibleInViewportKeyword.groovy:79)
	at com.kms.katalon.core.webui.keyword.builtin.VerifyElementVisibleInViewportKeyword$_verifyElementVisibleInViewport_closure1.call(VerifyElementVisibleInViewportKeyword.groovy)
	at com.kms.katalon.core.webui.keyword.internal.WebUIKeywordMain.runKeyword(WebUIKeywordMain.groovy:20)
	at com.kms.katalon.core.webui.keyword.builtin.VerifyElementVisibleInViewportKeyword.verifyElementVisibleInViewport(VerifyElementVisibleInViewportKeyword.groovy:86)
	at com.kms.katalon.core.webui.keyword.builtin.VerifyElementVisibleInViewportKeyword.execute(VerifyElementVisibleInViewportKeyword.groovy:68)
	at com.kms.katalon.core.keyword.internal.KeywordExecutor.executeKeywordForPlatform(KeywordExecutor.groovy:73)
	at com.kms.katalon.core.webui.keyword.WebUiBuiltInKeywords.verifyElementInViewport(WebUiBuiltInKeywords.groovy:4050)
	at com.kms.katalon.core.webui.keyword.WebUiBuiltInKeywords$verifyElementInViewport$3.call(Unknown Source)
	at commonActions.BaseActions.ScrollToFooter(BaseActions.groovy:44)
	at commonActions.BaseActions.invokeMethod(BaseActions.groovy)
	at com.kms.katalon.core.main.CustomKeywordDelegatingMetaClass.invokeStaticMethod(CustomKeywordDelegatingMetaClass.java:50)
	at VerifyNoBrokenImageOnHomePage.run(VerifyNoBrokenImageOnHomePage:22)
	at com.kms.katalon.core.main.ScriptEngine.run(ScriptEngine.java:194)
	at com.kms.katalon.core.main.ScriptEngine.runScriptAsRawText(ScriptEngine.java:119)
	at com.kms.katalon.core.main.TestCaseExecutor.runScript(TestCaseExecutor.java:398)
	at com.kms.katalon.core.main.TestCaseExecutor.doExecute(TestCaseExecutor.java:389)
	at com.kms.katalon.core.main.TestCaseExecutor.processExecutionPhase(TestCaseExecutor.java:368)
	at com.kms.katalon.core.main.TestCaseExecutor.accessMainPhase(TestCaseExecutor.java:360)
	at com.kms.katalon.core.main.TestCaseExecutor.execute(TestCaseExecutor.java:255)
	at com.kms.katalon.core.main.TestSuiteExecutor.accessTestCaseMainPhase(TestSuiteExecutor.java:203)
	at com.kms.katalon.core.main.TestSuiteExecutor.accessTestSuiteMainPhase(TestSuiteExecutor.java:152)
	at com.kms.katalon.core.main.TestSuiteExecutor.execute(TestSuiteExecutor.java:95)
	at com.kms.katalon.core.main.TestCaseMain.startTestSuite(TestCaseMain.java:157)
	at com.kms.katalon.core.main.TestCaseMain$startTestSuite$0.call(Unknown Source)
	at TempTestSuite1616984865844.run(TempTestSuite1616984865844.groovy:39)
)
[[ATTACHMENT|D:\\Working\\AUTO\\KATAWEB\\popstestautomation\\POPSTestAutomation\\Reports\\20210329_092745\\POPS App\\POPSApp_DailySmoke\\20210329_092745\\1616985095161.png]]

2021-03-29 09:31:35 - [MESSAGE][PASSED] - Execute JavaScript 'window.scrollTo(0, document.body.scrollHeight)' successfully

2021-03-29 09:31:37 - [MESSAGE][PASSED] - Delayed 2 second(s)

2021-03-29 09:31:38 - [MESSAGE][WARNING] - Object 'Object Repository/POPS App UI/Footer/POPS_Logo_In_Footer' is present but is not visible in viewport (Root cause: com.kms.katalon.core.exception.StepFailedException: Object 'Object Repository/POPS App UI/Footer/POPS_Logo_In_Footer' is present but is not visible in viewport
	at com.kms.katalon.core.webui.keyword.internal.WebUIKeywordMain.stepFailed(WebUIKeywordMain.groovy:64)
	at com.kms.katalon.core.webui.keyword.builtin.VerifyElementVisibleInViewportKeyword$_verifyElementVisibleInViewport_closure1.doCall(VerifyElementVisibleInViewportKeyword.groovy:79)
	at com.kms.katalon.core.webui.keyword.builtin.VerifyElementVisibleInViewportKeyword$_verifyElementVisibleInViewport_closure1.call(VerifyElementVisibleInViewportKeyword.groovy)
	at com.kms.katalon.core.webui.keyword.internal.WebUIKeywordMain.runKeyword(WebUIKeywordMain.groovy:20)
	at com.kms.katalon.core.webui.keyword.builtin.VerifyElementVisibleInViewportKeyword.verifyElementVisibleInViewport(VerifyElementVisibleInViewportKeyword.groovy:86)
	at com.kms.katalon.core.webui.keyword.builtin.VerifyElementVisibleInViewportKeyword.execute(VerifyElementVisibleInViewportKeyword.groovy:68)
	at com.kms.katalon.core.keyword.internal.KeywordExecutor.executeKeywordForPlatform(KeywordExecutor.groovy:73)
	at com.kms.katalon.core.webui.keyword.WebUiBuiltInKeywords.verifyElementInViewport(WebUiBuiltInKeywords.groovy:4050)
	at com.kms.katalon.core.webui.keyword.WebUiBuiltInKeywords$verifyElementInViewport$3.call(Unknown Source)
	at commonActions.BaseActions.ScrollToFooter(BaseActions.groovy:44)
	at commonActions.BaseActions.invokeMethod(BaseActions.groovy)
	at com.kms.katalon.core.main.CustomKeywordDelegatingMetaClass.invokeStaticMethod(CustomKeywordDelegatingMetaClass.java:50)
	at VerifyNoBrokenImageOnHomePage.run(VerifyNoBrokenImageOnHomePage:22)
	at com.kms.katalon.core.main.ScriptEngine.run(ScriptEngine.java:194)
	at com.kms.katalon.core.main.ScriptEngine.runScriptAsRawText(ScriptEngine.java:119)
	at com.kms.katalon.core.main.TestCaseExecutor.runScript(TestCaseExecutor.java:398)
	at com.kms.katalon.core.main.TestCaseExecutor.doExecute(TestCaseExecutor.java:389)
	at com.kms.katalon.core.main.TestCaseExecutor.processExecutionPhase(TestCaseExecutor.java:368)
	at com.kms.katalon.core.main.TestCaseExecutor.accessMainPhase(TestCaseExecutor.java:360)
	at com.kms.katalon.core.main.TestCaseExecutor.execute(TestCaseExecutor.java:255)
	at com.kms.katalon.core.main.TestSuiteExecutor.accessTestCaseMainPhase(TestSuiteExecutor.java:203)
	at com.kms.katalon.core.main.TestSuiteExecutor.accessTestSuiteMainPhase(TestSuiteExecutor.java:152)
	at com.kms.katalon.core.main.TestSuiteExecutor.execute(TestSuiteExecutor.java:95)
	at com.kms.katalon.core.main.TestCaseMain.startTestSuite(TestCaseMain.java:157)
	at com.kms.katalon.core.main.TestCaseMain$startTestSuite$0.call(Unknown Source)
	at TempTestSuite1616984865844.run(TempTestSuite1616984865844.groovy:39)
)
[[ATTACHMENT|D:\\Working\\AUTO\\KATAWEB\\popstestautomation\\POPSTestAutomation\\Reports\\20210329_092745\\POPS App\\POPSApp_DailySmoke\\20210329_092745\\1616985098124.png]]

2021-03-29 09:31:38 - [MESSAGE][PASSED] - Execute JavaScript 'window.scrollTo(0, document.body.scrollHeight)' successfully

2021-03-29 09:31:40 - [MESSAGE][PASSED] - Delayed 2 second(s)

2021-03-29 09:31:41 - [MESSAGE][PASSED] - Object 'Object Repository/POPS App UI/Footer/POPS_Logo_In_Footer' is present and visible in viewport

2021-03-29 09:31:41 - [MESSAGE][PASSED] - commonActions.BaseActions.ScrollToFooter is PASSED

2021-03-29 09:31:41 - [TEST_STEP][FAILED] - commonActions.PageActions.verifyLinksOnPage(): java.lang.AssertionError: Failed at https://pops.vn/static/images/placeholder-small.png:/html[1]/body[1]/div[1]/main[1]/div[1]/div[7]/div[1]/div[1]/div[5]/div[1]/div[1]/a[1]/div[1]/div[1]/picture[1]/img[1] expected [true] but found [false]

2021-03-29 09:31:41 - [MESSAGE][INFO] - HAR: D:\Working\AUTO\KATAWEB\popstestautomation\POPSTestAutomation\Reports\20210329_092745\POPS App\POPSApp_DailySmoke\20210329_092745\requests\main\558.har

2021-03-29 09:31:41 - [MESSAGE][PASSED] - Send request successfully

2021-03-29 09:31:41 - [MESSAGE][INFO] - HAR: D:\Working\AUTO\KATAWEB\popstestautomation\POPSTestAutomation\Reports\20210329_092745\POPS App\POPSApp_DailySmoke\20210329_092745\requests\main\559.har

2021-03-29 09:31:41 - [MESSAGE][PASSED] - Send request successfully

2021-03-29 09:31:42 - [MESSAGE][INFO] - HAR: D:\Working\AUTO\KATAWEB\popstestautomation\POPSTestAutomation\Reports\20210329_092745\POPS App\POPSApp_DailySmoke\20210329_092745\requests\main\560.har

2021-03-29 09:31:42 - [MESSAGE][PASSED] - Send request successfully

2021-03-29 09:31:42 - [MESSAGE][INFO] - HAR: D:\Working\AUTO\KATAWEB\popstestautomation\POPSTestAutomation\Reports\20210329_092745\POPS App\POPSApp_DailySmoke\20210329_092745\requests\main\561.har

2021-03-29 09:31:42 - [MESSAGE][PASSED] - Send request successfully

2021-03-29 09:31:42 - [MESSAGE][INFO] - HAR: D:\Working\AUTO\KATAWEB\popstestautomation\POPSTestAutomation\Reports\20210329_092745\POPS App\POPSApp_DailySmoke\20210329_092745\requests\main\562.har

2021-03-29 09:31:42 - [MESSAGE][PASSED] - Send request successfully

2021-03-29 09:31:42 - [MESSAGE][INFO] - HAR: D:\Working\AUTO\KATAWEB\popstestautomation\POPSTestAutomation\Reports\20210329_092745\POPS App\POPSApp_DailySmoke\20210329_092745\requests\main\563.har

2021-03-29 09:31:42 - [MESSAGE][PASSED] - Send request successfully

2021-03-29 09:31:43 - [MESSAGE][INFO] - HAR: D:\Working\AUTO\KATAWEB\popstestautomation\POPSTestAutomation\Reports\20210329_092745\POPS App\POPSApp_DailySmoke\20210329_092745\requests\main\564.har

2021-03-29 09:31:43 - [MESSAGE][PASSED] - Send request successfully

2021-03-29 09:31:43 - [MESSAGE][INFO] - HAR: D:\Working\AUTO\KATAWEB\popstestautomation\POPSTestAutomation\Reports\20210329_092745\POPS App\POPSApp_DailySmoke\20210329_092745\requests\main\565.har

2021-03-29 09:31:43 - [MESSAGE][PASSED] - Send request successfully

2021-03-29 09:31:43 - [MESSAGE][INFO] - HAR: D:\Working\AUTO\KATAWEB\popstestautomation\POPSTestAutomation\Reports\20210329_092745\POPS App\POPSApp_DailySmoke\20210329_092745\requests\main\566.har

2021-03-29 09:31:43 - [MESSAGE][PASSED] - Send request successfully

2021-03-29 09:31:44 - [MESSAGE][INFO] - HAR: D:\Working\AUTO\KATAWEB\popstestautomation\POPSTestAutomation\Reports\20210329_092745\POPS App\POPSApp_DailySmoke\20210329_092745\requests\main\567.har

2021-03-29 09:31:44 - [MESSAGE][PASSED] - Send request successfully

2021-03-29 09:31:44 - [MESSAGE][INFO] - HAR: D:\Working\AUTO\KATAWEB\popstestautomation\POPSTestAutomation\Reports\20210329_092745\POPS App\POPSApp_DailySmoke\20210329_092745\requests\main\568.har

2021-03-29 09:31:44 - [MESSAGE][PASSED] - Send request successfully

2021-03-29 09:31:44 - [MESSAGE][INFO] - HAR: D:\Working\AUTO\KATAWEB\popstestautomation\POPSTestAutomation\Reports\20210329_092745\POPS App\POPSApp_DailySmoke\20210329_092745\requests\main\569.har

2021-03-29 09:31:44 - [MESSAGE][PASSED] - Send request successfully

2021-03-29 09:31:44 - [MESSAGE][INFO] - HAR: D:\Working\AUTO\KATAWEB\popstestautomation\POPSTestAutomation\Reports\20210329_092745\POPS App\POPSApp_DailySmoke\20210329_092745\requests\main\570.har

2021-03-29 09:31:44 - [MESSAGE][PASSED] - Send request successfully

2021-03-29 09:31:44 - [MESSAGE][INFO] - HAR: D:\Working\AUTO\KATAWEB\popstestautomation\POPSTestAutomation\Reports\20210329_092745\POPS App\POPSApp_DailySmoke\20210329_092745\requests\main\571.har

2021-03-29 09:31:44 - [MESSAGE][PASSED] - Send request successfully

2021-03-29 09:31:45 - [MESSAGE][INFO] - HAR: D:\Working\AUTO\KATAWEB\popstestautomation\POPSTestAutomation\Reports\20210329_092745\POPS App\POPSApp_DailySmoke\20210329_092745\requests\main\572.har

2021-03-29 09:31:45 - [MESSAGE][PASSED] - Send request successfully

2021-03-29 09:31:45 - [MESSAGE][INFO] - HAR: D:\Working\AUTO\KATAWEB\popstestautomation\POPSTestAutomation\Reports\20210329_092745\POPS App\POPSApp_DailySmoke\20210329_092745\requests\main\573.har

2021-03-29 09:31:45 - [MESSAGE][PASSED] - Send request successfully

2021-03-29 09:31:45 - [MESSAGE][INFO] - HAR: D:\Working\AUTO\KATAWEB\popstestautomation\POPSTestAutomation\Reports\20210329_092745\POPS App\POPSApp_DailySmoke\20210329_092745\requests\main\574.har

2021-03-29 09:31:45 - [MESSAGE][PASSED] - Send request successfully

2021-03-29 09:31:46 - [MESSAGE][INFO] - HAR: D:\Working\AUTO\KATAWEB\popstestautomation\POPSTestAutomation\Reports\20210329_092745\POPS App\POPSApp_DailySmoke\20210329_092745\requests\main\575.har

2021-03-29 09:31:46 - [MESSAGE][PASSED] - Send request successfully

2021-03-29 09:31:46 - [MESSAGE][INFO] - HAR: D:\Working\AUTO\KATAWEB\popstestautomation\POPSTestAutomation\Reports\20210329_092745\POPS App\POPSApp_DailySmoke\20210329_092745\requests\main\576.har

2021-03-29 09:31:46 - [MESSAGE][PASSED] - Send request successfully

2021-03-29 09:31:46 - [MESSAGE][INFO] - HAR: D:\Working\AUTO\KATAWEB\popstestautomation\POPSTestAutomation\Reports\20210329_092745\POPS App\POPSApp_DailySmoke\20210329_092745\requests\main\577.har

2021-03-29 09:31:46 - [MESSAGE][PASSED] - Send request successfully

2021-03-29 09:31:46 - [MESSAGE][INFO] - HAR: D:\Working\AUTO\KATAWEB\popstestautomation\POPSTestAutomation\Reports\20210329_092745\POPS App\POPSApp_DailySmoke\20210329_092745\requests\main\578.har

2021-03-29 09:31:46 - [MESSAGE][PASSED] - Send request successfully

2021-03-29 09:31:46 - [MESSAGE][INFO] - HAR: D:\Working\AUTO\KATAWEB\popstestautomation\POPSTestAutomation\Reports\20210329_092745\POPS App\POPSApp_DailySmoke\20210329_092745\requests\main\579.har

2021-03-29 09:31:46 - [MESSAGE][PASSED] - Send request successfully

2021-03-29 09:31:47 - [MESSAGE][INFO] - HAR: D:\Working\AUTO\KATAWEB\popstestautomation\POPSTestAutomation\Reports\20210329_092745\POPS App\POPSApp_DailySmoke\20210329_092745\requests\main\580.har

2021-03-29 09:31:47 - [MESSAGE][PASSED] - Send request successfully

2021-03-29 09:31:47 - [MESSAGE][INFO] - HAR: D:\Working\AUTO\KATAWEB\popstestautomation\POPSTestAutomation\Reports\20210329_092745\POPS App\POPSApp_DailySmoke\20210329_092745\requests\main\581.har

2021-03-29 09:31:47 - [MESSAGE][PASSED] - Send request successfully

2021-03-29 09:31:47 - [MESSAGE][INFO] - HAR: D:\Working\AUTO\KATAWEB\popstestautomation\POPSTestAutomation\Reports\20210329_092745\POPS App\POPSApp_DailySmoke\20210329_092745\requests\main\582.har

2021-03-29 09:31:47 - [MESSAGE][PASSED] - Send request successfully

2021-03-29 09:31:48 - [MESSAGE][INFO] - HAR: D:\Working\AUTO\KATAWEB\popstestautomation\POPSTestAutomation\Reports\20210329_092745\POPS App\POPSApp_DailySmoke\20210329_092745\requests\main\583.har

2021-03-29 09:31:48 - [MESSAGE][PASSED] - Send request successfully

2021-03-29 09:31:48 - [MESSAGE][INFO] - HAR: D:\Working\AUTO\KATAWEB\popstestautomation\POPSTestAutomation\Reports\20210329_092745\POPS App\POPSApp_DailySmoke\20210329_092745\requests\main\584.har

2021-03-29 09:31:48 - [MESSAGE][PASSED] - Send request successfully

2021-03-29 09:31:48 - [MESSAGE][INFO] - HAR: D:\Working\AUTO\KATAWEB\popstestautomation\POPSTestAutomation\Reports\20210329_092745\POPS App\POPSApp_DailySmoke\20210329_092745\requests\main\585.har

2021-03-29 09:31:48 - [MESSAGE][PASSED] - Send request successfully

2021-03-29 09:31:49 - [MESSAGE][INFO] - HAR: D:\Working\AUTO\KATAWEB\popstestautomation\POPSTestAutomation\Reports\20210329_092745\POPS App\POPSApp_DailySmoke\20210329_092745\requests\main\586.har

2021-03-29 09:31:49 - [MESSAGE][PASSED] - Send request successfully

2021-03-29 09:31:49 - [MESSAGE][INFO] - HAR: D:\Working\AUTO\KATAWEB\popstestautomation\POPSTestAutomation\Reports\20210329_092745\POPS App\POPSApp_DailySmoke\20210329_092745\requests\main\587.har

2021-03-29 09:31:49 - [MESSAGE][PASSED] - Send request successfully

2021-03-29 09:31:49 - [MESSAGE][INFO] - HAR: D:\Working\AUTO\KATAWEB\popstestautomation\POPSTestAutomation\Reports\20210329_092745\POPS App\POPSApp_DailySmoke\20210329_092745\requests\main\588.har

2021-03-29 09:31:49 - [MESSAGE][PASSED] - Send request successfully

2021-03-29 09:31:49 - [MESSAGE][INFO] - HAR: D:\Working\AUTO\KATAWEB\popstestautomation\POPSTestAutomation\Reports\20210329_092745\POPS App\POPSApp_DailySmoke\20210329_092745\requests\main\589.har

2021-03-29 09:31:49 - [MESSAGE][PASSED] - Send request successfully

2021-03-29 09:31:49 - [MESSAGE][INFO] - HAR: D:\Working\AUTO\KATAWEB\popstestautomation\POPSTestAutomation\Reports\20210329_092745\POPS App\POPSApp_DailySmoke\20210329_092745\requests\main\590.har

2021-03-29 09:31:49 - [MESSAGE][PASSED] - Send request successfully

2021-03-29 09:31:50 - [MESSAGE][INFO] - HAR: D:\Working\AUTO\KATAWEB\popstestautomation\POPSTestAutomation\Reports\20210329_092745\POPS App\POPSApp_DailySmoke\20210329_092745\requests\main\591.har

2021-03-29 09:31:50 - [MESSAGE][PASSED] - Send request successfully

2021-03-29 09:31:50 - [MESSAGE][INFO] - HAR: D:\Working\AUTO\KATAWEB\popstestautomation\POPSTestAutomation\Reports\20210329_092745\POPS App\POPSApp_DailySmoke\20210329_092745\requests\main\592.har

2021-03-29 09:31:50 - [MESSAGE][PASSED] - Send request successfully

2021-03-29 09:31:50 - [MESSAGE][INFO] - HAR: D:\Working\AUTO\KATAWEB\popstestautomation\POPSTestAutomation\Reports\20210329_092745\POPS App\POPSApp_DailySmoke\20210329_092745\requests\main\593.har

2021-03-29 09:31:50 - [MESSAGE][PASSED] - Send request successfully

2021-03-29 09:31:50 - [MESSAGE][INFO] - HAR: D:\Working\AUTO\KATAWEB\popstestautomation\POPSTestAutomation\Reports\20210329_092745\POPS App\POPSApp_DailySmoke\20210329_092745\requests\main\594.har

2021-03-29 09:31:50 - [MESSAGE][PASSED] - Send request successfully

2021-03-29 09:31:58 - [MESSAGE][INFO] - HAR: D:\Working\AUTO\KATAWEB\popstestautomation\POPSTestAutomation\Reports\20210329_092745\POPS App\POPSApp_DailySmoke\20210329_092745\requests\main\595.har

2021-03-29 09:31:58 - [MESSAGE][PASSED] - Send request successfully

2021-03-29 09:31:58 - [MESSAGE][INFO] - HAR: D:\Working\AUTO\KATAWEB\popstestautomation\POPSTestAutomation\Reports\20210329_092745\POPS App\POPSApp_DailySmoke\20210329_092745\requests\main\596.har

2021-03-29 09:31:58 - [MESSAGE][PASSED] - Send request successfully

2021-03-29 09:31:58 - [MESSAGE][INFO] - HAR: D:\Working\AUTO\KATAWEB\popstestautomation\POPSTestAutomation\Reports\20210329_092745\POPS App\POPSApp_DailySmoke\20210329_092745\requests\main\597.har

2021-03-29 09:31:58 - [MESSAGE][PASSED] - Send request successfully

2021-03-29 09:31:59 - [MESSAGE][INFO] - HAR: D:\Working\AUTO\KATAWEB\popstestautomation\POPSTestAutomation\Reports\20210329_092745\POPS App\POPSApp_DailySmoke\20210329_092745\requests\main\598.har

2021-03-29 09:31:59 - [MESSAGE][PASSED] - Send request successfully

2021-03-29 09:31:59 - [MESSAGE][INFO] - HAR: D:\Working\AUTO\KATAWEB\popstestautomation\POPSTestAutomation\Reports\20210329_092745\POPS App\POPSApp_DailySmoke\20210329_092745\requests\main\599.har

2021-03-29 09:31:59 - [MESSAGE][PASSED] - Send request successfully

2021-03-29 09:31:59 - [MESSAGE][INFO] - HAR: D:\Working\AUTO\KATAWEB\popstestautomation\POPSTestAutomation\Reports\20210329_092745\POPS App\POPSApp_DailySmoke\20210329_092745\requests\main\600.har

2021-03-29 09:31:59 - [MESSAGE][PASSED] - Send request successfully

2021-03-29 09:32:00 - [MESSAGE][INFO] - HAR: D:\Working\AUTO\KATAWEB\popstestautomation\POPSTestAutomation\Reports\20210329_092745\POPS App\POPSApp_DailySmoke\20210329_092745\requests\main\601.har

2021-03-29 09:32:00 - [MESSAGE][PASSED] - Send request successfully

2021-03-29 09:32:00 - [MESSAGE][INFO] - HAR: D:\Working\AUTO\KATAWEB\popstestautomation\POPSTestAutomation\Reports\20210329_092745\POPS App\POPSApp_DailySmoke\20210329_092745\requests\main\602.har

2021-03-29 09:32:00 - [MESSAGE][PASSED] - Send request successfully

2021-03-29 09:32:00 - [MESSAGE][INFO] - HAR: D:\Working\AUTO\KATAWEB\popstestautomation\POPSTestAutomation\Reports\20210329_092745\POPS App\POPSApp_DailySmoke\20210329_092745\requests\main\603.har

2021-03-29 09:32:00 - [MESSAGE][PASSED] - Send request successfully

2021-03-29 09:32:00 - [MESSAGE][INFO] - HAR: D:\Working\AUTO\KATAWEB\popstestautomation\POPSTestAutomation\Reports\20210329_092745\POPS App\POPSApp_DailySmoke\20210329_092745\requests\main\604.har

2021-03-29 09:32:00 - [MESSAGE][PASSED] - Send request successfully

2021-03-29 09:32:01 - [MESSAGE][INFO] - HAR: D:\Working\AUTO\KATAWEB\popstestautomation\POPSTestAutomation\Reports\20210329_092745\POPS App\POPSApp_DailySmoke\20210329_092745\requests\main\605.har

2021-03-29 09:32:01 - [MESSAGE][PASSED] - Send request successfully

2021-03-29 09:32:01 - [MESSAGE][INFO] - HAR: D:\Working\AUTO\KATAWEB\popstestautomation\POPSTestAutomation\Reports\20210329_092745\POPS App\POPSApp_DailySmoke\20210329_092745\requests\main\606.har

2021-03-29 09:32:01 - [MESSAGE][PASSED] - Send request successfully

2021-03-29 09:32:01 - [MESSAGE][INFO] - HAR: D:\Working\AUTO\KATAWEB\popstestautomation\POPSTestAutomation\Reports\20210329_092745\POPS App\POPSApp_DailySmoke\20210329_092745\requests\main\607.har

2021-03-29 09:32:01 - [MESSAGE][PASSED] - Send request successfully

2021-03-29 09:32:01 - [MESSAGE][INFO] - HAR: D:\Working\AUTO\KATAWEB\popstestautomation\POPSTestAutomation\Reports\20210329_092745\POPS App\POPSApp_DailySmoke\20210329_092745\requests\main\608.har

2021-03-29 09:32:01 - [MESSAGE][PASSED] - Send request successfully

2021-03-29 09:32:01 - [MESSAGE][INFO] - HAR: D:\Working\AUTO\KATAWEB\popstestautomation\POPSTestAutomation\Reports\20210329_092745\POPS App\POPSApp_DailySmoke\20210329_092745\requests\main\609.har

2021-03-29 09:32:01 - [MESSAGE][PASSED] - Send request successfully

2021-03-29 09:32:02 - [MESSAGE][INFO] - HAR: D:\Working\AUTO\KATAWEB\popstestautomation\POPSTestAutomation\Reports\20210329_092745\POPS App\POPSApp_DailySmoke\20210329_092745\requests\main\610.har

2021-03-29 09:32:02 - [MESSAGE][PASSED] - Send request successfully

2021-03-29 09:32:02 - [MESSAGE][INFO] - HAR: D:\Working\AUTO\KATAWEB\popstestautomation\POPSTestAutomation\Reports\20210329_092745\POPS App\POPSApp_DailySmoke\20210329_092745\requests\main\611.har

2021-03-29 09:32:02 - [MESSAGE][PASSED] - Send request successfully

2021-03-29 09:32:02 - [MESSAGE][INFO] - HAR: D:\Working\AUTO\KATAWEB\popstestautomation\POPSTestAutomation\Reports\20210329_092745\POPS App\POPSApp_DailySmoke\20210329_092745\requests\main\612.har

2021-03-29 09:32:02 - [MESSAGE][PASSED] - Send request successfully

2021-03-29 09:32:02 - [MESSAGE][INFO] - HAR: D:\Working\AUTO\KATAWEB\popstestautomation\POPSTestAutomation\Reports\20210329_092745\POPS App\POPSApp_DailySmoke\20210329_092745\requests\main\613.har

2021-03-29 09:32:02 - [MESSAGE][PASSED] - Send request successfully

2021-03-29 09:32:03 - [MESSAGE][INFO] - HAR: D:\Working\AUTO\KATAWEB\popstestautomation\POPSTestAutomation\Reports\20210329_092745\POPS App\POPSApp_DailySmoke\20210329_092745\requests\main\614.har

2021-03-29 09:32:03 - [MESSAGE][PASSED] - Send request successfully

2021-03-29 09:32:03 - [MESSAGE][INFO] - HAR: D:\Working\AUTO\KATAWEB\popstestautomation\POPSTestAutomation\Reports\20210329_092745\POPS App\POPSApp_DailySmoke\20210329_092745\requests\main\615.har

2021-03-29 09:32:03 - [MESSAGE][PASSED] - Send request successfully

2021-03-29 09:32:04 - [MESSAGE][INFO] - HAR: D:\Working\AUTO\KATAWEB\popstestautomation\POPSTestAutomation\Reports\20210329_092745\POPS App\POPSApp_DailySmoke\20210329_092745\requests\main\616.har

2021-03-29 09:32:04 - [MESSAGE][PASSED] - Send request successfully

2021-03-29 09:32:04 - [MESSAGE][INFO] - HAR: D:\Working\AUTO\KATAWEB\popstestautomation\POPSTestAutomation\Reports\20210329_092745\POPS App\POPSApp_DailySmoke\20210329_092745\requests\main\617.har

2021-03-29 09:32:04 - [MESSAGE][PASSED] - Send request successfully

2021-03-29 09:32:04 - [MESSAGE][INFO] - HAR: D:\Working\AUTO\KATAWEB\popstestautomation\POPSTestAutomation\Reports\20210329_092745\POPS App\POPSApp_DailySmoke\20210329_092745\requests\main\618.har

2021-03-29 09:32:04 - [MESSAGE][PASSED] - Send request successfully

2021-03-29 09:32:04 - [MESSAGE][INFO] - HAR: D:\Working\AUTO\KATAWEB\popstestautomation\POPSTestAutomation\Reports\20210329_092745\POPS App\POPSApp_DailySmoke\20210329_092745\requests\main\619.har

2021-03-29 09:32:04 - [MESSAGE][PASSED] - Send request successfully

2021-03-29 09:32:05 - [MESSAGE][INFO] - HAR: D:\Working\AUTO\KATAWEB\popstestautomation\POPSTestAutomation\Reports\20210329_092745\POPS App\POPSApp_DailySmoke\20210329_092745\requests\main\620.har

2021-03-29 09:32:05 - [MESSAGE][PASSED] - Send request successfully

2021-03-29 09:32:05 - [MESSAGE][INFO] - HAR: D:\Working\AUTO\KATAWEB\popstestautomation\POPSTestAutomation\Reports\20210329_092745\POPS App\POPSApp_DailySmoke\20210329_092745\requests\main\621.har

2021-03-29 09:32:05 - [MESSAGE][PASSED] - Send request successfully

2021-03-29 09:32:05 - [MESSAGE][INFO] - HAR: D:\Working\AUTO\KATAWEB\popstestautomation\POPSTestAutomation\Reports\20210329_092745\POPS App\POPSApp_DailySmoke\20210329_092745\requests\main\622.har

2021-03-29 09:32:05 - [MESSAGE][PASSED] - Send request successfully

2021-03-29 09:32:06 - [MESSAGE][INFO] - HAR: D:\Working\AUTO\KATAWEB\popstestautomation\POPSTestAutomation\Reports\20210329_092745\POPS App\POPSApp_DailySmoke\20210329_092745\requests\main\623.har

2021-03-29 09:32:06 - [MESSAGE][PASSED] - Send request successfully

2021-03-29 09:32:06 - [MESSAGE][INFO] - HAR: D:\Working\AUTO\KATAWEB\popstestautomation\POPSTestAutomation\Reports\20210329_092745\POPS App\POPSApp_DailySmoke\20210329_092745\requests\main\624.har

2021-03-29 09:32:06 - [MESSAGE][PASSED] - Send request successfully

2021-03-29 09:32:06 - [MESSAGE][INFO] - HAR: D:\Working\AUTO\KATAWEB\popstestautomation\POPSTestAutomation\Reports\20210329_092745\POPS App\POPSApp_DailySmoke\20210329_092745\requests\main\625.har

2021-03-29 09:32:06 - [MESSAGE][PASSED] - Send request successfully

2021-03-29 09:32:06 - [MESSAGE][INFO] - HAR: D:\Working\AUTO\KATAWEB\popstestautomation\POPSTestAutomation\Reports\20210329_092745\POPS App\POPSApp_DailySmoke\20210329_092745\requests\main\626.har

2021-03-29 09:32:06 - [MESSAGE][PASSED] - Send request successfully

2021-03-29 09:32:07 - [MESSAGE][INFO] - HAR: D:\Working\AUTO\KATAWEB\popstestautomation\POPSTestAutomation\Reports\20210329_092745\POPS App\POPSApp_DailySmoke\20210329_092745\requests\main\627.har

2021-03-29 09:32:07 - [MESSAGE][PASSED] - Send request successfully

2021-03-29 09:32:07 - [MESSAGE][INFO] - HAR: D:\Working\AUTO\KATAWEB\popstestautomation\POPSTestAutomation\Reports\20210329_092745\POPS App\POPSApp_DailySmoke\20210329_092745\requests\main\628.har

2021-03-29 09:32:07 - [MESSAGE][PASSED] - Send request successfully

2021-03-29 09:32:07 - [MESSAGE][INFO] - HAR: D:\Working\AUTO\KATAWEB\popstestautomation\POPSTestAutomation\Reports\20210329_092745\POPS App\POPSApp_DailySmoke\20210329_092745\requests\main\629.har

2021-03-29 09:32:07 - [MESSAGE][PASSED] - Send request successfully

2021-03-29 09:32:07 - [MESSAGE][INFO] - HAR: D:\Working\AUTO\KATAWEB\popstestautomation\POPSTestAutomation\Reports\20210329_092745\POPS App\POPSApp_DailySmoke\20210329_092745\requests\main\630.har

2021-03-29 09:32:07 - [MESSAGE][PASSED] - Send request successfully

2021-03-29 09:32:08 - [MESSAGE][INFO] - HAR: D:\Working\AUTO\KATAWEB\popstestautomation\POPSTestAutomation\Reports\20210329_092745\POPS App\POPSApp_DailySmoke\20210329_092745\requests\main\631.har

2021-03-29 09:32:08 - [MESSAGE][PASSED] - Send request successfully

2021-03-29 09:32:08 - [MESSAGE][INFO] - HAR: D:\Working\AUTO\KATAWEB\popstestautomation\POPSTestAutomation\Reports\20210329_092745\POPS App\POPSApp_DailySmoke\20210329_092745\requests\main\632.har

2021-03-29 09:32:08 - [MESSAGE][PASSED] - Send request successfully

2021-03-29 09:32:08 - [MESSAGE][INFO] - HAR: D:\Working\AUTO\KATAWEB\popstestautomation\POPSTestAutomation\Reports\20210329_092745\POPS App\POPSApp_DailySmoke\20210329_092745\requests\main\633.har

2021-03-29 09:32:08 - [MESSAGE][PASSED] - Send request successfully

2021-03-29 09:32:08 - [MESSAGE][INFO] - HAR: D:\Working\AUTO\KATAWEB\popstestautomation\POPSTestAutomation\Reports\20210329_092745\POPS App\POPSApp_DailySmoke\20210329_092745\requests\main\634.har

2021-03-29 09:32:08 - [MESSAGE][PASSED] - Send request successfully

2021-03-29 09:32:09 - [MESSAGE][INFO] - HAR: D:\Working\AUTO\KATAWEB\popstestautomation\POPSTestAutomation\Reports\20210329_092745\POPS App\POPSApp_DailySmoke\20210329_092745\requests\main\635.har

2021-03-29 09:32:09 - [MESSAGE][PASSED] - Send request successfully

2021-03-29 09:32:09 - [MESSAGE][INFO] - HAR: D:\Working\AUTO\KATAWEB\popstestautomation\POPSTestAutomation\Reports\20210329_092745\POPS App\POPSApp_DailySmoke\20210329_092745\requests\main\636.har

2021-03-29 09:32:09 - [MESSAGE][PASSED] - Send request successfully

2021-03-29 09:32:09 - [MESSAGE][INFO] - HAR: D:\Working\AUTO\KATAWEB\popstestautomation\POPSTestAutomation\Reports\20210329_092745\POPS App\POPSApp_DailySmoke\20210329_092745\requests\main\637.har

2021-03-29 09:32:09 - [MESSAGE][PASSED] - Send request successfully

2021-03-29 09:32:09 - [MESSAGE][INFO] - HAR: D:\Working\AUTO\KATAWEB\popstestautomation\POPSTestAutomation\Reports\20210329_092745\POPS App\POPSApp_DailySmoke\20210329_092745\requests\main\638.har

2021-03-29 09:32:09 - [MESSAGE][PASSED] - Send request successfully

2021-03-29 09:32:10 - [MESSAGE][INFO] - HAR: D:\Working\AUTO\KATAWEB\popstestautomation\POPSTestAutomation\Reports\20210329_092745\POPS App\POPSApp_DailySmoke\20210329_092745\requests\main\639.har

2021-03-29 09:32:10 - [MESSAGE][PASSED] - Send request successfully

2021-03-29 09:32:10 - [MESSAGE][INFO] - HAR: D:\Working\AUTO\KATAWEB\popstestautomation\POPSTestAutomation\Reports\20210329_092745\POPS App\POPSApp_DailySmoke\20210329_092745\requests\main\640.har

2021-03-29 09:32:10 - [MESSAGE][PASSED] - Send request successfully

2021-03-29 09:32:10 - [MESSAGE][INFO] - HAR: D:\Working\AUTO\KATAWEB\popstestautomation\POPSTestAutomation\Reports\20210329_092745\POPS App\POPSApp_DailySmoke\20210329_092745\requests\main\641.har

2021-03-29 09:32:10 - [MESSAGE][PASSED] - Send request successfully

2021-03-29 09:32:10 - [MESSAGE][INFO] - HAR: D:\Working\AUTO\KATAWEB\popstestautomation\POPSTestAutomation\Reports\20210329_092745\POPS App\POPSApp_DailySmoke\20210329_092745\requests\main\642.har

2021-03-29 09:32:10 - [MESSAGE][PASSED] - Send request successfully

2021-03-29 09:32:10 - [MESSAGE][INFO] - HAR: D:\Working\AUTO\KATAWEB\popstestautomation\POPSTestAutomation\Reports\20210329_092745\POPS App\POPSApp_DailySmoke\20210329_092745\requests\main\643.har

2021-03-29 09:32:10 - [MESSAGE][PASSED] - Send request successfully

2021-03-29 09:32:11 - [MESSAGE][INFO] - HAR: D:\Working\AUTO\KATAWEB\popstestautomation\POPSTestAutomation\Reports\20210329_092745\POPS App\POPSApp_DailySmoke\20210329_092745\requests\main\644.har

2021-03-29 09:32:11 - [MESSAGE][PASSED] - Send request successfully

2021-03-29 09:32:11 - [MESSAGE][INFO] - HAR: D:\Working\AUTO\KATAWEB\popstestautomation\POPSTestAutomation\Reports\20210329_092745\POPS App\POPSApp_DailySmoke\20210329_092745\requests\main\645.har

2021-03-29 09:32:11 - [MESSAGE][PASSED] - Send request successfully

2021-03-29 09:32:11 - [MESSAGE][INFO] - HAR: D:\Working\AUTO\KATAWEB\popstestautomation\POPSTestAutomation\Reports\20210329_092745\POPS App\POPSApp_DailySmoke\20210329_092745\requests\main\646.har

2021-03-29 09:32:11 - [MESSAGE][PASSED] - Send request successfully

2021-03-29 09:32:11 - [MESSAGE][INFO] - HAR: D:\Working\AUTO\KATAWEB\popstestautomation\POPSTestAutomation\Reports\20210329_092745\POPS App\POPSApp_DailySmoke\20210329_092745\requests\main\647.har

2021-03-29 09:32:11 - [MESSAGE][PASSED] - Send request successfully

2021-03-29 09:32:11 - [MESSAGE][INFO] - HAR: D:\Working\AUTO\KATAWEB\popstestautomation\POPSTestAutomation\Reports\20210329_092745\POPS App\POPSApp_DailySmoke\20210329_092745\requests\main\648.har

2021-03-29 09:32:11 - [MESSAGE][PASSED] - Send request successfully

2021-03-29 09:32:11 - [MESSAGE][INFO] - HAR: D:\Working\AUTO\KATAWEB\popstestautomation\POPSTestAutomation\Reports\20210329_092745\POPS App\POPSApp_DailySmoke\20210329_092745\requests\main\649.har

2021-03-29 09:32:11 - [MESSAGE][PASSED] - Send request successfully

2021-03-29 09:32:12 - [MESSAGE][INFO] - HAR: D:\Working\AUTO\KATAWEB\popstestautomation\POPSTestAutomation\Reports\20210329_092745\POPS App\POPSApp_DailySmoke\20210329_092745\requests\main\650.har

2021-03-29 09:32:12 - [MESSAGE][PASSED] - Send request successfully

2021-03-29 09:32:12 - [MESSAGE][INFO] - HAR: D:\Working\AUTO\KATAWEB\popstestautomation\POPSTestAutomation\Reports\20210329_092745\POPS App\POPSApp_DailySmoke\20210329_092745\requests\main\651.har

2021-03-29 09:32:12 - [MESSAGE][PASSED] - Send request successfully

2021-03-29 09:32:12 - [MESSAGE][INFO] - HAR: D:\Working\AUTO\KATAWEB\popstestautomation\POPSTestAutomation\Reports\20210329_092745\POPS App\POPSApp_DailySmoke\20210329_092745\requests\main\652.har

2021-03-29 09:32:12 - [MESSAGE][PASSED] - Send request successfully

2021-03-29 09:32:12 - [MESSAGE][INFO] - HAR: D:\Working\AUTO\KATAWEB\popstestautomation\POPSTestAutomation\Reports\20210329_092745\POPS App\POPSApp_DailySmoke\20210329_092745\requests\main\653.har

2021-03-29 09:32:12 - [MESSAGE][PASSED] - Send request successfully

2021-03-29 09:32:12 - [MESSAGE][INFO] - HAR: D:\Working\AUTO\KATAWEB\popstestautomation\POPSTestAutomation\Reports\20210329_092745\POPS App\POPSApp_DailySmoke\20210329_092745\requests\main\654.har

2021-03-29 09:32:12 - [MESSAGE][PASSED] - Send request successfully

2021-03-29 09:32:12 - [MESSAGE][INFO] - HAR: D:\Working\AUTO\KATAWEB\popstestautomation\POPSTestAutomation\Reports\20210329_092745\POPS App\POPSApp_DailySmoke\20210329_092745\requests\main\655.har

2021-03-29 09:32:12 - [MESSAGE][PASSED] - Send request successfully

2021-03-29 09:32:12 - [MESSAGE][INFO] - HAR: D:\Working\AUTO\KATAWEB\popstestautomation\POPSTestAutomation\Reports\20210329_092745\POPS App\POPSApp_DailySmoke\20210329_092745\requests\main\656.har

2021-03-29 09:32:12 - [MESSAGE][PASSED] - Send request successfully

2021-03-29 09:32:12 - [MESSAGE][INFO] - HAR: D:\Working\AUTO\KATAWEB\popstestautomation\POPSTestAutomation\Reports\20210329_092745\POPS App\POPSApp_DailySmoke\20210329_092745\requests\main\657.har

2021-03-29 09:32:12 - [MESSAGE][PASSED] - Send request successfully

2021-03-29 09:32:13 - [MESSAGE][INFO] - HAR: D:\Working\AUTO\KATAWEB\popstestautomation\POPSTestAutomation\Reports\20210329_092745\POPS App\POPSApp_DailySmoke\20210329_092745\requests\main\658.har

2021-03-29 09:32:13 - [MESSAGE][PASSED] - Send request successfully

2021-03-29 09:32:13 - [MESSAGE][INFO] - HAR: D:\Working\AUTO\KATAWEB\popstestautomation\POPSTestAutomation\Reports\20210329_092745\POPS App\POPSApp_DailySmoke\20210329_092745\requests\main\659.har

2021-03-29 09:32:13 - [MESSAGE][PASSED] - Send request successfully

2021-03-29 09:32:13 - [MESSAGE][INFO] - HAR: D:\Working\AUTO\KATAWEB\popstestautomation\POPSTestAutomation\Reports\20210329_092745\POPS App\POPSApp_DailySmoke\20210329_092745\requests\main\660.har

2021-03-29 09:32:13 - [MESSAGE][PASSED] - Send request successfully

2021-03-29 09:32:13 - [MESSAGE][INFO] - HAR: D:\Working\AUTO\KATAWEB\popstestautomation\POPSTestAutomation\Reports\20210329_092745\POPS App\POPSApp_DailySmoke\20210329_092745\requests\main\661.har

2021-03-29 09:32:13 - [MESSAGE][PASSED] - Send request successfully

2021-03-29 09:32:13 - [MESSAGE][INFO] - HAR: D:\Working\AUTO\KATAWEB\popstestautomation\POPSTestAutomation\Reports\20210329_092745\POPS App\POPSApp_DailySmoke\20210329_092745\requests\main\662.har

2021-03-29 09:32:13 - [MESSAGE][PASSED] - Send request successfully

2021-03-29 09:32:13 - [MESSAGE][INFO] - HAR: D:\Working\AUTO\KATAWEB\popstestautomation\POPSTestAutomation\Reports\20210329_092745\POPS App\POPSApp_DailySmoke\20210329_092745\requests\main\663.har

2021-03-29 09:32:13 - [MESSAGE][PASSED] - Send request successfully

2021-03-29 09:32:13 - [MESSAGE][INFO] - HAR: D:\Working\AUTO\KATAWEB\popstestautomation\POPSTestAutomation\Reports\20210329_092745\POPS App\POPSApp_DailySmoke\20210329_092745\requests\main\664.har

2021-03-29 09:32:13 - [MESSAGE][PASSED] - Send request successfully

2021-03-29 09:32:14 - [MESSAGE][INFO] - HAR: D:\Working\AUTO\KATAWEB\popstestautomation\POPSTestAutomation\Reports\20210329_092745\POPS App\POPSApp_DailySmoke\20210329_092745\requests\main\665.har

2021-03-29 09:32:14 - [MESSAGE][PASSED] - Send request successfully

2021-03-29 09:32:14 - [MESSAGE][INFO] - HAR: D:\Working\AUTO\KATAWEB\popstestautomation\POPSTestAutomation\Reports\20210329_092745\POPS App\POPSApp_DailySmoke\20210329_092745\requests\main\666.har

2021-03-29 09:32:14 - [MESSAGE][PASSED] - Send request successfully

2021-03-29 09:32:14 - [MESSAGE][INFO] - HAR: D:\Working\AUTO\KATAWEB\popstestautomation\POPSTestAutomation\Reports\20210329_092745\POPS App\POPSApp_DailySmoke\20210329_092745\requests\main\667.har

2021-03-29 09:32:14 - [MESSAGE][PASSED] - Send request successfully

2021-03-29 09:32:14 - [MESSAGE][INFO] - HAR: D:\Working\AUTO\KATAWEB\popstestautomation\POPSTestAutomation\Reports\20210329_092745\POPS App\POPSApp_DailySmoke\20210329_092745\requests\main\668.har

2021-03-29 09:32:14 - [MESSAGE][PASSED] - Send request successfully

2021-03-29 09:32:14 - [MESSAGE][INFO] - HAR: D:\Working\AUTO\KATAWEB\popstestautomation\POPSTestAutomation\Reports\20210329_092745\POPS App\POPSApp_DailySmoke\20210329_092745\requests\main\669.har

2021-03-29 09:32:14 - [MESSAGE][PASSED] - Send request successfully

2021-03-29 09:32:14 - [MESSAGE][INFO] - HAR: D:\Working\AUTO\KATAWEB\popstestautomation\POPSTestAutomation\Reports\20210329_092745\POPS App\POPSApp_DailySmoke\20210329_092745\requests\main\670.har

2021-03-29 09:32:14 - [MESSAGE][PASSED] - Send request successfully

2021-03-29 09:32:14 - [MESSAGE][INFO] - HAR: D:\Working\AUTO\KATAWEB\popstestautomation\POPSTestAutomation\Reports\20210329_092745\POPS App\POPSApp_DailySmoke\20210329_092745\requests\main\671.har

2021-03-29 09:32:14 - [MESSAGE][PASSED] - Send request successfully

2021-03-29 09:32:14 - [MESSAGE][INFO] - HAR: D:\Working\AUTO\KATAWEB\popstestautomation\POPSTestAutomation\Reports\20210329_092745\POPS App\POPSApp_DailySmoke\20210329_092745\requests\main\672.har

2021-03-29 09:32:14 - [MESSAGE][PASSED] - Send request successfully

2021-03-29 09:32:14 - [MESSAGE][INFO] - HAR: D:\Working\AUTO\KATAWEB\popstestautomation\POPSTestAutomation\Reports\20210329_092745\POPS App\POPSApp_DailySmoke\20210329_092745\requests\main\673.har

2021-03-29 09:32:14 - [MESSAGE][PASSED] - Send request successfully

2021-03-29 09:32:14 - [MESSAGE][INFO] - HAR: D:\Working\AUTO\KATAWEB\popstestautomation\POPSTestAutomation\Reports\20210329_092745\POPS App\POPSApp_DailySmoke\20210329_092745\requests\main\674.har

2021-03-29 09:32:14 - [MESSAGE][PASSED] - Send request successfully

2021-03-29 09:32:15 - [MESSAGE][INFO] - HAR: D:\Working\AUTO\KATAWEB\popstestautomation\POPSTestAutomation\Reports\20210329_092745\POPS App\POPSApp_DailySmoke\20210329_092745\requests\main\675.har

2021-03-29 09:32:15 - [MESSAGE][PASSED] - Send request successfully

2021-03-29 09:32:15 - [MESSAGE][INFO] - HAR: D:\Working\AUTO\KATAWEB\popstestautomation\POPSTestAutomation\Reports\20210329_092745\POPS App\POPSApp_DailySmoke\20210329_092745\requests\main\676.har

2021-03-29 09:32:15 - [MESSAGE][PASSED] - Send request successfully

2021-03-29 09:32:15 - [MESSAGE][INFO] - HAR: D:\Working\AUTO\KATAWEB\popstestautomation\POPSTestAutomation\Reports\20210329_092745\POPS App\POPSApp_DailySmoke\20210329_092745\requests\main\677.har

2021-03-29 09:32:15 - [MESSAGE][PASSED] - Send request successfully

2021-03-29 09:32:15 - [MESSAGE][INFO] - HAR: D:\Working\AUTO\KATAWEB\popstestautomation\POPSTestAutomation\Reports\20210329_092745\POPS App\POPSApp_DailySmoke\20210329_092745\requests\main\678.har

2021-03-29 09:32:15 - [MESSAGE][PASSED] - Send request successfully

2021-03-29 09:32:15 - [MESSAGE][INFO] - HAR: D:\Working\AUTO\KATAWEB\popstestautomation\POPSTestAutomation\Reports\20210329_092745\POPS App\POPSApp_DailySmoke\20210329_092745\requests\main\679.har

2021-03-29 09:32:15 - [MESSAGE][PASSED] - Send request successfully

2021-03-29 09:32:15 - [MESSAGE][INFO] - HAR: D:\Working\AUTO\KATAWEB\popstestautomation\POPSTestAutomation\Reports\20210329_092745\POPS App\POPSApp_DailySmoke\20210329_092745\requests\main\680.har

2021-03-29 09:32:15 - [MESSAGE][PASSED] - Send request successfully

2021-03-29 09:32:15 - [MESSAGE][INFO] - HAR: D:\Working\AUTO\KATAWEB\popstestautomation\POPSTestAutomation\Reports\20210329_092745\POPS App\POPSApp_DailySmoke\20210329_092745\requests\main\681.har

2021-03-29 09:32:15 - [MESSAGE][PASSED] - Send request successfully

2021-03-29 09:32:16 - [MESSAGE][INFO] - HAR: D:\Working\AUTO\KATAWEB\popstestautomation\POPSTestAutomation\Reports\20210329_092745\POPS App\POPSApp_DailySmoke\20210329_092745\requests\main\682.har

2021-03-29 09:32:16 - [MESSAGE][PASSED] - Send request successfully

2021-03-29 09:32:16 - [MESSAGE][INFO] - HAR: D:\Working\AUTO\KATAWEB\popstestautomation\POPSTestAutomation\Reports\20210329_092745\POPS App\POPSApp_DailySmoke\20210329_092745\requests\main\683.har

2021-03-29 09:32:16 - [MESSAGE][PASSED] - Send request successfully

2021-03-29 09:32:16 - [MESSAGE][INFO] - HAR: D:\Working\AUTO\KATAWEB\popstestautomation\POPSTestAutomation\Reports\20210329_092745\POPS App\POPSApp_DailySmoke\20210329_092745\requests\main\684.har

2021-03-29 09:32:16 - [MESSAGE][PASSED] - Send request successfully

2021-03-29 09:32:16 - [MESSAGE][INFO] - HAR: D:\Working\AUTO\KATAWEB\popstestautomation\POPSTestAutomation\Reports\20210329_092745\POPS App\POPSApp_DailySmoke\20210329_092745\requests\main\685.har

2021-03-29 09:32:16 - [MESSAGE][PASSED] - Send request successfully

2021-03-29 09:32:16 - [MESSAGE][INFO] - HAR: D:\Working\AUTO\KATAWEB\popstestautomation\POPSTestAutomation\Reports\20210329_092745\POPS App\POPSApp_DailySmoke\20210329_092745\requests\main\686.har

2021-03-29 09:32:16 - [MESSAGE][PASSED] - Send request successfully

2021-03-29 09:32:16 - [MESSAGE][INFO] - HAR: D:\Working\AUTO\KATAWEB\popstestautomation\POPSTestAutomation\Reports\20210329_092745\POPS App\POPSApp_DailySmoke\20210329_092745\requests\main\687.har

2021-03-29 09:32:16 - [MESSAGE][PASSED] - Send request successfully

2021-03-29 09:32:16 - [MESSAGE][INFO] - HAR: D:\Working\AUTO\KATAWEB\popstestautomation\POPSTestAutomation\Reports\20210329_092745\POPS App\POPSApp_DailySmoke\20210329_092745\requests\main\688.har

2021-03-29 09:32:16 - [MESSAGE][PASSED] - Send request successfully

2021-03-29 09:32:16 - [MESSAGE][INFO] - HAR: D:\Working\AUTO\KATAWEB\popstestautomation\POPSTestAutomation\Reports\20210329_092745\POPS App\POPSApp_DailySmoke\20210329_092745\requests\main\689.har

2021-03-29 09:32:16 - [MESSAGE][PASSED] - Send request successfully

2021-03-29 09:32:16 - [MESSAGE][INFO] - HAR: D:\Working\AUTO\KATAWEB\popstestautomation\POPSTestAutomation\Reports\20210329_092745\POPS App\POPSApp_DailySmoke\20210329_092745\requests\main\690.har

2021-03-29 09:32:16 - [MESSAGE][PASSED] - Send request successfully

2021-03-29 09:32:16 - [MESSAGE][INFO] - HAR: D:\Working\AUTO\KATAWEB\popstestautomation\POPSTestAutomation\Reports\20210329_092745\POPS App\POPSApp_DailySmoke\20210329_092745\requests\main\691.har

2021-03-29 09:32:16 - [MESSAGE][PASSED] - Send request successfully

2021-03-29 09:32:16 - [MESSAGE][INFO] - HAR: D:\Working\AUTO\KATAWEB\popstestautomation\POPSTestAutomation\Reports\20210329_092745\POPS App\POPSApp_DailySmoke\20210329_092745\requests\main\692.har

2021-03-29 09:32:16 - [MESSAGE][PASSED] - Send request successfully

2021-03-29 09:32:16 - [MESSAGE][INFO] - HAR: D:\Working\AUTO\KATAWEB\popstestautomation\POPSTestAutomation\Reports\20210329_092745\POPS App\POPSApp_DailySmoke\20210329_092745\requests\main\693.har

2021-03-29 09:32:16 - [MESSAGE][PASSED] - Send request successfully

2021-03-29 09:32:17 - [MESSAGE][INFO] - HAR: D:\Working\AUTO\KATAWEB\popstestautomation\POPSTestAutomation\Reports\20210329_092745\POPS App\POPSApp_DailySmoke\20210329_092745\requests\main\694.har

2021-03-29 09:32:17 - [MESSAGE][PASSED] - Send request successfully

2021-03-29 09:32:17 - [MESSAGE][INFO] - HAR: D:\Working\AUTO\KATAWEB\popstestautomation\POPSTestAutomation\Reports\20210329_092745\POPS App\POPSApp_DailySmoke\20210329_092745\requests\main\695.har

2021-03-29 09:32:17 - [MESSAGE][PASSED] - Send request successfully

2021-03-29 09:32:17 - [MESSAGE][INFO] - HAR: D:\Working\AUTO\KATAWEB\popstestautomation\POPSTestAutomation\Reports\20210329_092745\POPS App\POPSApp_DailySmoke\20210329_092745\requests\main\696.har

2021-03-29 09:32:17 - [MESSAGE][PASSED] - Send request successfully

2021-03-29 09:32:17 - [MESSAGE][INFO] - HAR: D:\Working\AUTO\KATAWEB\popstestautomation\POPSTestAutomation\Reports\20210329_092745\POPS App\POPSApp_DailySmoke\20210329_092745\requests\main\697.har

2021-03-29 09:32:17 - [MESSAGE][PASSED] - Send request successfully

2021-03-29 09:32:17 - [MESSAGE][INFO] - HAR: D:\Working\AUTO\KATAWEB\popstestautomation\POPSTestAutomation\Reports\20210329_092745\POPS App\POPSApp_DailySmoke\20210329_092745\requests\main\698.har

2021-03-29 09:32:17 - [MESSAGE][PASSED] - Send request successfully

2021-03-29 09:32:17 - [MESSAGE][INFO] - HAR: D:\Working\AUTO\KATAWEB\popstestautomation\POPSTestAutomation\Reports\20210329_092745\POPS App\POPSApp_DailySmoke\20210329_092745\requests\main\699.har

2021-03-29 09:32:17 - [MESSAGE][PASSED] - Send request successfully

2021-03-29 09:32:17 - [MESSAGE][INFO] - HAR: D:\Working\AUTO\KATAWEB\popstestautomation\POPSTestAutomation\Reports\20210329_092745\POPS App\POPSApp_DailySmoke\20210329_092745\requests\main\700.har

2021-03-29 09:32:17 - [MESSAGE][PASSED] - Send request successfully

2021-03-29 09:32:17 - [MESSAGE][INFO] - HAR: D:\Working\AUTO\KATAWEB\popstestautomation\POPSTestAutomation\Reports\20210329_092745\POPS App\POPSApp_DailySmoke\20210329_092745\requests\main\701.har

2021-03-29 09:32:17 - [MESSAGE][PASSED] - Send request successfully

2021-03-29 09:32:17 - [MESSAGE][INFO] - HAR: D:\Working\AUTO\KATAWEB\popstestautomation\POPSTestAutomation\Reports\20210329_092745\POPS App\POPSApp_DailySmoke\20210329_092745\requests\main\702.har

2021-03-29 09:32:17 - [MESSAGE][PASSED] - Send request successfully

2021-03-29 09:32:18 - [MESSAGE][INFO] - HAR: D:\Working\AUTO\KATAWEB\popstestautomation\POPSTestAutomation\Reports\20210329_092745\POPS App\POPSApp_DailySmoke\20210329_092745\requests\main\703.har

2021-03-29 09:32:18 - [MESSAGE][PASSED] - Send request successfully

2021-03-29 09:32:18 - [MESSAGE][INFO] - HAR: D:\Working\AUTO\KATAWEB\popstestautomation\POPSTestAutomation\Reports\20210329_092745\POPS App\POPSApp_DailySmoke\20210329_092745\requests\main\704.har

2021-03-29 09:32:18 - [MESSAGE][PASSED] - Send request successfully

2021-03-29 09:32:18 - [MESSAGE][INFO] - HAR: D:\Working\AUTO\KATAWEB\popstestautomation\POPSTestAutomation\Reports\20210329_092745\POPS App\POPSApp_DailySmoke\20210329_092745\requests\main\705.har

2021-03-29 09:32:18 - [MESSAGE][PASSED] - Send request successfully

2021-03-29 09:32:18 - [MESSAGE][INFO] - HAR: D:\Working\AUTO\KATAWEB\popstestautomation\POPSTestAutomation\Reports\20210329_092745\POPS App\POPSApp_DailySmoke\20210329_092745\requests\main\706.har

2021-03-29 09:32:18 - [MESSAGE][PASSED] - Send request successfully

2021-03-29 09:32:18 - [MESSAGE][INFO] - HAR: D:\Working\AUTO\KATAWEB\popstestautomation\POPSTestAutomation\Reports\20210329_092745\POPS App\POPSApp_DailySmoke\20210329_092745\requests\main\707.har

2021-03-29 09:32:18 - [MESSAGE][PASSED] - Send request successfully

2021-03-29 09:32:18 - [MESSAGE][INFO] - HAR: D:\Working\AUTO\KATAWEB\popstestautomation\POPSTestAutomation\Reports\20210329_092745\POPS App\POPSApp_DailySmoke\20210329_092745\requests\main\708.har

2021-03-29 09:32:18 - [MESSAGE][PASSED] - Send request successfully

2021-03-29 09:32:19 - [MESSAGE][INFO] - HAR: D:\Working\AUTO\KATAWEB\popstestautomation\POPSTestAutomation\Reports\20210329_092745\POPS App\POPSApp_DailySmoke\20210329_092745\requests\main\709.har

2021-03-29 09:32:19 - [MESSAGE][PASSED] - Send request successfully

2021-03-29 09:32:19 - [MESSAGE][INFO] - HAR: D:\Working\AUTO\KATAWEB\popstestautomation\POPSTestAutomation\Reports\20210329_092745\POPS App\POPSApp_DailySmoke\20210329_092745\requests\main\710.har

2021-03-29 09:32:19 - [MESSAGE][PASSED] - Send request successfully

2021-03-29 09:32:19 - [MESSAGE][INFO] - HAR: D:\Working\AUTO\KATAWEB\popstestautomation\POPSTestAutomation\Reports\20210329_092745\POPS App\POPSApp_DailySmoke\20210329_092745\requests\main\711.har

2021-03-29 09:32:19 - [MESSAGE][PASSED] - Send request successfully

2021-03-29 09:32:19 - [MESSAGE][FAILED] - java.lang.AssertionError: Failed at https://pops.vn/static/images/placeholder-small.png:/html[1]/body[1]/div[1]/main[1]/div[1]/div[7]/div[1]/div[1]/div[5]/div[1]/div[1]/a[1]/div[1]/div[1]/picture[1]/img[1] expected [true] but found [false]

2021-03-29 09:32:19 - [TEST_STEP][PASSED] - Start listener action : sampleAfterTestCase: null

2021-03-29 09:32:19 - [TEST_STEP][PASSED] - println(testCaseContext.getTestCaseId()): null

2021-03-29 09:32:19 - [TEST_STEP][PASSED] - println(testCaseContext.getTestCaseStatus()): null

2021-03-29 09:32:19 - [TEST_STEP][PASSED] - Start listener action : sampleAfterTestCase: null

2021-03-29 09:32:19 - [TEST_STEP][PASSED] - println(testCaseContext.getTestCaseId()): null

2021-03-29 09:32:19 - [TEST_STEP][PASSED] - println(testCaseContext.getTestCaseStatus()): null]]></system-out>
         <system-err><![CDATA[2021-03-29 09:31:20 - [TEST_CASE][ERROR] - Test Cases/POPS App/UI_Check/VN/VerifyNoBrokenImageOnHomePage: Test Cases/POPS App/UI_Check/VN/VerifyNoBrokenImageOnHomePage FAILED.
Reason:
org.codehaus.groovy.runtime.InvokerInvocationException: java.lang.AssertionError: Failed at https://pops.vn/static/images/placeholder-small.png:/html[1]/body[1]/div[1]/main[1]/div[1]/div[7]/div[1]/div[1]/div[5]/div[1]/div[1]/a[1]/div[1]/div[1]/picture[1]/img[1] expected [true] but found [false]
	at commonActions.PageActions.invokeMethod(PageActions.groovy)
	at com.kms.katalon.core.main.CustomKeywordDelegatingMetaClass.invokeStaticMethod(CustomKeywordDelegatingMetaClass.java:50)
	at VerifyNoBrokenImageOnHomePage.run(VerifyNoBrokenImageOnHomePage:25)
	at com.kms.katalon.core.main.ScriptEngine.run(ScriptEngine.java:194)
	at com.kms.katalon.core.main.ScriptEngine.runScriptAsRawText(ScriptEngine.java:119)
	at com.kms.katalon.core.main.TestCaseExecutor.runScript(TestCaseExecutor.java:398)
	at com.kms.katalon.core.main.TestCaseExecutor.doExecute(TestCaseExecutor.java:389)
	at com.kms.katalon.core.main.TestCaseExecutor.processExecutionPhase(TestCaseExecutor.java:368)
	at com.kms.katalon.core.main.TestCaseExecutor.accessMainPhase(TestCaseExecutor.java:360)
	at com.kms.katalon.core.main.TestCaseExecutor.execute(TestCaseExecutor.java:255)
	at com.kms.katalon.core.main.TestSuiteExecutor.accessTestCaseMainPhase(TestSuiteExecutor.java:203)
	at com.kms.katalon.core.main.TestSuiteExecutor.accessTestSuiteMainPhase(TestSuiteExecutor.java:152)
	at com.kms.katalon.core.main.TestSuiteExecutor.execute(TestSuiteExecutor.java:95)
	at com.kms.katalon.core.main.TestCaseMain.startTestSuite(TestCaseMain.java:157)
	at com.kms.katalon.core.main.TestCaseMain$startTestSuite$0.call(Unknown Source)
	at TempTestSuite1616984865844.run(TempTestSuite1616984865844.groovy:39)
Caused by: java.lang.AssertionError: Failed at https://pops.vn/static/images/placeholder-small.png:/html[1]/body[1]/div[1]/main[1]/div[1]/div[7]/div[1]/div[1]/div[5]/div[1]/div[1]/a[1]/div[1]/div[1]/picture[1]/img[1] expected [true] but found [false]
	at org.testng.Assert.fail(Assert.java:93)
	at org.testng.Assert.failNotEquals(Assert.java:512)
	at org.testng.Assert.assertTrue(Assert.java:41)
	at commonActions.PageActions$_verifyLinksOnPage_closure1.doCall(PageActions.groovy:25)
	at commonActions.PageActions.verifyLinksOnPage(PageActions.groovy:23)
	... 16 more]]></system-err>
      </testcase>
      <testcase name="Test Cases/POPS App/UI_Check/VN/VerifyPageComponentsInExploreMorePage" time="7.548" classname="Test Cases/POPS App/UI_Check/VN/VerifyPageComponentsInExploreMorePage" status="PASSED">
         <system-out><![CDATA[2021-03-29 09:32:19 - [TEST_CASE][PASSED] - Test Cases/POPS App/UI_Check/VN/VerifyPageComponentsInExploreMorePage: Test Cases/POPS App/UI_Check/VN/VerifyPageComponentsInExploreMorePage

2021-03-29 09:32:19 - [TEST_STEP][PASSED] - Start listener action : sampleBeforeTestCase: null

2021-03-29 09:32:19 - [TEST_STEP][PASSED] - println(testCaseContext.getTestCaseId()): null

2021-03-29 09:32:19 - [TEST_STEP][PASSED] - println(testCaseContext.getTestCaseVariables()): null

2021-03-29 09:32:19 - [TEST_STEP][PASSED] - Start listener action : sampleBeforeTestCase: null

2021-03-29 09:32:19 - [TEST_STEP][PASSED] - println(testCaseContext.getTestCaseId()): null

2021-03-29 09:32:19 - [TEST_STEP][PASSED] - println(testCaseContext.getTestCaseVariables()): null

2021-03-29 09:32:19 - [TEST_STEP][PASSED] - openBrowser(SourceURL): Browser is opened with url: 'https://pops.vn/'

2021-03-29 09:32:19 - [MESSAGE][WARNING] - A browser is already opened. Closing browser and opening a new one

2021-03-29 09:32:20 - [MESSAGE][INFO] - Starting 'Chrome' driver

2021-03-29 09:32:20 - [MESSAGE][INFO] - Action delay is set to 0 milliseconds

2021-03-29 09:32:24 - [MESSAGE][PASSED] - Browser is opened with url: 'https://pops.vn/'

2021-03-29 09:32:24 - [TEST_STEP][PASSED] - click(findTestObject("POPS App UI/TopMenu/menu_5_Them")): Object: 'Object Repository/POPS App UI/TopMenu/menu_5_Them' is clicked on

2021-03-29 09:32:26 - [MESSAGE][PASSED] - Object: 'Object Repository/POPS App UI/TopMenu/menu_5_Them' is clicked on

2021-03-29 09:32:26 - [TEST_STEP][PASSED] - commonActions.CMS_APIs.getCMSPageLayout("more", "VN"): commonActions.CMS_APIs.getCMSPageLayout is PASSED

2021-03-29 09:32:26 - [MESSAGE][INFO] - HAR: D:\Working\AUTO\KATAWEB\popstestautomation\POPSTestAutomation\Reports\20210329_092745\POPS App\POPSApp_DailySmoke\20210329_092745\requests\main\712.har

2021-03-29 09:32:26 - [MESSAGE][PASSED] - Send request successfully

2021-03-29 09:32:26 - [MESSAGE][PASSED] - commonActions.CMS_APIs.getCMSPageLayout is PASSED

2021-03-29 09:32:26 - [TEST_STEP][PASSED] - Start listener action : sampleAfterTestCase: null

2021-03-29 09:32:26 - [TEST_STEP][PASSED] - println(testCaseContext.getTestCaseId()): null

2021-03-29 09:32:26 - [TEST_STEP][PASSED] - println(testCaseContext.getTestCaseStatus()): null

2021-03-29 09:32:26 - [TEST_STEP][PASSED] - Start listener action : sampleAfterTestCase: null

2021-03-29 09:32:26 - [TEST_STEP][PASSED] - println(testCaseContext.getTestCaseId()): null

2021-03-29 09:32:26 - [TEST_STEP][PASSED] - println(testCaseContext.getTestCaseStatus()): null]]></system-out>
         <system-err><![CDATA[]]></system-err>
      </testcase>
      <testcase name="Test Cases/POPS App/Registration/SignInSignOut/SignInWithFacebook" time="20.508" classname="Test Cases/POPS App/Registration/SignInSignOut/SignInWithFacebook" status="PASSED">
         <system-out><![CDATA[2021-03-29 09:32:26 - [TEST_CASE][PASSED] - Test Cases/POPS App/Registration/SignInSignOut/SignInWithFacebook: Test Cases/POPS App/Registration/SignInSignOut/SignInWithFacebook

2021-03-29 09:32:26 - [TEST_STEP][PASSED] - Start listener action : sampleBeforeTestCase: null

2021-03-29 09:32:26 - [TEST_STEP][PASSED] - println(testCaseContext.getTestCaseId()): null

2021-03-29 09:32:26 - [TEST_STEP][PASSED] - println(testCaseContext.getTestCaseVariables()): null

2021-03-29 09:32:26 - [TEST_STEP][PASSED] - Start listener action : sampleBeforeTestCase: null

2021-03-29 09:32:26 - [TEST_STEP][PASSED] - println(testCaseContext.getTestCaseId()): null

2021-03-29 09:32:26 - [TEST_STEP][PASSED] - println(testCaseContext.getTestCaseVariables()): null

2021-03-29 09:32:27 - [TEST_STEP][PASSED] - openBrowser(SourceURL): Browser is opened with url: 'https://pops.vn/'

2021-03-29 09:32:27 - [MESSAGE][WARNING] - A browser is already opened. Closing browser and opening a new one

2021-03-29 09:32:27 - [MESSAGE][INFO] - Starting 'Chrome' driver

2021-03-29 09:32:27 - [MESSAGE][INFO] - Action delay is set to 0 milliseconds

2021-03-29 09:32:30 - [MESSAGE][PASSED] - Browser is opened with url: 'https://pops.vn/'

2021-03-29 09:32:30 - [TEST_STEP][PASSED] - maximizeWindow(): Current window maximized

2021-03-29 09:32:30 - [MESSAGE][PASSED] - Current window maximized

2021-03-29 09:32:30 - [TEST_STEP][PASSED] - click(findTestObject("POPS App UI/TopMenu/button_DangNhap")): Object: 'Object Repository/POPS App UI/TopMenu/button_DangNhap' is clicked on

2021-03-29 09:32:32 - [MESSAGE][PASSED] - Object: 'Object Repository/POPS App UI/TopMenu/button_DangNhap' is clicked on

2021-03-29 09:32:32 - [TEST_STEP][PASSED] - click(findTestObject("POPS App UI/SignIn_DangNhap/button_FacebookLogin")): Object: 'Object Repository/POPS App UI/SignIn_DangNhap/button_FacebookLogin' is clicked on

2021-03-29 09:32:34 - [MESSAGE][PASSED] - Object: 'Object Repository/POPS App UI/SignIn_DangNhap/button_FacebookLogin' is clicked on

2021-03-29 09:32:34 - [TEST_STEP][PASSED] - parentWindow = getWindowIndex(): Current window's index is: 0

2021-03-29 09:32:34 - [MESSAGE][PASSED] - Current window's index is: 0

2021-03-29 09:32:34 - [TEST_STEP][PASSED] - switchToWindowTitle("Facebook"): Switched to window with title: 'Facebook'

2021-03-29 09:32:35 - [MESSAGE][PASSED] - Switched to window with title: 'Facebook'

2021-03-29 09:32:35 - [TEST_STEP][PASSED] - setText(findTestObject("POPS App UI/SignIn_DangNhap/FacebookLoginPageUI/input_Email"), LOGIN_FACEBOOK_EMAIL): Text 'mixixma@gmail.com' is set on object 'Object Repository/POPS App UI/SignIn_DangNhap/FacebookLoginPageUI/input_Email'

2021-03-29 09:32:36 - [MESSAGE][PASSED] - Text 'mixixma@gmail.com' is set on object 'Object Repository/POPS App UI/SignIn_DangNhap/FacebookLoginPageUI/input_Email'

2021-03-29 09:32:36 - [TEST_STEP][PASSED] - setText(findTestObject("POPS App UI/SignIn_DangNhap/FacebookLoginPageUI/input_Password"), LOGIN_FACEBOOK_PASSWORD): Text 'Aimabiet?123' is set on object 'Object Repository/POPS App UI/SignIn_DangNhap/FacebookLoginPageUI/input_Password'

2021-03-29 09:32:37 - [MESSAGE][PASSED] - Text 'Aimabiet?123' is set on object 'Object Repository/POPS App UI/SignIn_DangNhap/FacebookLoginPageUI/input_Password'

2021-03-29 09:32:37 - [TEST_STEP][PASSED] - click(findTestObject("POPS App UI/SignIn_DangNhap/FacebookLoginPageUI/button_Login")): Object: 'Object Repository/POPS App UI/SignIn_DangNhap/FacebookLoginPageUI/button_Login' is clicked on

2021-03-29 09:32:37 - [MESSAGE][PASSED] - Object: 'Object Repository/POPS App UI/SignIn_DangNhap/FacebookLoginPageUI/button_Login' is clicked on

2021-03-29 09:32:37 - [TEST_STEP][PASSED] - switchToWindowIndex(parentWindow): Switched to window with index: '0'

2021-03-29 09:32:37 - [MESSAGE][PASSED] - Switched to window with index: '0'

2021-03-29 09:32:37 - [TEST_STEP][PASSED] - click(findTestObject("POPS App UI/TopMenu/Settings_DropDownMenuUI/icon_AccountAvatar")): Object: 'Object Repository/POPS App UI/TopMenu/Settings_DropDownMenuUI/icon_AccountAvatar' is clicked on

2021-03-29 09:32:45 - [MESSAGE][PASSED] - Object: 'Object Repository/POPS App UI/TopMenu/Settings_DropDownMenuUI/icon_AccountAvatar' is clicked on

2021-03-29 09:32:45 - [TEST_STEP][PASSED] - click(findTestObject("POPS App UI/TopMenu/Settings_DropDownMenuUI/button_EditAccount")): Object: 'Object Repository/POPS App UI/TopMenu/Settings_DropDownMenuUI/button_EditAccount' is clicked on

2021-03-29 09:32:46 - [MESSAGE][PASSED] - Object: 'Object Repository/POPS App UI/TopMenu/Settings_DropDownMenuUI/button_EditAccount' is clicked on

2021-03-29 09:32:46 - [TEST_STEP][PASSED] - verifyElementAttributeValue(findTestObject("POPS App UI/SettingsPageUI/Account General/input_Email"), "value", LOGIN_FACEBOOK_EMAIL, 0): Object 'Object Repository/POPS App UI/SettingsPageUI/Account General/input_Email' has attribute 'value' with value 'mixixma@gmail.com'

2021-03-29 09:32:46 - [MESSAGE][WARNING] - Timeout '0' is invalid. Using default page load timeout: '30'

2021-03-29 09:32:47 - [MESSAGE][PASSED] - Object 'Object Repository/POPS App UI/SettingsPageUI/Account General/input_Email' has attribute 'value' with value 'mixixma@gmail.com'

2021-03-29 09:32:47 - [TEST_STEP][PASSED] - Start listener action : sampleAfterTestCase: null

2021-03-29 09:32:47 - [TEST_STEP][PASSED] - println(testCaseContext.getTestCaseId()): null

2021-03-29 09:32:47 - [TEST_STEP][PASSED] - println(testCaseContext.getTestCaseStatus()): null

2021-03-29 09:32:47 - [TEST_STEP][PASSED] - Start listener action : sampleAfterTestCase: null

2021-03-29 09:32:47 - [TEST_STEP][PASSED] - println(testCaseContext.getTestCaseId()): null

2021-03-29 09:32:47 - [TEST_STEP][PASSED] - println(testCaseContext.getTestCaseStatus()): null]]></system-out>
         <system-err><![CDATA[]]></system-err>
      </testcase>
      <testcase name="Test Cases/POPS App/Registration/SignInSignOut/SignInWithGoogle" time="10.364" classname="Test Cases/POPS App/Registration/SignInSignOut/SignInWithGoogle" status="ERROR">
         <error type="ERROR" message="Test Cases/POPS App/Registration/SignInSignOut/SignInWithGoogle FAILED.
Reason:
groovy.lang.MissingPropertyException: No such property: LOGIN_GOOGLE_PASSWORD for class: internal.GlobalVariable
	at SignInWithGoogle.run(SignInWithGoogle:35)
	at com.kms.katalon.core.main.ScriptEngine.run(ScriptEngine.java:194)
	at com.kms.katalon.core.main.ScriptEngine.runScriptAsRawText(ScriptEngine.java:119)
	at com.kms.katalon.core.main.TestCaseExecutor.runScript(TestCaseExecutor.java:398)
	at com.kms.katalon.core.main.TestCaseExecutor.doExecute(TestCaseExecutor.java:389)
	at com.kms.katalon.core.main.TestCaseExecutor.processExecutionPhase(TestCaseExecutor.java:368)
	at com.kms.katalon.core.main.TestCaseExecutor.accessMainPhase(TestCaseExecutor.java:360)
	at com.kms.katalon.core.main.TestCaseExecutor.execute(TestCaseExecutor.java:255)
	at com.kms.katalon.core.main.TestSuiteExecutor.accessTestCaseMainPhase(TestSuiteExecutor.java:203)
	at com.kms.katalon.core.main.TestSuiteExecutor.accessTestSuiteMainPhase(TestSuiteExecutor.java:152)
	at com.kms.katalon.core.main.TestSuiteExecutor.execute(TestSuiteExecutor.java:95)
	at com.kms.katalon.core.main.TestCaseMain.startTestSuite(TestCaseMain.java:157)
	at com.kms.katalon.core.main.TestCaseMain$startTestSuite$0.call(Unknown Source)
	at TempTestSuite1616984865844.run(TempTestSuite1616984865844.groovy:39)
"/>
         <system-out><![CDATA[2021-03-29 09:32:47 - [TEST_CASE][ERROR] - Test Cases/POPS App/Registration/SignInSignOut/SignInWithGoogle: Test Cases/POPS App/Registration/SignInSignOut/SignInWithGoogle FAILED.
Reason:
groovy.lang.MissingPropertyException: No such property: LOGIN_GOOGLE_PASSWORD for class: internal.GlobalVariable
	at SignInWithGoogle.run(SignInWithGoogle:35)
	at com.kms.katalon.core.main.ScriptEngine.run(ScriptEngine.java:194)
	at com.kms.katalon.core.main.ScriptEngine.runScriptAsRawText(ScriptEngine.java:119)
	at com.kms.katalon.core.main.TestCaseExecutor.runScript(TestCaseExecutor.java:398)
	at com.kms.katalon.core.main.TestCaseExecutor.doExecute(TestCaseExecutor.java:389)
	at com.kms.katalon.core.main.TestCaseExecutor.processExecutionPhase(TestCaseExecutor.java:368)
	at com.kms.katalon.core.main.TestCaseExecutor.accessMainPhase(TestCaseExecutor.java:360)
	at com.kms.katalon.core.main.TestCaseExecutor.execute(TestCaseExecutor.java:255)
	at com.kms.katalon.core.main.TestSuiteExecutor.accessTestCaseMainPhase(TestSuiteExecutor.java:203)
	at com.kms.katalon.core.main.TestSuiteExecutor.accessTestSuiteMainPhase(TestSuiteExecutor.java:152)
	at com.kms.katalon.core.main.TestSuiteExecutor.execute(TestSuiteExecutor.java:95)
	at com.kms.katalon.core.main.TestCaseMain.startTestSuite(TestCaseMain.java:157)
	at com.kms.katalon.core.main.TestCaseMain$startTestSuite$0.call(Unknown Source)
	at TempTestSuite1616984865844.run(TempTestSuite1616984865844.groovy:39)


2021-03-29 09:32:47 - [TEST_STEP][PASSED] - Start listener action : sampleBeforeTestCase: null

2021-03-29 09:32:47 - [TEST_STEP][PASSED] - println(testCaseContext.getTestCaseId()): null

2021-03-29 09:32:47 - [TEST_STEP][PASSED] - println(testCaseContext.getTestCaseVariables()): null

2021-03-29 09:32:47 - [TEST_STEP][PASSED] - Start listener action : sampleBeforeTestCase: null

2021-03-29 09:32:47 - [TEST_STEP][PASSED] - println(testCaseContext.getTestCaseId()): null

2021-03-29 09:32:47 - [TEST_STEP][PASSED] - println(testCaseContext.getTestCaseVariables()): null

2021-03-29 09:32:47 - [TEST_STEP][PASSED] - openBrowser(SourceURL): Browser is opened with url: 'https://pops.vn/'

2021-03-29 09:32:47 - [MESSAGE][WARNING] - A browser is already opened. Closing browser and opening a new one

2021-03-29 09:32:48 - [MESSAGE][INFO] - Starting 'Chrome' driver

2021-03-29 09:32:48 - [MESSAGE][INFO] - Action delay is set to 0 milliseconds

2021-03-29 09:32:50 - [MESSAGE][PASSED] - Browser is opened with url: 'https://pops.vn/'

2021-03-29 09:32:50 - [TEST_STEP][PASSED] - maximizeWindow(): Current window maximized

2021-03-29 09:32:50 - [MESSAGE][PASSED] - Current window maximized

2021-03-29 09:32:50 - [TEST_STEP][PASSED] - click(findTestObject("POPS App UI/TopMenu/button_DangNhap")): Object: 'Object Repository/POPS App UI/TopMenu/button_DangNhap' is clicked on

2021-03-29 09:32:52 - [MESSAGE][PASSED] - Object: 'Object Repository/POPS App UI/TopMenu/button_DangNhap' is clicked on

2021-03-29 09:32:52 - [TEST_STEP][PASSED] - click(findTestObject("POPS App UI/SignIn_DangNhap/button_GoogleLogin")): Object: 'Object Repository/POPS App UI/SignIn_DangNhap/button_GoogleLogin' is clicked on

2021-03-29 09:32:55 - [MESSAGE][PASSED] - Object: 'Object Repository/POPS App UI/SignIn_DangNhap/button_GoogleLogin' is clicked on

2021-03-29 09:32:55 - [TEST_STEP][PASSED] - parentWindow = getWindowIndex(): Current window's index is: 0

2021-03-29 09:32:55 - [MESSAGE][PASSED] - Current window's index is: 0

2021-03-29 09:32:55 - [TEST_STEP][PASSED] - switchToWindowIndex(1): Switched to window with index: '1'

2021-03-29 09:32:55 - [MESSAGE][PASSED] - Switched to window with index: '1'

2021-03-29 09:32:55 - [TEST_STEP][PASSED] - setText(findTestObject("POPS App UI/SignIn_DangNhap/GoogleLoginPageUI/input_GoogleEmail"), LOGIN_GOOGLE_EMAIL): Text 'huulong445566@gmail.com' is set on object 'Object Repository/POPS App UI/SignIn_DangNhap/GoogleLoginPageUI/input_GoogleEmail'

2021-03-29 09:32:57 - [MESSAGE][PASSED] - Text 'huulong445566@gmail.com' is set on object 'Object Repository/POPS App UI/SignIn_DangNhap/GoogleLoginPageUI/input_GoogleEmail'

2021-03-29 09:32:57 - [TEST_STEP][PASSED] - click(findTestObject("POPS App UI/SignIn_DangNhap/GoogleLoginPageUI/button_Next")): Object: 'Object Repository/POPS App UI/SignIn_DangNhap/GoogleLoginPageUI/button_Next' is clicked on

2021-03-29 09:32:57 - [MESSAGE][PASSED] - Object: 'Object Repository/POPS App UI/SignIn_DangNhap/GoogleLoginPageUI/button_Next' is clicked on

2021-03-29 09:32:57 - [TEST_STEP][PASSED] - setText(findTestObject("POPS App UI/SignIn_DangNhap/GoogleLoginPageUI/input_GooglePassword"), LOGIN_GOOGLE_PASSWORD): null

2021-03-29 09:32:57 - [TEST_STEP][PASSED] - Start listener action : sampleAfterTestCase: null

2021-03-29 09:32:57 - [TEST_STEP][PASSED] - println(testCaseContext.getTestCaseId()): null

2021-03-29 09:32:57 - [TEST_STEP][PASSED] - println(testCaseContext.getTestCaseStatus()): null

2021-03-29 09:32:57 - [TEST_STEP][PASSED] - Start listener action : sampleAfterTestCase: null

2021-03-29 09:32:57 - [TEST_STEP][PASSED] - println(testCaseContext.getTestCaseId()): null

2021-03-29 09:32:57 - [TEST_STEP][PASSED] - println(testCaseContext.getTestCaseStatus()): null]]></system-out>
         <system-err><![CDATA[2021-03-29 09:32:47 - [TEST_CASE][ERROR] - Test Cases/POPS App/Registration/SignInSignOut/SignInWithGoogle: Test Cases/POPS App/Registration/SignInSignOut/SignInWithGoogle FAILED.
Reason:
groovy.lang.MissingPropertyException: No such property: LOGIN_GOOGLE_PASSWORD for class: internal.GlobalVariable
	at SignInWithGoogle.run(SignInWithGoogle:35)
	at com.kms.katalon.core.main.ScriptEngine.run(ScriptEngine.java:194)
	at com.kms.katalon.core.main.ScriptEngine.runScriptAsRawText(ScriptEngine.java:119)
	at com.kms.katalon.core.main.TestCaseExecutor.runScript(TestCaseExecutor.java:398)
	at com.kms.katalon.core.main.TestCaseExecutor.doExecute(TestCaseExecutor.java:389)
	at com.kms.katalon.core.main.TestCaseExecutor.processExecutionPhase(TestCaseExecutor.java:368)
	at com.kms.katalon.core.main.TestCaseExecutor.accessMainPhase(TestCaseExecutor.java:360)
	at com.kms.katalon.core.main.TestCaseExecutor.execute(TestCaseExecutor.java:255)
	at com.kms.katalon.core.main.TestSuiteExecutor.accessTestCaseMainPhase(TestSuiteExecutor.java:203)
	at com.kms.katalon.core.main.TestSuiteExecutor.accessTestSuiteMainPhase(TestSuiteExecutor.java:152)
	at com.kms.katalon.core.main.TestSuiteExecutor.execute(TestSuiteExecutor.java:95)
	at com.kms.katalon.core.main.TestCaseMain.startTestSuite(TestCaseMain.java:157)
	at com.kms.katalon.core.main.TestCaseMain$startTestSuite$0.call(Unknown Source)
	at TempTestSuite1616984865844.run(TempTestSuite1616984865844.groovy:39)]]></system-err>
      </testcase>
      <testcase name="Test Cases/POPS App/Registration/SignInSignOut/VerifySignInWithValidCredentialSuccessfully" time="14.736" classname="Test Cases/POPS App/Registration/SignInSignOut/VerifySignInWithValidCredentialSuccessfully" status="PASSED">
         <system-out><![CDATA[2021-03-29 09:32:57 - [TEST_CASE][PASSED] - Test Cases/POPS App/Registration/SignInSignOut/VerifySignInWithValidCredentialSuccessfully: Test Cases/POPS App/Registration/SignInSignOut/VerifySignInWithValidCredentialSuccessfully

2021-03-29 09:32:57 - [TEST_STEP][PASSED] - Start listener action : sampleBeforeTestCase: null

2021-03-29 09:32:57 - [TEST_STEP][PASSED] - println(testCaseContext.getTestCaseId()): null

2021-03-29 09:32:57 - [TEST_STEP][PASSED] - println(testCaseContext.getTestCaseVariables()): null

2021-03-29 09:32:57 - [TEST_STEP][PASSED] - Start listener action : sampleBeforeTestCase: null

2021-03-29 09:32:57 - [TEST_STEP][PASSED] - println(testCaseContext.getTestCaseId()): null

2021-03-29 09:32:57 - [TEST_STEP][PASSED] - println(testCaseContext.getTestCaseVariables()): null

2021-03-29 09:32:57 - [TEST_STEP][PASSED] - openBrowser(SourceURL): Browser is opened with url: 'https://pops.vn/'

2021-03-29 09:32:57 - [MESSAGE][WARNING] - A browser is already opened. Closing browser and opening a new one

2021-03-29 09:32:58 - [MESSAGE][INFO] - Starting 'Chrome' driver

2021-03-29 09:32:58 - [MESSAGE][INFO] - Action delay is set to 0 milliseconds

2021-03-29 09:33:01 - [MESSAGE][PASSED] - Browser is opened with url: 'https://pops.vn/'

2021-03-29 09:33:01 - [TEST_STEP][PASSED] - maximizeWindow(): Current window maximized

2021-03-29 09:33:01 - [MESSAGE][PASSED] - Current window maximized

2021-03-29 09:33:01 - [TEST_STEP][PASSED] - click(findTestObject("POPS App UI/TopMenu/button_DangNhap")): Object: 'Object Repository/POPS App UI/TopMenu/button_DangNhap' is clicked on

2021-03-29 09:33:03 - [MESSAGE][PASSED] - Object: 'Object Repository/POPS App UI/TopMenu/button_DangNhap' is clicked on

2021-03-29 09:33:03 - [TEST_STEP][PASSED] - sendKeys(findTestObject("POPS App UI/SignIn_DangNhap/input_Email"), "shally.h.88@gmail.com"): Keys 'shally.h.88@gmail.com' sent to object: 'Object Repository/POPS App UI/SignIn_DangNhap/input_Email'

2021-03-29 09:33:06 - [MESSAGE][PASSED] - Keys 'shally.h.88@gmail.com' sent to object: 'Object Repository/POPS App UI/SignIn_DangNhap/input_Email'

2021-03-29 09:33:06 - [TEST_STEP][PASSED] - sendKeys(findTestObject("POPS App UI/SignIn_DangNhap/input_Password"), "1234567890"): Keys '1234567890' sent to object: 'Object Repository/POPS App UI/SignIn_DangNhap/input_Password'

2021-03-29 09:33:06 - [MESSAGE][PASSED] - Keys '1234567890' sent to object: 'Object Repository/POPS App UI/SignIn_DangNhap/input_Password'

2021-03-29 09:33:06 - [TEST_STEP][PASSED] - click(findTestObject("POPS App UI/SignIn_DangNhap/button_DangNhap")): Object: 'Object Repository/POPS App UI/SignIn_DangNhap/button_DangNhap' is clicked on

2021-03-29 09:33:06 - [MESSAGE][PASSED] - Object: 'Object Repository/POPS App UI/SignIn_DangNhap/button_DangNhap' is clicked on

2021-03-29 09:33:06 - [TEST_STEP][PASSED] - click(findTestObject("POPS App UI/TopMenu/Settings_DropDownMenuUI/icon_AccountAvatar")): Object: 'Object Repository/POPS App UI/TopMenu/Settings_DropDownMenuUI/icon_AccountAvatar' is clicked on

2021-03-29 09:33:10 - [MESSAGE][PASSED] - Object: 'Object Repository/POPS App UI/TopMenu/Settings_DropDownMenuUI/icon_AccountAvatar' is clicked on

2021-03-29 09:33:10 - [TEST_STEP][PASSED] - click(findTestObject("POPS App UI/TopMenu/Settings_DropDownMenuUI/button_EditAccount")): Object: 'Object Repository/POPS App UI/TopMenu/Settings_DropDownMenuUI/button_EditAccount' is clicked on

2021-03-29 09:33:11 - [MESSAGE][PASSED] - Object: 'Object Repository/POPS App UI/TopMenu/Settings_DropDownMenuUI/button_EditAccount' is clicked on

2021-03-29 09:33:11 - [TEST_STEP][PASSED] - verifyElementAttributeValue(findTestObject("POPS App UI/SettingsPageUI/Account General/input_Email"), "value", "shally.h.88@gmail.com", 0): Object 'Object Repository/POPS App UI/SettingsPageUI/Account General/input_Email' has attribute 'value' with value 'shally.h.88@gmail.com'

2021-03-29 09:33:11 - [MESSAGE][WARNING] - Timeout '0' is invalid. Using default page load timeout: '30'

2021-03-29 09:33:12 - [MESSAGE][PASSED] - Object 'Object Repository/POPS App UI/SettingsPageUI/Account General/input_Email' has attribute 'value' with value 'shally.h.88@gmail.com'

2021-03-29 09:33:12 - [TEST_STEP][PASSED] - Start listener action : sampleAfterTestCase: null

2021-03-29 09:33:12 - [TEST_STEP][PASSED] - println(testCaseContext.getTestCaseId()): null

2021-03-29 09:33:12 - [TEST_STEP][PASSED] - println(testCaseContext.getTestCaseStatus()): null

2021-03-29 09:33:12 - [TEST_STEP][PASSED] - Start listener action : sampleAfterTestCase: null

2021-03-29 09:33:12 - [TEST_STEP][PASSED] - println(testCaseContext.getTestCaseId()): null

2021-03-29 09:33:12 - [TEST_STEP][PASSED] - println(testCaseContext.getTestCaseStatus()): null]]></system-out>
         <system-err><![CDATA[]]></system-err>
      </testcase>
      <testcase name="Test Cases/POPS App/Registration/SignInSignOut/VerifySignOutSuccessfully" time="16.387" classname="Test Cases/POPS App/Registration/SignInSignOut/VerifySignOutSuccessfully" status="PASSED">
         <system-out><![CDATA[2021-03-29 09:33:12 - [TEST_CASE][PASSED] - Test Cases/POPS App/Registration/SignInSignOut/VerifySignOutSuccessfully: Test Cases/POPS App/Registration/SignInSignOut/VerifySignOutSuccessfully

2021-03-29 09:33:12 - [TEST_STEP][PASSED] - Start listener action : sampleBeforeTestCase: null

2021-03-29 09:33:12 - [TEST_STEP][PASSED] - println(testCaseContext.getTestCaseId()): null

2021-03-29 09:33:12 - [TEST_STEP][PASSED] - println(testCaseContext.getTestCaseVariables()): null

2021-03-29 09:33:12 - [TEST_STEP][PASSED] - Start listener action : sampleBeforeTestCase: null

2021-03-29 09:33:12 - [TEST_STEP][PASSED] - println(testCaseContext.getTestCaseId()): null

2021-03-29 09:33:12 - [TEST_STEP][PASSED] - println(testCaseContext.getTestCaseVariables()): null

2021-03-29 09:33:12 - [TEST_STEP][PASSED] - openBrowser(SourceURL): Browser is opened with url: 'https://pops.vn/'

2021-03-29 09:33:12 - [MESSAGE][WARNING] - A browser is already opened. Closing browser and opening a new one

2021-03-29 09:33:13 - [MESSAGE][INFO] - Starting 'Chrome' driver

2021-03-29 09:33:13 - [MESSAGE][INFO] - Action delay is set to 0 milliseconds

2021-03-29 09:33:16 - [MESSAGE][PASSED] - Browser is opened with url: 'https://pops.vn/'

2021-03-29 09:33:16 - [TEST_STEP][PASSED] - maximizeWindow(): Current window maximized

2021-03-29 09:33:16 - [MESSAGE][PASSED] - Current window maximized

2021-03-29 09:33:16 - [TEST_STEP][PASSED] - click(findTestObject("POPS App UI/TopMenu/button_DangNhap")): Object: 'Object Repository/POPS App UI/TopMenu/button_DangNhap' is clicked on

2021-03-29 09:33:18 - [MESSAGE][PASSED] - Object: 'Object Repository/POPS App UI/TopMenu/button_DangNhap' is clicked on

2021-03-29 09:33:18 - [TEST_STEP][PASSED] - callTestCase(findTestCase("POPS App/CommonTestCases/SignInWithAccount"), ["Email":"shally.h.88@gmail.com", "Password":"1234567890"], STOP_ON_FAILURE): Call Test Case 'Test Cases/POPS App/CommonTestCases/SignInWithAccount' successfully

2021-03-29 09:33:18 - [TEST_CASE][PASSED] - Test Cases/POPS App/CommonTestCases/SignInWithAccount: Test Cases/POPS App/CommonTestCases/SignInWithAccount

2021-03-29 09:33:18 - [TEST_STEP][PASSED] - setText(findTestObject("POPS App UI/SignIn_DangNhap/input_Email"), Email): Text 'shally.h.88@gmail.com' is set on object 'Object Repository/POPS App UI/SignIn_DangNhap/input_Email'

2021-03-29 09:33:21 - [MESSAGE][PASSED] - Text 'shally.h.88@gmail.com' is set on object 'Object Repository/POPS App UI/SignIn_DangNhap/input_Email'

2021-03-29 09:33:21 - [TEST_STEP][PASSED] - setText(findTestObject("POPS App UI/SignIn_DangNhap/input_Password"), Password): Text '1234567890' is set on object 'Object Repository/POPS App UI/SignIn_DangNhap/input_Password'

2021-03-29 09:33:22 - [MESSAGE][PASSED] - Text '1234567890' is set on object 'Object Repository/POPS App UI/SignIn_DangNhap/input_Password'

2021-03-29 09:33:22 - [TEST_STEP][PASSED] - click(findTestObject("POPS App UI/SignIn_DangNhap/button_DangNhap")): Object: 'Object Repository/POPS App UI/SignIn_DangNhap/button_DangNhap' is clicked on

2021-03-29 09:33:22 - [MESSAGE][PASSED] - Object: 'Object Repository/POPS App UI/SignIn_DangNhap/button_DangNhap' is clicked on

2021-03-29 09:33:22 - [MESSAGE][PASSED] - Call Test Case 'Test Cases/POPS App/CommonTestCases/SignInWithAccount' successfully

2021-03-29 09:33:22 - [TEST_STEP][PASSED] - verifyElementNotPresent(findTestObject("POPS App UI/TopMenu/button_DangNhap"), 3): Web element with id: 'Object Repository/POPS App UI/TopMenu/button_DangNhap' located by 'By.xpath: //div[@id='__next']/main/div/header/div[2]/div[2]/div[3]/a' is not present after '3' second(s)

2021-03-29 09:33:26 - [MESSAGE][PASSED] - Web element with id: 'Object Repository/POPS App UI/TopMenu/button_DangNhap' located by 'By.xpath: //div[@id='__next']/main/div/header/div[2]/div[2]/div[3]/a' is not present after '3' second(s)

2021-03-29 09:33:26 - [TEST_STEP][PASSED] - click(findTestObject("POPS App UI/TopMenu/icon_AccountAvatar")): Object: 'Object Repository/POPS App UI/TopMenu/icon_AccountAvatar' is clicked on

2021-03-29 09:33:26 - [MESSAGE][PASSED] - Object: 'Object Repository/POPS App UI/TopMenu/icon_AccountAvatar' is clicked on

2021-03-29 09:33:26 - [TEST_STEP][PASSED] - commonActions.BaseActions.ClickByJS(findTestObject("POPS App UI/TopMenu/Settings_DropDownMenuUI/Link_SignOut")): commonActions.BaseActions.ClickByJS is PASSED

2021-03-29 09:33:27 - [MESSAGE][PASSED] - commonActions.BaseActions.ClickByJS is PASSED

2021-03-29 09:33:27 - [TEST_STEP][PASSED] - click(findTestObject("POPS App UI/SignIn_DangNhap/POPS_Logo")): Object: 'Object Repository/POPS App UI/SignIn_DangNhap/POPS_Logo' is clicked on

2021-03-29 09:33:27 - [MESSAGE][PASSED] - Object: 'Object Repository/POPS App UI/SignIn_DangNhap/POPS_Logo' is clicked on

2021-03-29 09:33:27 - [TEST_STEP][PASSED] - verifyElementInViewport(findTestObject("POPS App UI/TopMenu/button_DangNhap"), 0): Object 'Object Repository/POPS App UI/TopMenu/button_DangNhap' is present and visible in viewport

2021-03-29 09:33:27 - [MESSAGE][WARNING] - Timeout '0' is invalid. Using default page load timeout: '30'

2021-03-29 09:33:28 - [MESSAGE][PASSED] - Object 'Object Repository/POPS App UI/TopMenu/button_DangNhap' is present and visible in viewport

2021-03-29 09:33:28 - [TEST_STEP][PASSED] - Start listener action : sampleAfterTestCase: null

2021-03-29 09:33:28 - [TEST_STEP][PASSED] - println(testCaseContext.getTestCaseId()): null

2021-03-29 09:33:28 - [TEST_STEP][PASSED] - println(testCaseContext.getTestCaseStatus()): null

2021-03-29 09:33:28 - [TEST_STEP][PASSED] - Start listener action : sampleAfterTestCase: null

2021-03-29 09:33:28 - [TEST_STEP][PASSED] - println(testCaseContext.getTestCaseId()): null

2021-03-29 09:33:28 - [TEST_STEP][PASSED] - println(testCaseContext.getTestCaseStatus()): null]]></system-out>
         <system-err><![CDATA[]]></system-err>
      </testcase>
      <testcase name="Test Cases/POPS App/Registration/Register/RegisterByEmailActivateNow" time="37.802" classname="Test Cases/POPS App/Registration/Register/RegisterByEmailActivateNow" status="FAILED">
         <failure type="FAILED" message="Test Cases/POPS App/Registration/Register/RegisterByEmailActivateNow FAILED.
Reason:
com.kms.katalon.core.exception.StepFailedException: Unable to click on object 'Object Repository/POPS App UI/TopMenu/Settings_DropDownMenuUI/SignIn_Link'
	at com.kms.katalon.core.webui.keyword.internal.WebUIKeywordMain.stepFailed(WebUIKeywordMain.groovy:64)
	at com.kms.katalon.core.webui.keyword.internal.WebUIKeywordMain.runKeyword(WebUIKeywordMain.groovy:26)
	at com.kms.katalon.core.webui.keyword.builtin.ClickKeyword.click(ClickKeyword.groovy:75)
	at com.kms.katalon.core.webui.keyword.builtin.ClickKeyword.execute(ClickKeyword.groovy:42)
	at com.kms.katalon.core.keyword.internal.KeywordExecutor.executeKeywordForPlatform(KeywordExecutor.groovy:73)
	at com.kms.katalon.core.webui.keyword.WebUiBuiltInKeywords.click(WebUiBuiltInKeywords.groovy:619)
	at com.kms.katalon.core.webui.keyword.WebUiBuiltInKeywords$click$1.call(Unknown Source)
	at RegisterByEmailActivateNow.run(RegisterByEmailActivateNow:27)
	at com.kms.katalon.core.main.ScriptEngine.run(ScriptEngine.java:194)
	at com.kms.katalon.core.main.ScriptEngine.runScriptAsRawText(ScriptEngine.java:119)
	at com.kms.katalon.core.main.TestCaseExecutor.runScript(TestCaseExecutor.java:398)
	at com.kms.katalon.core.main.TestCaseExecutor.doExecute(TestCaseExecutor.java:389)
	at com.kms.katalon.core.main.TestCaseExecutor.processExecutionPhase(TestCaseExecutor.java:368)
	at com.kms.katalon.core.main.TestCaseExecutor.accessMainPhase(TestCaseExecutor.java:360)
	at com.kms.katalon.core.main.TestCaseExecutor.execute(TestCaseExecutor.java:255)
	at com.kms.katalon.core.main.TestSuiteExecutor.accessTestCaseMainPhase(TestSuiteExecutor.java:203)
	at com.kms.katalon.core.main.TestSuiteExecutor.accessTestSuiteMainPhase(TestSuiteExecutor.java:152)
	at com.kms.katalon.core.main.TestSuiteExecutor.execute(TestSuiteExecutor.java:95)
	at com.kms.katalon.core.main.TestCaseMain.startTestSuite(TestCaseMain.java:157)
	at com.kms.katalon.core.main.TestCaseMain$startTestSuite$0.call(Unknown Source)
	at TempTestSuite1616984865844.run(TempTestSuite1616984865844.groovy:39)
Caused by: com.kms.katalon.core.webui.exception.WebElementNotFoundException: Web element with id: 'Object Repository/POPS App UI/TopMenu/Settings_DropDownMenuUI/SignIn_Link' located by '//div[@id='__next']/main/div/header/div[2]/div[2]/div[2]/nav/ul/li[8]/a' not found
	at com.kms.katalon.core.webui.common.WebUiCommonHelper.findWebElement(WebUiCommonHelper.java:1368)
	at com.kms.katalon.core.webui.keyword.internal.WebUIAbstractKeyword.findWebElement(WebUIAbstractKeyword.groovy:27)
	at com.kms.katalon.core.webui.keyword.internal.WebUIAbstractKeyword.findWebElement(WebUIAbstractKeyword.groovy:26)
	at com.kms.katalon.core.webui.keyword.builtin.ClickKeyword$_click_closure1.doCall(ClickKeyword.groovy:66)
	at com.kms.katalon.core.webui.keyword.builtin.ClickKeyword$_click_closure1.call(ClickKeyword.groovy)
	at com.kms.katalon.core.webui.keyword.internal.WebUIKeywordMain.runKeyword(WebUIKeywordMain.groovy:20)
	... 19 more
"/>
         <system-out><![CDATA[2021-03-29 09:33:28 - [TEST_CASE][FAILED] - Test Cases/POPS App/Registration/Register/RegisterByEmailActivateNow: Test Cases/POPS App/Registration/Register/RegisterByEmailActivateNow FAILED.
Reason:
com.kms.katalon.core.exception.StepFailedException: Unable to click on object 'Object Repository/POPS App UI/TopMenu/Settings_DropDownMenuUI/SignIn_Link'
	at com.kms.katalon.core.webui.keyword.internal.WebUIKeywordMain.stepFailed(WebUIKeywordMain.groovy:64)
	at com.kms.katalon.core.webui.keyword.internal.WebUIKeywordMain.runKeyword(WebUIKeywordMain.groovy:26)
	at com.kms.katalon.core.webui.keyword.builtin.ClickKeyword.click(ClickKeyword.groovy:75)
	at com.kms.katalon.core.webui.keyword.builtin.ClickKeyword.execute(ClickKeyword.groovy:42)
	at com.kms.katalon.core.keyword.internal.KeywordExecutor.executeKeywordForPlatform(KeywordExecutor.groovy:73)
	at com.kms.katalon.core.webui.keyword.WebUiBuiltInKeywords.click(WebUiBuiltInKeywords.groovy:619)
	at com.kms.katalon.core.webui.keyword.WebUiBuiltInKeywords$click$1.call(Unknown Source)
	at RegisterByEmailActivateNow.run(RegisterByEmailActivateNow:27)
	at com.kms.katalon.core.main.ScriptEngine.run(ScriptEngine.java:194)
	at com.kms.katalon.core.main.ScriptEngine.runScriptAsRawText(ScriptEngine.java:119)
	at com.kms.katalon.core.main.TestCaseExecutor.runScript(TestCaseExecutor.java:398)
	at com.kms.katalon.core.main.TestCaseExecutor.doExecute(TestCaseExecutor.java:389)
	at com.kms.katalon.core.main.TestCaseExecutor.processExecutionPhase(TestCaseExecutor.java:368)
	at com.kms.katalon.core.main.TestCaseExecutor.accessMainPhase(TestCaseExecutor.java:360)
	at com.kms.katalon.core.main.TestCaseExecutor.execute(TestCaseExecutor.java:255)
	at com.kms.katalon.core.main.TestSuiteExecutor.accessTestCaseMainPhase(TestSuiteExecutor.java:203)
	at com.kms.katalon.core.main.TestSuiteExecutor.accessTestSuiteMainPhase(TestSuiteExecutor.java:152)
	at com.kms.katalon.core.main.TestSuiteExecutor.execute(TestSuiteExecutor.java:95)
	at com.kms.katalon.core.main.TestCaseMain.startTestSuite(TestCaseMain.java:157)
	at com.kms.katalon.core.main.TestCaseMain$startTestSuite$0.call(Unknown Source)
	at TempTestSuite1616984865844.run(TempTestSuite1616984865844.groovy:39)
Caused by: com.kms.katalon.core.webui.exception.WebElementNotFoundException: Web element with id: 'Object Repository/POPS App UI/TopMenu/Settings_DropDownMenuUI/SignIn_Link' located by '//div[@id='__next']/main/div/header/div[2]/div[2]/div[2]/nav/ul/li[8]/a' not found
	at com.kms.katalon.core.webui.common.WebUiCommonHelper.findWebElement(WebUiCommonHelper.java:1368)
	at com.kms.katalon.core.webui.keyword.internal.WebUIAbstractKeyword.findWebElement(WebUIAbstractKeyword.groovy:27)
	at com.kms.katalon.core.webui.keyword.internal.WebUIAbstractKeyword.findWebElement(WebUIAbstractKeyword.groovy:26)
	at com.kms.katalon.core.webui.keyword.builtin.ClickKeyword$_click_closure1.doCall(ClickKeyword.groovy:66)
	at com.kms.katalon.core.webui.keyword.builtin.ClickKeyword$_click_closure1.call(ClickKeyword.groovy)
	at com.kms.katalon.core.webui.keyword.internal.WebUIKeywordMain.runKeyword(WebUIKeywordMain.groovy:20)
	... 19 more


2021-03-29 09:33:28 - [TEST_STEP][PASSED] - Start listener action : sampleBeforeTestCase: null

2021-03-29 09:33:28 - [TEST_STEP][PASSED] - println(testCaseContext.getTestCaseId()): null

2021-03-29 09:33:28 - [TEST_STEP][PASSED] - println(testCaseContext.getTestCaseVariables()): null

2021-03-29 09:33:28 - [TEST_STEP][PASSED] - Start listener action : sampleBeforeTestCase: null

2021-03-29 09:33:28 - [TEST_STEP][PASSED] - println(testCaseContext.getTestCaseId()): null

2021-03-29 09:33:28 - [TEST_STEP][PASSED] - println(testCaseContext.getTestCaseVariables()): null

2021-03-29 09:33:29 - [TEST_STEP][PASSED] - comment("This is a test"): This is a test

2021-03-29 09:33:29 - [MESSAGE][INFO] - This is a test

2021-03-29 09:33:29 - [TEST_STEP][PASSED] - openBrowser(SourceURL): Browser is opened with url: 'https://pops.vn/'

2021-03-29 09:33:29 - [MESSAGE][WARNING] - A browser is already opened. Closing browser and opening a new one

2021-03-29 09:33:29 - [MESSAGE][INFO] - Starting 'Chrome' driver

2021-03-29 09:33:29 - [MESSAGE][INFO] - Action delay is set to 0 milliseconds

2021-03-29 09:33:33 - [MESSAGE][PASSED] - Browser is opened with url: 'https://pops.vn/'

2021-03-29 09:33:33 - [TEST_STEP][PASSED] - maximizeWindow(): Current window maximized

2021-03-29 09:33:33 - [MESSAGE][PASSED] - Current window maximized

2021-03-29 09:33:33 - [TEST_STEP][PASSED] - click(findTestObject("POPS App UI/HomePageUI/AvatarOnTopMenu")): Object: 'Object Repository/POPS App UI/HomePageUI/AvatarOnTopMenu' is clicked on

2021-03-29 09:33:34 - [MESSAGE][PASSED] - Object: 'Object Repository/POPS App UI/HomePageUI/AvatarOnTopMenu' is clicked on

2021-03-29 09:33:34 - [TEST_STEP][FAILED] - click(findTestObject("POPS App UI/TopMenu/Settings_DropDownMenuUI/SignIn_Link")): Unable to click on object 'Object Repository/POPS App UI/TopMenu/Settings_DropDownMenuUI/SignIn_Link' (Root cause: com.kms.katalon.core.exception.StepFailedException: Unable to click on object 'Object Repository/POPS App UI/TopMenu/Settings_DropDownMenuUI/SignIn_Link'
	at com.kms.katalon.core.webui.keyword.internal.WebUIKeywordMain.stepFailed(WebUIKeywordMain.groovy:64)
	at com.kms.katalon.core.webui.keyword.internal.WebUIKeywordMain.runKeyword(WebUIKeywordMain.groovy:26)
	at com.kms.katalon.core.webui.keyword.builtin.ClickKeyword.click(ClickKeyword.groovy:75)
	at com.kms.katalon.core.webui.keyword.builtin.ClickKeyword.execute(ClickKeyword.groovy:42)
	at com.kms.katalon.core.keyword.internal.KeywordExecutor.executeKeywordForPlatform(KeywordExecutor.groovy:73)
	at com.kms.katalon.core.webui.keyword.WebUiBuiltInKeywords.click(WebUiBuiltInKeywords.groovy:619)
	at com.kms.katalon.core.webui.keyword.WebUiBuiltInKeywords$click$1.call(Unknown Source)
	at RegisterByEmailActivateNow.run(RegisterByEmailActivateNow:27)
	at com.kms.katalon.core.main.ScriptEngine.run(ScriptEngine.java:194)
	at com.kms.katalon.core.main.ScriptEngine.runScriptAsRawText(ScriptEngine.java:119)
	at com.kms.katalon.core.main.TestCaseExecutor.runScript(TestCaseExecutor.java:398)
	at com.kms.katalon.core.main.TestCaseExecutor.doExecute(TestCaseExecutor.java:389)
	at com.kms.katalon.core.main.TestCaseExecutor.processExecutionPhase(TestCaseExecutor.java:368)
	at com.kms.katalon.core.main.TestCaseExecutor.accessMainPhase(TestCaseExecutor.java:360)
	at com.kms.katalon.core.main.TestCaseExecutor.execute(TestCaseExecutor.java:255)
	at com.kms.katalon.core.main.TestSuiteExecutor.accessTestCaseMainPhase(TestSuiteExecutor.java:203)
	at com.kms.katalon.core.main.TestSuiteExecutor.accessTestSuiteMainPhase(TestSuiteExecutor.java:152)
	at com.kms.katalon.core.main.TestSuiteExecutor.execute(TestSuiteExecutor.java:95)
	at com.kms.katalon.core.main.TestCaseMain.startTestSuite(TestCaseMain.java:157)
	at com.kms.katalon.core.main.TestCaseMain$startTestSuite$0.call(Unknown Source)
	at TempTestSuite1616984865844.run(TempTestSuite1616984865844.groovy:39)
Caused by: com.kms.katalon.core.webui.exception.WebElementNotFoundException: Web element with id: 'Object Repository/POPS App UI/TopMenu/Settings_DropDownMenuUI/SignIn_Link' located by '//div[@id='__next']/main/div/header/div[2]/div[2]/div[2]/nav/ul/li[8]/a' not found
	at com.kms.katalon.core.webui.common.WebUiCommonHelper.findWebElement(WebUiCommonHelper.java:1368)
	at com.kms.katalon.core.webui.keyword.internal.WebUIAbstractKeyword.findWebElement(WebUIAbstractKeyword.groovy:27)
	at com.kms.katalon.core.webui.keyword.internal.WebUIAbstractKeyword.findWebElement(WebUIAbstractKeyword.groovy:26)
	at com.kms.katalon.core.webui.keyword.builtin.ClickKeyword$_click_closure1.doCall(ClickKeyword.groovy:66)
	at com.kms.katalon.core.webui.keyword.builtin.ClickKeyword$_click_closure1.call(ClickKeyword.groovy)
	at com.kms.katalon.core.webui.keyword.internal.WebUIKeywordMain.runKeyword(WebUIKeywordMain.groovy:20)
	at com.kms.katalon.core.webui.keyword.builtin.ClickKeyword.click(ClickKeyword.groovy:75)
	at com.kms.katalon.core.webui.keyword.builtin.ClickKeyword.execute(ClickKeyword.groovy:42)
	at com.kms.katalon.core.keyword.internal.KeywordExecutor.executeKeywordForPlatform(KeywordExecutor.groovy:73)
	at com.kms.katalon.core.webui.keyword.WebUiBuiltInKeywords.click(WebUiBuiltInKeywords.groovy:619)
	at com.kms.katalon.core.webui.keyword.WebUiBuiltInKeywords$click$1.call(Unknown Source)
	at Script1615866174561.run(Script1615866174561.groovy:27)
	... 13 more
)

2021-03-29 09:34:05 - [MESSAGE][INFO] - Unable to find the element located by 'By.xpath: //div[@id='__next']/main/div/header/div[2]/div[2]/div[2]/nav/ul/li[8]/a'. Please recheck the objects properties to make sure the desired element is located. 

2021-03-29 09:34:06 - [MESSAGE][FAILED] - Unable to click on object 'Object Repository/POPS App UI/TopMenu/Settings_DropDownMenuUI/SignIn_Link' (Root cause: com.kms.katalon.core.exception.StepFailedException: Unable to click on object 'Object Repository/POPS App UI/TopMenu/Settings_DropDownMenuUI/SignIn_Link'
	at com.kms.katalon.core.webui.keyword.internal.WebUIKeywordMain.stepFailed(WebUIKeywordMain.groovy:64)
	at com.kms.katalon.core.webui.keyword.internal.WebUIKeywordMain.runKeyword(WebUIKeywordMain.groovy:26)
	at com.kms.katalon.core.webui.keyword.builtin.ClickKeyword.click(ClickKeyword.groovy:75)
	at com.kms.katalon.core.webui.keyword.builtin.ClickKeyword.execute(ClickKeyword.groovy:42)
	at com.kms.katalon.core.keyword.internal.KeywordExecutor.executeKeywordForPlatform(KeywordExecutor.groovy:73)
	at com.kms.katalon.core.webui.keyword.WebUiBuiltInKeywords.click(WebUiBuiltInKeywords.groovy:619)
	at com.kms.katalon.core.webui.keyword.WebUiBuiltInKeywords$click$1.call(Unknown Source)
	at RegisterByEmailActivateNow.run(RegisterByEmailActivateNow:27)
	at com.kms.katalon.core.main.ScriptEngine.run(ScriptEngine.java:194)
	at com.kms.katalon.core.main.ScriptEngine.runScriptAsRawText(ScriptEngine.java:119)
	at com.kms.katalon.core.main.TestCaseExecutor.runScript(TestCaseExecutor.java:398)
	at com.kms.katalon.core.main.TestCaseExecutor.doExecute(TestCaseExecutor.java:389)
	at com.kms.katalon.core.main.TestCaseExecutor.processExecutionPhase(TestCaseExecutor.java:368)
	at com.kms.katalon.core.main.TestCaseExecutor.accessMainPhase(TestCaseExecutor.java:360)
	at com.kms.katalon.core.main.TestCaseExecutor.execute(TestCaseExecutor.java:255)
	at com.kms.katalon.core.main.TestSuiteExecutor.accessTestCaseMainPhase(TestSuiteExecutor.java:203)
	at com.kms.katalon.core.main.TestSuiteExecutor.accessTestSuiteMainPhase(TestSuiteExecutor.java:152)
	at com.kms.katalon.core.main.TestSuiteExecutor.execute(TestSuiteExecutor.java:95)
	at com.kms.katalon.core.main.TestCaseMain.startTestSuite(TestCaseMain.java:157)
	at com.kms.katalon.core.main.TestCaseMain$startTestSuite$0.call(Unknown Source)
	at TempTestSuite1616984865844.run(TempTestSuite1616984865844.groovy:39)
Caused by: com.kms.katalon.core.webui.exception.WebElementNotFoundException: Web element with id: 'Object Repository/POPS App UI/TopMenu/Settings_DropDownMenuUI/SignIn_Link' located by '//div[@id='__next']/main/div/header/div[2]/div[2]/div[2]/nav/ul/li[8]/a' not found
	at com.kms.katalon.core.webui.common.WebUiCommonHelper.findWebElement(WebUiCommonHelper.java:1368)
	at com.kms.katalon.core.webui.keyword.internal.WebUIAbstractKeyword.findWebElement(WebUIAbstractKeyword.groovy:27)
	at com.kms.katalon.core.webui.keyword.internal.WebUIAbstractKeyword.findWebElement(WebUIAbstractKeyword.groovy:26)
	at com.kms.katalon.core.webui.keyword.builtin.ClickKeyword$_click_closure1.doCall(ClickKeyword.groovy:66)
	at com.kms.katalon.core.webui.keyword.builtin.ClickKeyword$_click_closure1.call(ClickKeyword.groovy)
	at com.kms.katalon.core.webui.keyword.internal.WebUIKeywordMain.runKeyword(WebUIKeywordMain.groovy:20)
	at com.kms.katalon.core.webui.keyword.builtin.ClickKeyword.click(ClickKeyword.groovy:75)
	at com.kms.katalon.core.webui.keyword.builtin.ClickKeyword.execute(ClickKeyword.groovy:42)
	at com.kms.katalon.core.keyword.internal.KeywordExecutor.executeKeywordForPlatform(KeywordExecutor.groovy:73)
	at com.kms.katalon.core.webui.keyword.WebUiBuiltInKeywords.click(WebUiBuiltInKeywords.groovy:619)
	at com.kms.katalon.core.webui.keyword.WebUiBuiltInKeywords$click$1.call(Unknown Source)
	at Script1615866174561.run(Script1615866174561.groovy:27)
	... 13 more
)
[[ATTACHMENT|D:\\Working\\AUTO\\KATAWEB\\popstestautomation\\POPSTestAutomation\\Reports\\20210329_092745\\POPS App\\POPSApp_DailySmoke\\20210329_092745\\1616985245890.png]]

2021-03-29 09:34:06 - [TEST_STEP][PASSED] - Start listener action : sampleAfterTestCase: null

2021-03-29 09:34:06 - [TEST_STEP][PASSED] - println(testCaseContext.getTestCaseId()): null

2021-03-29 09:34:06 - [TEST_STEP][PASSED] - println(testCaseContext.getTestCaseStatus()): null

2021-03-29 09:34:06 - [TEST_STEP][PASSED] - Start listener action : sampleAfterTestCase: null

2021-03-29 09:34:06 - [TEST_STEP][PASSED] - println(testCaseContext.getTestCaseId()): null

2021-03-29 09:34:06 - [TEST_STEP][PASSED] - println(testCaseContext.getTestCaseStatus()): null]]></system-out>
         <system-err><![CDATA[2021-03-29 09:33:28 - [TEST_CASE][FAILED] - Test Cases/POPS App/Registration/Register/RegisterByEmailActivateNow: Test Cases/POPS App/Registration/Register/RegisterByEmailActivateNow FAILED.
Reason:
com.kms.katalon.core.exception.StepFailedException: Unable to click on object 'Object Repository/POPS App UI/TopMenu/Settings_DropDownMenuUI/SignIn_Link'
	at com.kms.katalon.core.webui.keyword.internal.WebUIKeywordMain.stepFailed(WebUIKeywordMain.groovy:64)
	at com.kms.katalon.core.webui.keyword.internal.WebUIKeywordMain.runKeyword(WebUIKeywordMain.groovy:26)
	at com.kms.katalon.core.webui.keyword.builtin.ClickKeyword.click(ClickKeyword.groovy:75)
	at com.kms.katalon.core.webui.keyword.builtin.ClickKeyword.execute(ClickKeyword.groovy:42)
	at com.kms.katalon.core.keyword.internal.KeywordExecutor.executeKeywordForPlatform(KeywordExecutor.groovy:73)
	at com.kms.katalon.core.webui.keyword.WebUiBuiltInKeywords.click(WebUiBuiltInKeywords.groovy:619)
	at com.kms.katalon.core.webui.keyword.WebUiBuiltInKeywords$click$1.call(Unknown Source)
	at RegisterByEmailActivateNow.run(RegisterByEmailActivateNow:27)
	at com.kms.katalon.core.main.ScriptEngine.run(ScriptEngine.java:194)
	at com.kms.katalon.core.main.ScriptEngine.runScriptAsRawText(ScriptEngine.java:119)
	at com.kms.katalon.core.main.TestCaseExecutor.runScript(TestCaseExecutor.java:398)
	at com.kms.katalon.core.main.TestCaseExecutor.doExecute(TestCaseExecutor.java:389)
	at com.kms.katalon.core.main.TestCaseExecutor.processExecutionPhase(TestCaseExecutor.java:368)
	at com.kms.katalon.core.main.TestCaseExecutor.accessMainPhase(TestCaseExecutor.java:360)
	at com.kms.katalon.core.main.TestCaseExecutor.execute(TestCaseExecutor.java:255)
	at com.kms.katalon.core.main.TestSuiteExecutor.accessTestCaseMainPhase(TestSuiteExecutor.java:203)
	at com.kms.katalon.core.main.TestSuiteExecutor.accessTestSuiteMainPhase(TestSuiteExecutor.java:152)
	at com.kms.katalon.core.main.TestSuiteExecutor.execute(TestSuiteExecutor.java:95)
	at com.kms.katalon.core.main.TestCaseMain.startTestSuite(TestCaseMain.java:157)
	at com.kms.katalon.core.main.TestCaseMain$startTestSuite$0.call(Unknown Source)
	at TempTestSuite1616984865844.run(TempTestSuite1616984865844.groovy:39)
Caused by: com.kms.katalon.core.webui.exception.WebElementNotFoundException: Web element with id: 'Object Repository/POPS App UI/TopMenu/Settings_DropDownMenuUI/SignIn_Link' located by '//div[@id='__next']/main/div/header/div[2]/div[2]/div[2]/nav/ul/li[8]/a' not found
	at com.kms.katalon.core.webui.common.WebUiCommonHelper.findWebElement(WebUiCommonHelper.java:1368)
	at com.kms.katalon.core.webui.keyword.internal.WebUIAbstractKeyword.findWebElement(WebUIAbstractKeyword.groovy:27)
	at com.kms.katalon.core.webui.keyword.internal.WebUIAbstractKeyword.findWebElement(WebUIAbstractKeyword.groovy:26)
	at com.kms.katalon.core.webui.keyword.builtin.ClickKeyword$_click_closure1.doCall(ClickKeyword.groovy:66)
	at com.kms.katalon.core.webui.keyword.builtin.ClickKeyword$_click_closure1.call(ClickKeyword.groovy)
	at com.kms.katalon.core.webui.keyword.internal.WebUIKeywordMain.runKeyword(WebUIKeywordMain.groovy:20)
	... 19 more]]></system-err>
      </testcase>
      <testcase name="Test Cases/POPS App/Registration/Register/RegisterByEmailAndActivateLater" time="37.924" classname="Test Cases/POPS App/Registration/Register/RegisterByEmailAndActivateLater" status="FAILED">
         <failure type="FAILED" message="Test Cases/POPS App/Registration/Register/RegisterByEmailAndActivateLater FAILED.
Reason:
com.kms.katalon.core.exception.StepFailedException: Unable to click on object 'Object Repository/POPS App UI/TopMenu/Settings_DropDownMenuUI/SignIn_Link'
	at com.kms.katalon.core.webui.keyword.internal.WebUIKeywordMain.stepFailed(WebUIKeywordMain.groovy:64)
	at com.kms.katalon.core.webui.keyword.internal.WebUIKeywordMain.runKeyword(WebUIKeywordMain.groovy:26)
	at com.kms.katalon.core.webui.keyword.builtin.ClickKeyword.click(ClickKeyword.groovy:75)
	at com.kms.katalon.core.webui.keyword.builtin.ClickKeyword.execute(ClickKeyword.groovy:42)
	at com.kms.katalon.core.keyword.internal.KeywordExecutor.executeKeywordForPlatform(KeywordExecutor.groovy:73)
	at com.kms.katalon.core.webui.keyword.WebUiBuiltInKeywords.click(WebUiBuiltInKeywords.groovy:619)
	at com.kms.katalon.core.webui.keyword.WebUiBuiltInKeywords$click$1.call(Unknown Source)
	at RegisterByEmailAndActivateLater.run(RegisterByEmailAndActivateLater:25)
	at com.kms.katalon.core.main.ScriptEngine.run(ScriptEngine.java:194)
	at com.kms.katalon.core.main.ScriptEngine.runScriptAsRawText(ScriptEngine.java:119)
	at com.kms.katalon.core.main.TestCaseExecutor.runScript(TestCaseExecutor.java:398)
	at com.kms.katalon.core.main.TestCaseExecutor.doExecute(TestCaseExecutor.java:389)
	at com.kms.katalon.core.main.TestCaseExecutor.processExecutionPhase(TestCaseExecutor.java:368)
	at com.kms.katalon.core.main.TestCaseExecutor.accessMainPhase(TestCaseExecutor.java:360)
	at com.kms.katalon.core.main.TestCaseExecutor.execute(TestCaseExecutor.java:255)
	at com.kms.katalon.core.main.TestSuiteExecutor.accessTestCaseMainPhase(TestSuiteExecutor.java:203)
	at com.kms.katalon.core.main.TestSuiteExecutor.accessTestSuiteMainPhase(TestSuiteExecutor.java:152)
	at com.kms.katalon.core.main.TestSuiteExecutor.execute(TestSuiteExecutor.java:95)
	at com.kms.katalon.core.main.TestCaseMain.startTestSuite(TestCaseMain.java:157)
	at com.kms.katalon.core.main.TestCaseMain$startTestSuite$0.call(Unknown Source)
	at TempTestSuite1616984865844.run(TempTestSuite1616984865844.groovy:39)
Caused by: com.kms.katalon.core.webui.exception.WebElementNotFoundException: Web element with id: 'Object Repository/POPS App UI/TopMenu/Settings_DropDownMenuUI/SignIn_Link' located by '//div[@id='__next']/main/div/header/div[2]/div[2]/div[2]/nav/ul/li[8]/a' not found
	at com.kms.katalon.core.webui.common.WebUiCommonHelper.findWebElement(WebUiCommonHelper.java:1368)
	at com.kms.katalon.core.webui.keyword.internal.WebUIAbstractKeyword.findWebElement(WebUIAbstractKeyword.groovy:27)
	at com.kms.katalon.core.webui.keyword.internal.WebUIAbstractKeyword.findWebElement(WebUIAbstractKeyword.groovy:26)
	at com.kms.katalon.core.webui.keyword.builtin.ClickKeyword$_click_closure1.doCall(ClickKeyword.groovy:66)
	at com.kms.katalon.core.webui.keyword.builtin.ClickKeyword$_click_closure1.call(ClickKeyword.groovy)
	at com.kms.katalon.core.webui.keyword.internal.WebUIKeywordMain.runKeyword(WebUIKeywordMain.groovy:20)
	... 19 more
"/>
         <system-out><![CDATA[2021-03-29 09:34:06 - [TEST_CASE][FAILED] - Test Cases/POPS App/Registration/Register/RegisterByEmailAndActivateLater: Test Cases/POPS App/Registration/Register/RegisterByEmailAndActivateLater FAILED.
Reason:
com.kms.katalon.core.exception.StepFailedException: Unable to click on object 'Object Repository/POPS App UI/TopMenu/Settings_DropDownMenuUI/SignIn_Link'
	at com.kms.katalon.core.webui.keyword.internal.WebUIKeywordMain.stepFailed(WebUIKeywordMain.groovy:64)
	at com.kms.katalon.core.webui.keyword.internal.WebUIKeywordMain.runKeyword(WebUIKeywordMain.groovy:26)
	at com.kms.katalon.core.webui.keyword.builtin.ClickKeyword.click(ClickKeyword.groovy:75)
	at com.kms.katalon.core.webui.keyword.builtin.ClickKeyword.execute(ClickKeyword.groovy:42)
	at com.kms.katalon.core.keyword.internal.KeywordExecutor.executeKeywordForPlatform(KeywordExecutor.groovy:73)
	at com.kms.katalon.core.webui.keyword.WebUiBuiltInKeywords.click(WebUiBuiltInKeywords.groovy:619)
	at com.kms.katalon.core.webui.keyword.WebUiBuiltInKeywords$click$1.call(Unknown Source)
	at RegisterByEmailAndActivateLater.run(RegisterByEmailAndActivateLater:25)
	at com.kms.katalon.core.main.ScriptEngine.run(ScriptEngine.java:194)
	at com.kms.katalon.core.main.ScriptEngine.runScriptAsRawText(ScriptEngine.java:119)
	at com.kms.katalon.core.main.TestCaseExecutor.runScript(TestCaseExecutor.java:398)
	at com.kms.katalon.core.main.TestCaseExecutor.doExecute(TestCaseExecutor.java:389)
	at com.kms.katalon.core.main.TestCaseExecutor.processExecutionPhase(TestCaseExecutor.java:368)
	at com.kms.katalon.core.main.TestCaseExecutor.accessMainPhase(TestCaseExecutor.java:360)
	at com.kms.katalon.core.main.TestCaseExecutor.execute(TestCaseExecutor.java:255)
	at com.kms.katalon.core.main.TestSuiteExecutor.accessTestCaseMainPhase(TestSuiteExecutor.java:203)
	at com.kms.katalon.core.main.TestSuiteExecutor.accessTestSuiteMainPhase(TestSuiteExecutor.java:152)
	at com.kms.katalon.core.main.TestSuiteExecutor.execute(TestSuiteExecutor.java:95)
	at com.kms.katalon.core.main.TestCaseMain.startTestSuite(TestCaseMain.java:157)
	at com.kms.katalon.core.main.TestCaseMain$startTestSuite$0.call(Unknown Source)
	at TempTestSuite1616984865844.run(TempTestSuite1616984865844.groovy:39)
Caused by: com.kms.katalon.core.webui.exception.WebElementNotFoundException: Web element with id: 'Object Repository/POPS App UI/TopMenu/Settings_DropDownMenuUI/SignIn_Link' located by '//div[@id='__next']/main/div/header/div[2]/div[2]/div[2]/nav/ul/li[8]/a' not found
	at com.kms.katalon.core.webui.common.WebUiCommonHelper.findWebElement(WebUiCommonHelper.java:1368)
	at com.kms.katalon.core.webui.keyword.internal.WebUIAbstractKeyword.findWebElement(WebUIAbstractKeyword.groovy:27)
	at com.kms.katalon.core.webui.keyword.internal.WebUIAbstractKeyword.findWebElement(WebUIAbstractKeyword.groovy:26)
	at com.kms.katalon.core.webui.keyword.builtin.ClickKeyword$_click_closure1.doCall(ClickKeyword.groovy:66)
	at com.kms.katalon.core.webui.keyword.builtin.ClickKeyword$_click_closure1.call(ClickKeyword.groovy)
	at com.kms.katalon.core.webui.keyword.internal.WebUIKeywordMain.runKeyword(WebUIKeywordMain.groovy:20)
	... 19 more


2021-03-29 09:34:06 - [TEST_STEP][PASSED] - Start listener action : sampleBeforeTestCase: null

2021-03-29 09:34:06 - [TEST_STEP][PASSED] - println(testCaseContext.getTestCaseId()): null

2021-03-29 09:34:06 - [TEST_STEP][PASSED] - println(testCaseContext.getTestCaseVariables()): null

2021-03-29 09:34:06 - [TEST_STEP][PASSED] - Start listener action : sampleBeforeTestCase: null

2021-03-29 09:34:06 - [TEST_STEP][PASSED] - println(testCaseContext.getTestCaseId()): null

2021-03-29 09:34:06 - [TEST_STEP][PASSED] - println(testCaseContext.getTestCaseVariables()): null

2021-03-29 09:34:06 - [TEST_STEP][PASSED] - openBrowser(SourceURL): Browser is opened with url: 'https://pops.vn/'

2021-03-29 09:34:06 - [MESSAGE][WARNING] - A browser is already opened. Closing browser and opening a new one

2021-03-29 09:34:07 - [MESSAGE][INFO] - Starting 'Chrome' driver

2021-03-29 09:34:07 - [MESSAGE][INFO] - Action delay is set to 0 milliseconds

2021-03-29 09:34:10 - [MESSAGE][PASSED] - Browser is opened with url: 'https://pops.vn/'

2021-03-29 09:34:10 - [TEST_STEP][PASSED] - maximizeWindow(): Current window maximized

2021-03-29 09:34:10 - [MESSAGE][PASSED] - Current window maximized

2021-03-29 09:34:10 - [TEST_STEP][PASSED] - click(findTestObject("POPS App UI/HomePageUI/AvatarOnTopMenu")): Object: 'Object Repository/POPS App UI/HomePageUI/AvatarOnTopMenu' is clicked on

2021-03-29 09:34:12 - [MESSAGE][PASSED] - Object: 'Object Repository/POPS App UI/HomePageUI/AvatarOnTopMenu' is clicked on

2021-03-29 09:34:12 - [TEST_STEP][FAILED] - click(findTestObject("POPS App UI/TopMenu/Settings_DropDownMenuUI/SignIn_Link")): Unable to click on object 'Object Repository/POPS App UI/TopMenu/Settings_DropDownMenuUI/SignIn_Link' (Root cause: com.kms.katalon.core.exception.StepFailedException: Unable to click on object 'Object Repository/POPS App UI/TopMenu/Settings_DropDownMenuUI/SignIn_Link'
	at com.kms.katalon.core.webui.keyword.internal.WebUIKeywordMain.stepFailed(WebUIKeywordMain.groovy:64)
	at com.kms.katalon.core.webui.keyword.internal.WebUIKeywordMain.runKeyword(WebUIKeywordMain.groovy:26)
	at com.kms.katalon.core.webui.keyword.builtin.ClickKeyword.click(ClickKeyword.groovy:75)
	at com.kms.katalon.core.webui.keyword.builtin.ClickKeyword.execute(ClickKeyword.groovy:42)
	at com.kms.katalon.core.keyword.internal.KeywordExecutor.executeKeywordForPlatform(KeywordExecutor.groovy:73)
	at com.kms.katalon.core.webui.keyword.WebUiBuiltInKeywords.click(WebUiBuiltInKeywords.groovy:619)
	at com.kms.katalon.core.webui.keyword.WebUiBuiltInKeywords$click$1.call(Unknown Source)
	at RegisterByEmailAndActivateLater.run(RegisterByEmailAndActivateLater:25)
	at com.kms.katalon.core.main.ScriptEngine.run(ScriptEngine.java:194)
	at com.kms.katalon.core.main.ScriptEngine.runScriptAsRawText(ScriptEngine.java:119)
	at com.kms.katalon.core.main.TestCaseExecutor.runScript(TestCaseExecutor.java:398)
	at com.kms.katalon.core.main.TestCaseExecutor.doExecute(TestCaseExecutor.java:389)
	at com.kms.katalon.core.main.TestCaseExecutor.processExecutionPhase(TestCaseExecutor.java:368)
	at com.kms.katalon.core.main.TestCaseExecutor.accessMainPhase(TestCaseExecutor.java:360)
	at com.kms.katalon.core.main.TestCaseExecutor.execute(TestCaseExecutor.java:255)
	at com.kms.katalon.core.main.TestSuiteExecutor.accessTestCaseMainPhase(TestSuiteExecutor.java:203)
	at com.kms.katalon.core.main.TestSuiteExecutor.accessTestSuiteMainPhase(TestSuiteExecutor.java:152)
	at com.kms.katalon.core.main.TestSuiteExecutor.execute(TestSuiteExecutor.java:95)
	at com.kms.katalon.core.main.TestCaseMain.startTestSuite(TestCaseMain.java:157)
	at com.kms.katalon.core.main.TestCaseMain$startTestSuite$0.call(Unknown Source)
	at TempTestSuite1616984865844.run(TempTestSuite1616984865844.groovy:39)
Caused by: com.kms.katalon.core.webui.exception.WebElementNotFoundException: Web element with id: 'Object Repository/POPS App UI/TopMenu/Settings_DropDownMenuUI/SignIn_Link' located by '//div[@id='__next']/main/div/header/div[2]/div[2]/div[2]/nav/ul/li[8]/a' not found
	at com.kms.katalon.core.webui.common.WebUiCommonHelper.findWebElement(WebUiCommonHelper.java:1368)
	at com.kms.katalon.core.webui.keyword.internal.WebUIAbstractKeyword.findWebElement(WebUIAbstractKeyword.groovy:27)
	at com.kms.katalon.core.webui.keyword.internal.WebUIAbstractKeyword.findWebElement(WebUIAbstractKeyword.groovy:26)
	at com.kms.katalon.core.webui.keyword.builtin.ClickKeyword$_click_closure1.doCall(ClickKeyword.groovy:66)
	at com.kms.katalon.core.webui.keyword.builtin.ClickKeyword$_click_closure1.call(ClickKeyword.groovy)
	at com.kms.katalon.core.webui.keyword.internal.WebUIKeywordMain.runKeyword(WebUIKeywordMain.groovy:20)
	at com.kms.katalon.core.webui.keyword.builtin.ClickKeyword.click(ClickKeyword.groovy:75)
	at com.kms.katalon.core.webui.keyword.builtin.ClickKeyword.execute(ClickKeyword.groovy:42)
	at com.kms.katalon.core.keyword.internal.KeywordExecutor.executeKeywordForPlatform(KeywordExecutor.groovy:73)
	at com.kms.katalon.core.webui.keyword.WebUiBuiltInKeywords.click(WebUiBuiltInKeywords.groovy:619)
	at com.kms.katalon.core.webui.keyword.WebUiBuiltInKeywords$click$1.call(Unknown Source)
	at Script1615866174565.run(Script1615866174565.groovy:25)
	... 13 more
)

2021-03-29 09:34:43 - [MESSAGE][INFO] - Unable to find the element located by 'By.xpath: //div[@id='__next']/main/div/header/div[2]/div[2]/div[2]/nav/ul/li[8]/a'. Please recheck the objects properties to make sure the desired element is located. 

2021-03-29 09:34:44 - [MESSAGE][FAILED] - Unable to click on object 'Object Repository/POPS App UI/TopMenu/Settings_DropDownMenuUI/SignIn_Link' (Root cause: com.kms.katalon.core.exception.StepFailedException: Unable to click on object 'Object Repository/POPS App UI/TopMenu/Settings_DropDownMenuUI/SignIn_Link'
	at com.kms.katalon.core.webui.keyword.internal.WebUIKeywordMain.stepFailed(WebUIKeywordMain.groovy:64)
	at com.kms.katalon.core.webui.keyword.internal.WebUIKeywordMain.runKeyword(WebUIKeywordMain.groovy:26)
	at com.kms.katalon.core.webui.keyword.builtin.ClickKeyword.click(ClickKeyword.groovy:75)
	at com.kms.katalon.core.webui.keyword.builtin.ClickKeyword.execute(ClickKeyword.groovy:42)
	at com.kms.katalon.core.keyword.internal.KeywordExecutor.executeKeywordForPlatform(KeywordExecutor.groovy:73)
	at com.kms.katalon.core.webui.keyword.WebUiBuiltInKeywords.click(WebUiBuiltInKeywords.groovy:619)
	at com.kms.katalon.core.webui.keyword.WebUiBuiltInKeywords$click$1.call(Unknown Source)
	at RegisterByEmailAndActivateLater.run(RegisterByEmailAndActivateLater:25)
	at com.kms.katalon.core.main.ScriptEngine.run(ScriptEngine.java:194)
	at com.kms.katalon.core.main.ScriptEngine.runScriptAsRawText(ScriptEngine.java:119)
	at com.kms.katalon.core.main.TestCaseExecutor.runScript(TestCaseExecutor.java:398)
	at com.kms.katalon.core.main.TestCaseExecutor.doExecute(TestCaseExecutor.java:389)
	at com.kms.katalon.core.main.TestCaseExecutor.processExecutionPhase(TestCaseExecutor.java:368)
	at com.kms.katalon.core.main.TestCaseExecutor.accessMainPhase(TestCaseExecutor.java:360)
	at com.kms.katalon.core.main.TestCaseExecutor.execute(TestCaseExecutor.java:255)
	at com.kms.katalon.core.main.TestSuiteExecutor.accessTestCaseMainPhase(TestSuiteExecutor.java:203)
	at com.kms.katalon.core.main.TestSuiteExecutor.accessTestSuiteMainPhase(TestSuiteExecutor.java:152)
	at com.kms.katalon.core.main.TestSuiteExecutor.execute(TestSuiteExecutor.java:95)
	at com.kms.katalon.core.main.TestCaseMain.startTestSuite(TestCaseMain.java:157)
	at com.kms.katalon.core.main.TestCaseMain$startTestSuite$0.call(Unknown Source)
	at TempTestSuite1616984865844.run(TempTestSuite1616984865844.groovy:39)
Caused by: com.kms.katalon.core.webui.exception.WebElementNotFoundException: Web element with id: 'Object Repository/POPS App UI/TopMenu/Settings_DropDownMenuUI/SignIn_Link' located by '//div[@id='__next']/main/div/header/div[2]/div[2]/div[2]/nav/ul/li[8]/a' not found
	at com.kms.katalon.core.webui.common.WebUiCommonHelper.findWebElement(WebUiCommonHelper.java:1368)
	at com.kms.katalon.core.webui.keyword.internal.WebUIAbstractKeyword.findWebElement(WebUIAbstractKeyword.groovy:27)
	at com.kms.katalon.core.webui.keyword.internal.WebUIAbstractKeyword.findWebElement(WebUIAbstractKeyword.groovy:26)
	at com.kms.katalon.core.webui.keyword.builtin.ClickKeyword$_click_closure1.doCall(ClickKeyword.groovy:66)
	at com.kms.katalon.core.webui.keyword.builtin.ClickKeyword$_click_closure1.call(ClickKeyword.groovy)
	at com.kms.katalon.core.webui.keyword.internal.WebUIKeywordMain.runKeyword(WebUIKeywordMain.groovy:20)
	at com.kms.katalon.core.webui.keyword.builtin.ClickKeyword.click(ClickKeyword.groovy:75)
	at com.kms.katalon.core.webui.keyword.builtin.ClickKeyword.execute(ClickKeyword.groovy:42)
	at com.kms.katalon.core.keyword.internal.KeywordExecutor.executeKeywordForPlatform(KeywordExecutor.groovy:73)
	at com.kms.katalon.core.webui.keyword.WebUiBuiltInKeywords.click(WebUiBuiltInKeywords.groovy:619)
	at com.kms.katalon.core.webui.keyword.WebUiBuiltInKeywords$click$1.call(Unknown Source)
	at Script1615866174565.run(Script1615866174565.groovy:25)
	... 13 more
)
[[ATTACHMENT|D:\\Working\\AUTO\\KATAWEB\\popstestautomation\\POPSTestAutomation\\Reports\\20210329_092745\\POPS App\\POPSApp_DailySmoke\\20210329_092745\\1616985283772.png]]

2021-03-29 09:34:44 - [TEST_STEP][PASSED] - Start listener action : sampleAfterTestCase: null

2021-03-29 09:34:44 - [TEST_STEP][PASSED] - println(testCaseContext.getTestCaseId()): null

2021-03-29 09:34:44 - [TEST_STEP][PASSED] - println(testCaseContext.getTestCaseStatus()): null

2021-03-29 09:34:44 - [TEST_STEP][PASSED] - Start listener action : sampleAfterTestCase: null

2021-03-29 09:34:44 - [TEST_STEP][PASSED] - println(testCaseContext.getTestCaseId()): null

2021-03-29 09:34:44 - [TEST_STEP][PASSED] - println(testCaseContext.getTestCaseStatus()): null]]></system-out>
         <system-err><![CDATA[2021-03-29 09:34:06 - [TEST_CASE][FAILED] - Test Cases/POPS App/Registration/Register/RegisterByEmailAndActivateLater: Test Cases/POPS App/Registration/Register/RegisterByEmailAndActivateLater FAILED.
Reason:
com.kms.katalon.core.exception.StepFailedException: Unable to click on object 'Object Repository/POPS App UI/TopMenu/Settings_DropDownMenuUI/SignIn_Link'
	at com.kms.katalon.core.webui.keyword.internal.WebUIKeywordMain.stepFailed(WebUIKeywordMain.groovy:64)
	at com.kms.katalon.core.webui.keyword.internal.WebUIKeywordMain.runKeyword(WebUIKeywordMain.groovy:26)
	at com.kms.katalon.core.webui.keyword.builtin.ClickKeyword.click(ClickKeyword.groovy:75)
	at com.kms.katalon.core.webui.keyword.builtin.ClickKeyword.execute(ClickKeyword.groovy:42)
	at com.kms.katalon.core.keyword.internal.KeywordExecutor.executeKeywordForPlatform(KeywordExecutor.groovy:73)
	at com.kms.katalon.core.webui.keyword.WebUiBuiltInKeywords.click(WebUiBuiltInKeywords.groovy:619)
	at com.kms.katalon.core.webui.keyword.WebUiBuiltInKeywords$click$1.call(Unknown Source)
	at RegisterByEmailAndActivateLater.run(RegisterByEmailAndActivateLater:25)
	at com.kms.katalon.core.main.ScriptEngine.run(ScriptEngine.java:194)
	at com.kms.katalon.core.main.ScriptEngine.runScriptAsRawText(ScriptEngine.java:119)
	at com.kms.katalon.core.main.TestCaseExecutor.runScript(TestCaseExecutor.java:398)
	at com.kms.katalon.core.main.TestCaseExecutor.doExecute(TestCaseExecutor.java:389)
	at com.kms.katalon.core.main.TestCaseExecutor.processExecutionPhase(TestCaseExecutor.java:368)
	at com.kms.katalon.core.main.TestCaseExecutor.accessMainPhase(TestCaseExecutor.java:360)
	at com.kms.katalon.core.main.TestCaseExecutor.execute(TestCaseExecutor.java:255)
	at com.kms.katalon.core.main.TestSuiteExecutor.accessTestCaseMainPhase(TestSuiteExecutor.java:203)
	at com.kms.katalon.core.main.TestSuiteExecutor.accessTestSuiteMainPhase(TestSuiteExecutor.java:152)
	at com.kms.katalon.core.main.TestSuiteExecutor.execute(TestSuiteExecutor.java:95)
	at com.kms.katalon.core.main.TestCaseMain.startTestSuite(TestCaseMain.java:157)
	at com.kms.katalon.core.main.TestCaseMain$startTestSuite$0.call(Unknown Source)
	at TempTestSuite1616984865844.run(TempTestSuite1616984865844.groovy:39)
Caused by: com.kms.katalon.core.webui.exception.WebElementNotFoundException: Web element with id: 'Object Repository/POPS App UI/TopMenu/Settings_DropDownMenuUI/SignIn_Link' located by '//div[@id='__next']/main/div/header/div[2]/div[2]/div[2]/nav/ul/li[8]/a' not found
	at com.kms.katalon.core.webui.common.WebUiCommonHelper.findWebElement(WebUiCommonHelper.java:1368)
	at com.kms.katalon.core.webui.keyword.internal.WebUIAbstractKeyword.findWebElement(WebUIAbstractKeyword.groovy:27)
	at com.kms.katalon.core.webui.keyword.internal.WebUIAbstractKeyword.findWebElement(WebUIAbstractKeyword.groovy:26)
	at com.kms.katalon.core.webui.keyword.builtin.ClickKeyword$_click_closure1.doCall(ClickKeyword.groovy:66)
	at com.kms.katalon.core.webui.keyword.builtin.ClickKeyword$_click_closure1.call(ClickKeyword.groovy)
	at com.kms.katalon.core.webui.keyword.internal.WebUIKeywordMain.runKeyword(WebUIKeywordMain.groovy:20)
	... 19 more]]></system-err>
      </testcase>
      <testcase name="Test Cases/POPS App/Registration/ForgotAndResetPassword/VerifyResetPasswordUsingCodeSuccessfully" time="46.9" classname="Test Cases/POPS App/Registration/ForgotAndResetPassword/VerifyResetPasswordUsingCodeSuccessfully" status="ERROR">
         <error type="ERROR" message="Test Cases/POPS App/Registration/ForgotAndResetPassword/VerifyResetPasswordUsingCodeSuccessfully FAILED.
Reason:
org.openqa.selenium.TimeoutException: Expected condition failed: waiting for visibility of all elements located by By.xpath: //table[contains(@class,'table-striped')]/tbody/tr[@ng-repeat='email in emails']/td/a[contains(.,'Thay đổi mật khẩu tài khoản POPS')] (tried for 30 second(s) with 500 milliseconds interval)
Build info: version: '3.141.59', revision: 'e82be7d358', time: '2018-11-14T08:25:53'
System info: host: 'CA-HUYTHANH', ip: '192.168.56.1', os.name: 'Windows 10', os.arch: 'amd64', os.version: '10.0', java.version: '1.8.0_181'
Driver info: com.kms.katalon.core.webui.driver.SmartWaitWebDriver
Capabilities {acceptInsecureCerts: false, browserName: chrome, browserVersion: 89.0.4389.90, chrome: {chromedriverVersion: 89.0.4389.23 (61b08ee2c5002..., userDataDir: C:\Users\HUY~1.THA\AppData\...}, goog:chromeOptions: {debuggerAddress: localhost:53340}, javascriptEnabled: true, networkConnectionEnabled: false, pageLoadStrategy: normal, platform: WINDOWS, platformName: WINDOWS, proxy: Proxy(), setWindowRect: true, strictFileInteractability: false, timeouts: {implicit: 0, pageLoad: 300000, script: 30000}, unhandledPromptBehavior: dismiss and notify, webauthn:extension:largeBlob: true, webauthn:virtualAuthenticators: true}
Session ID: 65b396bdea45830b9de6609a64f71ab4
	at org.openqa.selenium.support.ui.WebDriverWait.timeoutException(WebDriverWait.java:95)
	at org.openqa.selenium.support.ui.FluentWait.until(FluentWait.java:272)
	at org.openqa.selenium.support.ui.Wait$until.call(Unknown Source)
	at commonActions.Mailinator.OpenMailinatorMail(Mailinator.groovy:80)
	at commonActions.Mailinator.OpenMailinatorMailboxAndGetCode(Mailinator.groovy:43)
	at commonActions.Mailinator.invokeMethod(Mailinator.groovy)
	at com.kms.katalon.core.main.CustomKeywordDelegatingMetaClass.invokeStaticMethod(CustomKeywordDelegatingMetaClass.java:50)
	at VerifyResetPasswordUsingCodeSuccessfully.run(VerifyResetPasswordUsingCodeSuccessfully:29)
	at com.kms.katalon.core.main.ScriptEngine.run(ScriptEngine.java:194)
	at com.kms.katalon.core.main.ScriptEngine.runScriptAsRawText(ScriptEngine.java:119)
	at com.kms.katalon.core.main.TestCaseExecutor.runScript(TestCaseExecutor.java:398)
	at com.kms.katalon.core.main.TestCaseExecutor.doExecute(TestCaseExecutor.java:389)
	at com.kms.katalon.core.main.TestCaseExecutor.processExecutionPhase(TestCaseExecutor.java:368)
	at com.kms.katalon.core.main.TestCaseExecutor.accessMainPhase(TestCaseExecutor.java:360)
	at com.kms.katalon.core.main.TestCaseExecutor.execute(TestCaseExecutor.java:255)
	at com.kms.katalon.core.main.TestSuiteExecutor.accessTestCaseMainPhase(TestSuiteExecutor.java:203)
	at com.kms.katalon.core.main.TestSuiteExecutor.accessTestSuiteMainPhase(TestSuiteExecutor.java:152)
	at com.kms.katalon.core.main.TestSuiteExecutor.execute(TestSuiteExecutor.java:95)
	at com.kms.katalon.core.main.TestCaseMain.startTestSuite(TestCaseMain.java:157)
	at com.kms.katalon.core.main.TestCaseMain$startTestSuite$0.call(Unknown Source)
	at TempTestSuite1616984865844.run(TempTestSuite1616984865844.groovy:39)
"/>
         <system-out><![CDATA[2021-03-29 09:34:44 - [TEST_CASE][ERROR] - Test Cases/POPS App/Registration/ForgotAndResetPassword/VerifyResetPasswordUsingCodeSuccessfully: Test Cases/POPS App/Registration/ForgotAndResetPassword/VerifyResetPasswordUsingCodeSuccessfully FAILED.
Reason:
org.openqa.selenium.TimeoutException: Expected condition failed: waiting for visibility of all elements located by By.xpath: //table[contains(@class,'table-striped')]/tbody/tr[@ng-repeat='email in emails']/td/a[contains(.,'Thay đổi mật khẩu tài khoản POPS')] (tried for 30 second(s) with 500 milliseconds interval)
Build info: version: '3.141.59', revision: 'e82be7d358', time: '2018-11-14T08:25:53'
System info: host: 'CA-HUYTHANH', ip: '192.168.56.1', os.name: 'Windows 10', os.arch: 'amd64', os.version: '10.0', java.version: '1.8.0_181'
Driver info: com.kms.katalon.core.webui.driver.SmartWaitWebDriver
Capabilities {acceptInsecureCerts: false, browserName: chrome, browserVersion: 89.0.4389.90, chrome: {chromedriverVersion: 89.0.4389.23 (61b08ee2c5002..., userDataDir: C:\Users\HUY~1.THA\AppData\...}, goog:chromeOptions: {debuggerAddress: localhost:53340}, javascriptEnabled: true, networkConnectionEnabled: false, pageLoadStrategy: normal, platform: WINDOWS, platformName: WINDOWS, proxy: Proxy(), setWindowRect: true, strictFileInteractability: false, timeouts: {implicit: 0, pageLoad: 300000, script: 30000}, unhandledPromptBehavior: dismiss and notify, webauthn:extension:largeBlob: true, webauthn:virtualAuthenticators: true}
Session ID: 65b396bdea45830b9de6609a64f71ab4
	at org.openqa.selenium.support.ui.WebDriverWait.timeoutException(WebDriverWait.java:95)
	at org.openqa.selenium.support.ui.FluentWait.until(FluentWait.java:272)
	at org.openqa.selenium.support.ui.Wait$until.call(Unknown Source)
	at commonActions.Mailinator.OpenMailinatorMail(Mailinator.groovy:80)
	at commonActions.Mailinator.OpenMailinatorMailboxAndGetCode(Mailinator.groovy:43)
	at commonActions.Mailinator.invokeMethod(Mailinator.groovy)
	at com.kms.katalon.core.main.CustomKeywordDelegatingMetaClass.invokeStaticMethod(CustomKeywordDelegatingMetaClass.java:50)
	at VerifyResetPasswordUsingCodeSuccessfully.run(VerifyResetPasswordUsingCodeSuccessfully:29)
	at com.kms.katalon.core.main.ScriptEngine.run(ScriptEngine.java:194)
	at com.kms.katalon.core.main.ScriptEngine.runScriptAsRawText(ScriptEngine.java:119)
	at com.kms.katalon.core.main.TestCaseExecutor.runScript(TestCaseExecutor.java:398)
	at com.kms.katalon.core.main.TestCaseExecutor.doExecute(TestCaseExecutor.java:389)
	at com.kms.katalon.core.main.TestCaseExecutor.processExecutionPhase(TestCaseExecutor.java:368)
	at com.kms.katalon.core.main.TestCaseExecutor.accessMainPhase(TestCaseExecutor.java:360)
	at com.kms.katalon.core.main.TestCaseExecutor.execute(TestCaseExecutor.java:255)
	at com.kms.katalon.core.main.TestSuiteExecutor.accessTestCaseMainPhase(TestSuiteExecutor.java:203)
	at com.kms.katalon.core.main.TestSuiteExecutor.accessTestSuiteMainPhase(TestSuiteExecutor.java:152)
	at com.kms.katalon.core.main.TestSuiteExecutor.execute(TestSuiteExecutor.java:95)
	at com.kms.katalon.core.main.TestCaseMain.startTestSuite(TestCaseMain.java:157)
	at com.kms.katalon.core.main.TestCaseMain$startTestSuite$0.call(Unknown Source)
	at TempTestSuite1616984865844.run(TempTestSuite1616984865844.groovy:39)


2021-03-29 09:34:44 - [TEST_STEP][PASSED] - Start listener action : sampleBeforeTestCase: null

2021-03-29 09:34:44 - [TEST_STEP][PASSED] - println(testCaseContext.getTestCaseId()): null

2021-03-29 09:34:44 - [TEST_STEP][PASSED] - println(testCaseContext.getTestCaseVariables()): null

2021-03-29 09:34:44 - [TEST_STEP][PASSED] - Start listener action : sampleBeforeTestCase: null

2021-03-29 09:34:44 - [TEST_STEP][PASSED] - println(testCaseContext.getTestCaseId()): null

2021-03-29 09:34:44 - [TEST_STEP][PASSED] - println(testCaseContext.getTestCaseVariables()): null

2021-03-29 09:34:44 - [TEST_STEP][PASSED] - callTestCase(findTestCase("POPS App/CommonTestCases/OpenForgotPasswordPage"), [:], STOP_ON_FAILURE): Call Test Case 'Test Cases/POPS App/CommonTestCases/OpenForgotPasswordPage' successfully

2021-03-29 09:34:44 - [TEST_CASE][PASSED] - Test Cases/POPS App/CommonTestCases/OpenForgotPasswordPage: Test Cases/POPS App/CommonTestCases/OpenForgotPasswordPage

2021-03-29 09:34:44 - [TEST_STEP][PASSED] - openBrowser(SourceURL): Browser is opened with url: 'https://pops.vn/'

2021-03-29 09:34:44 - [MESSAGE][WARNING] - A browser is already opened. Closing browser and opening a new one

2021-03-29 09:34:45 - [MESSAGE][INFO] - Starting 'Chrome' driver

2021-03-29 09:34:45 - [MESSAGE][INFO] - Action delay is set to 0 milliseconds

2021-03-29 09:34:48 - [MESSAGE][PASSED] - Browser is opened with url: 'https://pops.vn/'

2021-03-29 09:34:48 - [TEST_STEP][PASSED] - maximizeWindow(): Current window maximized

2021-03-29 09:34:48 - [MESSAGE][PASSED] - Current window maximized

2021-03-29 09:34:48 - [TEST_STEP][PASSED] - click(findTestObject("POPS App UI/TopMenu/button_DangNhap")): Object: 'Object Repository/POPS App UI/TopMenu/button_DangNhap' is clicked on

2021-03-29 09:34:50 - [MESSAGE][PASSED] - Object: 'Object Repository/POPS App UI/TopMenu/button_DangNhap' is clicked on

2021-03-29 09:34:50 - [TEST_STEP][PASSED] - click(findTestObject("POPS App UI/SignIn_DangNhap/link_QuenMatKhau")): Object: 'Object Repository/POPS App UI/SignIn_DangNhap/link_QuenMatKhau' is clicked on

2021-03-29 09:34:52 - [MESSAGE][PASSED] - Object: 'Object Repository/POPS App UI/SignIn_DangNhap/link_QuenMatKhau' is clicked on

2021-03-29 09:34:52 - [TEST_STEP][PASSED] - verifyElementVisible(findTestObject("POPS App UI/ForgotPassword_QuenMatKhau/ForgotPassword_Title")): Object 'Object Repository/POPS App UI/ForgotPassword_QuenMatKhau/ForgotPassword_Title' is visible

2021-03-29 09:34:53 - [MESSAGE][PASSED] - Object 'Object Repository/POPS App UI/ForgotPassword_QuenMatKhau/ForgotPassword_Title' is visible

2021-03-29 09:34:53 - [MESSAGE][PASSED] - Call Test Case 'Test Cases/POPS App/CommonTestCases/OpenForgotPasswordPage' successfully

2021-03-29 09:34:53 - [TEST_STEP][PASSED] - sendKeys(findTestObject("POPS App UI/ForgotPassword_QuenMatKhau/input_Email"), EMAIL_TO_RESET_PASSWORD + "@mailinator.com"): Keys 'ky091501@mailinator.com' sent to object: 'Object Repository/POPS App UI/ForgotPassword_QuenMatKhau/input_Email'

2021-03-29 09:34:53 - [MESSAGE][PASSED] - Keys 'ky091501@mailinator.com' sent to object: 'Object Repository/POPS App UI/ForgotPassword_QuenMatKhau/input_Email'

2021-03-29 09:34:53 - [TEST_STEP][PASSED] - click(findTestObject("POPS App UI/ForgotPassword_QuenMatKhau/button_Send")): Object: 'Object Repository/POPS App UI/ForgotPassword_QuenMatKhau/button_Send' is clicked on

2021-03-29 09:34:53 - [MESSAGE][PASSED] - Object: 'Object Repository/POPS App UI/ForgotPassword_QuenMatKhau/button_Send' is clicked on

2021-03-29 09:34:53 - [TEST_STEP][PASSED] - verifyElementVisible(findTestObject("POPS App UI/ToastMessage/ToastMessage_Sucessfull")): Object 'Object Repository/POPS App UI/ToastMessage/ToastMessage_Sucessfull' is visible

2021-03-29 09:34:54 - [MESSAGE][PASSED] - Object 'Object Repository/POPS App UI/ToastMessage/ToastMessage_Sucessfull' is visible

2021-03-29 09:34:54 - [TEST_STEP][PASSED] - verifyElementText(findTestObject("POPS App UI/ToastMessage/ToastMessage_Content"), "Một email đã được gửi đến tài khoản email của bạn! Vui lòng kiểm tra email"): Actual text and expected text of test object 'Object Repository/POPS App UI/ToastMessage/ToastMessage_Content' are matched.

2021-03-29 09:34:54 - [MESSAGE][PASSED] - Actual text and expected text of test object 'Object Repository/POPS App UI/ToastMessage/ToastMessage_Content' are matched.

2021-03-29 09:34:54 - [TEST_STEP][ERROR] - code = commonActions.Mailinator.OpenMailinatorMailboxAndGetCode(EMAIL_TO_RESET_PASSWORD, "Thay đổi mật khẩu tài khoản POPS"): Expected condition failed: waiting for visibility of all elements located by By.xpath: //table[contains(@class,'table-striped')]/tbody/tr[@ng-repeat='email in emails']/td/a[contains(.,'Thay đổi mật khẩu tài khoản POPS')] (tried for 30 second(s) with 500 milliseconds interval)
Build info: version: '3.141.59', revision: 'e82be7d358', time: '2018-11-14T08:25:53'
System info: host: 'CA-HUYTHANH', ip: '192.168.56.1', os.name: 'Windows 10', os.arch: 'amd64', os.version: '10.0', java.version: '1.8.0_181'
Driver info: com.kms.katalon.core.webui.driver.SmartWaitWebDriver
Capabilities {acceptInsecureCerts: false, browserName: chrome, browserVersion: 89.0.4389.90, chrome: {chromedriverVersion: 89.0.4389.23 (61b08ee2c5002..., userDataDir: C:\Users\HUY~1.THA\AppData\...}, goog:chromeOptions: {debuggerAddress: localhost:53340}, javascriptEnabled: true, networkConnectionEnabled: false, pageLoadStrategy: normal, platform: WINDOWS, platformName: WINDOWS, proxy: Proxy(), setWindowRect: true, strictFileInteractability: false, timeouts: {implicit: 0, pageLoad: 300000, script: 30000}, unhandledPromptBehavior: dismiss and notify, webauthn:extension:largeBlob: true, webauthn:virtualAuthenticators: true}
Session ID: 65b396bdea45830b9de6609a64f71ab4

2021-03-29 09:34:59 - [MESSAGE][PASSED] - Delayed 5 second(s)

2021-03-29 09:35:01 - [MESSAGE][PASSED] - Navigate to 'https://www.mailinator.com/v3/index.jsp?zone=public&query=ky091501#/#inboxpane' successfully

2021-03-29 09:35:31 - [MESSAGE][ERROR] - Expected condition failed: waiting for visibility of all elements located by By.xpath: //table[contains(@class,'table-striped')]/tbody/tr[@ng-repeat='email in emails']/td/a[contains(.,'Thay đổi mật khẩu tài khoản POPS')] (tried for 30 second(s) with 500 milliseconds interval)
Build info: version: '3.141.59', revision: 'e82be7d358', time: '2018-11-14T08:25:53'
System info: host: 'CA-HUYTHANH', ip: '192.168.56.1', os.name: 'Windows 10', os.arch: 'amd64', os.version: '10.0', java.version: '1.8.0_181'
Driver info: com.kms.katalon.core.webui.driver.SmartWaitWebDriver
Capabilities {acceptInsecureCerts: false, browserName: chrome, browserVersion: 89.0.4389.90, chrome: {chromedriverVersion: 89.0.4389.23 (61b08ee2c5002..., userDataDir: C:\Users\HUY~1.THA\AppData\...}, goog:chromeOptions: {debuggerAddress: localhost:53340}, javascriptEnabled: true, networkConnectionEnabled: false, pageLoadStrategy: normal, platform: WINDOWS, platformName: WINDOWS, proxy: Proxy(), setWindowRect: true, strictFileInteractability: false, timeouts: {implicit: 0, pageLoad: 300000, script: 30000}, unhandledPromptBehavior: dismiss and notify, webauthn:extension:largeBlob: true, webauthn:virtualAuthenticators: true}
Session ID: 65b396bdea45830b9de6609a64f71ab4

2021-03-29 09:35:31 - [TEST_STEP][PASSED] - Start listener action : sampleAfterTestCase: null

2021-03-29 09:35:31 - [TEST_STEP][PASSED] - println(testCaseContext.getTestCaseId()): null

2021-03-29 09:35:31 - [TEST_STEP][PASSED] - println(testCaseContext.getTestCaseStatus()): null

2021-03-29 09:35:31 - [TEST_STEP][PASSED] - Start listener action : sampleAfterTestCase: null

2021-03-29 09:35:31 - [TEST_STEP][PASSED] - println(testCaseContext.getTestCaseId()): null

2021-03-29 09:35:31 - [TEST_STEP][PASSED] - println(testCaseContext.getTestCaseStatus()): null]]></system-out>
         <system-err><![CDATA[2021-03-29 09:34:44 - [TEST_CASE][ERROR] - Test Cases/POPS App/Registration/ForgotAndResetPassword/VerifyResetPasswordUsingCodeSuccessfully: Test Cases/POPS App/Registration/ForgotAndResetPassword/VerifyResetPasswordUsingCodeSuccessfully FAILED.
Reason:
org.openqa.selenium.TimeoutException: Expected condition failed: waiting for visibility of all elements located by By.xpath: //table[contains(@class,'table-striped')]/tbody/tr[@ng-repeat='email in emails']/td/a[contains(.,'Thay đổi mật khẩu tài khoản POPS')] (tried for 30 second(s) with 500 milliseconds interval)
Build info: version: '3.141.59', revision: 'e82be7d358', time: '2018-11-14T08:25:53'
System info: host: 'CA-HUYTHANH', ip: '192.168.56.1', os.name: 'Windows 10', os.arch: 'amd64', os.version: '10.0', java.version: '1.8.0_181'
Driver info: com.kms.katalon.core.webui.driver.SmartWaitWebDriver
Capabilities {acceptInsecureCerts: false, browserName: chrome, browserVersion: 89.0.4389.90, chrome: {chromedriverVersion: 89.0.4389.23 (61b08ee2c5002..., userDataDir: C:\Users\HUY~1.THA\AppData\...}, goog:chromeOptions: {debuggerAddress: localhost:53340}, javascriptEnabled: true, networkConnectionEnabled: false, pageLoadStrategy: normal, platform: WINDOWS, platformName: WINDOWS, proxy: Proxy(), setWindowRect: true, strictFileInteractability: false, timeouts: {implicit: 0, pageLoad: 300000, script: 30000}, unhandledPromptBehavior: dismiss and notify, webauthn:extension:largeBlob: true, webauthn:virtualAuthenticators: true}
Session ID: 65b396bdea45830b9de6609a64f71ab4
	at org.openqa.selenium.support.ui.WebDriverWait.timeoutException(WebDriverWait.java:95)
	at org.openqa.selenium.support.ui.FluentWait.until(FluentWait.java:272)
	at org.openqa.selenium.support.ui.Wait$until.call(Unknown Source)
	at commonActions.Mailinator.OpenMailinatorMail(Mailinator.groovy:80)
	at commonActions.Mailinator.OpenMailinatorMailboxAndGetCode(Mailinator.groovy:43)
	at commonActions.Mailinator.invokeMethod(Mailinator.groovy)
	at com.kms.katalon.core.main.CustomKeywordDelegatingMetaClass.invokeStaticMethod(CustomKeywordDelegatingMetaClass.java:50)
	at VerifyResetPasswordUsingCodeSuccessfully.run(VerifyResetPasswordUsingCodeSuccessfully:29)
	at com.kms.katalon.core.main.ScriptEngine.run(ScriptEngine.java:194)
	at com.kms.katalon.core.main.ScriptEngine.runScriptAsRawText(ScriptEngine.java:119)
	at com.kms.katalon.core.main.TestCaseExecutor.runScript(TestCaseExecutor.java:398)
	at com.kms.katalon.core.main.TestCaseExecutor.doExecute(TestCaseExecutor.java:389)
	at com.kms.katalon.core.main.TestCaseExecutor.processExecutionPhase(TestCaseExecutor.java:368)
	at com.kms.katalon.core.main.TestCaseExecutor.accessMainPhase(TestCaseExecutor.java:360)
	at com.kms.katalon.core.main.TestCaseExecutor.execute(TestCaseExecutor.java:255)
	at com.kms.katalon.core.main.TestSuiteExecutor.accessTestCaseMainPhase(TestSuiteExecutor.java:203)
	at com.kms.katalon.core.main.TestSuiteExecutor.accessTestSuiteMainPhase(TestSuiteExecutor.java:152)
	at com.kms.katalon.core.main.TestSuiteExecutor.execute(TestSuiteExecutor.java:95)
	at com.kms.katalon.core.main.TestCaseMain.startTestSuite(TestCaseMain.java:157)
	at com.kms.katalon.core.main.TestCaseMain$startTestSuite$0.call(Unknown Source)
	at TempTestSuite1616984865844.run(TempTestSuite1616984865844.groovy:39)]]></system-err>
      </testcase>
      <testcase name="Test Cases/POPS App/Registration/ForgotAndResetPassword/VerifyResetPasswordByClickingOnButtonInEmail" time="47.006" classname="Test Cases/POPS App/Registration/ForgotAndResetPassword/VerifyResetPasswordByClickingOnButtonInEmail" status="ERROR">
         <error type="ERROR" message="Test Cases/POPS App/Registration/ForgotAndResetPassword/VerifyResetPasswordByClickingOnButtonInEmail FAILED.
Reason:
org.openqa.selenium.TimeoutException: Expected condition failed: waiting for visibility of all elements located by By.xpath: //table[contains(@class,'table-striped')]/tbody/tr[@ng-repeat='email in emails']/td/a[contains(.,'Thay đổi mật khẩu tài khoản POPS')] (tried for 30 second(s) with 500 milliseconds interval)
Build info: version: '3.141.59', revision: 'e82be7d358', time: '2018-11-14T08:25:53'
System info: host: 'CA-HUYTHANH', ip: '192.168.56.1', os.name: 'Windows 10', os.arch: 'amd64', os.version: '10.0', java.version: '1.8.0_181'
Driver info: com.kms.katalon.core.webui.driver.SmartWaitWebDriver
Capabilities {acceptInsecureCerts: false, browserName: chrome, browserVersion: 89.0.4389.90, chrome: {chromedriverVersion: 89.0.4389.23 (61b08ee2c5002..., userDataDir: C:\Users\HUY~1.THA\AppData\...}, goog:chromeOptions: {debuggerAddress: localhost:53441}, javascriptEnabled: true, networkConnectionEnabled: false, pageLoadStrategy: normal, platform: WINDOWS, platformName: WINDOWS, proxy: Proxy(), setWindowRect: true, strictFileInteractability: false, timeouts: {implicit: 0, pageLoad: 300000, script: 30000}, unhandledPromptBehavior: dismiss and notify, webauthn:extension:largeBlob: true, webauthn:virtualAuthenticators: true}
Session ID: 79f5118312ff1a5309bdc90587bcf812
	at org.openqa.selenium.support.ui.WebDriverWait.timeoutException(WebDriverWait.java:95)
	at org.openqa.selenium.support.ui.FluentWait.until(FluentWait.java:272)
	at org.openqa.selenium.support.ui.Wait$until.call(Unknown Source)
	at commonActions.Mailinator.OpenMailinatorMail(Mailinator.groovy:80)
	at commonActions.Mailinator.invokeMethod(Mailinator.groovy)
	at com.kms.katalon.core.main.CustomKeywordDelegatingMetaClass.invokeStaticMethod(CustomKeywordDelegatingMetaClass.java:50)
	at VerifyResetPasswordByClickingOnButtonInEmail.run(VerifyResetPasswordByClickingOnButtonInEmail:29)
	at com.kms.katalon.core.main.ScriptEngine.run(ScriptEngine.java:194)
	at com.kms.katalon.core.main.ScriptEngine.runScriptAsRawText(ScriptEngine.java:119)
	at com.kms.katalon.core.main.TestCaseExecutor.runScript(TestCaseExecutor.java:398)
	at com.kms.katalon.core.main.TestCaseExecutor.doExecute(TestCaseExecutor.java:389)
	at com.kms.katalon.core.main.TestCaseExecutor.processExecutionPhase(TestCaseExecutor.java:368)
	at com.kms.katalon.core.main.TestCaseExecutor.accessMainPhase(TestCaseExecutor.java:360)
	at com.kms.katalon.core.main.TestCaseExecutor.execute(TestCaseExecutor.java:255)
	at com.kms.katalon.core.main.TestSuiteExecutor.accessTestCaseMainPhase(TestSuiteExecutor.java:203)
	at com.kms.katalon.core.main.TestSuiteExecutor.accessTestSuiteMainPhase(TestSuiteExecutor.java:152)
	at com.kms.katalon.core.main.TestSuiteExecutor.execute(TestSuiteExecutor.java:95)
	at com.kms.katalon.core.main.TestCaseMain.startTestSuite(TestCaseMain.java:157)
	at com.kms.katalon.core.main.TestCaseMain$startTestSuite$0.call(Unknown Source)
	at TempTestSuite1616984865844.run(TempTestSuite1616984865844.groovy:39)
"/>
         <system-out><![CDATA[2021-03-29 09:35:31 - [TEST_CASE][ERROR] - Test Cases/POPS App/Registration/ForgotAndResetPassword/VerifyResetPasswordByClickingOnButtonInEmail: Test Cases/POPS App/Registration/ForgotAndResetPassword/VerifyResetPasswordByClickingOnButtonInEmail FAILED.
Reason:
org.openqa.selenium.TimeoutException: Expected condition failed: waiting for visibility of all elements located by By.xpath: //table[contains(@class,'table-striped')]/tbody/tr[@ng-repeat='email in emails']/td/a[contains(.,'Thay đổi mật khẩu tài khoản POPS')] (tried for 30 second(s) with 500 milliseconds interval)
Build info: version: '3.141.59', revision: 'e82be7d358', time: '2018-11-14T08:25:53'
System info: host: 'CA-HUYTHANH', ip: '192.168.56.1', os.name: 'Windows 10', os.arch: 'amd64', os.version: '10.0', java.version: '1.8.0_181'
Driver info: com.kms.katalon.core.webui.driver.SmartWaitWebDriver
Capabilities {acceptInsecureCerts: false, browserName: chrome, browserVersion: 89.0.4389.90, chrome: {chromedriverVersion: 89.0.4389.23 (61b08ee2c5002..., userDataDir: C:\Users\HUY~1.THA\AppData\...}, goog:chromeOptions: {debuggerAddress: localhost:53441}, javascriptEnabled: true, networkConnectionEnabled: false, pageLoadStrategy: normal, platform: WINDOWS, platformName: WINDOWS, proxy: Proxy(), setWindowRect: true, strictFileInteractability: false, timeouts: {implicit: 0, pageLoad: 300000, script: 30000}, unhandledPromptBehavior: dismiss and notify, webauthn:extension:largeBlob: true, webauthn:virtualAuthenticators: true}
Session ID: 79f5118312ff1a5309bdc90587bcf812
	at org.openqa.selenium.support.ui.WebDriverWait.timeoutException(WebDriverWait.java:95)
	at org.openqa.selenium.support.ui.FluentWait.until(FluentWait.java:272)
	at org.openqa.selenium.support.ui.Wait$until.call(Unknown Source)
	at commonActions.Mailinator.OpenMailinatorMail(Mailinator.groovy:80)
	at commonActions.Mailinator.invokeMethod(Mailinator.groovy)
	at com.kms.katalon.core.main.CustomKeywordDelegatingMetaClass.invokeStaticMethod(CustomKeywordDelegatingMetaClass.java:50)
	at VerifyResetPasswordByClickingOnButtonInEmail.run(VerifyResetPasswordByClickingOnButtonInEmail:29)
	at com.kms.katalon.core.main.ScriptEngine.run(ScriptEngine.java:194)
	at com.kms.katalon.core.main.ScriptEngine.runScriptAsRawText(ScriptEngine.java:119)
	at com.kms.katalon.core.main.TestCaseExecutor.runScript(TestCaseExecutor.java:398)
	at com.kms.katalon.core.main.TestCaseExecutor.doExecute(TestCaseExecutor.java:389)
	at com.kms.katalon.core.main.TestCaseExecutor.processExecutionPhase(TestCaseExecutor.java:368)
	at com.kms.katalon.core.main.TestCaseExecutor.accessMainPhase(TestCaseExecutor.java:360)
	at com.kms.katalon.core.main.TestCaseExecutor.execute(TestCaseExecutor.java:255)
	at com.kms.katalon.core.main.TestSuiteExecutor.accessTestCaseMainPhase(TestSuiteExecutor.java:203)
	at com.kms.katalon.core.main.TestSuiteExecutor.accessTestSuiteMainPhase(TestSuiteExecutor.java:152)
	at com.kms.katalon.core.main.TestSuiteExecutor.execute(TestSuiteExecutor.java:95)
	at com.kms.katalon.core.main.TestCaseMain.startTestSuite(TestCaseMain.java:157)
	at com.kms.katalon.core.main.TestCaseMain$startTestSuite$0.call(Unknown Source)
	at TempTestSuite1616984865844.run(TempTestSuite1616984865844.groovy:39)


2021-03-29 09:35:31 - [TEST_STEP][PASSED] - Start listener action : sampleBeforeTestCase: null

2021-03-29 09:35:31 - [TEST_STEP][PASSED] - println(testCaseContext.getTestCaseId()): null

2021-03-29 09:35:31 - [TEST_STEP][PASSED] - println(testCaseContext.getTestCaseVariables()): null

2021-03-29 09:35:31 - [TEST_STEP][PASSED] - Start listener action : sampleBeforeTestCase: null

2021-03-29 09:35:31 - [TEST_STEP][PASSED] - println(testCaseContext.getTestCaseId()): null

2021-03-29 09:35:31 - [TEST_STEP][PASSED] - println(testCaseContext.getTestCaseVariables()): null

2021-03-29 09:35:31 - [TEST_STEP][PASSED] - callTestCase(findTestCase("POPS App/CommonTestCases/OpenForgotPasswordPage"), [:], STOP_ON_FAILURE): Call Test Case 'Test Cases/POPS App/CommonTestCases/OpenForgotPasswordPage' successfully

2021-03-29 09:35:31 - [TEST_CASE][PASSED] - Test Cases/POPS App/CommonTestCases/OpenForgotPasswordPage: Test Cases/POPS App/CommonTestCases/OpenForgotPasswordPage

2021-03-29 09:35:31 - [TEST_STEP][PASSED] - openBrowser(SourceURL): Browser is opened with url: 'https://pops.vn/'

2021-03-29 09:35:31 - [MESSAGE][WARNING] - A browser is already opened. Closing browser and opening a new one

2021-03-29 09:35:32 - [MESSAGE][INFO] - Starting 'Chrome' driver

2021-03-29 09:35:32 - [MESSAGE][INFO] - Action delay is set to 0 milliseconds

2021-03-29 09:35:34 - [MESSAGE][PASSED] - Browser is opened with url: 'https://pops.vn/'

2021-03-29 09:35:34 - [TEST_STEP][PASSED] - maximizeWindow(): Current window maximized

2021-03-29 09:35:34 - [MESSAGE][PASSED] - Current window maximized

2021-03-29 09:35:34 - [TEST_STEP][PASSED] - click(findTestObject("POPS App UI/TopMenu/button_DangNhap")): Object: 'Object Repository/POPS App UI/TopMenu/button_DangNhap' is clicked on

2021-03-29 09:35:37 - [MESSAGE][PASSED] - Object: 'Object Repository/POPS App UI/TopMenu/button_DangNhap' is clicked on

2021-03-29 09:35:37 - [TEST_STEP][PASSED] - click(findTestObject("POPS App UI/SignIn_DangNhap/link_QuenMatKhau")): Object: 'Object Repository/POPS App UI/SignIn_DangNhap/link_QuenMatKhau' is clicked on

2021-03-29 09:35:39 - [MESSAGE][PASSED] - Object: 'Object Repository/POPS App UI/SignIn_DangNhap/link_QuenMatKhau' is clicked on

2021-03-29 09:35:39 - [TEST_STEP][PASSED] - verifyElementVisible(findTestObject("POPS App UI/ForgotPassword_QuenMatKhau/ForgotPassword_Title")): Object 'Object Repository/POPS App UI/ForgotPassword_QuenMatKhau/ForgotPassword_Title' is visible

2021-03-29 09:35:40 - [MESSAGE][PASSED] - Object 'Object Repository/POPS App UI/ForgotPassword_QuenMatKhau/ForgotPassword_Title' is visible

2021-03-29 09:35:40 - [MESSAGE][PASSED] - Call Test Case 'Test Cases/POPS App/CommonTestCases/OpenForgotPasswordPage' successfully

2021-03-29 09:35:40 - [TEST_STEP][PASSED] - sendKeys(findTestObject("POPS App UI/ForgotPassword_QuenMatKhau/input_Email"), EMAIL_TO_RESET_PASSWORD_BY_BUTTON + "@mailinator.com"): Keys 'ky032401@mailinator.com' sent to object: 'Object Repository/POPS App UI/ForgotPassword_QuenMatKhau/input_Email'

2021-03-29 09:35:40 - [MESSAGE][PASSED] - Keys 'ky032401@mailinator.com' sent to object: 'Object Repository/POPS App UI/ForgotPassword_QuenMatKhau/input_Email'

2021-03-29 09:35:40 - [TEST_STEP][PASSED] - click(findTestObject("POPS App UI/ForgotPassword_QuenMatKhau/button_Send")): Object: 'Object Repository/POPS App UI/ForgotPassword_QuenMatKhau/button_Send' is clicked on

2021-03-29 09:35:40 - [MESSAGE][PASSED] - Object: 'Object Repository/POPS App UI/ForgotPassword_QuenMatKhau/button_Send' is clicked on

2021-03-29 09:35:40 - [TEST_STEP][PASSED] - verifyElementVisible(findTestObject("POPS App UI/ToastMessage/ToastMessage_Sucessfull")): Object 'Object Repository/POPS App UI/ToastMessage/ToastMessage_Sucessfull' is visible

2021-03-29 09:35:41 - [MESSAGE][PASSED] - Object 'Object Repository/POPS App UI/ToastMessage/ToastMessage_Sucessfull' is visible

2021-03-29 09:35:41 - [TEST_STEP][PASSED] - verifyElementText(findTestObject("POPS App UI/ToastMessage/ToastMessage_Content"), "Một email đã được gửi đến tài khoản email của bạn! Vui lòng kiểm tra email"): Actual text and expected text of test object 'Object Repository/POPS App UI/ToastMessage/ToastMessage_Content' are matched.

2021-03-29 09:35:42 - [MESSAGE][PASSED] - Actual text and expected text of test object 'Object Repository/POPS App UI/ToastMessage/ToastMessage_Content' are matched.

2021-03-29 09:35:42 - [TEST_STEP][ERROR] - commonActions.Mailinator.OpenMailinatorMail(EMAIL_TO_RESET_PASSWORD_BY_BUTTON, "Thay đổi mật khẩu tài khoản POPS"): Expected condition failed: waiting for visibility of all elements located by By.xpath: //table[contains(@class,'table-striped')]/tbody/tr[@ng-repeat='email in emails']/td/a[contains(.,'Thay đổi mật khẩu tài khoản POPS')] (tried for 30 second(s) with 500 milliseconds interval)
Build info: version: '3.141.59', revision: 'e82be7d358', time: '2018-11-14T08:25:53'
System info: host: 'CA-HUYTHANH', ip: '192.168.56.1', os.name: 'Windows 10', os.arch: 'amd64', os.version: '10.0', java.version: '1.8.0_181'
Driver info: com.kms.katalon.core.webui.driver.SmartWaitWebDriver
Capabilities {acceptInsecureCerts: false, browserName: chrome, browserVersion: 89.0.4389.90, chrome: {chromedriverVersion: 89.0.4389.23 (61b08ee2c5002..., userDataDir: C:\Users\HUY~1.THA\AppData\...}, goog:chromeOptions: {debuggerAddress: localhost:53441}, javascriptEnabled: true, networkConnectionEnabled: false, pageLoadStrategy: normal, platform: WINDOWS, platformName: WINDOWS, proxy: Proxy(), setWindowRect: true, strictFileInteractability: false, timeouts: {implicit: 0, pageLoad: 300000, script: 30000}, unhandledPromptBehavior: dismiss and notify, webauthn:extension:largeBlob: true, webauthn:virtualAuthenticators: true}
Session ID: 79f5118312ff1a5309bdc90587bcf812

2021-03-29 09:35:47 - [MESSAGE][PASSED] - Delayed 5 second(s)

2021-03-29 09:35:48 - [MESSAGE][PASSED] - Navigate to 'https://www.mailinator.com/v3/index.jsp?zone=public&query=ky032401#/#inboxpane' successfully

2021-03-29 09:36:18 - [MESSAGE][ERROR] - Expected condition failed: waiting for visibility of all elements located by By.xpath: //table[contains(@class,'table-striped')]/tbody/tr[@ng-repeat='email in emails']/td/a[contains(.,'Thay đổi mật khẩu tài khoản POPS')] (tried for 30 second(s) with 500 milliseconds interval)
Build info: version: '3.141.59', revision: 'e82be7d358', time: '2018-11-14T08:25:53'
System info: host: 'CA-HUYTHANH', ip: '192.168.56.1', os.name: 'Windows 10', os.arch: 'amd64', os.version: '10.0', java.version: '1.8.0_181'
Driver info: com.kms.katalon.core.webui.driver.SmartWaitWebDriver
Capabilities {acceptInsecureCerts: false, browserName: chrome, browserVersion: 89.0.4389.90, chrome: {chromedriverVersion: 89.0.4389.23 (61b08ee2c5002..., userDataDir: C:\Users\HUY~1.THA\AppData\...}, goog:chromeOptions: {debuggerAddress: localhost:53441}, javascriptEnabled: true, networkConnectionEnabled: false, pageLoadStrategy: normal, platform: WINDOWS, platformName: WINDOWS, proxy: Proxy(), setWindowRect: true, strictFileInteractability: false, timeouts: {implicit: 0, pageLoad: 300000, script: 30000}, unhandledPromptBehavior: dismiss and notify, webauthn:extension:largeBlob: true, webauthn:virtualAuthenticators: true}
Session ID: 79f5118312ff1a5309bdc90587bcf812

2021-03-29 09:36:18 - [TEST_STEP][PASSED] - Start listener action : sampleAfterTestCase: null

2021-03-29 09:36:18 - [TEST_STEP][PASSED] - println(testCaseContext.getTestCaseId()): null

2021-03-29 09:36:18 - [TEST_STEP][PASSED] - println(testCaseContext.getTestCaseStatus()): null

2021-03-29 09:36:18 - [TEST_STEP][PASSED] - Start listener action : sampleAfterTestCase: null

2021-03-29 09:36:18 - [TEST_STEP][PASSED] - println(testCaseContext.getTestCaseId()): null

2021-03-29 09:36:18 - [TEST_STEP][PASSED] - println(testCaseContext.getTestCaseStatus()): null]]></system-out>
         <system-err><![CDATA[2021-03-29 09:35:31 - [TEST_CASE][ERROR] - Test Cases/POPS App/Registration/ForgotAndResetPassword/VerifyResetPasswordByClickingOnButtonInEmail: Test Cases/POPS App/Registration/ForgotAndResetPassword/VerifyResetPasswordByClickingOnButtonInEmail FAILED.
Reason:
org.openqa.selenium.TimeoutException: Expected condition failed: waiting for visibility of all elements located by By.xpath: //table[contains(@class,'table-striped')]/tbody/tr[@ng-repeat='email in emails']/td/a[contains(.,'Thay đổi mật khẩu tài khoản POPS')] (tried for 30 second(s) with 500 milliseconds interval)
Build info: version: '3.141.59', revision: 'e82be7d358', time: '2018-11-14T08:25:53'
System info: host: 'CA-HUYTHANH', ip: '192.168.56.1', os.name: 'Windows 10', os.arch: 'amd64', os.version: '10.0', java.version: '1.8.0_181'
Driver info: com.kms.katalon.core.webui.driver.SmartWaitWebDriver
Capabilities {acceptInsecureCerts: false, browserName: chrome, browserVersion: 89.0.4389.90, chrome: {chromedriverVersion: 89.0.4389.23 (61b08ee2c5002..., userDataDir: C:\Users\HUY~1.THA\AppData\...}, goog:chromeOptions: {debuggerAddress: localhost:53441}, javascriptEnabled: true, networkConnectionEnabled: false, pageLoadStrategy: normal, platform: WINDOWS, platformName: WINDOWS, proxy: Proxy(), setWindowRect: true, strictFileInteractability: false, timeouts: {implicit: 0, pageLoad: 300000, script: 30000}, unhandledPromptBehavior: dismiss and notify, webauthn:extension:largeBlob: true, webauthn:virtualAuthenticators: true}
Session ID: 79f5118312ff1a5309bdc90587bcf812
	at org.openqa.selenium.support.ui.WebDriverWait.timeoutException(WebDriverWait.java:95)
	at org.openqa.selenium.support.ui.FluentWait.until(FluentWait.java:272)
	at org.openqa.selenium.support.ui.Wait$until.call(Unknown Source)
	at commonActions.Mailinator.OpenMailinatorMail(Mailinator.groovy:80)
	at commonActions.Mailinator.invokeMethod(Mailinator.groovy)
	at com.kms.katalon.core.main.CustomKeywordDelegatingMetaClass.invokeStaticMethod(CustomKeywordDelegatingMetaClass.java:50)
	at VerifyResetPasswordByClickingOnButtonInEmail.run(VerifyResetPasswordByClickingOnButtonInEmail:29)
	at com.kms.katalon.core.main.ScriptEngine.run(ScriptEngine.java:194)
	at com.kms.katalon.core.main.ScriptEngine.runScriptAsRawText(ScriptEngine.java:119)
	at com.kms.katalon.core.main.TestCaseExecutor.runScript(TestCaseExecutor.java:398)
	at com.kms.katalon.core.main.TestCaseExecutor.doExecute(TestCaseExecutor.java:389)
	at com.kms.katalon.core.main.TestCaseExecutor.processExecutionPhase(TestCaseExecutor.java:368)
	at com.kms.katalon.core.main.TestCaseExecutor.accessMainPhase(TestCaseExecutor.java:360)
	at com.kms.katalon.core.main.TestCaseExecutor.execute(TestCaseExecutor.java:255)
	at com.kms.katalon.core.main.TestSuiteExecutor.accessTestCaseMainPhase(TestSuiteExecutor.java:203)
	at com.kms.katalon.core.main.TestSuiteExecutor.accessTestSuiteMainPhase(TestSuiteExecutor.java:152)
	at com.kms.katalon.core.main.TestSuiteExecutor.execute(TestSuiteExecutor.java:95)
	at com.kms.katalon.core.main.TestCaseMain.startTestSuite(TestCaseMain.java:157)
	at com.kms.katalon.core.main.TestCaseMain$startTestSuite$0.call(Unknown Source)
	at TempTestSuite1616984865844.run(TempTestSuite1616984865844.groovy:39)]]></system-err>
      </testcase>
      <testcase name="Test Cases/VideoPlayer/VerifyNextVideoByClickingButton" time="55.052" classname="Test Cases/VideoPlayer/VerifyNextVideoByClickingButton" status="ERROR">
         <error type="ERROR" message="Test Cases/VideoPlayer/VerifyNextVideoByClickingButton FAILED.
Reason:
org.codehaus.groovy.runtime.InvokerInvocationException: groovy.lang.MissingMethodException: No signature of method: static commonActions.BaseActions.clickUsingJS() is applicable for argument types: (com.kms.katalon.core.testobject.TestObject, java.lang.Integer) values: [TestObject - 'Object Repository/VideoDetailPageUI/button_next', ...]
	at commonActions.VideoPlayer.invokeMethod(VideoPlayer.groovy)
	at com.kms.katalon.core.main.CustomKeywordDelegatingMetaClass.invokeStaticMethod(CustomKeywordDelegatingMetaClass.java:50)
	at VerifyNextVideoByClickingButton.run(VerifyNextVideoByClickingButton:34)
	at com.kms.katalon.core.main.ScriptEngine.run(ScriptEngine.java:194)
	at com.kms.katalon.core.main.ScriptEngine.runScriptAsRawText(ScriptEngine.java:119)
	at com.kms.katalon.core.main.TestCaseExecutor.runScript(TestCaseExecutor.java:398)
	at com.kms.katalon.core.main.TestCaseExecutor.doExecute(TestCaseExecutor.java:389)
	at com.kms.katalon.core.main.TestCaseExecutor.processExecutionPhase(TestCaseExecutor.java:368)
	at com.kms.katalon.core.main.TestCaseExecutor.accessMainPhase(TestCaseExecutor.java:360)
	at com.kms.katalon.core.main.TestCaseExecutor.execute(TestCaseExecutor.java:255)
	at com.kms.katalon.core.main.TestSuiteExecutor.accessTestCaseMainPhase(TestSuiteExecutor.java:203)
	at com.kms.katalon.core.main.TestSuiteExecutor.accessTestSuiteMainPhase(TestSuiteExecutor.java:152)
	at com.kms.katalon.core.main.TestSuiteExecutor.execute(TestSuiteExecutor.java:95)
	at com.kms.katalon.core.main.TestCaseMain.startTestSuite(TestCaseMain.java:157)
	at com.kms.katalon.core.main.TestCaseMain$startTestSuite$0.call(Unknown Source)
	at TempTestSuite1616984865844.run(TempTestSuite1616984865844.groovy:39)
Caused by: groovy.lang.MissingMethodException: No signature of method: static commonActions.BaseActions.clickUsingJS() is applicable for argument types: (com.kms.katalon.core.testobject.TestObject, java.lang.Integer) values: [TestObject - 'Object Repository/VideoDetailPageUI/button_next', ...]
	at commonActions.VideoPlayer.nextVideoByClicking(VideoPlayer.groovy:90)
	... 16 more
"/>
         <system-out><![CDATA[2021-03-29 09:36:18 - [TEST_CASE][ERROR] - Test Cases/VideoPlayer/VerifyNextVideoByClickingButton: Test Cases/VideoPlayer/VerifyNextVideoByClickingButton FAILED.
Reason:
org.codehaus.groovy.runtime.InvokerInvocationException: groovy.lang.MissingMethodException: No signature of method: static commonActions.BaseActions.clickUsingJS() is applicable for argument types: (com.kms.katalon.core.testobject.TestObject, java.lang.Integer) values: [TestObject - 'Object Repository/VideoDetailPageUI/button_next', ...]
	at commonActions.VideoPlayer.invokeMethod(VideoPlayer.groovy)
	at com.kms.katalon.core.main.CustomKeywordDelegatingMetaClass.invokeStaticMethod(CustomKeywordDelegatingMetaClass.java:50)
	at VerifyNextVideoByClickingButton.run(VerifyNextVideoByClickingButton:34)
	at com.kms.katalon.core.main.ScriptEngine.run(ScriptEngine.java:194)
	at com.kms.katalon.core.main.ScriptEngine.runScriptAsRawText(ScriptEngine.java:119)
	at com.kms.katalon.core.main.TestCaseExecutor.runScript(TestCaseExecutor.java:398)
	at com.kms.katalon.core.main.TestCaseExecutor.doExecute(TestCaseExecutor.java:389)
	at com.kms.katalon.core.main.TestCaseExecutor.processExecutionPhase(TestCaseExecutor.java:368)
	at com.kms.katalon.core.main.TestCaseExecutor.accessMainPhase(TestCaseExecutor.java:360)
	at com.kms.katalon.core.main.TestCaseExecutor.execute(TestCaseExecutor.java:255)
	at com.kms.katalon.core.main.TestSuiteExecutor.accessTestCaseMainPhase(TestSuiteExecutor.java:203)
	at com.kms.katalon.core.main.TestSuiteExecutor.accessTestSuiteMainPhase(TestSuiteExecutor.java:152)
	at com.kms.katalon.core.main.TestSuiteExecutor.execute(TestSuiteExecutor.java:95)
	at com.kms.katalon.core.main.TestCaseMain.startTestSuite(TestCaseMain.java:157)
	at com.kms.katalon.core.main.TestCaseMain$startTestSuite$0.call(Unknown Source)
	at TempTestSuite1616984865844.run(TempTestSuite1616984865844.groovy:39)
Caused by: groovy.lang.MissingMethodException: No signature of method: static commonActions.BaseActions.clickUsingJS() is applicable for argument types: (com.kms.katalon.core.testobject.TestObject, java.lang.Integer) values: [TestObject - 'Object Repository/VideoDetailPageUI/button_next', ...]
	at commonActions.VideoPlayer.nextVideoByClicking(VideoPlayer.groovy:90)
	... 16 more


2021-03-29 09:36:18 - [TEST_STEP][PASSED] - Start listener action : sampleBeforeTestCase: null

2021-03-29 09:36:18 - [TEST_STEP][PASSED] - println(testCaseContext.getTestCaseId()): null

2021-03-29 09:36:18 - [TEST_STEP][PASSED] - println(testCaseContext.getTestCaseVariables()): null

2021-03-29 09:36:18 - [TEST_STEP][PASSED] - Start listener action : sampleBeforeTestCase: null

2021-03-29 09:36:18 - [TEST_STEP][PASSED] - println(testCaseContext.getTestCaseId()): null

2021-03-29 09:36:18 - [TEST_STEP][PASSED] - println(testCaseContext.getTestCaseVariables()): null

2021-03-29 09:36:18 - [TEST_STEP][PASSED] - openBrowser(SourceURL): Browser is opened with url: 'https://pops.vn/'

2021-03-29 09:36:18 - [MESSAGE][WARNING] - A browser is already opened. Closing browser and opening a new one

2021-03-29 09:36:19 - [MESSAGE][INFO] - Starting 'Chrome' driver

2021-03-29 09:36:19 - [MESSAGE][INFO] - Action delay is set to 0 milliseconds

2021-03-29 09:36:23 - [MESSAGE][PASSED] - Browser is opened with url: 'https://pops.vn/'

2021-03-29 09:36:23 - [TEST_STEP][PASSED] - click(findTestObject("SearchPageUI/TEXTBOX_SEARCH")): Object: 'Object Repository/SearchPageUI/TEXTBOX_SEARCH' is clicked on

2021-03-29 09:36:24 - [MESSAGE][PASSED] - Object: 'Object Repository/SearchPageUI/TEXTBOX_SEARCH' is clicked on

2021-03-29 09:36:24 - [TEST_STEP][PASSED] - commonActions.SearchActions.verifyComicSuggest(findTestObject("SearchPageUI/COMIC_ITEMS")): commonActions.SearchActions.verifyComicSuggest is PASSED

2021-03-29 09:36:24 - [MESSAGE][INFO] - HAR: D:\Working\AUTO\KATAWEB\popstestautomation\POPSTestAutomation\Reports\20210329_092745\POPS App\POPSApp_DailySmoke\20210329_092745\requests\main\713.har

2021-03-29 09:36:24 - [MESSAGE][PASSED] - Send request successfully

2021-03-29 09:36:25 - [MESSAGE][PASSED] - Object 'Object Repository/SearchPageUI/COMIC_ITEMS' is present

2021-03-29 09:36:25 - [MESSAGE][INFO] - HAR: D:\Working\AUTO\KATAWEB\popstestautomation\POPSTestAutomation\Reports\20210329_092745\POPS App\POPSApp_DailySmoke\20210329_092745\requests\main\714.har

2021-03-29 09:36:25 - [MESSAGE][PASSED] - Send request successfully

2021-03-29 09:36:25 - [MESSAGE][PASSED] - Text of object 'Object Repository/SearchPageUI/COMIC_ITEMS' is: 'Nhất Đại Linh Hậu'

2021-03-29 09:36:25 - [MESSAGE][PASSED] - commonActions.SearchActions.verifyComicSuggest is PASSED

2021-03-29 09:36:25 - [TEST_STEP][PASSED] - commonActions.SearchActions.verifyVideoSuggest(findTestObject("SearchPageUI/VIDEO_ITEMS")): commonActions.SearchActions.verifyVideoSuggest is PASSED

2021-03-29 09:36:26 - [MESSAGE][INFO] - HAR: D:\Working\AUTO\KATAWEB\popstestautomation\POPSTestAutomation\Reports\20210329_092745\POPS App\POPSApp_DailySmoke\20210329_092745\requests\main\715.har

2021-03-29 09:36:26 - [MESSAGE][PASSED] - Send request successfully

2021-03-29 09:36:26 - [MESSAGE][PASSED] - Object 'Object Repository/SearchPageUI/VIDEO_ITEMS' is present

2021-03-29 09:36:27 - [MESSAGE][INFO] - HAR: D:\Working\AUTO\KATAWEB\popstestautomation\POPSTestAutomation\Reports\20210329_092745\POPS App\POPSApp_DailySmoke\20210329_092745\requests\main\716.har

2021-03-29 09:36:27 - [MESSAGE][PASSED] - Send request successfully

2021-03-29 09:36:27 - [MESSAGE][PASSED] - Text of object 'Object Repository/SearchPageUI/VIDEO_ITEMS' is: 'naruto'

2021-03-29 09:36:27 - [MESSAGE][PASSED] - commonActions.SearchActions.verifyVideoSuggest is PASSED

2021-03-29 09:36:27 - [TEST_STEP][PASSED] - commonActions.SearchActions.searchAnyVideo(findTestObject("SearchPageUI/TEXTBOX_SEARCH"), "conan"): commonActions.SearchActions.searchAnyVideo is PASSED

2021-03-29 09:36:27 - [MESSAGE][WARNING] - Timeout '0' is invalid. Using default page load timeout: '30'

2021-03-29 09:36:27 - [MESSAGE][PASSED] - Object 'Object Repository/SearchPageUI/TEXTBOX_SEARCH' is present

2021-03-29 09:36:28 - [MESSAGE][PASSED] - Text of object 'Object Repository/SearchPageUI/TEXTBOX_SEARCH' is cleared

2021-03-29 09:36:29 - [MESSAGE][PASSED] - Text 'conan' is set on object 'Object Repository/SearchPageUI/TEXTBOX_SEARCH'

2021-03-29 09:36:29 - [MESSAGE][PASSED] - Object: 'Object Repository/SearchPageUI/ICON_SEARCH_BUTTON' is clicked on

2021-03-29 09:36:29 - [MESSAGE][WARNING] - Timeout '0' is invalid. Using default page load timeout: '30'

2021-03-29 09:36:31 - [MESSAGE][PASSED] - commonActions.SearchActions.searchAnyVideo is PASSED

2021-03-29 09:36:31 - [TEST_STEP][PASSED] - waitForElementPresent(findTestObject("SearchPageUI/RESULT_ELEMENTS"), 1): Object 'Object Repository/SearchPageUI/RESULT_ELEMENTS' is present

2021-03-29 09:36:31 - [MESSAGE][PASSED] - Object 'Object Repository/SearchPageUI/RESULT_ELEMENTS' is present

2021-03-29 09:36:31 - [TEST_STEP][PASSED] - commonActions.BaseActions.clickFirstElement(findTestObject("SearchPageUI/RESULT_ELEMENTS"), 0): commonActions.BaseActions.clickFirstElement is PASSED

2021-03-29 09:36:31 - [MESSAGE][PASSED] - commonActions.BaseActions.clickFirstElement is PASSED

2021-03-29 09:36:31 - [TEST_STEP][PASSED] - commonActions.BaseActions.clickFirstElement(findTestObject("SearchPageUI/LIST_TITLE_RESULT"), 0): commonActions.BaseActions.clickFirstElement is PASSED

2021-03-29 09:36:32 - [MESSAGE][PASSED] - commonActions.BaseActions.clickFirstElement is PASSED

2021-03-29 09:36:32 - [TEST_STEP][ERROR] - commonActions.VideoPlayer.nextVideoByClicking(findTestObject("Object Repository/VideoDetailPageUI/video_frame")): groovy.lang.MissingMethodException: No signature of method: static commonActions.BaseActions.clickUsingJS() is applicable for argument types: (com.kms.katalon.core.testobject.TestObject, java.lang.Integer) values: [TestObject - 'Object Repository/VideoDetailPageUI/button_next', ...]

2021-03-29 09:36:34 - [MESSAGE][PASSED] - Object 'Object Repository/VideoDetailPageUI/video_frame' is present

2021-03-29 09:36:34 - [MESSAGE][WARNING] - Timeout '0' is invalid. Using default page load timeout: '30'

2021-03-29 09:36:51 - [MESSAGE][PASSED] - Scroll to object 'Object Repository/VideoDetailPageUI/NEXT_VIDEO_TITLE_TEXT' successfully

2021-03-29 09:37:13 - [MESSAGE][PASSED] - Delayed 20 second(s)

2021-03-29 09:37:13 - [MESSAGE][PASSED] - Object: 'Object Repository/VideoDetailPageUI/video_frame' is clicked on

2021-03-29 09:37:13 - [MESSAGE][ERROR] - groovy.lang.MissingMethodException: No signature of method: static commonActions.BaseActions.clickUsingJS() is applicable for argument types: (com.kms.katalon.core.testobject.TestObject, java.lang.Integer) values: [TestObject - 'Object Repository/VideoDetailPageUI/button_next', ...]

2021-03-29 09:37:13 - [TEST_STEP][PASSED] - Start listener action : sampleAfterTestCase: null

2021-03-29 09:37:13 - [TEST_STEP][PASSED] - println(testCaseContext.getTestCaseId()): null

2021-03-29 09:37:13 - [TEST_STEP][PASSED] - println(testCaseContext.getTestCaseStatus()): null

2021-03-29 09:37:13 - [TEST_STEP][PASSED] - Start listener action : sampleAfterTestCase: null

2021-03-29 09:37:13 - [TEST_STEP][PASSED] - println(testCaseContext.getTestCaseId()): null

2021-03-29 09:37:13 - [TEST_STEP][PASSED] - println(testCaseContext.getTestCaseStatus()): null]]></system-out>
         <system-err><![CDATA[2021-03-29 09:36:18 - [TEST_CASE][ERROR] - Test Cases/VideoPlayer/VerifyNextVideoByClickingButton: Test Cases/VideoPlayer/VerifyNextVideoByClickingButton FAILED.
Reason:
org.codehaus.groovy.runtime.InvokerInvocationException: groovy.lang.MissingMethodException: No signature of method: static commonActions.BaseActions.clickUsingJS() is applicable for argument types: (com.kms.katalon.core.testobject.TestObject, java.lang.Integer) values: [TestObject - 'Object Repository/VideoDetailPageUI/button_next', ...]
	at commonActions.VideoPlayer.invokeMethod(VideoPlayer.groovy)
	at com.kms.katalon.core.main.CustomKeywordDelegatingMetaClass.invokeStaticMethod(CustomKeywordDelegatingMetaClass.java:50)
	at VerifyNextVideoByClickingButton.run(VerifyNextVideoByClickingButton:34)
	at com.kms.katalon.core.main.ScriptEngine.run(ScriptEngine.java:194)
	at com.kms.katalon.core.main.ScriptEngine.runScriptAsRawText(ScriptEngine.java:119)
	at com.kms.katalon.core.main.TestCaseExecutor.runScript(TestCaseExecutor.java:398)
	at com.kms.katalon.core.main.TestCaseExecutor.doExecute(TestCaseExecutor.java:389)
	at com.kms.katalon.core.main.TestCaseExecutor.processExecutionPhase(TestCaseExecutor.java:368)
	at com.kms.katalon.core.main.TestCaseExecutor.accessMainPhase(TestCaseExecutor.java:360)
	at com.kms.katalon.core.main.TestCaseExecutor.execute(TestCaseExecutor.java:255)
	at com.kms.katalon.core.main.TestSuiteExecutor.accessTestCaseMainPhase(TestSuiteExecutor.java:203)
	at com.kms.katalon.core.main.TestSuiteExecutor.accessTestSuiteMainPhase(TestSuiteExecutor.java:152)
	at com.kms.katalon.core.main.TestSuiteExecutor.execute(TestSuiteExecutor.java:95)
	at com.kms.katalon.core.main.TestCaseMain.startTestSuite(TestCaseMain.java:157)
	at com.kms.katalon.core.main.TestCaseMain$startTestSuite$0.call(Unknown Source)
	at TempTestSuite1616984865844.run(TempTestSuite1616984865844.groovy:39)
Caused by: groovy.lang.MissingMethodException: No signature of method: static commonActions.BaseActions.clickUsingJS() is applicable for argument types: (com.kms.katalon.core.testobject.TestObject, java.lang.Integer) values: [TestObject - 'Object Repository/VideoDetailPageUI/button_next', ...]
	at commonActions.VideoPlayer.nextVideoByClicking(VideoPlayer.groovy:90)
	... 16 more]]></system-err>
      </testcase>
      <testcase name="Test Cases/VideoPlayer/VerifyVideoCanPlay" time="59.492" classname="Test Cases/VideoPlayer/VerifyVideoCanPlay" status="PASSED">
         <system-out><![CDATA[2021-03-29 09:37:13 - [TEST_CASE][PASSED] - Test Cases/VideoPlayer/VerifyVideoCanPlay: Test Cases/VideoPlayer/VerifyVideoCanPlay

2021-03-29 09:37:13 - [TEST_STEP][PASSED] - Start listener action : sampleBeforeTestCase: null

2021-03-29 09:37:13 - [TEST_STEP][PASSED] - println(testCaseContext.getTestCaseId()): null

2021-03-29 09:37:13 - [TEST_STEP][PASSED] - println(testCaseContext.getTestCaseVariables()): null

2021-03-29 09:37:13 - [TEST_STEP][PASSED] - Start listener action : sampleBeforeTestCase: null

2021-03-29 09:37:13 - [TEST_STEP][PASSED] - println(testCaseContext.getTestCaseId()): null

2021-03-29 09:37:13 - [TEST_STEP][PASSED] - println(testCaseContext.getTestCaseVariables()): null

2021-03-29 09:37:13 - [TEST_STEP][PASSED] - openBrowser(SourceURL): Browser is opened with url: 'https://pops.vn/'

2021-03-29 09:37:13 - [MESSAGE][WARNING] - A browser is already opened. Closing browser and opening a new one

2021-03-29 09:37:14 - [MESSAGE][INFO] - Starting 'Chrome' driver

2021-03-29 09:37:14 - [MESSAGE][INFO] - Action delay is set to 0 milliseconds

2021-03-29 09:37:16 - [MESSAGE][PASSED] - Browser is opened with url: 'https://pops.vn/'

2021-03-29 09:37:16 - [TEST_STEP][PASSED] - click(findTestObject("SearchPageUI/TEXTBOX_SEARCH")): Object: 'Object Repository/SearchPageUI/TEXTBOX_SEARCH' is clicked on

2021-03-29 09:37:18 - [MESSAGE][PASSED] - Object: 'Object Repository/SearchPageUI/TEXTBOX_SEARCH' is clicked on

2021-03-29 09:37:18 - [TEST_STEP][PASSED] - commonActions.SearchActions.verifyComicSuggest(findTestObject("SearchPageUI/COMIC_ITEMS")): commonActions.SearchActions.verifyComicSuggest is PASSED

2021-03-29 09:37:19 - [MESSAGE][INFO] - HAR: D:\Working\AUTO\KATAWEB\popstestautomation\POPSTestAutomation\Reports\20210329_092745\POPS App\POPSApp_DailySmoke\20210329_092745\requests\main\717.har

2021-03-29 09:37:19 - [MESSAGE][PASSED] - Send request successfully

2021-03-29 09:37:19 - [MESSAGE][PASSED] - Object 'Object Repository/SearchPageUI/COMIC_ITEMS' is present

2021-03-29 09:37:19 - [MESSAGE][INFO] - HAR: D:\Working\AUTO\KATAWEB\popstestautomation\POPSTestAutomation\Reports\20210329_092745\POPS App\POPSApp_DailySmoke\20210329_092745\requests\main\718.har

2021-03-29 09:37:19 - [MESSAGE][PASSED] - Send request successfully

2021-03-29 09:37:20 - [MESSAGE][PASSED] - Text of object 'Object Repository/SearchPageUI/COMIC_ITEMS' is: 'Nhất Đại Linh Hậu'

2021-03-29 09:37:20 - [MESSAGE][PASSED] - commonActions.SearchActions.verifyComicSuggest is PASSED

2021-03-29 09:37:20 - [TEST_STEP][PASSED] - commonActions.SearchActions.verifyVideoSuggest(findTestObject("SearchPageUI/VIDEO_ITEMS")): commonActions.SearchActions.verifyVideoSuggest is PASSED

2021-03-29 09:37:20 - [MESSAGE][INFO] - HAR: D:\Working\AUTO\KATAWEB\popstestautomation\POPSTestAutomation\Reports\20210329_092745\POPS App\POPSApp_DailySmoke\20210329_092745\requests\main\719.har

2021-03-29 09:37:20 - [MESSAGE][PASSED] - Send request successfully

2021-03-29 09:37:20 - [MESSAGE][PASSED] - Object 'Object Repository/SearchPageUI/VIDEO_ITEMS' is present

2021-03-29 09:37:21 - [MESSAGE][INFO] - HAR: D:\Working\AUTO\KATAWEB\popstestautomation\POPSTestAutomation\Reports\20210329_092745\POPS App\POPSApp_DailySmoke\20210329_092745\requests\main\720.har

2021-03-29 09:37:21 - [MESSAGE][PASSED] - Send request successfully

2021-03-29 09:37:21 - [MESSAGE][PASSED] - Text of object 'Object Repository/SearchPageUI/VIDEO_ITEMS' is: 'naruto'

2021-03-29 09:37:21 - [MESSAGE][PASSED] - commonActions.SearchActions.verifyVideoSuggest is PASSED

2021-03-29 09:37:21 - [TEST_STEP][PASSED] - commonActions.SearchActions.searchAnyVideo(findTestObject("SearchPageUI/TEXTBOX_SEARCH"), "conan"): commonActions.SearchActions.searchAnyVideo is PASSED

2021-03-29 09:37:21 - [MESSAGE][WARNING] - Timeout '0' is invalid. Using default page load timeout: '30'

2021-03-29 09:37:21 - [MESSAGE][PASSED] - Object 'Object Repository/SearchPageUI/TEXTBOX_SEARCH' is present

2021-03-29 09:37:21 - [MESSAGE][PASSED] - Text of object 'Object Repository/SearchPageUI/TEXTBOX_SEARCH' is cleared

2021-03-29 09:37:22 - [MESSAGE][PASSED] - Text 'conan' is set on object 'Object Repository/SearchPageUI/TEXTBOX_SEARCH'

2021-03-29 09:37:23 - [MESSAGE][PASSED] - Object: 'Object Repository/SearchPageUI/ICON_SEARCH_BUTTON' is clicked on

2021-03-29 09:37:23 - [MESSAGE][WARNING] - Timeout '0' is invalid. Using default page load timeout: '30'

2021-03-29 09:37:24 - [MESSAGE][PASSED] - commonActions.SearchActions.searchAnyVideo is PASSED

2021-03-29 09:37:24 - [TEST_STEP][PASSED] - commonActions.BaseActions.clickFirstElement(findTestObject("SearchPageUI/RESULT_ELEMENTS"), 0): commonActions.BaseActions.clickFirstElement is PASSED

2021-03-29 09:37:24 - [MESSAGE][PASSED] - commonActions.BaseActions.clickFirstElement is PASSED

2021-03-29 09:37:24 - [TEST_STEP][PASSED] - commonActions.BaseActions.clickFirstElement(findTestObject("SearchPageUI/LIST_TITLE_RESULT"), 0): commonActions.BaseActions.clickFirstElement is PASSED

2021-03-29 09:37:26 - [MESSAGE][PASSED] - commonActions.BaseActions.clickFirstElement is PASSED

2021-03-29 09:37:26 - [TEST_STEP][PASSED] - commonActions.VideoPlayer.verifyPlayer(25): commonActions.VideoPlayer.verifyPlayer is PASSED

2021-03-29 09:37:26 - [MESSAGE][WARNING] - Timeout '0' is invalid. Using default page load timeout: '30'

2021-03-29 09:37:45 - [MESSAGE][INFO] - 0 hidden object(s)

2021-03-29 09:37:45 - [MESSAGE][PASSED] - Taking screenshot successfully
[[ATTACHMENT|D:\\Working\\AUTO\\KATAWEB\\popstestautomation\\POPSTestAutomation\\Reports\\20210329_092745\\POPS App\\POPSApp_DailySmoke\\20210329_092745\\Data Files/tmp/tc1/ActualmyScreenshot.png]]

2021-03-29 09:38:10 - [MESSAGE][PASSED] - Delayed 25 second(s)

2021-03-29 09:38:10 - [MESSAGE][WARNING] - Timeout '0' is invalid. Using default page load timeout: '30'

2021-03-29 09:38:11 - [MESSAGE][INFO] - 0 hidden object(s)

2021-03-29 09:38:11 - [MESSAGE][PASSED] - Taking screenshot successfully
[[ATTACHMENT|D:\\Working\\AUTO\\KATAWEB\\popstestautomation\\POPSTestAutomation\\Reports\\20210329_092745\\POPS App\\POPSApp_DailySmoke\\20210329_092745\\Data Files/tmp/tc1/ActualanotherScreenshot.png]]

2021-03-29 09:38:12 - [MESSAGE][PASSED] - commonActions.VideoPlayer.verifyPlayer is PASSED

2021-03-29 09:38:12 - [TEST_STEP][PASSED] - closeBrowser(): Browser is closed

2021-03-29 09:38:13 - [MESSAGE][PASSED] - Browser is closed

2021-03-29 09:38:13 - [TEST_STEP][PASSED] - Start listener action : sampleAfterTestCase: null

2021-03-29 09:38:13 - [TEST_STEP][PASSED] - println(testCaseContext.getTestCaseId()): null

2021-03-29 09:38:13 - [TEST_STEP][PASSED] - println(testCaseContext.getTestCaseStatus()): null

2021-03-29 09:38:13 - [TEST_STEP][PASSED] - Start listener action : sampleAfterTestCase: null

2021-03-29 09:38:13 - [TEST_STEP][PASSED] - println(testCaseContext.getTestCaseId()): null

2021-03-29 09:38:13 - [TEST_STEP][PASSED] - println(testCaseContext.getTestCaseStatus()): null]]></system-out>
         <system-err><![CDATA[]]></system-err>
      </testcase>
      <testcase name="Test Cases/UnlockComic/VerifyUnlockComic" time="54.885" classname="Test Cases/UnlockComic/VerifyUnlockComic" status="FAILED">
         <failure type="FAILED" message="Test Cases/UnlockComic/VerifyUnlockComic FAILED.
Reason:
com.kms.katalon.core.exception.StepFailedException: Unable to click on object 'Object Repository/SearchPageUI/ICON_SEARCH_BUTTON'
	at com.kms.katalon.core.webui.keyword.internal.WebUIKeywordMain.stepFailed(WebUIKeywordMain.groovy:64)
	at com.kms.katalon.core.webui.keyword.internal.WebUIKeywordMain.runKeyword(WebUIKeywordMain.groovy:26)
	at com.kms.katalon.core.webui.keyword.builtin.ClickKeyword.click(ClickKeyword.groovy:75)
	at com.kms.katalon.core.webui.keyword.builtin.ClickKeyword.execute(ClickKeyword.groovy:42)
	at com.kms.katalon.core.keyword.internal.KeywordExecutor.executeKeywordForPlatform(KeywordExecutor.groovy:73)
	at com.kms.katalon.core.webui.keyword.WebUiBuiltInKeywords.click(WebUiBuiltInKeywords.groovy:619)
	at com.kms.katalon.core.webui.keyword.WebUiBuiltInKeywords$click$1.call(Unknown Source)
	at commonActions.SearchActions.searchAnyComic(SearchActions.groovy:62)
	at commonActions.SearchActions.invokeMethod(SearchActions.groovy)
	at com.kms.katalon.core.main.CustomKeywordDelegatingMetaClass.invokeStaticMethod(CustomKeywordDelegatingMetaClass.java:50)
	at VerifyUnlockComic.run(VerifyUnlockComic:25)
	at com.kms.katalon.core.main.ScriptEngine.run(ScriptEngine.java:194)
	at com.kms.katalon.core.main.ScriptEngine.runScriptAsRawText(ScriptEngine.java:119)
	at com.kms.katalon.core.main.TestCaseExecutor.runScript(TestCaseExecutor.java:398)
	at com.kms.katalon.core.main.TestCaseExecutor.doExecute(TestCaseExecutor.java:389)
	at com.kms.katalon.core.main.TestCaseExecutor.processExecutionPhase(TestCaseExecutor.java:368)
	at com.kms.katalon.core.main.TestCaseExecutor.accessMainPhase(TestCaseExecutor.java:360)
	at com.kms.katalon.core.main.TestCaseExecutor.execute(TestCaseExecutor.java:255)
	at com.kms.katalon.core.main.TestSuiteExecutor.accessTestCaseMainPhase(TestSuiteExecutor.java:203)
	at com.kms.katalon.core.main.TestSuiteExecutor.accessTestSuiteMainPhase(TestSuiteExecutor.java:152)
	at com.kms.katalon.core.main.TestSuiteExecutor.execute(TestSuiteExecutor.java:95)
	at com.kms.katalon.core.main.TestCaseMain.startTestSuite(TestCaseMain.java:157)
	at com.kms.katalon.core.main.TestCaseMain$startTestSuite$0.call(Unknown Source)
	at TempTestSuite1616984865844.run(TempTestSuite1616984865844.groovy:39)
Caused by: com.kms.katalon.core.webui.exception.WebElementNotFoundException: Web element with id: 'Object Repository/SearchPageUI/ICON_SEARCH_BUTTON' located by '(.//*[normalize-space(text()) and normalize-space(.)='Đăng ký'])[1]/following::*[name()='svg'][1]' not found
	at com.kms.katalon.core.webui.common.WebUiCommonHelper.findWebElement(WebUiCommonHelper.java:1368)
	at com.kms.katalon.core.webui.keyword.internal.WebUIAbstractKeyword.findWebElement(WebUIAbstractKeyword.groovy:27)
	at com.kms.katalon.core.webui.keyword.internal.WebUIAbstractKeyword.findWebElement(WebUIAbstractKeyword.groovy:26)
	at com.kms.katalon.core.webui.keyword.builtin.ClickKeyword$_click_closure1.doCall(ClickKeyword.groovy:66)
	at com.kms.katalon.core.webui.keyword.builtin.ClickKeyword$_click_closure1.call(ClickKeyword.groovy)
	at com.kms.katalon.core.webui.keyword.internal.WebUIKeywordMain.runKeyword(WebUIKeywordMain.groovy:20)
	... 22 more
"/>
         <system-out><![CDATA[2021-03-29 09:38:13 - [TEST_CASE][FAILED] - Test Cases/UnlockComic/VerifyUnlockComic: Test Cases/UnlockComic/VerifyUnlockComic FAILED.
Reason:
com.kms.katalon.core.exception.StepFailedException: Unable to click on object 'Object Repository/SearchPageUI/ICON_SEARCH_BUTTON'
	at com.kms.katalon.core.webui.keyword.internal.WebUIKeywordMain.stepFailed(WebUIKeywordMain.groovy:64)
	at com.kms.katalon.core.webui.keyword.internal.WebUIKeywordMain.runKeyword(WebUIKeywordMain.groovy:26)
	at com.kms.katalon.core.webui.keyword.builtin.ClickKeyword.click(ClickKeyword.groovy:75)
	at com.kms.katalon.core.webui.keyword.builtin.ClickKeyword.execute(ClickKeyword.groovy:42)
	at com.kms.katalon.core.keyword.internal.KeywordExecutor.executeKeywordForPlatform(KeywordExecutor.groovy:73)
	at com.kms.katalon.core.webui.keyword.WebUiBuiltInKeywords.click(WebUiBuiltInKeywords.groovy:619)
	at com.kms.katalon.core.webui.keyword.WebUiBuiltInKeywords$click$1.call(Unknown Source)
	at commonActions.SearchActions.searchAnyComic(SearchActions.groovy:62)
	at commonActions.SearchActions.invokeMethod(SearchActions.groovy)
	at com.kms.katalon.core.main.CustomKeywordDelegatingMetaClass.invokeStaticMethod(CustomKeywordDelegatingMetaClass.java:50)
	at VerifyUnlockComic.run(VerifyUnlockComic:25)
	at com.kms.katalon.core.main.ScriptEngine.run(ScriptEngine.java:194)
	at com.kms.katalon.core.main.ScriptEngine.runScriptAsRawText(ScriptEngine.java:119)
	at com.kms.katalon.core.main.TestCaseExecutor.runScript(TestCaseExecutor.java:398)
	at com.kms.katalon.core.main.TestCaseExecutor.doExecute(TestCaseExecutor.java:389)
	at com.kms.katalon.core.main.TestCaseExecutor.processExecutionPhase(TestCaseExecutor.java:368)
	at com.kms.katalon.core.main.TestCaseExecutor.accessMainPhase(TestCaseExecutor.java:360)
	at com.kms.katalon.core.main.TestCaseExecutor.execute(TestCaseExecutor.java:255)
	at com.kms.katalon.core.main.TestSuiteExecutor.accessTestCaseMainPhase(TestSuiteExecutor.java:203)
	at com.kms.katalon.core.main.TestSuiteExecutor.accessTestSuiteMainPhase(TestSuiteExecutor.java:152)
	at com.kms.katalon.core.main.TestSuiteExecutor.execute(TestSuiteExecutor.java:95)
	at com.kms.katalon.core.main.TestCaseMain.startTestSuite(TestCaseMain.java:157)
	at com.kms.katalon.core.main.TestCaseMain$startTestSuite$0.call(Unknown Source)
	at TempTestSuite1616984865844.run(TempTestSuite1616984865844.groovy:39)
Caused by: com.kms.katalon.core.webui.exception.WebElementNotFoundException: Web element with id: 'Object Repository/SearchPageUI/ICON_SEARCH_BUTTON' located by '(.//*[normalize-space(text()) and normalize-space(.)='Đăng ký'])[1]/following::*[name()='svg'][1]' not found
	at com.kms.katalon.core.webui.common.WebUiCommonHelper.findWebElement(WebUiCommonHelper.java:1368)
	at com.kms.katalon.core.webui.keyword.internal.WebUIAbstractKeyword.findWebElement(WebUIAbstractKeyword.groovy:27)
	at com.kms.katalon.core.webui.keyword.internal.WebUIAbstractKeyword.findWebElement(WebUIAbstractKeyword.groovy:26)
	at com.kms.katalon.core.webui.keyword.builtin.ClickKeyword$_click_closure1.doCall(ClickKeyword.groovy:66)
	at com.kms.katalon.core.webui.keyword.builtin.ClickKeyword$_click_closure1.call(ClickKeyword.groovy)
	at com.kms.katalon.core.webui.keyword.internal.WebUIKeywordMain.runKeyword(WebUIKeywordMain.groovy:20)
	... 22 more


2021-03-29 09:38:13 - [TEST_STEP][PASSED] - Start listener action : sampleBeforeTestCase: null

2021-03-29 09:38:13 - [TEST_STEP][PASSED] - println(testCaseContext.getTestCaseId()): null

2021-03-29 09:38:13 - [TEST_STEP][PASSED] - println(testCaseContext.getTestCaseVariables()): null

2021-03-29 09:38:13 - [TEST_STEP][PASSED] - Start listener action : sampleBeforeTestCase: null

2021-03-29 09:38:13 - [TEST_STEP][PASSED] - println(testCaseContext.getTestCaseId()): null

2021-03-29 09:38:13 - [TEST_STEP][PASSED] - println(testCaseContext.getTestCaseVariables()): null

2021-03-29 09:38:13 - [TEST_STEP][PASSED] - openBrowser(SourceURL): Browser is opened with url: 'https://pops.vn/'

2021-03-29 09:38:13 - [MESSAGE][INFO] - Starting 'Chrome' driver

2021-03-29 09:38:13 - [MESSAGE][INFO] - Action delay is set to 0 milliseconds

2021-03-29 09:38:17 - [MESSAGE][PASSED] - Browser is opened with url: 'https://pops.vn/'

2021-03-29 09:38:17 - [TEST_STEP][PASSED] - maximizeWindow(): Current window maximized

2021-03-29 09:38:17 - [MESSAGE][PASSED] - Current window maximized

2021-03-29 09:38:17 - [TEST_STEP][PASSED] - commonActions.SignInActions.SignInWithValidAccount("huy.thanh@pops.vn", "12345678"): commonActions.SignInActions.SignInWithValidAccount is PASSED

2021-03-29 09:38:19 - [MESSAGE][PASSED] - Object: 'Object Repository/POPS App UI/TopMenu/button_DangNhap' is clicked on

2021-03-29 09:38:19 - [TEST_CASE][PASSED] - Test Cases/POPS App/CommonTestCases/SignInWithAccount: Test Cases/POPS App/CommonTestCases/SignInWithAccount

2021-03-29 09:38:19 - [TEST_STEP][PASSED] - setText(findTestObject("POPS App UI/SignIn_DangNhap/input_Email"), Email): Text 'huy.thanh@pops.vn' is set on object 'Object Repository/POPS App UI/SignIn_DangNhap/input_Email'

2021-03-29 09:38:22 - [MESSAGE][PASSED] - Text 'huy.thanh@pops.vn' is set on object 'Object Repository/POPS App UI/SignIn_DangNhap/input_Email'

2021-03-29 09:38:22 - [TEST_STEP][PASSED] - setText(findTestObject("POPS App UI/SignIn_DangNhap/input_Password"), Password): Text '12345678' is set on object 'Object Repository/POPS App UI/SignIn_DangNhap/input_Password'

2021-03-29 09:38:22 - [MESSAGE][PASSED] - Text '12345678' is set on object 'Object Repository/POPS App UI/SignIn_DangNhap/input_Password'

2021-03-29 09:38:22 - [TEST_STEP][PASSED] - click(findTestObject("POPS App UI/SignIn_DangNhap/button_DangNhap")): Object: 'Object Repository/POPS App UI/SignIn_DangNhap/button_DangNhap' is clicked on

2021-03-29 09:38:23 - [MESSAGE][PASSED] - Object: 'Object Repository/POPS App UI/SignIn_DangNhap/button_DangNhap' is clicked on

2021-03-29 09:38:23 - [MESSAGE][PASSED] - Call Test Case 'Test Cases/POPS App/CommonTestCases/SignInWithAccount' successfully

2021-03-29 09:38:27 - [MESSAGE][PASSED] - Web element with id: 'Object Repository/POPS App UI/TopMenu/button_DangNhap' located by 'By.xpath: //div[@id='__next']/main/div/header/div[2]/div[2]/div[3]/a' is not present after '3' second(s)

2021-03-29 09:38:27 - [MESSAGE][PASSED] - commonActions.SignInActions.SignInWithValidAccount is PASSED

2021-03-29 09:38:27 - [TEST_STEP][FAILED] - commonActions.SearchActions.searchAnyComic(findTestObject("SearchPageUI/TEXTBOX_SEARCH"), APICMS.getComicNameCanUnlock()): Unable to click on object 'Object Repository/SearchPageUI/ICON_SEARCH_BUTTON'

2021-03-29 09:38:27 - [MESSAGE][INFO] - HAR: D:\Working\AUTO\KATAWEB\popstestautomation\POPSTestAutomation\Reports\20210329_092745\POPS App\POPSApp_DailySmoke\20210329_092745\requests\main\721.har

2021-03-29 09:38:27 - [MESSAGE][PASSED] - Send request successfully

2021-03-29 09:38:28 - [MESSAGE][INFO] - HAR: D:\Working\AUTO\KATAWEB\popstestautomation\POPSTestAutomation\Reports\20210329_092745\POPS App\POPSApp_DailySmoke\20210329_092745\requests\main\722.har

2021-03-29 09:38:28 - [MESSAGE][PASSED] - Send request successfully

2021-03-29 09:38:29 - [MESSAGE][INFO] - HAR: D:\Working\AUTO\KATAWEB\popstestautomation\POPSTestAutomation\Reports\20210329_092745\POPS App\POPSApp_DailySmoke\20210329_092745\requests\main\723.har

2021-03-29 09:38:29 - [MESSAGE][PASSED] - Send request successfully

2021-03-29 09:38:30 - [MESSAGE][INFO] - HAR: D:\Working\AUTO\KATAWEB\popstestautomation\POPSTestAutomation\Reports\20210329_092745\POPS App\POPSApp_DailySmoke\20210329_092745\requests\main\724.har

2021-03-29 09:38:30 - [MESSAGE][PASSED] - Send request successfully

2021-03-29 09:38:30 - [MESSAGE][INFO] - HAR: D:\Working\AUTO\KATAWEB\popstestautomation\POPSTestAutomation\Reports\20210329_092745\POPS App\POPSApp_DailySmoke\20210329_092745\requests\main\725.har

2021-03-29 09:38:30 - [MESSAGE][PASSED] - Send request successfully

2021-03-29 09:38:30 - [MESSAGE][INFO] - HAR: D:\Working\AUTO\KATAWEB\popstestautomation\POPSTestAutomation\Reports\20210329_092745\POPS App\POPSApp_DailySmoke\20210329_092745\requests\main\726.har

2021-03-29 09:38:30 - [MESSAGE][PASSED] - Send request successfully

2021-03-29 09:38:31 - [MESSAGE][INFO] - HAR: D:\Working\AUTO\KATAWEB\popstestautomation\POPSTestAutomation\Reports\20210329_092745\POPS App\POPSApp_DailySmoke\20210329_092745\requests\main\727.har

2021-03-29 09:38:31 - [MESSAGE][PASSED] - Send request successfully

2021-03-29 09:38:31 - [MESSAGE][INFO] - HAR: D:\Working\AUTO\KATAWEB\popstestautomation\POPSTestAutomation\Reports\20210329_092745\POPS App\POPSApp_DailySmoke\20210329_092745\requests\main\728.har

2021-03-29 09:38:31 - [MESSAGE][PASSED] - Send request successfully

2021-03-29 09:38:32 - [MESSAGE][INFO] - HAR: D:\Working\AUTO\KATAWEB\popstestautomation\POPSTestAutomation\Reports\20210329_092745\POPS App\POPSApp_DailySmoke\20210329_092745\requests\main\729.har

2021-03-29 09:38:32 - [MESSAGE][PASSED] - Send request successfully

2021-03-29 09:38:32 - [MESSAGE][INFO] - HAR: D:\Working\AUTO\KATAWEB\popstestautomation\POPSTestAutomation\Reports\20210329_092745\POPS App\POPSApp_DailySmoke\20210329_092745\requests\main\730.har

2021-03-29 09:38:32 - [MESSAGE][PASSED] - Send request successfully

2021-03-29 09:38:33 - [MESSAGE][INFO] - HAR: D:\Working\AUTO\KATAWEB\popstestautomation\POPSTestAutomation\Reports\20210329_092745\POPS App\POPSApp_DailySmoke\20210329_092745\requests\main\731.har

2021-03-29 09:38:33 - [MESSAGE][PASSED] - Send request successfully

2021-03-29 09:38:34 - [MESSAGE][INFO] - HAR: D:\Working\AUTO\KATAWEB\popstestautomation\POPSTestAutomation\Reports\20210329_092745\POPS App\POPSApp_DailySmoke\20210329_092745\requests\main\732.har

2021-03-29 09:38:34 - [MESSAGE][PASSED] - Send request successfully

2021-03-29 09:38:34 - [MESSAGE][INFO] - HAR: D:\Working\AUTO\KATAWEB\popstestautomation\POPSTestAutomation\Reports\20210329_092745\POPS App\POPSApp_DailySmoke\20210329_092745\requests\main\733.har

2021-03-29 09:38:34 - [MESSAGE][PASSED] - Send request successfully

2021-03-29 09:38:34 - [MESSAGE][WARNING] - Timeout '0' is invalid. Using default page load timeout: '30'

2021-03-29 09:38:35 - [MESSAGE][PASSED] - Object 'Object Repository/SearchPageUI/TEXTBOX_SEARCH' is present

2021-03-29 09:38:35 - [MESSAGE][PASSED] - Text of object 'Object Repository/SearchPageUI/TEXTBOX_SEARCH' is cleared

2021-03-29 09:38:35 - [MESSAGE][PASSED] - Text 'Hầu Nữ Và Công Tước Ma Cà Rồng' is set on object 'Object Repository/SearchPageUI/TEXTBOX_SEARCH'

2021-03-29 09:39:07 - [MESSAGE][INFO] - Unable to find the element located by 'By.xpath: (.//*[normalize-space(text()) and normalize-space(.)='Đăng ký'])[1]/following::*[name()='svg'][1]'. Please recheck the objects properties to make sure the desired element is located. 

2021-03-29 09:39:07 - [MESSAGE][FAILED] - Unable to click on object 'Object Repository/SearchPageUI/ICON_SEARCH_BUTTON' (Root cause: com.kms.katalon.core.exception.StepFailedException: Unable to click on object 'Object Repository/SearchPageUI/ICON_SEARCH_BUTTON'
	at com.kms.katalon.core.webui.keyword.internal.WebUIKeywordMain.stepFailed(WebUIKeywordMain.groovy:64)
	at com.kms.katalon.core.webui.keyword.internal.WebUIKeywordMain.runKeyword(WebUIKeywordMain.groovy:26)
	at com.kms.katalon.core.webui.keyword.builtin.ClickKeyword.click(ClickKeyword.groovy:75)
	at com.kms.katalon.core.webui.keyword.builtin.ClickKeyword.execute(ClickKeyword.groovy:42)
	at com.kms.katalon.core.keyword.internal.KeywordExecutor.executeKeywordForPlatform(KeywordExecutor.groovy:73)
	at com.kms.katalon.core.webui.keyword.WebUiBuiltInKeywords.click(WebUiBuiltInKeywords.groovy:619)
	at com.kms.katalon.core.webui.keyword.WebUiBuiltInKeywords$click$1.call(Unknown Source)
	at commonActions.SearchActions.searchAnyComic(SearchActions.groovy:62)
	at commonActions.SearchActions.invokeMethod(SearchActions.groovy)
	at com.kms.katalon.core.main.CustomKeywordDelegatingMetaClass.invokeStaticMethod(CustomKeywordDelegatingMetaClass.java:50)
	at VerifyUnlockComic.run(VerifyUnlockComic:25)
	at com.kms.katalon.core.main.ScriptEngine.run(ScriptEngine.java:194)
	at com.kms.katalon.core.main.ScriptEngine.runScriptAsRawText(ScriptEngine.java:119)
	at com.kms.katalon.core.main.TestCaseExecutor.runScript(TestCaseExecutor.java:398)
	at com.kms.katalon.core.main.TestCaseExecutor.doExecute(TestCaseExecutor.java:389)
	at com.kms.katalon.core.main.TestCaseExecutor.processExecutionPhase(TestCaseExecutor.java:368)
	at com.kms.katalon.core.main.TestCaseExecutor.accessMainPhase(TestCaseExecutor.java:360)
	at com.kms.katalon.core.main.TestCaseExecutor.execute(TestCaseExecutor.java:255)
	at com.kms.katalon.core.main.TestSuiteExecutor.accessTestCaseMainPhase(TestSuiteExecutor.java:203)
	at com.kms.katalon.core.main.TestSuiteExecutor.accessTestSuiteMainPhase(TestSuiteExecutor.java:152)
	at com.kms.katalon.core.main.TestSuiteExecutor.execute(TestSuiteExecutor.java:95)
	at com.kms.katalon.core.main.TestCaseMain.startTestSuite(TestCaseMain.java:157)
	at com.kms.katalon.core.main.TestCaseMain$startTestSuite$0.call(Unknown Source)
	at TempTestSuite1616984865844.run(TempTestSuite1616984865844.groovy:39)
Caused by: com.kms.katalon.core.webui.exception.WebElementNotFoundException: Web element with id: 'Object Repository/SearchPageUI/ICON_SEARCH_BUTTON' located by '(.//*[normalize-space(text()) and normalize-space(.)='Đăng ký'])[1]/following::*[name()='svg'][1]' not found
	at com.kms.katalon.core.webui.common.WebUiCommonHelper.findWebElement(WebUiCommonHelper.java:1368)
	at com.kms.katalon.core.webui.keyword.internal.WebUIAbstractKeyword.findWebElement(WebUIAbstractKeyword.groovy:27)
	at com.kms.katalon.core.webui.keyword.internal.WebUIAbstractKeyword.findWebElement(WebUIAbstractKeyword.groovy:26)
	at com.kms.katalon.core.webui.keyword.builtin.ClickKeyword$_click_closure1.doCall(ClickKeyword.groovy:66)
	at com.kms.katalon.core.webui.keyword.builtin.ClickKeyword$_click_closure1.call(ClickKeyword.groovy)
	at com.kms.katalon.core.webui.keyword.internal.WebUIKeywordMain.runKeyword(WebUIKeywordMain.groovy:20)
	at com.kms.katalon.core.webui.keyword.builtin.ClickKeyword.click(ClickKeyword.groovy:75)
	at com.kms.katalon.core.webui.keyword.builtin.ClickKeyword.execute(ClickKeyword.groovy:42)
	at com.kms.katalon.core.keyword.internal.KeywordExecutor.executeKeywordForPlatform(KeywordExecutor.groovy:73)
	at com.kms.katalon.core.webui.keyword.WebUiBuiltInKeywords.click(WebUiBuiltInKeywords.groovy:619)
	at com.kms.katalon.core.webui.keyword.WebUiBuiltInKeywords$click$1.call(Unknown Source)
	at commonActions.SearchActions.searchAnyComic(SearchActions.groovy:62)
	at commonActions.SearchActions.invokeMethod(SearchActions.groovy)
	at com.kms.katalon.core.main.CustomKeywordDelegatingMetaClass.invokeStaticMethod(CustomKeywordDelegatingMetaClass.java:50)
	at Script1616659589567.run(Script1616659589567.groovy:25)
	... 13 more
)
[[ATTACHMENT|D:\\Working\\AUTO\\KATAWEB\\popstestautomation\\POPSTestAutomation\\Reports\\20210329_092745\\POPS App\\POPSApp_DailySmoke\\20210329_092745\\1616985547023.png]]

2021-03-29 09:39:07 - [MESSAGE][FAILED] - Unable to click on object 'Object Repository/SearchPageUI/ICON_SEARCH_BUTTON'

2021-03-29 09:39:07 - [TEST_STEP][PASSED] - Start listener action : sampleAfterTestCase: null

2021-03-29 09:39:07 - [TEST_STEP][PASSED] - println(testCaseContext.getTestCaseId()): null

2021-03-29 09:39:07 - [TEST_STEP][PASSED] - println(testCaseContext.getTestCaseStatus()): null

2021-03-29 09:39:07 - [TEST_STEP][PASSED] - Start listener action : sampleAfterTestCase: null

2021-03-29 09:39:07 - [TEST_STEP][PASSED] - println(testCaseContext.getTestCaseId()): null

2021-03-29 09:39:07 - [TEST_STEP][PASSED] - println(testCaseContext.getTestCaseStatus()): null]]></system-out>
         <system-err><![CDATA[2021-03-29 09:38:13 - [TEST_CASE][FAILED] - Test Cases/UnlockComic/VerifyUnlockComic: Test Cases/UnlockComic/VerifyUnlockComic FAILED.
Reason:
com.kms.katalon.core.exception.StepFailedException: Unable to click on object 'Object Repository/SearchPageUI/ICON_SEARCH_BUTTON'
	at com.kms.katalon.core.webui.keyword.internal.WebUIKeywordMain.stepFailed(WebUIKeywordMain.groovy:64)
	at com.kms.katalon.core.webui.keyword.internal.WebUIKeywordMain.runKeyword(WebUIKeywordMain.groovy:26)
	at com.kms.katalon.core.webui.keyword.builtin.ClickKeyword.click(ClickKeyword.groovy:75)
	at com.kms.katalon.core.webui.keyword.builtin.ClickKeyword.execute(ClickKeyword.groovy:42)
	at com.kms.katalon.core.keyword.internal.KeywordExecutor.executeKeywordForPlatform(KeywordExecutor.groovy:73)
	at com.kms.katalon.core.webui.keyword.WebUiBuiltInKeywords.click(WebUiBuiltInKeywords.groovy:619)
	at com.kms.katalon.core.webui.keyword.WebUiBuiltInKeywords$click$1.call(Unknown Source)
	at commonActions.SearchActions.searchAnyComic(SearchActions.groovy:62)
	at commonActions.SearchActions.invokeMethod(SearchActions.groovy)
	at com.kms.katalon.core.main.CustomKeywordDelegatingMetaClass.invokeStaticMethod(CustomKeywordDelegatingMetaClass.java:50)
	at VerifyUnlockComic.run(VerifyUnlockComic:25)
	at com.kms.katalon.core.main.ScriptEngine.run(ScriptEngine.java:194)
	at com.kms.katalon.core.main.ScriptEngine.runScriptAsRawText(ScriptEngine.java:119)
	at com.kms.katalon.core.main.TestCaseExecutor.runScript(TestCaseExecutor.java:398)
	at com.kms.katalon.core.main.TestCaseExecutor.doExecute(TestCaseExecutor.java:389)
	at com.kms.katalon.core.main.TestCaseExecutor.processExecutionPhase(TestCaseExecutor.java:368)
	at com.kms.katalon.core.main.TestCaseExecutor.accessMainPhase(TestCaseExecutor.java:360)
	at com.kms.katalon.core.main.TestCaseExecutor.execute(TestCaseExecutor.java:255)
	at com.kms.katalon.core.main.TestSuiteExecutor.accessTestCaseMainPhase(TestSuiteExecutor.java:203)
	at com.kms.katalon.core.main.TestSuiteExecutor.accessTestSuiteMainPhase(TestSuiteExecutor.java:152)
	at com.kms.katalon.core.main.TestSuiteExecutor.execute(TestSuiteExecutor.java:95)
	at com.kms.katalon.core.main.TestCaseMain.startTestSuite(TestCaseMain.java:157)
	at com.kms.katalon.core.main.TestCaseMain$startTestSuite$0.call(Unknown Source)
	at TempTestSuite1616984865844.run(TempTestSuite1616984865844.groovy:39)
Caused by: com.kms.katalon.core.webui.exception.WebElementNotFoundException: Web element with id: 'Object Repository/SearchPageUI/ICON_SEARCH_BUTTON' located by '(.//*[normalize-space(text()) and normalize-space(.)='Đăng ký'])[1]/following::*[name()='svg'][1]' not found
	at com.kms.katalon.core.webui.common.WebUiCommonHelper.findWebElement(WebUiCommonHelper.java:1368)
	at com.kms.katalon.core.webui.keyword.internal.WebUIAbstractKeyword.findWebElement(WebUIAbstractKeyword.groovy:27)
	at com.kms.katalon.core.webui.keyword.internal.WebUIAbstractKeyword.findWebElement(WebUIAbstractKeyword.groovy:26)
	at com.kms.katalon.core.webui.keyword.builtin.ClickKeyword$_click_closure1.doCall(ClickKeyword.groovy:66)
	at com.kms.katalon.core.webui.keyword.builtin.ClickKeyword$_click_closure1.call(ClickKeyword.groovy)
	at com.kms.katalon.core.webui.keyword.internal.WebUIKeywordMain.runKeyword(WebUIKeywordMain.groovy:20)
	... 22 more]]></system-err>
      </testcase>
      <testcase name="Test Cases/Search/VerifySearchData" time="8.966" classname="Test Cases/Search/VerifySearchData" status="PASSED">
         <system-out><![CDATA[2021-03-29 09:39:07 - [TEST_CASE][PASSED] - Test Cases/Search/VerifySearchData: Test Cases/Search/VerifySearchData

2021-03-29 09:39:07 - [TEST_STEP][PASSED] - Start listener action : sampleBeforeTestCase: null

2021-03-29 09:39:07 - [TEST_STEP][PASSED] - println(testCaseContext.getTestCaseId()): null

2021-03-29 09:39:07 - [TEST_STEP][PASSED] - println(testCaseContext.getTestCaseVariables()): null

2021-03-29 09:39:07 - [TEST_STEP][PASSED] - Start listener action : sampleBeforeTestCase: null

2021-03-29 09:39:07 - [TEST_STEP][PASSED] - println(testCaseContext.getTestCaseId()): null

2021-03-29 09:39:07 - [TEST_STEP][PASSED] - println(testCaseContext.getTestCaseVariables()): null

2021-03-29 09:39:08 - [TEST_STEP][PASSED] - openBrowser(SourceURL): Browser is opened with url: 'https://pops.vn/'

2021-03-29 09:39:08 - [MESSAGE][WARNING] - A browser is already opened. Closing browser and opening a new one

2021-03-29 09:39:08 - [MESSAGE][INFO] - Starting 'Chrome' driver

2021-03-29 09:39:08 - [MESSAGE][INFO] - Action delay is set to 0 milliseconds

2021-03-29 09:39:11 - [MESSAGE][PASSED] - Browser is opened with url: 'https://pops.vn/'

2021-03-29 09:39:11 - [TEST_STEP][PASSED] - click(findTestObject("SearchPageUI/TEXTBOX_SEARCH")): Object: 'Object Repository/SearchPageUI/TEXTBOX_SEARCH' is clicked on

2021-03-29 09:39:13 - [MESSAGE][PASSED] - Object: 'Object Repository/SearchPageUI/TEXTBOX_SEARCH' is clicked on

2021-03-29 09:39:13 - [TEST_STEP][PASSED] - commonActions.SearchActions.verifyComicSuggest(findTestObject("SearchPageUI/COMIC_ITEMS")): commonActions.SearchActions.verifyComicSuggest is PASSED

2021-03-29 09:39:13 - [MESSAGE][INFO] - HAR: D:\Working\AUTO\KATAWEB\popstestautomation\POPSTestAutomation\Reports\20210329_092745\POPS App\POPSApp_DailySmoke\20210329_092745\requests\main\734.har

2021-03-29 09:39:13 - [MESSAGE][PASSED] - Send request successfully

2021-03-29 09:39:14 - [MESSAGE][PASSED] - Object 'Object Repository/SearchPageUI/COMIC_ITEMS' is present

2021-03-29 09:39:14 - [MESSAGE][INFO] - HAR: D:\Working\AUTO\KATAWEB\popstestautomation\POPSTestAutomation\Reports\20210329_092745\POPS App\POPSApp_DailySmoke\20210329_092745\requests\main\735.har

2021-03-29 09:39:14 - [MESSAGE][PASSED] - Send request successfully

2021-03-29 09:39:14 - [MESSAGE][PASSED] - Text of object 'Object Repository/SearchPageUI/COMIC_ITEMS' is: 'Nhất Đại Linh Hậu'

2021-03-29 09:39:14 - [MESSAGE][PASSED] - commonActions.SearchActions.verifyComicSuggest is PASSED

2021-03-29 09:39:14 - [TEST_STEP][PASSED] - commonActions.SearchActions.verifyVideoSuggest(findTestObject("SearchPageUI/VIDEO_ITEMS")): commonActions.SearchActions.verifyVideoSuggest is PASSED

2021-03-29 09:39:15 - [MESSAGE][INFO] - HAR: D:\Working\AUTO\KATAWEB\popstestautomation\POPSTestAutomation\Reports\20210329_092745\POPS App\POPSApp_DailySmoke\20210329_092745\requests\main\736.har

2021-03-29 09:39:15 - [MESSAGE][PASSED] - Send request successfully

2021-03-29 09:39:15 - [MESSAGE][PASSED] - Object 'Object Repository/SearchPageUI/VIDEO_ITEMS' is present

2021-03-29 09:39:16 - [MESSAGE][INFO] - HAR: D:\Working\AUTO\KATAWEB\popstestautomation\POPSTestAutomation\Reports\20210329_092745\POPS App\POPSApp_DailySmoke\20210329_092745\requests\main\737.har

2021-03-29 09:39:16 - [MESSAGE][PASSED] - Send request successfully

2021-03-29 09:39:16 - [MESSAGE][PASSED] - Text of object 'Object Repository/SearchPageUI/VIDEO_ITEMS' is: 'naruto'

2021-03-29 09:39:16 - [MESSAGE][PASSED] - commonActions.SearchActions.verifyVideoSuggest is PASSED

2021-03-29 09:39:16 - [TEST_STEP][PASSED] - closeBrowser(): Browser is closed

2021-03-29 09:39:16 - [MESSAGE][PASSED] - Browser is closed

2021-03-29 09:39:16 - [TEST_STEP][PASSED] - Start listener action : sampleAfterTestCase: null

2021-03-29 09:39:16 - [TEST_STEP][PASSED] - println(testCaseContext.getTestCaseId()): null

2021-03-29 09:39:16 - [TEST_STEP][PASSED] - println(testCaseContext.getTestCaseStatus()): null

2021-03-29 09:39:16 - [TEST_STEP][PASSED] - Start listener action : sampleAfterTestCase: null

2021-03-29 09:39:16 - [TEST_STEP][PASSED] - println(testCaseContext.getTestCaseId()): null

2021-03-29 09:39:16 - [TEST_STEP][PASSED] - println(testCaseContext.getTestCaseStatus()): null]]></system-out>
         <system-err><![CDATA[]]></system-err>
      </testcase>
      <testcase name="Test Cases/Search/VerifySearchSugguest" time="7.592" classname="Test Cases/Search/VerifySearchSugguest" status="PASSED">
         <system-out><![CDATA[2021-03-29 09:39:16 - [TEST_CASE][PASSED] - Test Cases/Search/VerifySearchSugguest: Test Cases/Search/VerifySearchSugguest

2021-03-29 09:39:16 - [TEST_STEP][PASSED] - Start listener action : sampleBeforeTestCase: null

2021-03-29 09:39:16 - [TEST_STEP][PASSED] - println(testCaseContext.getTestCaseId()): null

2021-03-29 09:39:16 - [TEST_STEP][PASSED] - println(testCaseContext.getTestCaseVariables()): null

2021-03-29 09:39:16 - [TEST_STEP][PASSED] - Start listener action : sampleBeforeTestCase: null

2021-03-29 09:39:16 - [TEST_STEP][PASSED] - println(testCaseContext.getTestCaseId()): null

2021-03-29 09:39:16 - [TEST_STEP][PASSED] - println(testCaseContext.getTestCaseVariables()): null

2021-03-29 09:39:17 - [TEST_STEP][PASSED] - openBrowser(SourceURL): Browser is opened with url: 'https://pops.vn/'

2021-03-29 09:39:17 - [MESSAGE][INFO] - Starting 'Chrome' driver

2021-03-29 09:39:17 - [MESSAGE][INFO] - Action delay is set to 0 milliseconds

2021-03-29 09:39:19 - [MESSAGE][PASSED] - Browser is opened with url: 'https://pops.vn/'

2021-03-29 09:39:19 - [TEST_STEP][PASSED] - click(findTestObject("SearchPageUI/TEXTBOX_SEARCH")): Object: 'Object Repository/SearchPageUI/TEXTBOX_SEARCH' is clicked on

2021-03-29 09:39:21 - [MESSAGE][PASSED] - Object: 'Object Repository/SearchPageUI/TEXTBOX_SEARCH' is clicked on

2021-03-29 09:39:21 - [TEST_STEP][PASSED] - commonActions.SearchActions.verifyComicSuggest(findTestObject("SearchPageUI/COMIC_ITEMS")): commonActions.SearchActions.verifyComicSuggest is PASSED

2021-03-29 09:39:21 - [MESSAGE][INFO] - HAR: D:\Working\AUTO\KATAWEB\popstestautomation\POPSTestAutomation\Reports\20210329_092745\POPS App\POPSApp_DailySmoke\20210329_092745\requests\main\738.har

2021-03-29 09:39:21 - [MESSAGE][PASSED] - Send request successfully

2021-03-29 09:39:22 - [MESSAGE][PASSED] - Object 'Object Repository/SearchPageUI/COMIC_ITEMS' is present

2021-03-29 09:39:22 - [MESSAGE][INFO] - HAR: D:\Working\AUTO\KATAWEB\popstestautomation\POPSTestAutomation\Reports\20210329_092745\POPS App\POPSApp_DailySmoke\20210329_092745\requests\main\739.har

2021-03-29 09:39:22 - [MESSAGE][PASSED] - Send request successfully

2021-03-29 09:39:22 - [MESSAGE][PASSED] - Text of object 'Object Repository/SearchPageUI/COMIC_ITEMS' is: 'Nhất Đại Linh Hậu'

2021-03-29 09:39:22 - [MESSAGE][PASSED] - commonActions.SearchActions.verifyComicSuggest is PASSED

2021-03-29 09:39:22 - [TEST_STEP][PASSED] - commonActions.SearchActions.verifyVideoSuggest(findTestObject("SearchPageUI/VIDEO_ITEMS")): commonActions.SearchActions.verifyVideoSuggest is PASSED

2021-03-29 09:39:23 - [MESSAGE][INFO] - HAR: D:\Working\AUTO\KATAWEB\popstestautomation\POPSTestAutomation\Reports\20210329_092745\POPS App\POPSApp_DailySmoke\20210329_092745\requests\main\740.har

2021-03-29 09:39:23 - [MESSAGE][PASSED] - Send request successfully

2021-03-29 09:39:23 - [MESSAGE][PASSED] - Object 'Object Repository/SearchPageUI/VIDEO_ITEMS' is present

2021-03-29 09:39:23 - [MESSAGE][INFO] - HAR: D:\Working\AUTO\KATAWEB\popstestautomation\POPSTestAutomation\Reports\20210329_092745\POPS App\POPSApp_DailySmoke\20210329_092745\requests\main\741.har

2021-03-29 09:39:23 - [MESSAGE][PASSED] - Send request successfully

2021-03-29 09:39:23 - [MESSAGE][PASSED] - Text of object 'Object Repository/SearchPageUI/VIDEO_ITEMS' is: 'naruto'

2021-03-29 09:39:23 - [MESSAGE][PASSED] - commonActions.SearchActions.verifyVideoSuggest is PASSED

2021-03-29 09:39:23 - [TEST_STEP][PASSED] - closeBrowser(): Browser is closed

2021-03-29 09:39:24 - [MESSAGE][PASSED] - Browser is closed

2021-03-29 09:39:24 - [TEST_STEP][PASSED] - Start listener action : sampleAfterTestCase: null

2021-03-29 09:39:24 - [TEST_STEP][PASSED] - println(testCaseContext.getTestCaseId()): null

2021-03-29 09:39:24 - [TEST_STEP][PASSED] - println(testCaseContext.getTestCaseStatus()): null

2021-03-29 09:39:24 - [TEST_STEP][PASSED] - Start listener action : sampleAfterTestCase: null

2021-03-29 09:39:24 - [TEST_STEP][PASSED] - println(testCaseContext.getTestCaseId()): null

2021-03-29 09:39:24 - [TEST_STEP][PASSED] - println(testCaseContext.getTestCaseStatus()): null]]></system-out>
         <system-err><![CDATA[]]></system-err>
      </testcase>
      <testcase name="Test Cases/Clickable/VerifyClickingOnGenre" time="8.586" classname="Test Cases/Clickable/VerifyClickingOnGenre" status="PASSED">
         <system-out><![CDATA[2021-03-29 09:39:24 - [TEST_CASE][PASSED] - Test Cases/Clickable/VerifyClickingOnGenre: Test Cases/Clickable/VerifyClickingOnGenre

2021-03-29 09:39:24 - [TEST_STEP][PASSED] - Start listener action : sampleBeforeTestCase: null

2021-03-29 09:39:24 - [TEST_STEP][PASSED] - println(testCaseContext.getTestCaseId()): null

2021-03-29 09:39:24 - [TEST_STEP][PASSED] - println(testCaseContext.getTestCaseVariables()): null

2021-03-29 09:39:24 - [TEST_STEP][PASSED] - Start listener action : sampleBeforeTestCase: null

2021-03-29 09:39:24 - [TEST_STEP][PASSED] - println(testCaseContext.getTestCaseId()): null

2021-03-29 09:39:24 - [TEST_STEP][PASSED] - println(testCaseContext.getTestCaseVariables()): null

2021-03-29 09:39:24 - [TEST_STEP][PASSED] - openBrowser(SourceURL): Browser is opened with url: 'https://pops.vn/'

2021-03-29 09:39:24 - [MESSAGE][INFO] - Starting 'Chrome' driver

2021-03-29 09:39:24 - [MESSAGE][INFO] - Action delay is set to 0 milliseconds

2021-03-29 09:39:27 - [MESSAGE][PASSED] - Browser is opened with url: 'https://pops.vn/'

2021-03-29 09:39:27 - [TEST_STEP][PASSED] - maximizeWindow(): Current window maximized

2021-03-29 09:39:27 - [MESSAGE][PASSED] - Current window maximized

2021-03-29 09:39:27 - [TEST_STEP][PASSED] - commonActions.ClickableActions.clickingOnGenre(findTestObject("Object Repository/VideoDetailPageUI/TEXT_LINK_GENER")): commonActions.ClickableActions.clickingOnGenre is PASSED

2021-03-29 09:39:29 - [MESSAGE][PASSED] - Object 'Object Repository/SeriesDetailPageUI/SERIES_LIST_ITEMS' is present

2021-03-29 09:39:32 - [MESSAGE][PASSED] - Text of object 'Object Repository/SeriesDetailPageUI/GENRE_HEADER_TITLE' is: 'Anime'

2021-03-29 09:39:32 - [MESSAGE][PASSED] - commonActions.ClickableActions.clickingOnGenre is PASSED

2021-03-29 09:39:32 - [TEST_STEP][PASSED] - closeBrowser(): Browser is closed

2021-03-29 09:39:33 - [MESSAGE][PASSED] - Browser is closed

2021-03-29 09:39:33 - [TEST_STEP][PASSED] - Start listener action : sampleAfterTestCase: null

2021-03-29 09:39:33 - [TEST_STEP][PASSED] - println(testCaseContext.getTestCaseId()): null

2021-03-29 09:39:33 - [TEST_STEP][PASSED] - println(testCaseContext.getTestCaseStatus()): null

2021-03-29 09:39:33 - [TEST_STEP][PASSED] - Start listener action : sampleAfterTestCase: null

2021-03-29 09:39:33 - [TEST_STEP][PASSED] - println(testCaseContext.getTestCaseId()): null

2021-03-29 09:39:33 - [TEST_STEP][PASSED] - println(testCaseContext.getTestCaseStatus()): null]]></system-out>
         <system-err><![CDATA[]]></system-err>
      </testcase>
      <testcase name="Test Cases/Clickable/VerifyRankingcheckOnComicPage" time="30.054" classname="Test Cases/Clickable/VerifyRankingcheckOnComicPage" status="PASSED">
         <system-out><![CDATA[2021-03-29 09:39:33 - [TEST_CASE][PASSED] - Test Cases/Clickable/VerifyRankingcheckOnComicPage: Test Cases/Clickable/VerifyRankingcheckOnComicPage

2021-03-29 09:39:33 - [TEST_STEP][PASSED] - Start listener action : sampleBeforeTestCase: null

2021-03-29 09:39:33 - [TEST_STEP][PASSED] - println(testCaseContext.getTestCaseId()): null

2021-03-29 09:39:33 - [TEST_STEP][PASSED] - println(testCaseContext.getTestCaseVariables()): null

2021-03-29 09:39:33 - [TEST_STEP][PASSED] - Start listener action : sampleBeforeTestCase: null

2021-03-29 09:39:33 - [TEST_STEP][PASSED] - println(testCaseContext.getTestCaseId()): null

2021-03-29 09:39:33 - [TEST_STEP][PASSED] - println(testCaseContext.getTestCaseVariables()): null

2021-03-29 09:39:33 - [TEST_STEP][PASSED] - openBrowser(SourceURL): Browser is opened with url: 'https://pops.vn/'

2021-03-29 09:39:33 - [MESSAGE][INFO] - Starting 'Chrome' driver

2021-03-29 09:39:33 - [MESSAGE][INFO] - Action delay is set to 0 milliseconds

2021-03-29 09:39:37 - [MESSAGE][PASSED] - Browser is opened with url: 'https://pops.vn/'

2021-03-29 09:39:37 - [TEST_STEP][PASSED] - maximizeWindow(): Current window maximized

2021-03-29 09:39:37 - [MESSAGE][PASSED] - Current window maximized

2021-03-29 09:39:37 - [TEST_STEP][PASSED] - commonActions.PageActions.openComicPage(): commonActions.PageActions.openComicPage is PASSED

2021-03-29 09:39:39 - [MESSAGE][PASSED] - Object: 'Object Repository/POPS App UI/TopMenu/menu_2_Comics' is clicked on

2021-03-29 09:39:39 - [MESSAGE][PASSED] - commonActions.PageActions.openComicPage is PASSED

2021-03-29 09:39:39 - [TEST_STEP][PASSED] - commonActions.BaseActions.ScrollToFooter(): commonActions.BaseActions.ScrollToFooter is PASSED

2021-03-29 09:39:39 - [MESSAGE][PASSED] - Execute JavaScript 'window.scrollTo(0, document.body.scrollHeight)' successfully

2021-03-29 09:39:41 - [MESSAGE][PASSED] - Delayed 2 second(s)

2021-03-29 09:39:42 - [MESSAGE][WARNING] - Object 'Object Repository/POPS App UI/Footer/POPS_Logo_In_Footer' is present but is not visible in viewport (Root cause: com.kms.katalon.core.exception.StepFailedException: Object 'Object Repository/POPS App UI/Footer/POPS_Logo_In_Footer' is present but is not visible in viewport
	at com.kms.katalon.core.webui.keyword.internal.WebUIKeywordMain.stepFailed(WebUIKeywordMain.groovy:64)
	at com.kms.katalon.core.webui.keyword.builtin.VerifyElementVisibleInViewportKeyword$_verifyElementVisibleInViewport_closure1.doCall(VerifyElementVisibleInViewportKeyword.groovy:79)
	at com.kms.katalon.core.webui.keyword.builtin.VerifyElementVisibleInViewportKeyword$_verifyElementVisibleInViewport_closure1.call(VerifyElementVisibleInViewportKeyword.groovy)
	at com.kms.katalon.core.webui.keyword.internal.WebUIKeywordMain.runKeyword(WebUIKeywordMain.groovy:20)
	at com.kms.katalon.core.webui.keyword.builtin.VerifyElementVisibleInViewportKeyword.verifyElementVisibleInViewport(VerifyElementVisibleInViewportKeyword.groovy:86)
	at com.kms.katalon.core.webui.keyword.builtin.VerifyElementVisibleInViewportKeyword.execute(VerifyElementVisibleInViewportKeyword.groovy:68)
	at com.kms.katalon.core.keyword.internal.KeywordExecutor.executeKeywordForPlatform(KeywordExecutor.groovy:73)
	at com.kms.katalon.core.webui.keyword.WebUiBuiltInKeywords.verifyElementInViewport(WebUiBuiltInKeywords.groovy:4050)
	at com.kms.katalon.core.webui.keyword.WebUiBuiltInKeywords$verifyElementInViewport$3.call(Unknown Source)
	at commonActions.BaseActions.ScrollToFooter(BaseActions.groovy:44)
	at commonActions.BaseActions.invokeMethod(BaseActions.groovy)
	at com.kms.katalon.core.main.CustomKeywordDelegatingMetaClass.invokeStaticMethod(CustomKeywordDelegatingMetaClass.java:50)
	at VerifyRankingcheckOnComicPage.run(VerifyRankingcheckOnComicPage:24)
	at com.kms.katalon.core.main.ScriptEngine.run(ScriptEngine.java:194)
	at com.kms.katalon.core.main.ScriptEngine.runScriptAsRawText(ScriptEngine.java:119)
	at com.kms.katalon.core.main.TestCaseExecutor.runScript(TestCaseExecutor.java:398)
	at com.kms.katalon.core.main.TestCaseExecutor.doExecute(TestCaseExecutor.java:389)
	at com.kms.katalon.core.main.TestCaseExecutor.processExecutionPhase(TestCaseExecutor.java:368)
	at com.kms.katalon.core.main.TestCaseExecutor.accessMainPhase(TestCaseExecutor.java:360)
	at com.kms.katalon.core.main.TestCaseExecutor.execute(TestCaseExecutor.java:255)
	at com.kms.katalon.core.main.TestSuiteExecutor.accessTestCaseMainPhase(TestSuiteExecutor.java:203)
	at com.kms.katalon.core.main.TestSuiteExecutor.accessTestSuiteMainPhase(TestSuiteExecutor.java:152)
	at com.kms.katalon.core.main.TestSuiteExecutor.execute(TestSuiteExecutor.java:95)
	at com.kms.katalon.core.main.TestCaseMain.startTestSuite(TestCaseMain.java:157)
	at com.kms.katalon.core.main.TestCaseMain$startTestSuite$0.call(Unknown Source)
	at TempTestSuite1616984865844.run(TempTestSuite1616984865844.groovy:39)
)
[[ATTACHMENT|D:\\Working\\AUTO\\KATAWEB\\popstestautomation\\POPSTestAutomation\\Reports\\20210329_092745\\POPS App\\POPSApp_DailySmoke\\20210329_092745\\1616985581961.png]]

2021-03-29 09:39:42 - [MESSAGE][PASSED] - Execute JavaScript 'window.scrollTo(0, document.body.scrollHeight)' successfully

2021-03-29 09:39:44 - [MESSAGE][PASSED] - Delayed 2 second(s)

2021-03-29 09:39:45 - [MESSAGE][WARNING] - Object 'Object Repository/POPS App UI/Footer/POPS_Logo_In_Footer' is present but is not visible in viewport (Root cause: com.kms.katalon.core.exception.StepFailedException: Object 'Object Repository/POPS App UI/Footer/POPS_Logo_In_Footer' is present but is not visible in viewport
	at com.kms.katalon.core.webui.keyword.internal.WebUIKeywordMain.stepFailed(WebUIKeywordMain.groovy:64)
	at com.kms.katalon.core.webui.keyword.builtin.VerifyElementVisibleInViewportKeyword$_verifyElementVisibleInViewport_closure1.doCall(VerifyElementVisibleInViewportKeyword.groovy:79)
	at com.kms.katalon.core.webui.keyword.builtin.VerifyElementVisibleInViewportKeyword$_verifyElementVisibleInViewport_closure1.call(VerifyElementVisibleInViewportKeyword.groovy)
	at com.kms.katalon.core.webui.keyword.internal.WebUIKeywordMain.runKeyword(WebUIKeywordMain.groovy:20)
	at com.kms.katalon.core.webui.keyword.builtin.VerifyElementVisibleInViewportKeyword.verifyElementVisibleInViewport(VerifyElementVisibleInViewportKeyword.groovy:86)
	at com.kms.katalon.core.webui.keyword.builtin.VerifyElementVisibleInViewportKeyword.execute(VerifyElementVisibleInViewportKeyword.groovy:68)
	at com.kms.katalon.core.keyword.internal.KeywordExecutor.executeKeywordForPlatform(KeywordExecutor.groovy:73)
	at com.kms.katalon.core.webui.keyword.WebUiBuiltInKeywords.verifyElementInViewport(WebUiBuiltInKeywords.groovy:4050)
	at com.kms.katalon.core.webui.keyword.WebUiBuiltInKeywords$verifyElementInViewport$3.call(Unknown Source)
	at commonActions.BaseActions.ScrollToFooter(BaseActions.groovy:44)
	at commonActions.BaseActions.invokeMethod(BaseActions.groovy)
	at com.kms.katalon.core.main.CustomKeywordDelegatingMetaClass.invokeStaticMethod(CustomKeywordDelegatingMetaClass.java:50)
	at VerifyRankingcheckOnComicPage.run(VerifyRankingcheckOnComicPage:24)
	at com.kms.katalon.core.main.ScriptEngine.run(ScriptEngine.java:194)
	at com.kms.katalon.core.main.ScriptEngine.runScriptAsRawText(ScriptEngine.java:119)
	at com.kms.katalon.core.main.TestCaseExecutor.runScript(TestCaseExecutor.java:398)
	at com.kms.katalon.core.main.TestCaseExecutor.doExecute(TestCaseExecutor.java:389)
	at com.kms.katalon.core.main.TestCaseExecutor.processExecutionPhase(TestCaseExecutor.java:368)
	at com.kms.katalon.core.main.TestCaseExecutor.accessMainPhase(TestCaseExecutor.java:360)
	at com.kms.katalon.core.main.TestCaseExecutor.execute(TestCaseExecutor.java:255)
	at com.kms.katalon.core.main.TestSuiteExecutor.accessTestCaseMainPhase(TestSuiteExecutor.java:203)
	at com.kms.katalon.core.main.TestSuiteExecutor.accessTestSuiteMainPhase(TestSuiteExecutor.java:152)
	at com.kms.katalon.core.main.TestSuiteExecutor.execute(TestSuiteExecutor.java:95)
	at com.kms.katalon.core.main.TestCaseMain.startTestSuite(TestCaseMain.java:157)
	at com.kms.katalon.core.main.TestCaseMain$startTestSuite$0.call(Unknown Source)
	at TempTestSuite1616984865844.run(TempTestSuite1616984865844.groovy:39)
)
[[ATTACHMENT|D:\\Working\\AUTO\\KATAWEB\\popstestautomation\\POPSTestAutomation\\Reports\\20210329_092745\\POPS App\\POPSApp_DailySmoke\\20210329_092745\\1616985585239.png]]

2021-03-29 09:39:46 - [MESSAGE][PASSED] - Execute JavaScript 'window.scrollTo(0, document.body.scrollHeight)' successfully

2021-03-29 09:39:48 - [MESSAGE][PASSED] - Delayed 2 second(s)

2021-03-29 09:39:48 - [MESSAGE][WARNING] - Object 'Object Repository/POPS App UI/Footer/POPS_Logo_In_Footer' is present but is not visible in viewport (Root cause: com.kms.katalon.core.exception.StepFailedException: Object 'Object Repository/POPS App UI/Footer/POPS_Logo_In_Footer' is present but is not visible in viewport
	at com.kms.katalon.core.webui.keyword.internal.WebUIKeywordMain.stepFailed(WebUIKeywordMain.groovy:64)
	at com.kms.katalon.core.webui.keyword.builtin.VerifyElementVisibleInViewportKeyword$_verifyElementVisibleInViewport_closure1.doCall(VerifyElementVisibleInViewportKeyword.groovy:79)
	at com.kms.katalon.core.webui.keyword.builtin.VerifyElementVisibleInViewportKeyword$_verifyElementVisibleInViewport_closure1.call(VerifyElementVisibleInViewportKeyword.groovy)
	at com.kms.katalon.core.webui.keyword.internal.WebUIKeywordMain.runKeyword(WebUIKeywordMain.groovy:20)
	at com.kms.katalon.core.webui.keyword.builtin.VerifyElementVisibleInViewportKeyword.verifyElementVisibleInViewport(VerifyElementVisibleInViewportKeyword.groovy:86)
	at com.kms.katalon.core.webui.keyword.builtin.VerifyElementVisibleInViewportKeyword.execute(VerifyElementVisibleInViewportKeyword.groovy:68)
	at com.kms.katalon.core.keyword.internal.KeywordExecutor.executeKeywordForPlatform(KeywordExecutor.groovy:73)
	at com.kms.katalon.core.webui.keyword.WebUiBuiltInKeywords.verifyElementInViewport(WebUiBuiltInKeywords.groovy:4050)
	at com.kms.katalon.core.webui.keyword.WebUiBuiltInKeywords$verifyElementInViewport$3.call(Unknown Source)
	at commonActions.BaseActions.ScrollToFooter(BaseActions.groovy:44)
	at commonActions.BaseActions.invokeMethod(BaseActions.groovy)
	at com.kms.katalon.core.main.CustomKeywordDelegatingMetaClass.invokeStaticMethod(CustomKeywordDelegatingMetaClass.java:50)
	at VerifyRankingcheckOnComicPage.run(VerifyRankingcheckOnComicPage:24)
	at com.kms.katalon.core.main.ScriptEngine.run(ScriptEngine.java:194)
	at com.kms.katalon.core.main.ScriptEngine.runScriptAsRawText(ScriptEngine.java:119)
	at com.kms.katalon.core.main.TestCaseExecutor.runScript(TestCaseExecutor.java:398)
	at com.kms.katalon.core.main.TestCaseExecutor.doExecute(TestCaseExecutor.java:389)
	at com.kms.katalon.core.main.TestCaseExecutor.processExecutionPhase(TestCaseExecutor.java:368)
	at com.kms.katalon.core.main.TestCaseExecutor.accessMainPhase(TestCaseExecutor.java:360)
	at com.kms.katalon.core.main.TestCaseExecutor.execute(TestCaseExecutor.java:255)
	at com.kms.katalon.core.main.TestSuiteExecutor.accessTestCaseMainPhase(TestSuiteExecutor.java:203)
	at com.kms.katalon.core.main.TestSuiteExecutor.accessTestSuiteMainPhase(TestSuiteExecutor.java:152)
	at com.kms.katalon.core.main.TestSuiteExecutor.execute(TestSuiteExecutor.java:95)
	at com.kms.katalon.core.main.TestCaseMain.startTestSuite(TestCaseMain.java:157)
	at com.kms.katalon.core.main.TestCaseMain$startTestSuite$0.call(Unknown Source)
	at TempTestSuite1616984865844.run(TempTestSuite1616984865844.groovy:39)
)
[[ATTACHMENT|D:\\Working\\AUTO\\KATAWEB\\popstestautomation\\POPSTestAutomation\\Reports\\20210329_092745\\POPS App\\POPSApp_DailySmoke\\20210329_092745\\1616985588291.png]]

2021-03-29 09:39:49 - [MESSAGE][PASSED] - Execute JavaScript 'window.scrollTo(0, document.body.scrollHeight)' successfully

2021-03-29 09:39:51 - [MESSAGE][PASSED] - Delayed 2 second(s)

2021-03-29 09:39:54 - [MESSAGE][WARNING] - Object 'Object Repository/POPS App UI/Footer/POPS_Logo_In_Footer' is present but is not visible in viewport (Root cause: com.kms.katalon.core.exception.StepFailedException: Object 'Object Repository/POPS App UI/Footer/POPS_Logo_In_Footer' is present but is not visible in viewport
	at com.kms.katalon.core.webui.keyword.internal.WebUIKeywordMain.stepFailed(WebUIKeywordMain.groovy:64)
	at com.kms.katalon.core.webui.keyword.builtin.VerifyElementVisibleInViewportKeyword$_verifyElementVisibleInViewport_closure1.doCall(VerifyElementVisibleInViewportKeyword.groovy:79)
	at com.kms.katalon.core.webui.keyword.builtin.VerifyElementVisibleInViewportKeyword$_verifyElementVisibleInViewport_closure1.call(VerifyElementVisibleInViewportKeyword.groovy)
	at com.kms.katalon.core.webui.keyword.internal.WebUIKeywordMain.runKeyword(WebUIKeywordMain.groovy:20)
	at com.kms.katalon.core.webui.keyword.builtin.VerifyElementVisibleInViewportKeyword.verifyElementVisibleInViewport(VerifyElementVisibleInViewportKeyword.groovy:86)
	at com.kms.katalon.core.webui.keyword.builtin.VerifyElementVisibleInViewportKeyword.execute(VerifyElementVisibleInViewportKeyword.groovy:68)
	at com.kms.katalon.core.keyword.internal.KeywordExecutor.executeKeywordForPlatform(KeywordExecutor.groovy:73)
	at com.kms.katalon.core.webui.keyword.WebUiBuiltInKeywords.verifyElementInViewport(WebUiBuiltInKeywords.groovy:4050)
	at com.kms.katalon.core.webui.keyword.WebUiBuiltInKeywords$verifyElementInViewport$3.call(Unknown Source)
	at commonActions.BaseActions.ScrollToFooter(BaseActions.groovy:44)
	at commonActions.BaseActions.invokeMethod(BaseActions.groovy)
	at com.kms.katalon.core.main.CustomKeywordDelegatingMetaClass.invokeStaticMethod(CustomKeywordDelegatingMetaClass.java:50)
	at VerifyRankingcheckOnComicPage.run(VerifyRankingcheckOnComicPage:24)
	at com.kms.katalon.core.main.ScriptEngine.run(ScriptEngine.java:194)
	at com.kms.katalon.core.main.ScriptEngine.runScriptAsRawText(ScriptEngine.java:119)
	at com.kms.katalon.core.main.TestCaseExecutor.runScript(TestCaseExecutor.java:398)
	at com.kms.katalon.core.main.TestCaseExecutor.doExecute(TestCaseExecutor.java:389)
	at com.kms.katalon.core.main.TestCaseExecutor.processExecutionPhase(TestCaseExecutor.java:368)
	at com.kms.katalon.core.main.TestCaseExecutor.accessMainPhase(TestCaseExecutor.java:360)
	at com.kms.katalon.core.main.TestCaseExecutor.execute(TestCaseExecutor.java:255)
	at com.kms.katalon.core.main.TestSuiteExecutor.accessTestCaseMainPhase(TestSuiteExecutor.java:203)
	at com.kms.katalon.core.main.TestSuiteExecutor.accessTestSuiteMainPhase(TestSuiteExecutor.java:152)
	at com.kms.katalon.core.main.TestSuiteExecutor.execute(TestSuiteExecutor.java:95)
	at com.kms.katalon.core.main.TestCaseMain.startTestSuite(TestCaseMain.java:157)
	at com.kms.katalon.core.main.TestCaseMain$startTestSuite$0.call(Unknown Source)
	at TempTestSuite1616984865844.run(TempTestSuite1616984865844.groovy:39)
)
[[ATTACHMENT|D:\\Working\\AUTO\\KATAWEB\\popstestautomation\\POPSTestAutomation\\Reports\\20210329_092745\\POPS App\\POPSApp_DailySmoke\\20210329_092745\\1616985593642.png]]

2021-03-29 09:39:54 - [MESSAGE][PASSED] - Execute JavaScript 'window.scrollTo(0, document.body.scrollHeight)' successfully

2021-03-29 09:39:56 - [MESSAGE][PASSED] - Delayed 2 second(s)

2021-03-29 09:39:57 - [MESSAGE][WARNING] - Object 'Object Repository/POPS App UI/Footer/POPS_Logo_In_Footer' is present but is not visible in viewport (Root cause: com.kms.katalon.core.exception.StepFailedException: Object 'Object Repository/POPS App UI/Footer/POPS_Logo_In_Footer' is present but is not visible in viewport
	at com.kms.katalon.core.webui.keyword.internal.WebUIKeywordMain.stepFailed(WebUIKeywordMain.groovy:64)
	at com.kms.katalon.core.webui.keyword.builtin.VerifyElementVisibleInViewportKeyword$_verifyElementVisibleInViewport_closure1.doCall(VerifyElementVisibleInViewportKeyword.groovy:79)
	at com.kms.katalon.core.webui.keyword.builtin.VerifyElementVisibleInViewportKeyword$_verifyElementVisibleInViewport_closure1.call(VerifyElementVisibleInViewportKeyword.groovy)
	at com.kms.katalon.core.webui.keyword.internal.WebUIKeywordMain.runKeyword(WebUIKeywordMain.groovy:20)
	at com.kms.katalon.core.webui.keyword.builtin.VerifyElementVisibleInViewportKeyword.verifyElementVisibleInViewport(VerifyElementVisibleInViewportKeyword.groovy:86)
	at com.kms.katalon.core.webui.keyword.builtin.VerifyElementVisibleInViewportKeyword.execute(VerifyElementVisibleInViewportKeyword.groovy:68)
	at com.kms.katalon.core.keyword.internal.KeywordExecutor.executeKeywordForPlatform(KeywordExecutor.groovy:73)
	at com.kms.katalon.core.webui.keyword.WebUiBuiltInKeywords.verifyElementInViewport(WebUiBuiltInKeywords.groovy:4050)
	at com.kms.katalon.core.webui.keyword.WebUiBuiltInKeywords$verifyElementInViewport$3.call(Unknown Source)
	at commonActions.BaseActions.ScrollToFooter(BaseActions.groovy:44)
	at commonActions.BaseActions.invokeMethod(BaseActions.groovy)
	at com.kms.katalon.core.main.CustomKeywordDelegatingMetaClass.invokeStaticMethod(CustomKeywordDelegatingMetaClass.java:50)
	at VerifyRankingcheckOnComicPage.run(VerifyRankingcheckOnComicPage:24)
	at com.kms.katalon.core.main.ScriptEngine.run(ScriptEngine.java:194)
	at com.kms.katalon.core.main.ScriptEngine.runScriptAsRawText(ScriptEngine.java:119)
	at com.kms.katalon.core.main.TestCaseExecutor.runScript(TestCaseExecutor.java:398)
	at com.kms.katalon.core.main.TestCaseExecutor.doExecute(TestCaseExecutor.java:389)
	at com.kms.katalon.core.main.TestCaseExecutor.processExecutionPhase(TestCaseExecutor.java:368)
	at com.kms.katalon.core.main.TestCaseExecutor.accessMainPhase(TestCaseExecutor.java:360)
	at com.kms.katalon.core.main.TestCaseExecutor.execute(TestCaseExecutor.java:255)
	at com.kms.katalon.core.main.TestSuiteExecutor.accessTestCaseMainPhase(TestSuiteExecutor.java:203)
	at com.kms.katalon.core.main.TestSuiteExecutor.accessTestSuiteMainPhase(TestSuiteExecutor.java:152)
	at com.kms.katalon.core.main.TestSuiteExecutor.execute(TestSuiteExecutor.java:95)
	at com.kms.katalon.core.main.TestCaseMain.startTestSuite(TestCaseMain.java:157)
	at com.kms.katalon.core.main.TestCaseMain$startTestSuite$0.call(Unknown Source)
	at TempTestSuite1616984865844.run(TempTestSuite1616984865844.groovy:39)
)
[[ATTACHMENT|D:\\Working\\AUTO\\KATAWEB\\popstestautomation\\POPSTestAutomation\\Reports\\20210329_092745\\POPS App\\POPSApp_DailySmoke\\20210329_092745\\1616985596738.png]]

2021-03-29 09:39:57 - [MESSAGE][PASSED] - Execute JavaScript 'window.scrollTo(0, document.body.scrollHeight)' successfully

2021-03-29 09:39:59 - [MESSAGE][PASSED] - Delayed 2 second(s)

2021-03-29 09:40:00 - [MESSAGE][WARNING] - Object 'Object Repository/POPS App UI/Footer/POPS_Logo_In_Footer' is present but is not visible in viewport (Root cause: com.kms.katalon.core.exception.StepFailedException: Object 'Object Repository/POPS App UI/Footer/POPS_Logo_In_Footer' is present but is not visible in viewport
	at com.kms.katalon.core.webui.keyword.internal.WebUIKeywordMain.stepFailed(WebUIKeywordMain.groovy:64)
	at com.kms.katalon.core.webui.keyword.builtin.VerifyElementVisibleInViewportKeyword$_verifyElementVisibleInViewport_closure1.doCall(VerifyElementVisibleInViewportKeyword.groovy:79)
	at com.kms.katalon.core.webui.keyword.builtin.VerifyElementVisibleInViewportKeyword$_verifyElementVisibleInViewport_closure1.call(VerifyElementVisibleInViewportKeyword.groovy)
	at com.kms.katalon.core.webui.keyword.internal.WebUIKeywordMain.runKeyword(WebUIKeywordMain.groovy:20)
	at com.kms.katalon.core.webui.keyword.builtin.VerifyElementVisibleInViewportKeyword.verifyElementVisibleInViewport(VerifyElementVisibleInViewportKeyword.groovy:86)
	at com.kms.katalon.core.webui.keyword.builtin.VerifyElementVisibleInViewportKeyword.execute(VerifyElementVisibleInViewportKeyword.groovy:68)
	at com.kms.katalon.core.keyword.internal.KeywordExecutor.executeKeywordForPlatform(KeywordExecutor.groovy:73)
	at com.kms.katalon.core.webui.keyword.WebUiBuiltInKeywords.verifyElementInViewport(WebUiBuiltInKeywords.groovy:4050)
	at com.kms.katalon.core.webui.keyword.WebUiBuiltInKeywords$verifyElementInViewport$3.call(Unknown Source)
	at commonActions.BaseActions.ScrollToFooter(BaseActions.groovy:44)
	at commonActions.BaseActions.invokeMethod(BaseActions.groovy)
	at com.kms.katalon.core.main.CustomKeywordDelegatingMetaClass.invokeStaticMethod(CustomKeywordDelegatingMetaClass.java:50)
	at VerifyRankingcheckOnComicPage.run(VerifyRankingcheckOnComicPage:24)
	at com.kms.katalon.core.main.ScriptEngine.run(ScriptEngine.java:194)
	at com.kms.katalon.core.main.ScriptEngine.runScriptAsRawText(ScriptEngine.java:119)
	at com.kms.katalon.core.main.TestCaseExecutor.runScript(TestCaseExecutor.java:398)
	at com.kms.katalon.core.main.TestCaseExecutor.doExecute(TestCaseExecutor.java:389)
	at com.kms.katalon.core.main.TestCaseExecutor.processExecutionPhase(TestCaseExecutor.java:368)
	at com.kms.katalon.core.main.TestCaseExecutor.accessMainPhase(TestCaseExecutor.java:360)
	at com.kms.katalon.core.main.TestCaseExecutor.execute(TestCaseExecutor.java:255)
	at com.kms.katalon.core.main.TestSuiteExecutor.accessTestCaseMainPhase(TestSuiteExecutor.java:203)
	at com.kms.katalon.core.main.TestSuiteExecutor.accessTestSuiteMainPhase(TestSuiteExecutor.java:152)
	at com.kms.katalon.core.main.TestSuiteExecutor.execute(TestSuiteExecutor.java:95)
	at com.kms.katalon.core.main.TestCaseMain.startTestSuite(TestCaseMain.java:157)
	at com.kms.katalon.core.main.TestCaseMain$startTestSuite$0.call(Unknown Source)
	at TempTestSuite1616984865844.run(TempTestSuite1616984865844.groovy:39)
)
[[ATTACHMENT|D:\\Working\\AUTO\\KATAWEB\\popstestautomation\\POPSTestAutomation\\Reports\\20210329_092745\\POPS App\\POPSApp_DailySmoke\\20210329_092745\\1616985599832.png]]

2021-03-29 09:40:00 - [MESSAGE][PASSED] - Execute JavaScript 'window.scrollTo(0, document.body.scrollHeight)' successfully

2021-03-29 09:40:02 - [MESSAGE][PASSED] - Delayed 2 second(s)

2021-03-29 09:40:02 - [MESSAGE][PASSED] - Object 'Object Repository/POPS App UI/Footer/POPS_Logo_In_Footer' is present and visible in viewport

2021-03-29 09:40:02 - [MESSAGE][PASSED] - commonActions.BaseActions.ScrollToFooter is PASSED

2021-03-29 09:40:02 - [TEST_STEP][PASSED] - commonActions.Comics.CheckComicRankingDisplay20Items(findTestObject("ComicPageUI/COMIC_RANKING_SECTION")): commonActions.Comics.CheckComicRankingDisplay20Items is PASSED

2021-03-29 09:40:03 - [MESSAGE][PASSED] - commonActions.Comics.CheckComicRankingDisplay20Items is PASSED

2021-03-29 09:40:03 - [TEST_STEP][PASSED] - Start listener action : sampleAfterTestCase: null

2021-03-29 09:40:03 - [TEST_STEP][PASSED] - println(testCaseContext.getTestCaseId()): null

2021-03-29 09:40:03 - [TEST_STEP][PASSED] - println(testCaseContext.getTestCaseStatus()): null

2021-03-29 09:40:03 - [TEST_STEP][PASSED] - Start listener action : sampleAfterTestCase: null

2021-03-29 09:40:03 - [TEST_STEP][PASSED] - println(testCaseContext.getTestCaseId()): null

2021-03-29 09:40:03 - [TEST_STEP][PASSED] - println(testCaseContext.getTestCaseStatus()): null]]></system-out>
         <system-err><![CDATA[]]></system-err>
      </testcase>
      <testcase name="Test Cases/AddToMyList/VerifyClickOnAddToMyList" time="33.812" classname="Test Cases/AddToMyList/VerifyClickOnAddToMyList" status="PASSED">
         <system-out><![CDATA[2021-03-29 09:40:03 - [TEST_CASE][PASSED] - Test Cases/AddToMyList/VerifyClickOnAddToMyList: Test Cases/AddToMyList/VerifyClickOnAddToMyList

2021-03-29 09:40:03 - [TEST_STEP][PASSED] - Start listener action : sampleBeforeTestCase: null

2021-03-29 09:40:03 - [TEST_STEP][PASSED] - println(testCaseContext.getTestCaseId()): null

2021-03-29 09:40:03 - [TEST_STEP][PASSED] - println(testCaseContext.getTestCaseVariables()): null

2021-03-29 09:40:03 - [TEST_STEP][PASSED] - Start listener action : sampleBeforeTestCase: null

2021-03-29 09:40:03 - [TEST_STEP][PASSED] - println(testCaseContext.getTestCaseId()): null

2021-03-29 09:40:03 - [TEST_STEP][PASSED] - println(testCaseContext.getTestCaseVariables()): null

2021-03-29 09:40:03 - [TEST_STEP][PASSED] - openBrowser(SourceURL): Browser is opened with url: 'https://pops.vn/'

2021-03-29 09:40:03 - [MESSAGE][WARNING] - A browser is already opened. Closing browser and opening a new one

2021-03-29 09:40:03 - [MESSAGE][INFO] - Starting 'Chrome' driver

2021-03-29 09:40:03 - [MESSAGE][INFO] - Action delay is set to 0 milliseconds

2021-03-29 09:40:06 - [MESSAGE][PASSED] - Browser is opened with url: 'https://pops.vn/'

2021-03-29 09:40:06 - [TEST_STEP][PASSED] - maximizeWindow(): Current window maximized

2021-03-29 09:40:06 - [MESSAGE][PASSED] - Current window maximized

2021-03-29 09:40:06 - [TEST_STEP][PASSED] - commonActions.PageActions.openVideoPage(): commonActions.PageActions.openVideoPage is PASSED

2021-03-29 09:40:08 - [MESSAGE][PASSED] - Object: 'Object Repository/SearchPageUI/TEXTBOX_SEARCH' is clicked on

2021-03-29 09:40:08 - [MESSAGE][WARNING] - Timeout '0' is invalid. Using default page load timeout: '30'

2021-03-29 09:40:09 - [MESSAGE][PASSED] - Object 'Object Repository/SearchPageUI/TEXTBOX_SEARCH' is present

2021-03-29 09:40:09 - [MESSAGE][PASSED] - Text of object 'Object Repository/SearchPageUI/TEXTBOX_SEARCH' is cleared

2021-03-29 09:40:09 - [MESSAGE][PASSED] - Text 'conan' is set on object 'Object Repository/SearchPageUI/TEXTBOX_SEARCH'

2021-03-29 09:40:10 - [MESSAGE][PASSED] - Object: 'Object Repository/SearchPageUI/ICON_SEARCH_BUTTON' is clicked on

2021-03-29 09:40:10 - [MESSAGE][WARNING] - Timeout '0' is invalid. Using default page load timeout: '30'

2021-03-29 09:40:12 - [MESSAGE][PASSED] - Object 'Object Repository/SearchPageUI/RESULT_ELEMENTS' is present

2021-03-29 09:40:13 - [MESSAGE][PASSED] - commonActions.PageActions.openVideoPage is PASSED

2021-03-29 09:40:13 - [TEST_STEP][PASSED] - commonActions.ClickableActions.addToMyList(): commonActions.ClickableActions.addToMyList is PASSED

2021-03-29 09:40:13 - [MESSAGE][WARNING] - Timeout '0' is invalid. Using default page load timeout: '30'

2021-03-29 09:40:32 - [MESSAGE][PASSED] - Execute JavaScript 'arguments[0].click()' successfully

2021-03-29 09:40:33 - [MESSAGE][PASSED] - Text of object 'Object Repository/MyListPageUI/TEXT_SAVED_VIDEO' is: ' Đã Lưu'

2021-03-29 09:40:33 - [MESSAGE][PASSED] - Text of object 'Object Repository/VideoDetailPageUI/CURRENT_VIDEO_TITLE_TEXT' is: 'Conan - Superclip 92: Trụ sở cảnh sát run sợ bởi 12 triệu con tin'

2021-03-29 09:40:34 - [MESSAGE][PASSED] - Object: 'Object Repository/POPS App UI/TopMenu/menu_5_Them' is clicked on

2021-03-29 09:40:35 - [MESSAGE][PASSED] - Object: 'Object Repository/MyListPageUI/BUTTON_MY_LIST_INMOREPAGE' is clicked on

2021-03-29 09:40:36 - [MESSAGE][PASSED] - Object 'Object Repository/MyListPageUI/TEXT_TITLE_NAME' is visible

2021-03-29 09:40:36 - [MESSAGE][PASSED] - Text of object 'Object Repository/MyListPageUI/TEXT_TITLE_NAME' is: 'Conan - Superclip 92: Trụ sở cảnh sát run sợ bởi 12 triệu con tin'

2021-03-29 09:40:36 - [MESSAGE][PASSED] - commonActions.ClickableActions.addToMyList is PASSED

2021-03-29 09:40:36 - [TEST_STEP][PASSED] - closeBrowser(): Browser is closed

2021-03-29 09:40:36 - [MESSAGE][PASSED] - Browser is closed

2021-03-29 09:40:36 - [TEST_STEP][PASSED] - Start listener action : sampleAfterTestCase: null

2021-03-29 09:40:36 - [TEST_STEP][PASSED] - println(testCaseContext.getTestCaseId()): null

2021-03-29 09:40:36 - [TEST_STEP][PASSED] - println(testCaseContext.getTestCaseStatus()): null

2021-03-29 09:40:36 - [TEST_STEP][PASSED] - Start listener action : sampleAfterTestCase: null

2021-03-29 09:40:36 - [TEST_STEP][PASSED] - println(testCaseContext.getTestCaseId()): null

2021-03-29 09:40:36 - [TEST_STEP][PASSED] - println(testCaseContext.getTestCaseStatus()): null]]></system-out>
         <system-err><![CDATA[]]></system-err>
      </testcase>
      <testcase name="Test Cases/AddToMyList/VerifyMyListShowValidData" time="34.88" classname="Test Cases/AddToMyList/VerifyMyListShowValidData" status="PASSED">
         <system-out><![CDATA[2021-03-29 09:40:36 - [TEST_CASE][PASSED] - Test Cases/AddToMyList/VerifyMyListShowValidData: Test Cases/AddToMyList/VerifyMyListShowValidData

2021-03-29 09:40:36 - [TEST_STEP][PASSED] - Start listener action : sampleBeforeTestCase: null

2021-03-29 09:40:36 - [TEST_STEP][PASSED] - println(testCaseContext.getTestCaseId()): null

2021-03-29 09:40:36 - [TEST_STEP][PASSED] - println(testCaseContext.getTestCaseVariables()): null

2021-03-29 09:40:36 - [TEST_STEP][PASSED] - Start listener action : sampleBeforeTestCase: null

2021-03-29 09:40:36 - [TEST_STEP][PASSED] - println(testCaseContext.getTestCaseId()): null

2021-03-29 09:40:36 - [TEST_STEP][PASSED] - println(testCaseContext.getTestCaseVariables()): null

2021-03-29 09:40:37 - [TEST_STEP][PASSED] - openBrowser(SourceURL): Browser is opened with url: 'https://pops.vn/'

2021-03-29 09:40:37 - [MESSAGE][INFO] - Starting 'Chrome' driver

2021-03-29 09:40:37 - [MESSAGE][INFO] - Action delay is set to 0 milliseconds

2021-03-29 09:40:39 - [MESSAGE][PASSED] - Browser is opened with url: 'https://pops.vn/'

2021-03-29 09:40:39 - [TEST_STEP][PASSED] - maximizeWindow(): Current window maximized

2021-03-29 09:40:39 - [MESSAGE][PASSED] - Current window maximized

2021-03-29 09:40:39 - [TEST_STEP][PASSED] - commonActions.PageActions.openVideoPage(): commonActions.PageActions.openVideoPage is PASSED

2021-03-29 09:40:42 - [MESSAGE][PASSED] - Object: 'Object Repository/SearchPageUI/TEXTBOX_SEARCH' is clicked on

2021-03-29 09:40:42 - [MESSAGE][WARNING] - Timeout '0' is invalid. Using default page load timeout: '30'

2021-03-29 09:40:42 - [MESSAGE][PASSED] - Object 'Object Repository/SearchPageUI/TEXTBOX_SEARCH' is present

2021-03-29 09:40:42 - [MESSAGE][PASSED] - Text of object 'Object Repository/SearchPageUI/TEXTBOX_SEARCH' is cleared

2021-03-29 09:40:43 - [MESSAGE][PASSED] - Text 'conan' is set on object 'Object Repository/SearchPageUI/TEXTBOX_SEARCH'

2021-03-29 09:40:44 - [MESSAGE][PASSED] - Object: 'Object Repository/SearchPageUI/ICON_SEARCH_BUTTON' is clicked on

2021-03-29 09:40:44 - [MESSAGE][WARNING] - Timeout '0' is invalid. Using default page load timeout: '30'

2021-03-29 09:40:45 - [MESSAGE][PASSED] - Object 'Object Repository/SearchPageUI/RESULT_ELEMENTS' is present

2021-03-29 09:40:47 - [MESSAGE][PASSED] - commonActions.PageActions.openVideoPage is PASSED

2021-03-29 09:40:47 - [TEST_STEP][PASSED] - commonActions.ClickableActions.addToMyList(): commonActions.ClickableActions.addToMyList is PASSED

2021-03-29 09:40:47 - [MESSAGE][WARNING] - Timeout '0' is invalid. Using default page load timeout: '30'

2021-03-29 09:41:07 - [MESSAGE][PASSED] - Execute JavaScript 'arguments[0].click()' successfully

2021-03-29 09:41:08 - [MESSAGE][PASSED] - Text of object 'Object Repository/MyListPageUI/TEXT_SAVED_VIDEO' is: ' Đã Lưu'

2021-03-29 09:41:08 - [MESSAGE][PASSED] - Text of object 'Object Repository/VideoDetailPageUI/CURRENT_VIDEO_TITLE_TEXT' is: 'Conan - Superclip 92: Trụ sở cảnh sát run sợ bởi 12 triệu con tin'

2021-03-29 09:41:09 - [MESSAGE][PASSED] - Object: 'Object Repository/POPS App UI/TopMenu/menu_5_Them' is clicked on

2021-03-29 09:41:10 - [MESSAGE][PASSED] - Object: 'Object Repository/MyListPageUI/BUTTON_MY_LIST_INMOREPAGE' is clicked on

2021-03-29 09:41:10 - [MESSAGE][PASSED] - Object 'Object Repository/MyListPageUI/TEXT_TITLE_NAME' is visible

2021-03-29 09:41:11 - [MESSAGE][PASSED] - Text of object 'Object Repository/MyListPageUI/TEXT_TITLE_NAME' is: 'Conan - Superclip 92: Trụ sở cảnh sát run sợ bởi 12 triệu con tin'

2021-03-29 09:41:11 - [MESSAGE][PASSED] - commonActions.ClickableActions.addToMyList is PASSED

2021-03-29 09:41:11 - [TEST_STEP][PASSED] - closeBrowser(): Browser is closed

2021-03-29 09:41:11 - [MESSAGE][PASSED] - Browser is closed

2021-03-29 09:41:11 - [TEST_STEP][PASSED] - Start listener action : sampleAfterTestCase: null

2021-03-29 09:41:11 - [TEST_STEP][PASSED] - println(testCaseContext.getTestCaseId()): null

2021-03-29 09:41:11 - [TEST_STEP][PASSED] - println(testCaseContext.getTestCaseStatus()): null

2021-03-29 09:41:11 - [TEST_STEP][PASSED] - Start listener action : sampleAfterTestCase: null

2021-03-29 09:41:11 - [TEST_STEP][PASSED] - println(testCaseContext.getTestCaseId()): null

2021-03-29 09:41:11 - [TEST_STEP][PASSED] - println(testCaseContext.getTestCaseStatus()): null]]></system-out>
         <system-err><![CDATA[]]></system-err>
      </testcase>
      <testcase name="Test Cases/Component/VerifyAlbumDisplayed" time="19.769" classname="Test Cases/Component/VerifyAlbumDisplayed" status="PASSED">
         <system-out><![CDATA[2021-03-29 09:41:11 - [TEST_CASE][PASSED] - Test Cases/Component/VerifyAlbumDisplayed: Test Cases/Component/VerifyAlbumDisplayed

2021-03-29 09:41:11 - [TEST_STEP][PASSED] - Start listener action : sampleBeforeTestCase: null

2021-03-29 09:41:11 - [TEST_STEP][PASSED] - println(testCaseContext.getTestCaseId()): null

2021-03-29 09:41:11 - [TEST_STEP][PASSED] - println(testCaseContext.getTestCaseVariables()): null

2021-03-29 09:41:11 - [TEST_STEP][PASSED] - Start listener action : sampleBeforeTestCase: null

2021-03-29 09:41:11 - [TEST_STEP][PASSED] - println(testCaseContext.getTestCaseId()): null

2021-03-29 09:41:11 - [TEST_STEP][PASSED] - println(testCaseContext.getTestCaseVariables()): null

2021-03-29 09:41:11 - [TEST_STEP][PASSED] - openBrowser(SourceURL): Browser is opened with url: 'https://pops.vn/'

2021-03-29 09:41:12 - [MESSAGE][INFO] - Starting 'Chrome' driver

2021-03-29 09:41:12 - [MESSAGE][INFO] - Action delay is set to 0 milliseconds

2021-03-29 09:41:14 - [MESSAGE][PASSED] - Browser is opened with url: 'https://pops.vn/'

2021-03-29 09:41:14 - [TEST_STEP][PASSED] - maximizeWindow(): Current window maximized

2021-03-29 09:41:14 - [MESSAGE][PASSED] - Current window maximized

2021-03-29 09:41:14 - [TEST_STEP][PASSED] - commonActions.APIs.anonymousLogin(): commonActions.APIs.anonymousLogin is PASSED

2021-03-29 09:41:14 - [MESSAGE][INFO] - HAR: D:\Working\AUTO\KATAWEB\popstestautomation\POPSTestAutomation\Reports\20210329_092745\POPS App\POPSApp_DailySmoke\20210329_092745\requests\main\742.har

2021-03-29 09:41:14 - [MESSAGE][PASSED] - Send request successfully

2021-03-29 09:41:14 - [MESSAGE][PASSED] - commonActions.APIs.anonymousLogin is PASSED

2021-03-29 09:41:14 - [TEST_STEP][PASSED] - commonActions.BaseActions.ScrollToFooter(): commonActions.BaseActions.ScrollToFooter is PASSED

2021-03-29 09:41:14 - [MESSAGE][PASSED] - Execute JavaScript 'window.scrollTo(0, document.body.scrollHeight)' successfully

2021-03-29 09:41:16 - [MESSAGE][PASSED] - Delayed 2 second(s)

2021-03-29 09:41:18 - [MESSAGE][WARNING] - Object 'Object Repository/POPS App UI/Footer/POPS_Logo_In_Footer' is present but is not visible in viewport (Root cause: com.kms.katalon.core.exception.StepFailedException: Object 'Object Repository/POPS App UI/Footer/POPS_Logo_In_Footer' is present but is not visible in viewport
	at com.kms.katalon.core.webui.keyword.internal.WebUIKeywordMain.stepFailed(WebUIKeywordMain.groovy:64)
	at com.kms.katalon.core.webui.keyword.builtin.VerifyElementVisibleInViewportKeyword$_verifyElementVisibleInViewport_closure1.doCall(VerifyElementVisibleInViewportKeyword.groovy:79)
	at com.kms.katalon.core.webui.keyword.builtin.VerifyElementVisibleInViewportKeyword$_verifyElementVisibleInViewport_closure1.call(VerifyElementVisibleInViewportKeyword.groovy)
	at com.kms.katalon.core.webui.keyword.internal.WebUIKeywordMain.runKeyword(WebUIKeywordMain.groovy:20)
	at com.kms.katalon.core.webui.keyword.builtin.VerifyElementVisibleInViewportKeyword.verifyElementVisibleInViewport(VerifyElementVisibleInViewportKeyword.groovy:86)
	at com.kms.katalon.core.webui.keyword.builtin.VerifyElementVisibleInViewportKeyword.execute(VerifyElementVisibleInViewportKeyword.groovy:68)
	at com.kms.katalon.core.keyword.internal.KeywordExecutor.executeKeywordForPlatform(KeywordExecutor.groovy:73)
	at com.kms.katalon.core.webui.keyword.WebUiBuiltInKeywords.verifyElementInViewport(WebUiBuiltInKeywords.groovy:4050)
	at com.kms.katalon.core.webui.keyword.WebUiBuiltInKeywords$verifyElementInViewport$3.call(Unknown Source)
	at commonActions.BaseActions.ScrollToFooter(BaseActions.groovy:44)
	at commonActions.BaseActions.invokeMethod(BaseActions.groovy)
	at com.kms.katalon.core.main.CustomKeywordDelegatingMetaClass.invokeStaticMethod(CustomKeywordDelegatingMetaClass.java:50)
	at VerifyAlbumDisplayed.run(VerifyAlbumDisplayed:24)
	at com.kms.katalon.core.main.ScriptEngine.run(ScriptEngine.java:194)
	at com.kms.katalon.core.main.ScriptEngine.runScriptAsRawText(ScriptEngine.java:119)
	at com.kms.katalon.core.main.TestCaseExecutor.runScript(TestCaseExecutor.java:398)
	at com.kms.katalon.core.main.TestCaseExecutor.doExecute(TestCaseExecutor.java:389)
	at com.kms.katalon.core.main.TestCaseExecutor.processExecutionPhase(TestCaseExecutor.java:368)
	at com.kms.katalon.core.main.TestCaseExecutor.accessMainPhase(TestCaseExecutor.java:360)
	at com.kms.katalon.core.main.TestCaseExecutor.execute(TestCaseExecutor.java:255)
	at com.kms.katalon.core.main.TestSuiteExecutor.accessTestCaseMainPhase(TestSuiteExecutor.java:203)
	at com.kms.katalon.core.main.TestSuiteExecutor.accessTestSuiteMainPhase(TestSuiteExecutor.java:152)
	at com.kms.katalon.core.main.TestSuiteExecutor.execute(TestSuiteExecutor.java:95)
	at com.kms.katalon.core.main.TestCaseMain.startTestSuite(TestCaseMain.java:157)
	at com.kms.katalon.core.main.TestCaseMain$startTestSuite$0.call(Unknown Source)
	at TempTestSuite1616984865844.run(TempTestSuite1616984865844.groovy:39)
)
[[ATTACHMENT|D:\\Working\\AUTO\\KATAWEB\\popstestautomation\\POPSTestAutomation\\Reports\\20210329_092745\\POPS App\\POPSApp_DailySmoke\\20210329_092745\\1616985677884.png]]

2021-03-29 09:41:18 - [MESSAGE][PASSED] - Execute JavaScript 'window.scrollTo(0, document.body.scrollHeight)' successfully

2021-03-29 09:41:20 - [MESSAGE][PASSED] - Delayed 2 second(s)

2021-03-29 09:41:21 - [MESSAGE][WARNING] - Object 'Object Repository/POPS App UI/Footer/POPS_Logo_In_Footer' is present but is not visible in viewport (Root cause: com.kms.katalon.core.exception.StepFailedException: Object 'Object Repository/POPS App UI/Footer/POPS_Logo_In_Footer' is present but is not visible in viewport
	at com.kms.katalon.core.webui.keyword.internal.WebUIKeywordMain.stepFailed(WebUIKeywordMain.groovy:64)
	at com.kms.katalon.core.webui.keyword.builtin.VerifyElementVisibleInViewportKeyword$_verifyElementVisibleInViewport_closure1.doCall(VerifyElementVisibleInViewportKeyword.groovy:79)
	at com.kms.katalon.core.webui.keyword.builtin.VerifyElementVisibleInViewportKeyword$_verifyElementVisibleInViewport_closure1.call(VerifyElementVisibleInViewportKeyword.groovy)
	at com.kms.katalon.core.webui.keyword.internal.WebUIKeywordMain.runKeyword(WebUIKeywordMain.groovy:20)
	at com.kms.katalon.core.webui.keyword.builtin.VerifyElementVisibleInViewportKeyword.verifyElementVisibleInViewport(VerifyElementVisibleInViewportKeyword.groovy:86)
	at com.kms.katalon.core.webui.keyword.builtin.VerifyElementVisibleInViewportKeyword.execute(VerifyElementVisibleInViewportKeyword.groovy:68)
	at com.kms.katalon.core.keyword.internal.KeywordExecutor.executeKeywordForPlatform(KeywordExecutor.groovy:73)
	at com.kms.katalon.core.webui.keyword.WebUiBuiltInKeywords.verifyElementInViewport(WebUiBuiltInKeywords.groovy:4050)
	at com.kms.katalon.core.webui.keyword.WebUiBuiltInKeywords$verifyElementInViewport$3.call(Unknown Source)
	at commonActions.BaseActions.ScrollToFooter(BaseActions.groovy:44)
	at commonActions.BaseActions.invokeMethod(BaseActions.groovy)
	at com.kms.katalon.core.main.CustomKeywordDelegatingMetaClass.invokeStaticMethod(CustomKeywordDelegatingMetaClass.java:50)
	at VerifyAlbumDisplayed.run(VerifyAlbumDisplayed:24)
	at com.kms.katalon.core.main.ScriptEngine.run(ScriptEngine.java:194)
	at com.kms.katalon.core.main.ScriptEngine.runScriptAsRawText(ScriptEngine.java:119)
	at com.kms.katalon.core.main.TestCaseExecutor.runScript(TestCaseExecutor.java:398)
	at com.kms.katalon.core.main.TestCaseExecutor.doExecute(TestCaseExecutor.java:389)
	at com.kms.katalon.core.main.TestCaseExecutor.processExecutionPhase(TestCaseExecutor.java:368)
	at com.kms.katalon.core.main.TestCaseExecutor.accessMainPhase(TestCaseExecutor.java:360)
	at com.kms.katalon.core.main.TestCaseExecutor.execute(TestCaseExecutor.java:255)
	at com.kms.katalon.core.main.TestSuiteExecutor.accessTestCaseMainPhase(TestSuiteExecutor.java:203)
	at com.kms.katalon.core.main.TestSuiteExecutor.accessTestSuiteMainPhase(TestSuiteExecutor.java:152)
	at com.kms.katalon.core.main.TestSuiteExecutor.execute(TestSuiteExecutor.java:95)
	at com.kms.katalon.core.main.TestCaseMain.startTestSuite(TestCaseMain.java:157)
	at com.kms.katalon.core.main.TestCaseMain$startTestSuite$0.call(Unknown Source)
	at TempTestSuite1616984865844.run(TempTestSuite1616984865844.groovy:39)
)
[[ATTACHMENT|D:\\Working\\AUTO\\KATAWEB\\popstestautomation\\POPSTestAutomation\\Reports\\20210329_092745\\POPS App\\POPSApp_DailySmoke\\20210329_092745\\1616985680817.png]]

2021-03-29 09:41:21 - [MESSAGE][PASSED] - Execute JavaScript 'window.scrollTo(0, document.body.scrollHeight)' successfully

2021-03-29 09:41:23 - [MESSAGE][PASSED] - Delayed 2 second(s)

2021-03-29 09:41:24 - [MESSAGE][WARNING] - Object 'Object Repository/POPS App UI/Footer/POPS_Logo_In_Footer' is present but is not visible in viewport (Root cause: com.kms.katalon.core.exception.StepFailedException: Object 'Object Repository/POPS App UI/Footer/POPS_Logo_In_Footer' is present but is not visible in viewport
	at com.kms.katalon.core.webui.keyword.internal.WebUIKeywordMain.stepFailed(WebUIKeywordMain.groovy:64)
	at com.kms.katalon.core.webui.keyword.builtin.VerifyElementVisibleInViewportKeyword$_verifyElementVisibleInViewport_closure1.doCall(VerifyElementVisibleInViewportKeyword.groovy:79)
	at com.kms.katalon.core.webui.keyword.builtin.VerifyElementVisibleInViewportKeyword$_verifyElementVisibleInViewport_closure1.call(VerifyElementVisibleInViewportKeyword.groovy)
	at com.kms.katalon.core.webui.keyword.internal.WebUIKeywordMain.runKeyword(WebUIKeywordMain.groovy:20)
	at com.kms.katalon.core.webui.keyword.builtin.VerifyElementVisibleInViewportKeyword.verifyElementVisibleInViewport(VerifyElementVisibleInViewportKeyword.groovy:86)
	at com.kms.katalon.core.webui.keyword.builtin.VerifyElementVisibleInViewportKeyword.execute(VerifyElementVisibleInViewportKeyword.groovy:68)
	at com.kms.katalon.core.keyword.internal.KeywordExecutor.executeKeywordForPlatform(KeywordExecutor.groovy:73)
	at com.kms.katalon.core.webui.keyword.WebUiBuiltInKeywords.verifyElementInViewport(WebUiBuiltInKeywords.groovy:4050)
	at com.kms.katalon.core.webui.keyword.WebUiBuiltInKeywords$verifyElementInViewport$3.call(Unknown Source)
	at commonActions.BaseActions.ScrollToFooter(BaseActions.groovy:44)
	at commonActions.BaseActions.invokeMethod(BaseActions.groovy)
	at com.kms.katalon.core.main.CustomKeywordDelegatingMetaClass.invokeStaticMethod(CustomKeywordDelegatingMetaClass.java:50)
	at VerifyAlbumDisplayed.run(VerifyAlbumDisplayed:24)
	at com.kms.katalon.core.main.ScriptEngine.run(ScriptEngine.java:194)
	at com.kms.katalon.core.main.ScriptEngine.runScriptAsRawText(ScriptEngine.java:119)
	at com.kms.katalon.core.main.TestCaseExecutor.runScript(TestCaseExecutor.java:398)
	at com.kms.katalon.core.main.TestCaseExecutor.doExecute(TestCaseExecutor.java:389)
	at com.kms.katalon.core.main.TestCaseExecutor.processExecutionPhase(TestCaseExecutor.java:368)
	at com.kms.katalon.core.main.TestCaseExecutor.accessMainPhase(TestCaseExecutor.java:360)
	at com.kms.katalon.core.main.TestCaseExecutor.execute(TestCaseExecutor.java:255)
	at com.kms.katalon.core.main.TestSuiteExecutor.accessTestCaseMainPhase(TestSuiteExecutor.java:203)
	at com.kms.katalon.core.main.TestSuiteExecutor.accessTestSuiteMainPhase(TestSuiteExecutor.java:152)
	at com.kms.katalon.core.main.TestSuiteExecutor.execute(TestSuiteExecutor.java:95)
	at com.kms.katalon.core.main.TestCaseMain.startTestSuite(TestCaseMain.java:157)
	at com.kms.katalon.core.main.TestCaseMain$startTestSuite$0.call(Unknown Source)
	at TempTestSuite1616984865844.run(TempTestSuite1616984865844.groovy:39)
)
[[ATTACHMENT|D:\\Working\\AUTO\\KATAWEB\\popstestautomation\\POPSTestAutomation\\Reports\\20210329_092745\\POPS App\\POPSApp_DailySmoke\\20210329_092745\\1616985683833.png]]

2021-03-29 09:41:24 - [MESSAGE][PASSED] - Execute JavaScript 'window.scrollTo(0, document.body.scrollHeight)' successfully

2021-03-29 09:41:26 - [MESSAGE][PASSED] - Delayed 2 second(s)

2021-03-29 09:41:27 - [MESSAGE][WARNING] - Object 'Object Repository/POPS App UI/Footer/POPS_Logo_In_Footer' is present but is not visible in viewport (Root cause: com.kms.katalon.core.exception.StepFailedException: Object 'Object Repository/POPS App UI/Footer/POPS_Logo_In_Footer' is present but is not visible in viewport
	at com.kms.katalon.core.webui.keyword.internal.WebUIKeywordMain.stepFailed(WebUIKeywordMain.groovy:64)
	at com.kms.katalon.core.webui.keyword.builtin.VerifyElementVisibleInViewportKeyword$_verifyElementVisibleInViewport_closure1.doCall(VerifyElementVisibleInViewportKeyword.groovy:79)
	at com.kms.katalon.core.webui.keyword.builtin.VerifyElementVisibleInViewportKeyword$_verifyElementVisibleInViewport_closure1.call(VerifyElementVisibleInViewportKeyword.groovy)
	at com.kms.katalon.core.webui.keyword.internal.WebUIKeywordMain.runKeyword(WebUIKeywordMain.groovy:20)
	at com.kms.katalon.core.webui.keyword.builtin.VerifyElementVisibleInViewportKeyword.verifyElementVisibleInViewport(VerifyElementVisibleInViewportKeyword.groovy:86)
	at com.kms.katalon.core.webui.keyword.builtin.VerifyElementVisibleInViewportKeyword.execute(VerifyElementVisibleInViewportKeyword.groovy:68)
	at com.kms.katalon.core.keyword.internal.KeywordExecutor.executeKeywordForPlatform(KeywordExecutor.groovy:73)
	at com.kms.katalon.core.webui.keyword.WebUiBuiltInKeywords.verifyElementInViewport(WebUiBuiltInKeywords.groovy:4050)
	at com.kms.katalon.core.webui.keyword.WebUiBuiltInKeywords$verifyElementInViewport$3.call(Unknown Source)
	at commonActions.BaseActions.ScrollToFooter(BaseActions.groovy:44)
	at commonActions.BaseActions.invokeMethod(BaseActions.groovy)
	at com.kms.katalon.core.main.CustomKeywordDelegatingMetaClass.invokeStaticMethod(CustomKeywordDelegatingMetaClass.java:50)
	at VerifyAlbumDisplayed.run(VerifyAlbumDisplayed:24)
	at com.kms.katalon.core.main.ScriptEngine.run(ScriptEngine.java:194)
	at com.kms.katalon.core.main.ScriptEngine.runScriptAsRawText(ScriptEngine.java:119)
	at com.kms.katalon.core.main.TestCaseExecutor.runScript(TestCaseExecutor.java:398)
	at com.kms.katalon.core.main.TestCaseExecutor.doExecute(TestCaseExecutor.java:389)
	at com.kms.katalon.core.main.TestCaseExecutor.processExecutionPhase(TestCaseExecutor.java:368)
	at com.kms.katalon.core.main.TestCaseExecutor.accessMainPhase(TestCaseExecutor.java:360)
	at com.kms.katalon.core.main.TestCaseExecutor.execute(TestCaseExecutor.java:255)
	at com.kms.katalon.core.main.TestSuiteExecutor.accessTestCaseMainPhase(TestSuiteExecutor.java:203)
	at com.kms.katalon.core.main.TestSuiteExecutor.accessTestSuiteMainPhase(TestSuiteExecutor.java:152)
	at com.kms.katalon.core.main.TestSuiteExecutor.execute(TestSuiteExecutor.java:95)
	at com.kms.katalon.core.main.TestCaseMain.startTestSuite(TestCaseMain.java:157)
	at com.kms.katalon.core.main.TestCaseMain$startTestSuite$0.call(Unknown Source)
	at TempTestSuite1616984865844.run(TempTestSuite1616984865844.groovy:39)
)
[[ATTACHMENT|D:\\Working\\AUTO\\KATAWEB\\popstestautomation\\POPSTestAutomation\\Reports\\20210329_092745\\POPS App\\POPSApp_DailySmoke\\20210329_092745\\1616985686814.png]]

2021-03-29 09:41:27 - [MESSAGE][PASSED] - Execute JavaScript 'window.scrollTo(0, document.body.scrollHeight)' successfully

2021-03-29 09:41:29 - [MESSAGE][PASSED] - Delayed 2 second(s)

2021-03-29 09:41:29 - [MESSAGE][PASSED] - Object 'Object Repository/POPS App UI/Footer/POPS_Logo_In_Footer' is present and visible in viewport

2021-03-29 09:41:29 - [MESSAGE][PASSED] - commonActions.BaseActions.ScrollToFooter is PASSED

2021-03-29 09:41:29 - [TEST_STEP][PASSED] - commonActions.PageActions.checkAlbumItemsCanClickable(findTestObject("Object Repository/POPS App UI/HomePageUI/ALBUM_PART")): commonActions.PageActions.checkAlbumItemsCanClickable is PASSED

2021-03-29 09:41:30 - [MESSAGE][PASSED] - commonActions.PageActions.checkAlbumItemsCanClickable is PASSED

2021-03-29 09:41:30 - [TEST_STEP][PASSED] - commonActions.PageActions.checkBrokenImages(findTestObject("Object Repository/CommonUI/IMG_THUMNAIL"), "src"): commonActions.PageActions.checkBrokenImages is PASSED

2021-03-29 09:41:31 - [MESSAGE][INFO] - HAR: D:\Working\AUTO\KATAWEB\popstestautomation\POPSTestAutomation\Reports\20210329_092745\POPS App\POPSApp_DailySmoke\20210329_092745\requests\main\743.har

2021-03-29 09:41:31 - [MESSAGE][PASSED] - Send request successfully

2021-03-29 09:41:31 - [MESSAGE][PASSED] - commonActions.PageActions.checkBrokenImages is PASSED

2021-03-29 09:41:31 - [TEST_STEP][PASSED] - Start listener action : sampleAfterTestCase: null

2021-03-29 09:41:31 - [TEST_STEP][PASSED] - println(testCaseContext.getTestCaseId()): null

2021-03-29 09:41:31 - [TEST_STEP][PASSED] - println(testCaseContext.getTestCaseStatus()): null

2021-03-29 09:41:31 - [TEST_STEP][PASSED] - Start listener action : sampleAfterTestCase: null

2021-03-29 09:41:31 - [TEST_STEP][PASSED] - println(testCaseContext.getTestCaseId()): null

2021-03-29 09:41:31 - [TEST_STEP][PASSED] - println(testCaseContext.getTestCaseStatus()): null]]></system-out>
         <system-err><![CDATA[]]></system-err>
      </testcase>
      <testcase name="Test Cases/Component/VerifyRecommandationDisplayed" time="21.896" classname="Test Cases/Component/VerifyRecommandationDisplayed" status="PASSED">
         <system-out><![CDATA[2021-03-29 09:41:31 - [TEST_CASE][PASSED] - Test Cases/Component/VerifyRecommandationDisplayed: Test Cases/Component/VerifyRecommandationDisplayed

2021-03-29 09:41:31 - [TEST_STEP][PASSED] - Start listener action : sampleBeforeTestCase: null

2021-03-29 09:41:31 - [TEST_STEP][PASSED] - println(testCaseContext.getTestCaseId()): null

2021-03-29 09:41:31 - [TEST_STEP][PASSED] - println(testCaseContext.getTestCaseVariables()): null

2021-03-29 09:41:31 - [TEST_STEP][PASSED] - Start listener action : sampleBeforeTestCase: null

2021-03-29 09:41:31 - [TEST_STEP][PASSED] - println(testCaseContext.getTestCaseId()): null

2021-03-29 09:41:31 - [TEST_STEP][PASSED] - println(testCaseContext.getTestCaseVariables()): null

2021-03-29 09:41:31 - [TEST_STEP][PASSED] - openBrowser(SourceURL): Browser is opened with url: 'https://pops.vn/'

2021-03-29 09:41:31 - [MESSAGE][WARNING] - A browser is already opened. Closing browser and opening a new one

2021-03-29 09:41:32 - [MESSAGE][INFO] - Starting 'Chrome' driver

2021-03-29 09:41:32 - [MESSAGE][INFO] - Action delay is set to 0 milliseconds

2021-03-29 09:41:34 - [MESSAGE][PASSED] - Browser is opened with url: 'https://pops.vn/'

2021-03-29 09:41:34 - [TEST_STEP][PASSED] - maximizeWindow(): Current window maximized

2021-03-29 09:41:35 - [MESSAGE][PASSED] - Current window maximized

2021-03-29 09:41:35 - [TEST_STEP][PASSED] - commonActions.APIs.anonymousLogin(): commonActions.APIs.anonymousLogin is PASSED

2021-03-29 09:41:35 - [MESSAGE][INFO] - HAR: D:\Working\AUTO\KATAWEB\popstestautomation\POPSTestAutomation\Reports\20210329_092745\POPS App\POPSApp_DailySmoke\20210329_092745\requests\main\744.har

2021-03-29 09:41:35 - [MESSAGE][PASSED] - Send request successfully

2021-03-29 09:41:35 - [MESSAGE][PASSED] - commonActions.APIs.anonymousLogin is PASSED

2021-03-29 09:41:35 - [TEST_STEP][PASSED] - commonActions.BaseActions.ScrollToFooter(): commonActions.BaseActions.ScrollToFooter is PASSED

2021-03-29 09:41:35 - [MESSAGE][PASSED] - Execute JavaScript 'window.scrollTo(0, document.body.scrollHeight)' successfully

2021-03-29 09:41:37 - [MESSAGE][PASSED] - Delayed 2 second(s)

2021-03-29 09:41:38 - [MESSAGE][WARNING] - Object 'Object Repository/POPS App UI/Footer/POPS_Logo_In_Footer' is present but is not visible in viewport (Root cause: com.kms.katalon.core.exception.StepFailedException: Object 'Object Repository/POPS App UI/Footer/POPS_Logo_In_Footer' is present but is not visible in viewport
	at com.kms.katalon.core.webui.keyword.internal.WebUIKeywordMain.stepFailed(WebUIKeywordMain.groovy:64)
	at com.kms.katalon.core.webui.keyword.builtin.VerifyElementVisibleInViewportKeyword$_verifyElementVisibleInViewport_closure1.doCall(VerifyElementVisibleInViewportKeyword.groovy:79)
	at com.kms.katalon.core.webui.keyword.builtin.VerifyElementVisibleInViewportKeyword$_verifyElementVisibleInViewport_closure1.call(VerifyElementVisibleInViewportKeyword.groovy)
	at com.kms.katalon.core.webui.keyword.internal.WebUIKeywordMain.runKeyword(WebUIKeywordMain.groovy:20)
	at com.kms.katalon.core.webui.keyword.builtin.VerifyElementVisibleInViewportKeyword.verifyElementVisibleInViewport(VerifyElementVisibleInViewportKeyword.groovy:86)
	at com.kms.katalon.core.webui.keyword.builtin.VerifyElementVisibleInViewportKeyword.execute(VerifyElementVisibleInViewportKeyword.groovy:68)
	at com.kms.katalon.core.keyword.internal.KeywordExecutor.executeKeywordForPlatform(KeywordExecutor.groovy:73)
	at com.kms.katalon.core.webui.keyword.WebUiBuiltInKeywords.verifyElementInViewport(WebUiBuiltInKeywords.groovy:4050)
	at com.kms.katalon.core.webui.keyword.WebUiBuiltInKeywords$verifyElementInViewport$3.call(Unknown Source)
	at commonActions.BaseActions.ScrollToFooter(BaseActions.groovy:44)
	at commonActions.BaseActions.invokeMethod(BaseActions.groovy)
	at com.kms.katalon.core.main.CustomKeywordDelegatingMetaClass.invokeStaticMethod(CustomKeywordDelegatingMetaClass.java:50)
	at VerifyRecommandationDisplayed.run(VerifyRecommandationDisplayed:24)
	at com.kms.katalon.core.main.ScriptEngine.run(ScriptEngine.java:194)
	at com.kms.katalon.core.main.ScriptEngine.runScriptAsRawText(ScriptEngine.java:119)
	at com.kms.katalon.core.main.TestCaseExecutor.runScript(TestCaseExecutor.java:398)
	at com.kms.katalon.core.main.TestCaseExecutor.doExecute(TestCaseExecutor.java:389)
	at com.kms.katalon.core.main.TestCaseExecutor.processExecutionPhase(TestCaseExecutor.java:368)
	at com.kms.katalon.core.main.TestCaseExecutor.accessMainPhase(TestCaseExecutor.java:360)
	at com.kms.katalon.core.main.TestCaseExecutor.execute(TestCaseExecutor.java:255)
	at com.kms.katalon.core.main.TestSuiteExecutor.accessTestCaseMainPhase(TestSuiteExecutor.java:203)
	at com.kms.katalon.core.main.TestSuiteExecutor.accessTestSuiteMainPhase(TestSuiteExecutor.java:152)
	at com.kms.katalon.core.main.TestSuiteExecutor.execute(TestSuiteExecutor.java:95)
	at com.kms.katalon.core.main.TestCaseMain.startTestSuite(TestCaseMain.java:157)
	at com.kms.katalon.core.main.TestCaseMain$startTestSuite$0.call(Unknown Source)
	at TempTestSuite1616984865844.run(TempTestSuite1616984865844.groovy:39)
)
[[ATTACHMENT|D:\\Working\\AUTO\\KATAWEB\\popstestautomation\\POPSTestAutomation\\Reports\\20210329_092745\\POPS App\\POPSApp_DailySmoke\\20210329_092745\\1616985698064.png]]

2021-03-29 09:41:38 - [MESSAGE][PASSED] - Execute JavaScript 'window.scrollTo(0, document.body.scrollHeight)' successfully

2021-03-29 09:41:40 - [MESSAGE][PASSED] - Delayed 2 second(s)

2021-03-29 09:41:41 - [MESSAGE][WARNING] - Object 'Object Repository/POPS App UI/Footer/POPS_Logo_In_Footer' is present but is not visible in viewport (Root cause: com.kms.katalon.core.exception.StepFailedException: Object 'Object Repository/POPS App UI/Footer/POPS_Logo_In_Footer' is present but is not visible in viewport
	at com.kms.katalon.core.webui.keyword.internal.WebUIKeywordMain.stepFailed(WebUIKeywordMain.groovy:64)
	at com.kms.katalon.core.webui.keyword.builtin.VerifyElementVisibleInViewportKeyword$_verifyElementVisibleInViewport_closure1.doCall(VerifyElementVisibleInViewportKeyword.groovy:79)
	at com.kms.katalon.core.webui.keyword.builtin.VerifyElementVisibleInViewportKeyword$_verifyElementVisibleInViewport_closure1.call(VerifyElementVisibleInViewportKeyword.groovy)
	at com.kms.katalon.core.webui.keyword.internal.WebUIKeywordMain.runKeyword(WebUIKeywordMain.groovy:20)
	at com.kms.katalon.core.webui.keyword.builtin.VerifyElementVisibleInViewportKeyword.verifyElementVisibleInViewport(VerifyElementVisibleInViewportKeyword.groovy:86)
	at com.kms.katalon.core.webui.keyword.builtin.VerifyElementVisibleInViewportKeyword.execute(VerifyElementVisibleInViewportKeyword.groovy:68)
	at com.kms.katalon.core.keyword.internal.KeywordExecutor.executeKeywordForPlatform(KeywordExecutor.groovy:73)
	at com.kms.katalon.core.webui.keyword.WebUiBuiltInKeywords.verifyElementInViewport(WebUiBuiltInKeywords.groovy:4050)
	at com.kms.katalon.core.webui.keyword.WebUiBuiltInKeywords$verifyElementInViewport$3.call(Unknown Source)
	at commonActions.BaseActions.ScrollToFooter(BaseActions.groovy:44)
	at commonActions.BaseActions.invokeMethod(BaseActions.groovy)
	at com.kms.katalon.core.main.CustomKeywordDelegatingMetaClass.invokeStaticMethod(CustomKeywordDelegatingMetaClass.java:50)
	at VerifyRecommandationDisplayed.run(VerifyRecommandationDisplayed:24)
	at com.kms.katalon.core.main.ScriptEngine.run(ScriptEngine.java:194)
	at com.kms.katalon.core.main.ScriptEngine.runScriptAsRawText(ScriptEngine.java:119)
	at com.kms.katalon.core.main.TestCaseExecutor.runScript(TestCaseExecutor.java:398)
	at com.kms.katalon.core.main.TestCaseExecutor.doExecute(TestCaseExecutor.java:389)
	at com.kms.katalon.core.main.TestCaseExecutor.processExecutionPhase(TestCaseExecutor.java:368)
	at com.kms.katalon.core.main.TestCaseExecutor.accessMainPhase(TestCaseExecutor.java:360)
	at com.kms.katalon.core.main.TestCaseExecutor.execute(TestCaseExecutor.java:255)
	at com.kms.katalon.core.main.TestSuiteExecutor.accessTestCaseMainPhase(TestSuiteExecutor.java:203)
	at com.kms.katalon.core.main.TestSuiteExecutor.accessTestSuiteMainPhase(TestSuiteExecutor.java:152)
	at com.kms.katalon.core.main.TestSuiteExecutor.execute(TestSuiteExecutor.java:95)
	at com.kms.katalon.core.main.TestCaseMain.startTestSuite(TestCaseMain.java:157)
	at com.kms.katalon.core.main.TestCaseMain$startTestSuite$0.call(Unknown Source)
	at TempTestSuite1616984865844.run(TempTestSuite1616984865844.groovy:39)
)
[[ATTACHMENT|D:\\Working\\AUTO\\KATAWEB\\popstestautomation\\POPSTestAutomation\\Reports\\20210329_092745\\POPS App\\POPSApp_DailySmoke\\20210329_092745\\1616985700977.png]]

2021-03-29 09:41:41 - [MESSAGE][PASSED] - Execute JavaScript 'window.scrollTo(0, document.body.scrollHeight)' successfully

2021-03-29 09:41:43 - [MESSAGE][PASSED] - Delayed 2 second(s)

2021-03-29 09:41:44 - [MESSAGE][WARNING] - Object 'Object Repository/POPS App UI/Footer/POPS_Logo_In_Footer' is present but is not visible in viewport (Root cause: com.kms.katalon.core.exception.StepFailedException: Object 'Object Repository/POPS App UI/Footer/POPS_Logo_In_Footer' is present but is not visible in viewport
	at com.kms.katalon.core.webui.keyword.internal.WebUIKeywordMain.stepFailed(WebUIKeywordMain.groovy:64)
	at com.kms.katalon.core.webui.keyword.builtin.VerifyElementVisibleInViewportKeyword$_verifyElementVisibleInViewport_closure1.doCall(VerifyElementVisibleInViewportKeyword.groovy:79)
	at com.kms.katalon.core.webui.keyword.builtin.VerifyElementVisibleInViewportKeyword$_verifyElementVisibleInViewport_closure1.call(VerifyElementVisibleInViewportKeyword.groovy)
	at com.kms.katalon.core.webui.keyword.internal.WebUIKeywordMain.runKeyword(WebUIKeywordMain.groovy:20)
	at com.kms.katalon.core.webui.keyword.builtin.VerifyElementVisibleInViewportKeyword.verifyElementVisibleInViewport(VerifyElementVisibleInViewportKeyword.groovy:86)
	at com.kms.katalon.core.webui.keyword.builtin.VerifyElementVisibleInViewportKeyword.execute(VerifyElementVisibleInViewportKeyword.groovy:68)
	at com.kms.katalon.core.keyword.internal.KeywordExecutor.executeKeywordForPlatform(KeywordExecutor.groovy:73)
	at com.kms.katalon.core.webui.keyword.WebUiBuiltInKeywords.verifyElementInViewport(WebUiBuiltInKeywords.groovy:4050)
	at com.kms.katalon.core.webui.keyword.WebUiBuiltInKeywords$verifyElementInViewport$3.call(Unknown Source)
	at commonActions.BaseActions.ScrollToFooter(BaseActions.groovy:44)
	at commonActions.BaseActions.invokeMethod(BaseActions.groovy)
	at com.kms.katalon.core.main.CustomKeywordDelegatingMetaClass.invokeStaticMethod(CustomKeywordDelegatingMetaClass.java:50)
	at VerifyRecommandationDisplayed.run(VerifyRecommandationDisplayed:24)
	at com.kms.katalon.core.main.ScriptEngine.run(ScriptEngine.java:194)
	at com.kms.katalon.core.main.ScriptEngine.runScriptAsRawText(ScriptEngine.java:119)
	at com.kms.katalon.core.main.TestCaseExecutor.runScript(TestCaseExecutor.java:398)
	at com.kms.katalon.core.main.TestCaseExecutor.doExecute(TestCaseExecutor.java:389)
	at com.kms.katalon.core.main.TestCaseExecutor.processExecutionPhase(TestCaseExecutor.java:368)
	at com.kms.katalon.core.main.TestCaseExecutor.accessMainPhase(TestCaseExecutor.java:360)
	at com.kms.katalon.core.main.TestCaseExecutor.execute(TestCaseExecutor.java:255)
	at com.kms.katalon.core.main.TestSuiteExecutor.accessTestCaseMainPhase(TestSuiteExecutor.java:203)
	at com.kms.katalon.core.main.TestSuiteExecutor.accessTestSuiteMainPhase(TestSuiteExecutor.java:152)
	at com.kms.katalon.core.main.TestSuiteExecutor.execute(TestSuiteExecutor.java:95)
	at com.kms.katalon.core.main.TestCaseMain.startTestSuite(TestCaseMain.java:157)
	at com.kms.katalon.core.main.TestCaseMain$startTestSuite$0.call(Unknown Source)
	at TempTestSuite1616984865844.run(TempTestSuite1616984865844.groovy:39)
)
[[ATTACHMENT|D:\\Working\\AUTO\\KATAWEB\\popstestautomation\\POPSTestAutomation\\Reports\\20210329_092745\\POPS App\\POPSApp_DailySmoke\\20210329_092745\\1616985703990.png]]

2021-03-29 09:41:44 - [MESSAGE][PASSED] - Execute JavaScript 'window.scrollTo(0, document.body.scrollHeight)' successfully

2021-03-29 09:41:46 - [MESSAGE][PASSED] - Delayed 2 second(s)

2021-03-29 09:41:47 - [MESSAGE][WARNING] - Object 'Object Repository/POPS App UI/Footer/POPS_Logo_In_Footer' is present but is not visible in viewport (Root cause: com.kms.katalon.core.exception.StepFailedException: Object 'Object Repository/POPS App UI/Footer/POPS_Logo_In_Footer' is present but is not visible in viewport
	at com.kms.katalon.core.webui.keyword.internal.WebUIKeywordMain.stepFailed(WebUIKeywordMain.groovy:64)
	at com.kms.katalon.core.webui.keyword.builtin.VerifyElementVisibleInViewportKeyword$_verifyElementVisibleInViewport_closure1.doCall(VerifyElementVisibleInViewportKeyword.groovy:79)
	at com.kms.katalon.core.webui.keyword.builtin.VerifyElementVisibleInViewportKeyword$_verifyElementVisibleInViewport_closure1.call(VerifyElementVisibleInViewportKeyword.groovy)
	at com.kms.katalon.core.webui.keyword.internal.WebUIKeywordMain.runKeyword(WebUIKeywordMain.groovy:20)
	at com.kms.katalon.core.webui.keyword.builtin.VerifyElementVisibleInViewportKeyword.verifyElementVisibleInViewport(VerifyElementVisibleInViewportKeyword.groovy:86)
	at com.kms.katalon.core.webui.keyword.builtin.VerifyElementVisibleInViewportKeyword.execute(VerifyElementVisibleInViewportKeyword.groovy:68)
	at com.kms.katalon.core.keyword.internal.KeywordExecutor.executeKeywordForPlatform(KeywordExecutor.groovy:73)
	at com.kms.katalon.core.webui.keyword.WebUiBuiltInKeywords.verifyElementInViewport(WebUiBuiltInKeywords.groovy:4050)
	at com.kms.katalon.core.webui.keyword.WebUiBuiltInKeywords$verifyElementInViewport$3.call(Unknown Source)
	at commonActions.BaseActions.ScrollToFooter(BaseActions.groovy:44)
	at commonActions.BaseActions.invokeMethod(BaseActions.groovy)
	at com.kms.katalon.core.main.CustomKeywordDelegatingMetaClass.invokeStaticMethod(CustomKeywordDelegatingMetaClass.java:50)
	at VerifyRecommandationDisplayed.run(VerifyRecommandationDisplayed:24)
	at com.kms.katalon.core.main.ScriptEngine.run(ScriptEngine.java:194)
	at com.kms.katalon.core.main.ScriptEngine.runScriptAsRawText(ScriptEngine.java:119)
	at com.kms.katalon.core.main.TestCaseExecutor.runScript(TestCaseExecutor.java:398)
	at com.kms.katalon.core.main.TestCaseExecutor.doExecute(TestCaseExecutor.java:389)
	at com.kms.katalon.core.main.TestCaseExecutor.processExecutionPhase(TestCaseExecutor.java:368)
	at com.kms.katalon.core.main.TestCaseExecutor.accessMainPhase(TestCaseExecutor.java:360)
	at com.kms.katalon.core.main.TestCaseExecutor.execute(TestCaseExecutor.java:255)
	at com.kms.katalon.core.main.TestSuiteExecutor.accessTestCaseMainPhase(TestSuiteExecutor.java:203)
	at com.kms.katalon.core.main.TestSuiteExecutor.accessTestSuiteMainPhase(TestSuiteExecutor.java:152)
	at com.kms.katalon.core.main.TestSuiteExecutor.execute(TestSuiteExecutor.java:95)
	at com.kms.katalon.core.main.TestCaseMain.startTestSuite(TestCaseMain.java:157)
	at com.kms.katalon.core.main.TestCaseMain$startTestSuite$0.call(Unknown Source)
	at TempTestSuite1616984865844.run(TempTestSuite1616984865844.groovy:39)
)
[[ATTACHMENT|D:\\Working\\AUTO\\KATAWEB\\popstestautomation\\POPSTestAutomation\\Reports\\20210329_092745\\POPS App\\POPSApp_DailySmoke\\20210329_092745\\1616985706948.png]]

2021-03-29 09:41:47 - [MESSAGE][PASSED] - Execute JavaScript 'window.scrollTo(0, document.body.scrollHeight)' successfully

2021-03-29 09:41:49 - [MESSAGE][PASSED] - Delayed 2 second(s)

2021-03-29 09:41:49 - [MESSAGE][PASSED] - Object 'Object Repository/POPS App UI/Footer/POPS_Logo_In_Footer' is present and visible in viewport

2021-03-29 09:41:49 - [MESSAGE][PASSED] - commonActions.BaseActions.ScrollToFooter is PASSED

2021-03-29 09:41:49 - [TEST_STEP][PASSED] - commonActions.PageActions.checkRecommandation(findTestObject("POPS App UI/HomePageUI/RECOMMANDATION_PART")): commonActions.PageActions.checkRecommandation is PASSED

2021-03-29 09:41:51 - [MESSAGE][INFO] - HAR: D:\Working\AUTO\KATAWEB\popstestautomation\POPSTestAutomation\Reports\20210329_092745\POPS App\POPSApp_DailySmoke\20210329_092745\requests\main\745.har

2021-03-29 09:41:51 - [MESSAGE][PASSED] - Send request successfully

2021-03-29 09:41:51 - [MESSAGE][PASSED] - commonActions.PageActions.checkRecommandation is PASSED

2021-03-29 09:41:51 - [TEST_STEP][PASSED] - commonActions.PageActions.checkReCommandationCanClickable(findTestObject("POPS App UI/HomePageUI/RECOMMANDATION_PART")): commonActions.PageActions.checkReCommandationCanClickable is PASSED

2021-03-29 09:41:52 - [MESSAGE][PASSED] - commonActions.PageActions.checkReCommandationCanClickable is PASSED

2021-03-29 09:41:52 - [TEST_STEP][PASSED] - commonActions.PageActions.checkBrokenImages(findTestObject("Object Repository/CommonUI/IMG_THUMNAIL"), "src"): commonActions.PageActions.checkBrokenImages is PASSED

2021-03-29 09:41:53 - [MESSAGE][INFO] - HAR: D:\Working\AUTO\KATAWEB\popstestautomation\POPSTestAutomation\Reports\20210329_092745\POPS App\POPSApp_DailySmoke\20210329_092745\requests\main\746.har

2021-03-29 09:41:53 - [MESSAGE][PASSED] - Send request successfully

2021-03-29 09:41:53 - [MESSAGE][PASSED] - commonActions.PageActions.checkBrokenImages is PASSED

2021-03-29 09:41:53 - [TEST_STEP][PASSED] - Start listener action : sampleAfterTestCase: null

2021-03-29 09:41:53 - [TEST_STEP][PASSED] - println(testCaseContext.getTestCaseId()): null

2021-03-29 09:41:53 - [TEST_STEP][PASSED] - println(testCaseContext.getTestCaseStatus()): null

2021-03-29 09:41:53 - [TEST_STEP][PASSED] - Start listener action : sampleAfterTestCase: null

2021-03-29 09:41:53 - [TEST_STEP][PASSED] - println(testCaseContext.getTestCaseId()): null

2021-03-29 09:41:53 - [TEST_STEP][PASSED] - println(testCaseContext.getTestCaseStatus()): null]]></system-out>
         <system-err><![CDATA[]]></system-err>
      </testcase>
      <system-out><![CDATA[2021-03-29 09:27:56 - [TEST_SUITE][ERROR] - POPSApp_DailySmoke: Test Cases/POPS App/UI_Check/VN/VerifyNoBrokenImageOnComicsPage FAILED.
Reason:
org.codehaus.groovy.runtime.InvokerInvocationException: java.lang.AssertionError: Failed at https://vnw-img-cdn.popsww.com/api/v2/containers/file2/Truy%E1%BB%87n%20ph%C3%A1t%20h%C3%A0nh%20th%E1%BB%A9%203%20h%C3%A0ng%20tu%E1%BA%A7n!:/html[1]/body[1]/div[1]/main[1]/div[1]/div[26]/div[1]/div[1]/div[15]/div[1]/div[1]/a[1]/div[1]/img[1] expected [true] but found [false]
	at commonActions.PageActions.invokeMethod(PageActions.groovy)
	at com.kms.katalon.core.main.CustomKeywordDelegatingMetaClass.invokeStaticMethod(CustomKeywordDelegatingMetaClass.java:50)
	at VerifyNoBrokenImageOnComicsPage.run(VerifyNoBrokenImageOnComicsPage:26)
	at com.kms.katalon.core.main.ScriptEngine.run(ScriptEngine.java:194)
	at com.kms.katalon.core.main.ScriptEngine.runScriptAsRawText(ScriptEngine.java:119)
	at com.kms.katalon.core.main.TestCaseExecutor.runScript(TestCaseExecutor.java:398)
	at com.kms.katalon.core.main.TestCaseExecutor.doExecute(TestCaseExecutor.java:389)
	at com.kms.katalon.core.main.TestCaseExecutor.processExecutionPhase(TestCaseExecutor.java:368)
	at com.kms.katalon.core.main.TestCaseExecutor.accessMainPhase(TestCaseExecutor.java:360)
	at com.kms.katalon.core.main.TestCaseExecutor.execute(TestCaseExecutor.java:255)
	at com.kms.katalon.core.main.TestSuiteExecutor.accessTestCaseMainPhase(TestSuiteExecutor.java:203)
	at com.kms.katalon.core.main.TestSuiteExecutor.accessTestSuiteMainPhase(TestSuiteExecutor.java:152)
	at com.kms.katalon.core.main.TestSuiteExecutor.execute(TestSuiteExecutor.java:95)
	at com.kms.katalon.core.main.TestCaseMain.startTestSuite(TestCaseMain.java:157)
	at com.kms.katalon.core.main.TestCaseMain$startTestSuite$0.call(Unknown Source)
	at TempTestSuite1616984865844.run(TempTestSuite1616984865844.groovy:39)
Caused by: java.lang.AssertionError: Failed at https://vnw-img-cdn.popsww.com/api/v2/containers/file2/Truy%E1%BB%87n%20ph%C3%A1t%20h%C3%A0nh%20th%E1%BB%A9%203%20h%C3%A0ng%20tu%E1%BA%A7n!:/html[1]/body[1]/div[1]/main[1]/div[1]/div[26]/div[1]/div[1]/div[15]/div[1]/div[1]/a[1]/div[1]/img[1] expected [true] but found [false]
	at org.testng.Assert.fail(Assert.java:93)
	at org.testng.Assert.failNotEquals(Assert.java:512)
	at org.testng.Assert.assertTrue(Assert.java:41)
	at commonActions.PageActions$_verifyLinksOnPage_closure1.doCall(PageActions.groovy:25)
	at commonActions.PageActions.verifyLinksOnPage(PageActions.groovy:23)
	... 16 more]]></system-out>
      <system-err><![CDATA[2021-03-29 09:27:56 - [TEST_SUITE][ERROR] - POPSApp_DailySmoke: Test Cases/POPS App/UI_Check/VN/VerifyNoBrokenImageOnComicsPage FAILED.
Reason:
org.codehaus.groovy.runtime.InvokerInvocationException: java.lang.AssertionError: Failed at https://vnw-img-cdn.popsww.com/api/v2/containers/file2/Truy%E1%BB%87n%20ph%C3%A1t%20h%C3%A0nh%20th%E1%BB%A9%203%20h%C3%A0ng%20tu%E1%BA%A7n!:/html[1]/body[1]/div[1]/main[1]/div[1]/div[26]/div[1]/div[1]/div[15]/div[1]/div[1]/a[1]/div[1]/img[1] expected [true] but found [false]
	at commonActions.PageActions.invokeMethod(PageActions.groovy)
	at com.kms.katalon.core.main.CustomKeywordDelegatingMetaClass.invokeStaticMethod(CustomKeywordDelegatingMetaClass.java:50)
	at VerifyNoBrokenImageOnComicsPage.run(VerifyNoBrokenImageOnComicsPage:26)
	at com.kms.katalon.core.main.ScriptEngine.run(ScriptEngine.java:194)
	at com.kms.katalon.core.main.ScriptEngine.runScriptAsRawText(ScriptEngine.java:119)
	at com.kms.katalon.core.main.TestCaseExecutor.runScript(TestCaseExecutor.java:398)
	at com.kms.katalon.core.main.TestCaseExecutor.doExecute(TestCaseExecutor.java:389)
	at com.kms.katalon.core.main.TestCaseExecutor.processExecutionPhase(TestCaseExecutor.java:368)
	at com.kms.katalon.core.main.TestCaseExecutor.accessMainPhase(TestCaseExecutor.java:360)
	at com.kms.katalon.core.main.TestCaseExecutor.execute(TestCaseExecutor.java:255)
	at com.kms.katalon.core.main.TestSuiteExecutor.accessTestCaseMainPhase(TestSuiteExecutor.java:203)
	at com.kms.katalon.core.main.TestSuiteExecutor.accessTestSuiteMainPhase(TestSuiteExecutor.java:152)
	at com.kms.katalon.core.main.TestSuiteExecutor.execute(TestSuiteExecutor.java:95)
	at com.kms.katalon.core.main.TestCaseMain.startTestSuite(TestCaseMain.java:157)
	at com.kms.katalon.core.main.TestCaseMain$startTestSuite$0.call(Unknown Source)
	at TempTestSuite1616984865844.run(TempTestSuite1616984865844.groovy:39)
Caused by: java.lang.AssertionError: Failed at https://vnw-img-cdn.popsww.com/api/v2/containers/file2/Truy%E1%BB%87n%20ph%C3%A1t%20h%C3%A0nh%20th%E1%BB%A9%203%20h%C3%A0ng%20tu%E1%BA%A7n!:/html[1]/body[1]/div[1]/main[1]/div[1]/div[26]/div[1]/div[1]/div[15]/div[1]/div[1]/a[1]/div[1]/img[1] expected [true] but found [false]
	at org.testng.Assert.fail(Assert.java:93)
	at org.testng.Assert.failNotEquals(Assert.java:512)
	at org.testng.Assert.assertTrue(Assert.java:41)
	at commonActions.PageActions$_verifyLinksOnPage_closure1.doCall(PageActions.groovy:25)
	at commonActions.PageActions.verifyLinksOnPage(PageActions.groovy:23)
	... 16 more]]></system-err>
   </testsuite>
</testsuites>
